#
# A fatal error has been detected by the Java Runtime Environment:
#
#  SIGSEGV (0xb) at pc=0x00007fdeca7e5d9d, pid=26402, tid=140594856716032
#
# JRE version: Java(TM) SE Runtime Environment (8.0_31-b13) (build 1.8.0_31-b13)
# Java VM: Java HotSpot(TM) 64-Bit Server VM (25.31-b07 mixed mode linux-amd64 compressed oops)
# Problematic frame:
# C  [librxtxSerial.so+0x6d9d]  read_byte_array+0x3d
#
# Failed to write core dump. Core dumps have been disabled. To enable core dumping, try "ulimit -c unlimited" before starting Java again
#
# If you would like to submit a bug report, please visit:
#   http://bugreport.java.com/bugreport/crash.jsp
# The crash happened outside the Java Virtual Machine in native code.
# See problematic frame for where to report the bug.
#

---------------  T H R E A D  ---------------

Current thread (0x00007fdec4846800):  JavaThread "Thread-7" [_thread_in_native, id=26524, stack(0x00007fdeca6de000,0x00007fdeca7df000)]

siginfo: si_signo: 11 (SIGSEGV), si_code: 1 (SEGV_MAPERR), si_addr: 0xffffffffca7dd558

Registers:
RAX=0xffffffffca7dd550, RBX=0x0000000001498510, RCX=0x0000000000000001, RDX=0x00007fdeecbe6200
RSP=0x00007fdeca7dc8c0, RBP=0x00007fdec48469e8, RSI=0x00007fdeca7e8b25, RDI=0x00007fdeca7e8a9f
R8 =0x0000000000000009, R9 =0x00000000dd8dcd98, R10=0x000000000000034a, R11=0x00007fdeecbea7c8
R12=0xffffffffffffffff, R13=0x0000000000000002, R14=0x00000000000000c1, R15=0x00000000ffffffff
RIP=0x00007fdeca7e5d9d, EFLAGS=0x0000000000010206, CSGSFS=0x0000000000000033, ERR=0x0000000000000005
  TRAPNO=0x000000000000000e

Top of Stack: (sp=0x00007fdeca7dc8c0)
0x00007fdeca7dc8c0:   0000000000000001 0000000000000000
0x00007fdeca7dc8d0:   0000000200000700 0000000001498510
0x00007fdeca7dc8e0:   000000c1ca7dfd18 00007fdec4840000
0x00007fdeca7dc8f0:   0000000000000000 00000000ffffffff
0x00007fdeca7dc900:   00007fdeca7dc960 ffffffffca7dd550
0x00007fdeca7dc910:   000000000020c5d0 0000000000000000
0x00007fdeca7dc920:   00000000000000c1 0000000000000000
0x00007fdeca7dc930:   00007fdeca7df000 00007fdeed5e39f2
0x00007fdeca7dc940:   0000000000000005 0000000000000000
0x00007fdeca7dc950:   0000000000000000 00007fdeca7dfd18
0x00007fdeca7dc960:   00007fdeca7dc990 0000000001498510
0x00007fdeca7dc970:   00007fdec48469e8 ffffffffffffffff
0x00007fdeca7dc980:   0000000000000002 00007fdeed5e9a55
0x00007fdeca7dc990:   0000000001498510 0000000001498510
0x00007fdeca7dc9a0:   00000000000000c1 0000000001498510
0x00007fdeca7dc9b0:   00007fdec48469e8 ffffffffffffffff
0x00007fdeca7dc9c0:   0000000000000002 00000000000000c1
0x00007fdeca7dc9d0:   0000000000000000 00007fdeca7e6272
0x00007fdeca7dc9e0:   00007fdec4846800 00007fdeca7dcac8
0x00007fdeca7dc9f0:   00007fdeca7dcad0 00007fdecbf856e8
0x00007fdeca7dca00:   00007fdeca7dca98 0000000000000000
0x00007fdeca7dca10:   00007fdecbf856e0 00007fdeca7dcad0
0x00007fdeca7dca20:   00007fdec4846800 00007fdedb98d6d4
0x00007fdeca7dca30:   00007fdecbf856e8 0000000000000000
0x00007fdeca7dca40:   00007fdeca7dca98 00007fdedb98d467
0x00007fdeca7dca50:   00007fdedb98d422 00007fdeca7dca58
0x00007fdeca7dca60:   00007fdecbf856e0 00007fdeca7dcad0
0x00007fdeca7dca70:   00007fdecbf8ef38 0000000000000000
0x00007fdeca7dca80:   00007fdecbf856e8 0000000000000000
0x00007fdeca7dca90:   00007fdeca7dcab8 00007fdeca7dcb38
0x00007fdeca7dcaa0:   00007fdedb97f3d0 0000000000000000
0x00007fdeca7dcab0:   00007fdedb9872b6 0000000000000002 

Instructions: (pc=0x00007fdeca7e5d9d)
0x00007fdeca7e5d7d:   4c 24 18 48 8d 15 17 2d 00 00 48 8d 0d 0e 2d 00
0x00007fdeca7e5d8d:   00 44 89 44 24 14 e8 88 c7 ff ff 48 89 44 24 48
0x00007fdeca7e5d9d:   8b 40 08 45 85 ff 48 8b 54 24 48 89 44 24 40 c7
0x00007fdeca7e5dad:   42 08 00 00 00 00 0f 88 bd 01 00 00 31 c0 e8 70 

Register to memory mapping:

RAX=0xffffffffca7dd550 is an unknown value
RBX=0x0000000001498510 is an unknown value
RCX=0x0000000000000001 is an unknown value
RDX=0x00007fdeecbe6200: <offset 0xf57200> in /usr/lib/jvm/java-8-oracle/jre/lib/amd64/server/libjvm.so at 0x00007fdeebc8f000
RSP=0x00007fdeca7dc8c0 is pointing into the stack for thread: 0x00007fdec4846800
RBP=0x00007fdec48469e8 is an unknown value
RSI=0x00007fdeca7e8b25: <offset 0x9b25> in /usr/lib/jvm/java-8-oracle/jre/lib/amd64/librxtxSerial.so at 0x00007fdeca7df000
RDI=0x00007fdeca7e8a9f: <offset 0x9a9f> in /usr/lib/jvm/java-8-oracle/jre/lib/amd64/librxtxSerial.so at 0x00007fdeca7df000
R8 =0x0000000000000009 is an unknown value
R9 =0x00000000dd8dcd98 is an oop
gnu.io.RXTXPort 
 - klass: 'gnu/io/RXTXPort'
R10=0x000000000000034a is an unknown value
R11=0x00007fdeecbea7c8: <offset 0xf5b7c8> in /usr/lib/jvm/java-8-oracle/jre/lib/amd64/server/libjvm.so at 0x00007fdeebc8f000
R12=0xffffffffffffffff is an unknown value
R13=0x0000000000000002 is an unknown value
R14=0x00000000000000c1 is an unknown value
R15=0x00000000ffffffff is an unallocated location in the heap


Stack: [0x00007fdeca6de000,0x00007fdeca7df000],  sp=0x00007fdeca7dc8c0,  free space=1018k
Native frames: (J=compiled Java code, j=interpreted, Vv=VM code, C=native code)
C  [librxtxSerial.so+0x6d9d]  read_byte_array+0x3d

Java frames: (J=compiled Java code, j=interpreted, Vv=VM code)
j  gnu.io.RXTXPort.readArray([BII)I+0
j  gnu.io.RXTXPort$SerialInputStream.read([BII)I+212
J 2051 C1 sun.nio.cs.StreamDecoder.readBytes()I (289 bytes) @ 0x00007fdedbfc227c [0x00007fdedbfc2140+0x13c]
j  sun.nio.cs.StreamDecoder.implRead([CII)I+112
J 1614 C2 sun.nio.cs.StreamDecoder.read([CII)I (196 bytes) @ 0x00007fdedbf125b0 [0x00007fdedbf11de0+0x7d0]
J 494 C2 java.io.InputStreamReader.read([CII)I (11 bytes) @ 0x00007fdedbc32f60 [0x00007fdedbc32f20+0x40]
J 5520 C2 java.io.BufferedReader.readLine(Z)Ljava/lang/String; (304 bytes) @ 0x00007fdedc976ef0 [0x00007fdedc976940+0x5b0]
j  java.io.BufferedReader.readLine()Ljava/lang/String;+2
j  arduino.controller.WebSocketControllerImpl$$anon$1.serialEvent(Lgnu/io/SerialPortEvent;)V+32
j  gnu.io.RXTXPort.sendEvent(IZ)Z+382
v  ~StubRoutines::call_stub
j  gnu.io.RXTXPort.eventLoop()V+0
j  gnu.io.RXTXPort$MonitorThread.run()V+12
v  ~StubRoutines::call_stub

---------------  P R O C E S S  ---------------

Java Threads: ( => current thread )
  0x0000000000bac800 JavaThread "MessageBrokerSockJS-7" [_thread_blocked, id=26526, stack(0x00007fdeca4dc000,0x00007fdeca5dd000)]
  0x00007fdec4845000 JavaThread "clientOutboundChannel-2" [_thread_blocked, id=26525, stack(0x00007fdeca5dd000,0x00007fdeca6de000)]
=>0x00007fdec4846800 JavaThread "Thread-7" [_thread_in_native, id=26524, stack(0x00007fdeca6de000,0x00007fdeca7df000)]
  0x00007fdec4937800 JavaThread "MessageBrokerSockJS-6" [_thread_blocked, id=26523, stack(0x00007fdeca9ec000,0x00007fdecaaed000)]
  0x0000000001553800 JavaThread "clientInboundChannel-9" [_thread_blocked, id=26522, stack(0x00007fdecaaed000,0x00007fdecabee000)]
  0x0000000001551800 JavaThread "clientInboundChannel-8" [_thread_blocked, id=26521, stack(0x00007fdecabee000,0x00007fdecacef000)]
  0x0000000001550000 JavaThread "clientInboundChannel-7" [_thread_blocked, id=26520, stack(0x00007fdecacef000,0x00007fdecadf0000)]
  0x000000000154c800 JavaThread "http-nio-8080-exec-6" daemon [_thread_blocked, id=26519, stack(0x00007fdecadf0000,0x00007fdecaef1000)]
  0x0000000001c3e800 JavaThread "clientInboundChannel-6" [_thread_blocked, id=26515, stack(0x00007fdecaef1000,0x00007fdecaff2000)]
  0x0000000001c3d000 JavaThread "clientInboundChannel-5" [_thread_blocked, id=26514, stack(0x00007fdecaff2000,0x00007fdecb0f3000)]
  0x0000000001599000 JavaThread "clientInboundChannel-4" [_thread_blocked, id=26513, stack(0x00007fdecb0f3000,0x00007fdecb1f4000)]
  0x0000000001596000 JavaThread "http-nio-8080-exec-5" daemon [_thread_blocked, id=26512, stack(0x00007fdecb1f4000,0x00007fdecb2f5000)]
  0x0000000002bb5000 JavaThread "MessageBrokerSockJS-5" [_thread_blocked, id=26511, stack(0x00007fdecb2f5000,0x00007fdecb3f6000)]
  0x0000000002bb1000 JavaThread "clientOutboundChannel-1" [_thread_blocked, id=26510, stack(0x00007fdecb3f6000,0x00007fdecb4f7000)]
  0x0000000002baf800 JavaThread "clientInboundChannel-3" [_thread_blocked, id=26509, stack(0x00007fdecb4f7000,0x00007fdecb5f8000)]
  0x0000000002bad800 JavaThread "clientInboundChannel-2" [_thread_blocked, id=26508, stack(0x00007fdecb5f8000,0x00007fdecb6f9000)]
  0x0000000000aca000 JavaThread "clientInboundChannel-1" [_thread_blocked, id=26507, stack(0x00007fdecb6f9000,0x00007fdecb7fa000)]
  0x00000000021cf800 JavaThread "http-nio-8080-exec-4" daemon [_thread_blocked, id=26506, stack(0x00007fdecb7fa000,0x00007fdecb8fb000)]
  0x00007fdec4fa9800 JavaThread "WebSocket background processing" daemon [_thread_blocked, id=26505, stack(0x00007fdecb8fb000,0x00007fdecb9fc000)]
  0x00007fdec4fa7000 JavaThread "MessageBrokerSockJS-4" [_thread_blocked, id=26504, stack(0x00007fdecb9fc000,0x00007fdecbafd000)]
  0x00007fdec4fa6000 JavaThread "WebSocketServer-localhost-ROOT-1" daemon [_thread_blocked, id=26503, stack(0x00007fdecbafd000,0x00007fdecbbfe000)]
  0x000000000159a800 JavaThread "MessageBrokerSockJS-3" [_thread_blocked, id=26502, stack(0x00007fdecbbfe000,0x00007fdecbcff000)]
  0x00007fdec57b1000 JavaThread "MessageBrokerSockJS-2" [_thread_blocked, id=26501, stack(0x00007fdecbcff000,0x00007fdecbe00000)]
  0x000000000159c000 JavaThread "http-nio-8080-exec-3" daemon [_thread_blocked, id=26500, stack(0x00007fded20b5000,0x00007fded21b6000)]
  0x00000000020ce000 JavaThread "http-nio-8080-exec-2" daemon [_thread_blocked, id=26499, stack(0x00007fded0fee000,0x00007fded10ef000)]
  0x0000000001c99000 JavaThread "http-nio-8080-exec-1" daemon [_thread_blocked, id=26487, stack(0x00007fded1fb4000,0x00007fded20b5000)]
  0x00007fdec5f21800 JavaThread "http-nio-8080-Acceptor-0" daemon [_thread_in_native, id=26476, stack(0x00007fded00e7000,0x00007fded01e8000)]
  0x00007fdec4427000 JavaThread "http-nio-8080-ClientPoller-1" daemon [_thread_in_native, id=26475, stack(0x00007fded01e8000,0x00007fded02e9000)]
  0x00007fdec4425000 JavaThread "http-nio-8080-ClientPoller-0" daemon [_thread_in_native, id=26474, stack(0x00007fded02e9000,0x00007fded03ea000)]
  0x00007fdec4422000 JavaThread "NioBlockingSelector.BlockPoller-1" daemon [_thread_in_native, id=26473, stack(0x00007fded03ea000,0x00007fded04eb000)]
  0x00007fdec5196000 JavaThread "MessageBrokerSockJS-1" [_thread_blocked, id=26472, stack(0x00007fded08eb000,0x00007fded09ec000)]
  0x00007fdec496c000 JavaThread "container-0" [_thread_blocked, id=26471, stack(0x00007fded0bec000,0x00007fded0ced000)]
  0x00007fdec496a800 JavaThread "ContainerBackgroundProcessor[StandardEngine[Tomcat].StandardHost[localhost].StandardContext[]]" daemon [_thread_blocked, id=26470, stack(0x00007fded0ced000,0x00007fded0dee000)]
  0x0000000001925800 JavaThread "process reaper" daemon [_thread_blocked, id=26439, stack(0x00007fded21b6000,0x00007fded21ef000)]
  0x00007fdec401d000 JavaThread "Service Thread" daemon [_thread_blocked, id=26434, stack(0x00007fded338a000,0x00007fded348b000)]
  0x00007fdecc037800 JavaThread "C1 CompilerThread3" daemon [_thread_blocked, id=26433, stack(0x00007fded348b000,0x00007fded358c000)]
  0x00007fdecc035800 JavaThread "C2 CompilerThread2" daemon [_thread_blocked, id=26432, stack(0x00007fded358c000,0x00007fded368d000)]
  0x00007fdecc033800 JavaThread "C2 CompilerThread1" daemon [_thread_blocked, id=26431, stack(0x00007fded368d000,0x00007fded378e000)]
  0x00007fdecc030800 JavaThread "C2 CompilerThread0" daemon [_thread_blocked, id=26430, stack(0x00007fded378e000,0x00007fded388f000)]
  0x00007fdecc02e800 JavaThread "Signal Dispatcher" daemon [_thread_blocked, id=26429, stack(0x00007fded388f000,0x00007fded3990000)]
  0x00007fdecc001000 JavaThread "Finalizer" daemon [_thread_blocked, id=26428, stack(0x00007fded3b07000,0x00007fded3c08000)]
  0x0000000000a6f000 JavaThread "Reference Handler" daemon [_thread_blocked, id=26427, stack(0x00007fded3c08000,0x00007fded3d09000)]
  0x00000000009f6000 JavaThread "main" [_thread_blocked, id=26417, stack(0x00007fdeed6d0000,0x00007fdeed7d1000)]

Other Threads:
  0x0000000000a69800 VMThread [stack: 0x00007fded3d09000,0x00007fded3e0a000] [id=26426]
  0x00007fdec401f800 WatcherThread [stack: 0x00007fded3289000,0x00007fded338a000] [id=26435]

VM state:not at safepoint (normal execution)

VM Mutex/Monitor currently owned by a thread: None

Heap:
 PSYoungGen      total 271872K, used 120227K [0x00000000d6780000, 0x00000000e8200000, 0x0000000100000000)
  eden space 258560K, 46% used [0x00000000d6780000,0x00000000ddce8ce8,0x00000000e6400000)
  from space 13312K, 0% used [0x00000000e6400000,0x00000000e6400000,0x00000000e7100000)
  to   space 14336K, 0% used [0x00000000e7400000,0x00000000e7400000,0x00000000e8200000)
 ParOldGen       total 101376K, used 27009K [0x0000000083600000, 0x0000000089900000, 0x00000000d6780000)
  object space 101376K, 26% used [0x0000000083600000,0x00000000850607b0,0x0000000089900000)
 Metaspace       used 43723K, capacity 44352K, committed 44592K, reserved 1087488K
  class space    used 5699K, capacity 5934K, committed 5936K, reserved 1048576K

Card table byte_map: [0x00007fdedb1d2000,0x00007fdedb5b8000] byte_map_base: 0x00007fdedadb7000

Marking Bits: (ParMarkBitMap*) 0x00007fdeecbea2a0
 Begin Bits: [0x00007fded68e1000, 0x00007fded8809000)
 End Bits:   [0x00007fded8809000, 0x00007fdeda731000)

Polling page: 0x00007fdeed7f2000

CodeCache: size=245760Kb used=15691Kb max_used=16320Kb free=230068Kb
 bounds [0x00007fdedb978000, 0x00007fdedc988000, 0x00007fdeea978000]
 total_blobs=5071 nmethods=4622 adapters=363
 compilation: enabled

Compilation events (10 events):
Event: 32.501 Thread 0x00007fdecc037800 5551       3       java.nio.charset.CharsetEncoder::onMalformedInput (26 bytes)
Event: 32.502 Thread 0x00007fdecc037800 nmethod 5551 0x00007fdedc705990 code [0x00007fdedc705b00, 0x00007fdedc705e28]
Event: 32.502 Thread 0x00007fdecc037800 5555       3       java.util.concurrent.locks.ReentrantLock::unlock (10 bytes)
Event: 32.503 Thread 0x00007fdecc037800 nmethod 5555 0x00007fdedc859e90 code [0x00007fdedc85a020, 0x00007fdedc85a418]
Event: 32.503 Thread 0x00007fdecc037800 5552       3       java.nio.charset.CharsetEncoder::implOnMalformedInput (1 bytes)
Event: 32.503 Thread 0x00007fdecc037800 nmethod 5552 0x00007fdedc73de50 code [0x00007fdedc73dfa0, 0x00007fdedc73e0f0]
Event: 32.503 Thread 0x00007fdecc037800 5553       3       java.nio.charset.CharsetEncoder::onUnmappableCharacter (26 bytes)
Event: 32.503 Thread 0x00007fdecc037800 nmethod 5553 0x00007fdedc78bdd0 code [0x00007fdedc78bf40, 0x00007fdedc78c268]
Event: 32.503 Thread 0x00007fdecc037800 5554       3       java.nio.charset.CharsetEncoder::implOnUnmappableCharacter (1 bytes)
Event: 32.503 Thread 0x00007fdecc037800 nmethod 5554 0x00007fdedc73f4d0 code [0x00007fdedc73f620, 0x00007fdedc73f770]

GC Heap History (10 events):
Event: 5.693 GC heap before
{Heap before GC invocations=7 (full 0):
 PSYoungGen      total 140800K, used 79408K [0x00000000d6780000, 0x00000000dfb80000, 0x0000000100000000)
  eden space 131072K, 54% used [0x00000000d6780000,0x00000000dadac170,0x00000000de780000)
  from space 9728K, 77% used [0x00000000df200000,0x00000000df960000,0x00000000dfb80000)
  to   space 10240K, 0% used [0x00000000de780000,0x00000000de780000,0x00000000df180000)
 ParOldGen       total 86016K, used 10879K [0x0000000083600000, 0x0000000088a00000, 0x00000000d6780000)
  object space 86016K, 12% used [0x0000000083600000,0x000000008409fd28,0x0000000088a00000)
 Metaspace       used 20646K, capacity 21150K, committed 21296K, reserved 1067008K
  class space    used 2645K, capacity 2833K, committed 2864K, reserved 1048576K
Event: 5.710 GC heap after
Heap after GC invocations=7 (full 0):
 PSYoungGen      total 141312K, used 10215K [0x00000000d6780000, 0x00000000e8180000, 0x0000000100000000)
  eden space 131072K, 0% used [0x00000000d6780000,0x00000000d6780000,0x00000000de780000)
  from space 10240K, 99% used [0x00000000de780000,0x00000000df179ec8,0x00000000df180000)
  to   space 13312K, 0% used [0x00000000e7480000,0x00000000e7480000,0x00000000e8180000)
 ParOldGen       total 86016K, used 14623K [0x0000000083600000, 0x0000000088a00000, 0x00000000d6780000)
  object space 86016K, 17% used [0x0000000083600000,0x0000000084447d58,0x0000000088a00000)
 Metaspace       used 20646K, capacity 21150K, committed 21296K, reserved 1067008K
  class space    used 2645K, capacity 2833K, committed 2864K, reserved 1048576K
}
Event: 5.710 GC heap before
{Heap before GC invocations=8 (full 1):
 PSYoungGen      total 141312K, used 10215K [0x00000000d6780000, 0x00000000e8180000, 0x0000000100000000)
  eden space 131072K, 0% used [0x00000000d6780000,0x00000000d6780000,0x00000000de780000)
  from space 10240K, 99% used [0x00000000de780000,0x00000000df179ec8,0x00000000df180000)
  to   space 13312K, 0% used [0x00000000e7480000,0x00000000e7480000,0x00000000e8180000)
 ParOldGen       total 86016K, used 14623K [0x0000000083600000, 0x0000000088a00000, 0x00000000d6780000)
  object space 86016K, 17% used [0x0000000083600000,0x0000000084447d58,0x0000000088a00000)
 Metaspace       used 20646K, capacity 21150K, committed 21296K, reserved 1067008K
  class space    used 2645K, capacity 2833K, committed 2864K, reserved 1048576K
Event: 5.790 GC heap after
Heap after GC invocations=8 (full 1):
 PSYoungGen      total 141312K, used 0K [0x00000000d6780000, 0x00000000e8180000, 0x0000000100000000)
  eden space 131072K, 0% used [0x00000000d6780000,0x00000000d6780000,0x00000000de780000)
  from space 10240K, 0% used [0x00000000de780000,0x00000000de780000,0x00000000df180000)
  to   space 13312K, 0% used [0x00000000e7480000,0x00000000e7480000,0x00000000e8180000)
 ParOldGen       total 70656K, used 18252K [0x0000000083600000, 0x0000000087b00000, 0x00000000d6780000)
  object space 70656K, 25% used [0x0000000083600000,0x00000000847d3000,0x0000000087b00000)
 Metaspace       used 20646K, capacity 21150K, committed 21296K, reserved 1067008K
  class space    used 2645K, capacity 2833K, committed 2864K, reserved 1048576K
}
Event: 6.771 GC heap before
{Heap before GC invocations=9 (full 1):
 PSYoungGen      total 141312K, used 131072K [0x00000000d6780000, 0x00000000e8180000, 0x0000000100000000)
  eden space 131072K, 100% used [0x00000000d6780000,0x00000000de780000,0x00000000de780000)
  from space 10240K, 0% used [0x00000000de780000,0x00000000de780000,0x00000000df180000)
  to   space 13312K, 0% used [0x00000000e7480000,0x00000000e7480000,0x00000000e8180000)
 ParOldGen       total 70656K, used 18252K [0x0000000083600000, 0x0000000087b00000, 0x00000000d6780000)
  object space 70656K, 25% used [0x0000000083600000,0x00000000847d3000,0x0000000087b00000)
 Metaspace       used 27921K, capacity 28428K, committed 28720K, reserved 1075200K
  class space    used 3592K, capacity 3774K, committed 3888K, reserved 1048576K
Event: 6.778 GC heap after
Heap after GC invocations=9 (full 1):
 PSYoungGen      total 211968K, used 9275K [0x00000000d6780000, 0x00000000e7e00000, 0x0000000100000000)
  eden space 202240K, 0% used [0x00000000d6780000,0x00000000d6780000,0x00000000e2d00000)
  from space 9728K, 95% used [0x00000000e7480000,0x00000000e7d8ed80,0x00000000e7e00000)
  to   space 13312K, 0% used [0x00000000e6400000,0x00000000e6400000,0x00000000e7100000)
 ParOldGen       total 70656K, used 18260K [0x0000000083600000, 0x0000000087b00000, 0x00000000d6780000)
  object space 70656K, 25% used [0x0000000083600000,0x00000000847d5000,0x0000000087b00000)
 Metaspace       used 27921K, capacity 28428K, committed 28720K, reserved 1075200K
  class space    used 3592K, capacity 3774K, committed 3888K, reserved 1048576K
}
Event: 13.100 GC heap before
{Heap before GC invocations=10 (full 1):
 PSYoungGen      total 211968K, used 77101K [0x00000000d6780000, 0x00000000e7e00000, 0x0000000100000000)
  eden space 202240K, 33% used [0x00000000d6780000,0x00000000da9bc950,0x00000000e2d00000)
  from space 9728K, 95% used [0x00000000e7480000,0x00000000e7d8ed80,0x00000000e7e00000)
  to   space 13312K, 0% used [0x00000000e6400000,0x00000000e6400000,0x00000000e7100000)
 ParOldGen       total 70656K, used 18260K [0x0000000083600000, 0x0000000087b00000, 0x00000000d6780000)
  object space 70656K, 25% used [0x0000000083600000,0x00000000847d5000,0x0000000087b00000)
 Metaspace       used 34654K, capacity 35242K, committed 35496K, reserved 1081344K
  class space    used 4408K, capacity 4595K, committed 4656K, reserved 1048576K
Event: 13.109 GC heap after
Heap after GC invocations=10 (full 1):
 PSYoungGen      total 271872K, used 13184K [0x00000000d6780000, 0x00000000e8200000, 0x0000000100000000)
  eden space 258560K, 0% used [0x00000000d6780000,0x00000000d6780000,0x00000000e6400000)
  from space 13312K, 99% used [0x00000000e6400000,0x00000000e70e0238,0x00000000e7100000)
  to   space 14336K, 0% used [0x00000000e7400000,0x00000000e7400000,0x00000000e8200000)
 ParOldGen       total 70656K, used 18332K [0x0000000083600000, 0x0000000087b00000, 0x00000000d6780000)
  object space 70656K, 25% used [0x0000000083600000,0x00000000847e7010,0x0000000087b00000)
 Metaspace       used 34654K, capacity 35242K, committed 35496K, reserved 1081344K
  class space    used 4408K, capacity 4595K, committed 4656K, reserved 1048576K
}
Event: 13.109 GC heap before
{Heap before GC invocations=11 (full 2):
 PSYoungGen      total 271872K, used 13184K [0x00000000d6780000, 0x00000000e8200000, 0x0000000100000000)
  eden space 258560K, 0% used [0x00000000d6780000,0x00000000d6780000,0x00000000e6400000)
  from space 13312K, 99% used [0x00000000e6400000,0x00000000e70e0238,0x00000000e7100000)
  to   space 14336K, 0% used [0x00000000e7400000,0x00000000e7400000,0x00000000e8200000)
 ParOldGen       total 70656K, used 18332K [0x0000000083600000, 0x0000000087b00000, 0x00000000d6780000)
  object space 70656K, 25% used [0x0000000083600000,0x00000000847e7010,0x0000000087b00000)
 Metaspace       used 34654K, capacity 35242K, committed 35496K, reserved 1081344K
  class space    used 4408K, capacity 4595K, committed 4656K, reserved 1048576K
Event: 13.172 GC heap after
Heap after GC invocations=11 (full 2):
 PSYoungGen      total 271872K, used 0K [0x00000000d6780000, 0x00000000e8200000, 0x0000000100000000)
  eden space 258560K, 0% used [0x00000000d6780000,0x00000000d6780000,0x00000000e6400000)
  from space 13312K, 0% used [0x00000000e6400000,0x00000000e6400000,0x00000000e7100000)
  to   space 14336K, 0% used [0x00000000e7400000,0x00000000e7400000,0x00000000e8200000)
 ParOldGen       total 101376K, used 27009K [0x0000000083600000, 0x0000000089900000, 0x00000000d6780000)
  object space 101376K, 26% used [0x0000000083600000,0x00000000850607b0,0x0000000089900000)
 Metaspace       used 34654K, capacity 35242K, committed 35496K, reserved 1081344K
  class space    used 4408K, capacity 4595K, committed 4656K, reserved 1048576K
}

Deoptimization events (10 events):
Event: 13.793 Thread 0x00007fdecc244000 Uncommon trap: reason=class_check action=maybe_recompile pc=0x00007fdedc36e040 method=java.util.Collections$UnmodifiableMap.size()I @ 4
Event: 22.914 Thread 0x0000000001c99000 Uncommon trap: reason=unreached action=reinterpret pc=0x00007fdedc8692c4 method=java.util.concurrent.locks.AbstractQueuedSynchronizer.release(I)Z @ 14
Event: 22.914 Thread 0x00007fdec4c71000 Uncommon trap: reason=unreached action=reinterpret pc=0x00007fdedbd23ffc method=java.util.concurrent.locks.AbstractQueuedSynchronizer.release(I)Z @ 14
Event: 27.427 Thread 0x00000000020ce000 Uncommon trap: reason=unreached action=reinterpret pc=0x00007fdedbe87748 method=java.util.HashMap.hash(Ljava/lang/Object;)I @ 1
Event: 27.427 Thread 0x00000000020ce000 Uncommon trap: reason=bimorphic action=maybe_recompile pc=0x00007fdedc876f0c method=java.util.Collections$UnmodifiableMap.entrySet()Ljava/util/Set; @ 16
Event: 27.497 Thread 0x00000000021cf800 Uncommon trap: reason=unreached action=reinterpret pc=0x00007fdedc876154 method=org.springframework.util.ObjectUtils.nullSafeEquals(Ljava/lang/Object;Ljava/lang/Object;)Z @ 12
Event: 27.505 Thread 0x0000000002bb1000 Uncommon trap: reason=bimorphic action=maybe_recompile pc=0x00007fdedc876f0c method=java.util.Collections$UnmodifiableMap.entrySet()Ljava/util/Set; @ 16
Event: 32.433 Thread 0x0000000001550000 Uncommon trap: reason=class_check action=maybe_recompile pc=0x00007fdedc36e040 method=java.util.Collections$UnmodifiableMap.size()I @ 4
Event: 32.433 Thread 0x0000000001550000 Uncommon trap: reason=bimorphic action=maybe_recompile pc=0x00007fdedc876f0c method=java.util.Collections$UnmodifiableMap.entrySet()Ljava/util/Set; @ 16
Event: 32.501 Thread 0x00007fdec4845000 Uncommon trap: reason=bimorphic action=maybe_recompile pc=0x00007fdedc876f0c method=java.util.Collections$UnmodifiableMap.entrySet()Ljava/util/Set; @ 16

Internal exceptions (10 events):
Event: 32.494 Thread 0x0000000001550000 Exception <a 'java/security/PrivilegedActionException'> (0x00000000dd9b5af0) thrown at [/HUDSON/workspace/8-2-build-linux-amd64/jdk8u31/2394/hotspot/src/share/vm/prims/jvm.cpp, line 1312]
Event: 32.494 Thread 0x0000000001550000 Exception <a 'java/security/PrivilegedActionException'> (0x00000000dd9b6410) thrown at [/HUDSON/workspace/8-2-build-linux-amd64/jdk8u31/2394/hotspot/src/share/vm/prims/jvm.cpp, line 1312]
Event: 32.495 Thread 0x0000000001550000 Exception <a 'java/security/PrivilegedActionException'> (0x00000000dd9ba770) thrown at [/HUDSON/workspace/8-2-build-linux-amd64/jdk8u31/2394/hotspot/src/share/vm/prims/jvm.cpp, line 1312]
Event: 32.495 Thread 0x0000000001550000 Exception <a 'java/security/PrivilegedActionException'> (0x00000000dd9bb158) thrown at [/HUDSON/workspace/8-2-build-linux-amd64/jdk8u31/2394/hotspot/src/share/vm/prims/jvm.cpp, line 1312]
Event: 32.496 Thread 0x0000000001550000 Exception <a 'java/security/PrivilegedActionException'> (0x00000000dd9c49b0) thrown at [/HUDSON/workspace/8-2-build-linux-amd64/jdk8u31/2394/hotspot/src/share/vm/prims/jvm.cpp, line 1312]
Event: 32.496 Thread 0x0000000001550000 Exception <a 'java/security/PrivilegedActionException'> (0x00000000dd9c5380) thrown at [/HUDSON/workspace/8-2-build-linux-amd64/jdk8u31/2394/hotspot/src/share/vm/prims/jvm.cpp, line 1312]
Event: 32.497 Thread 0x0000000001550000 Exception <a 'java/security/PrivilegedActionException'> (0x00000000dd9cf858) thrown at [/HUDSON/workspace/8-2-build-linux-amd64/jdk8u31/2394/hotspot/src/share/vm/prims/jvm.cpp, line 1312]
Event: 32.497 Thread 0x0000000001550000 Exception <a 'java/security/PrivilegedActionException'> (0x00000000dd9cfe80) thrown at [/HUDSON/workspace/8-2-build-linux-amd64/jdk8u31/2394/hotspot/src/share/vm/prims/jvm.cpp, line 1312]
Event: 33.241 Thread 0x00007fdec4846800 Exception <a 'java/security/PrivilegedActionException'> (0x00000000dd9e06e8) thrown at [/HUDSON/workspace/8-2-build-linux-amd64/jdk8u31/2394/hotspot/src/share/vm/prims/jvm.cpp, line 1312]
Event: 33.241 Thread 0x00007fdec4846800 Exception <a 'java/security/PrivilegedActionException'> (0x00000000dd9e0c08) thrown at [/HUDSON/workspace/8-2-build-linux-amd64/jdk8u31/2394/hotspot/src/share/vm/prims/jvm.cpp, line 1312]

Events (10 events):
Event: 32.500 Executing VM operation: RevokeBias done
Event: 32.501 Thread 0x00007fdec4845000 Thread added: 0x00007fdec4845000
Event: 32.501 Thread 0x00007fdec4845000 Uncommon trap: trap_request=0xffffffc6 fr.pc=0x00007fdedc876f0c
Event: 32.501 Thread 0x00007fdec4845000 DEOPT PACKING pc=0x00007fdedc876f0c sp=0x00007fdeca6dc170
Event: 32.501 Thread 0x00007fdec4845000 DEOPT UNPACKING pc=0x00007fdedb97cf69 sp=0x00007fdeca6dc130 mode 2
Event: 32.503 Thread 0x0000000000bac800 Thread added: 0x0000000000bac800
Event: 33.241 loading class gnu/io/SerialPortEvent
Event: 33.241 loading class gnu/io/SerialPortEvent done
Event: 33.241 Executing VM operation: RevokeBias
Event: 33.241 Executing VM operation: RevokeBias done


Dynamic libraries:
00400000-00401000 r-xp 00000000 08:03 3804091                            /usr/lib/jvm/java-8-oracle/bin/java
00600000-00601000 rw-p 00000000 08:03 3804091                            /usr/lib/jvm/java-8-oracle/bin/java
009eb000-02eb3000 rw-p 00000000 00:00 0                                  [heap]
83600000-89900000 rw-p 00000000 00:00 0 
89900000-d6780000 ---p 00000000 00:00 0 
d6780000-e8200000 rw-p 00000000 00:00 0 
e8200000-100000000 ---p 00000000 00:00 0 
100000000-1005cc000 rw-p 00000000 00:00 0 
1005cc000-140000000 ---p 00000000 00:00 0 
7fdec4000000-7fdec646f000 rw-p 00000000 00:00 0 
7fdec646f000-7fdec8000000 ---p 00000000 00:00 0 
7fdeca4dc000-7fdeca4df000 ---p 00000000 00:00 0 
7fdeca4df000-7fdeca5dd000 rw-p 00000000 00:00 0 
7fdeca5dd000-7fdeca5e0000 ---p 00000000 00:00 0 
7fdeca5e0000-7fdeca6de000 rw-p 00000000 00:00 0 
7fdeca6de000-7fdeca6e1000 ---p 00000000 00:00 0 
7fdeca6e1000-7fdeca7df000 rw-p 00000000 00:00 0 
7fdeca7df000-7fdeca7ec000 r-xp 00000000 08:03 4067547                    /usr/lib/jvm/java-8-oracle/jre/lib/amd64/librxtxSerial.so
7fdeca7ec000-7fdeca9eb000 ---p 0000d000 08:03 4067547                    /usr/lib/jvm/java-8-oracle/jre/lib/amd64/librxtxSerial.so
7fdeca9eb000-7fdeca9ec000 rw-p 0000c000 08:03 4067547                    /usr/lib/jvm/java-8-oracle/jre/lib/amd64/librxtxSerial.so
7fdeca9ec000-7fdeca9ef000 ---p 00000000 00:00 0 
7fdeca9ef000-7fdecaaed000 rw-p 00000000 00:00 0 
7fdecaaed000-7fdecaaf0000 ---p 00000000 00:00 0 
7fdecaaf0000-7fdecabee000 rw-p 00000000 00:00 0 
7fdecabee000-7fdecabf1000 ---p 00000000 00:00 0 
7fdecabf1000-7fdecacef000 rw-p 00000000 00:00 0 
7fdecacef000-7fdecacf2000 ---p 00000000 00:00 0 
7fdecacf2000-7fdecadf0000 rw-p 00000000 00:00 0 
7fdecadf0000-7fdecadf3000 ---p 00000000 00:00 0 
7fdecadf3000-7fdecaef1000 rw-p 00000000 00:00 0 
7fdecaef1000-7fdecaef4000 ---p 00000000 00:00 0 
7fdecaef4000-7fdecaff2000 rw-p 00000000 00:00 0 
7fdecaff2000-7fdecaff5000 ---p 00000000 00:00 0 
7fdecaff5000-7fdecb0f3000 rw-p 00000000 00:00 0 
7fdecb0f3000-7fdecb0f6000 ---p 00000000 00:00 0 
7fdecb0f6000-7fdecb1f4000 rw-p 00000000 00:00 0 
7fdecb1f4000-7fdecb1f7000 ---p 00000000 00:00 0 
7fdecb1f7000-7fdecb2f5000 rw-p 00000000 00:00 0 
7fdecb2f5000-7fdecb2f8000 ---p 00000000 00:00 0 
7fdecb2f8000-7fdecb3f6000 rw-p 00000000 00:00 0 
7fdecb3f6000-7fdecb3f9000 ---p 00000000 00:00 0 
7fdecb3f9000-7fdecb4f7000 rw-p 00000000 00:00 0 
7fdecb4f7000-7fdecb4fa000 ---p 00000000 00:00 0 
7fdecb4fa000-7fdecb5f8000 rw-p 00000000 00:00 0 
7fdecb5f8000-7fdecb5fb000 ---p 00000000 00:00 0 
7fdecb5fb000-7fdecb6f9000 rw-p 00000000 00:00 0 
7fdecb6f9000-7fdecb6fc000 ---p 00000000 00:00 0 
7fdecb6fc000-7fdecb7fa000 rw-p 00000000 00:00 0 
7fdecb7fa000-7fdecb7fd000 ---p 00000000 00:00 0 
7fdecb7fd000-7fdecb8fb000 rw-p 00000000 00:00 0 
7fdecb8fb000-7fdecb8fe000 ---p 00000000 00:00 0 
7fdecb8fe000-7fdecb9fc000 rw-p 00000000 00:00 0 
7fdecb9fc000-7fdecb9ff000 ---p 00000000 00:00 0 
7fdecb9ff000-7fdecbafd000 rw-p 00000000 00:00 0 
7fdecbafd000-7fdecbb00000 ---p 00000000 00:00 0 
7fdecbb00000-7fdecbbfe000 rw-p 00000000 00:00 0 
7fdecbbfe000-7fdecbc01000 ---p 00000000 00:00 0 
7fdecbc01000-7fdecbcff000 rw-p 00000000 00:00 0 
7fdecbcff000-7fdecbd02000 ---p 00000000 00:00 0 
7fdecbd02000-7fdecbfc0000 rw-p 00000000 00:00 0 
7fdecbfc0000-7fdecc000000 ---p 00000000 00:00 0 
7fdecc000000-7fdecd752000 rw-p 00000000 00:00 0 
7fdecd752000-7fded0000000 ---p 00000000 00:00 0 
7fded00e7000-7fded00ea000 ---p 00000000 00:00 0 
7fded00ea000-7fded01e8000 rw-p 00000000 00:00 0 
7fded01e8000-7fded01eb000 ---p 00000000 00:00 0 
7fded01eb000-7fded02e9000 rw-p 00000000 00:00 0 
7fded02e9000-7fded02ec000 ---p 00000000 00:00 0 
7fded02ec000-7fded03ea000 rw-p 00000000 00:00 0 
7fded03ea000-7fded03ed000 ---p 00000000 00:00 0 
7fded03ed000-7fded06eb000 rw-p 00000000 00:00 0 
7fded06eb000-7fded08eb000 rw-p 00000000 00:00 0 
7fded08eb000-7fded08ee000 ---p 00000000 00:00 0 
7fded08ee000-7fded0bec000 rw-p 00000000 00:00 0 
7fded0bec000-7fded0bef000 ---p 00000000 00:00 0 
7fded0bef000-7fded0ced000 rw-p 00000000 00:00 0 
7fded0ced000-7fded0cf0000 ---p 00000000 00:00 0 
7fded0cf0000-7fded0fee000 rw-p 00000000 00:00 0 
7fded0fee000-7fded0ff1000 ---p 00000000 00:00 0 
7fded0ff1000-7fded12ef000 rw-p 00000000 00:00 0 
7fded12ef000-7fded14ef000 rw-p 00000000 00:00 0 
7fded14ef000-7fded16ef000 rw-p 00000000 00:00 0 
7fded16ef000-7fded18ef000 rw-p 00000000 00:00 0 
7fded18ef000-7fded18f7000 r-xp 00000000 08:03 4067409                    /usr/lib/jvm/java-8-oracle/jre/lib/amd64/libmanagement.so
7fded18f7000-7fded1af7000 ---p 00008000 08:03 4067409                    /usr/lib/jvm/java-8-oracle/jre/lib/amd64/libmanagement.so
7fded1af7000-7fded1af8000 rw-p 00008000 08:03 4067409                    /usr/lib/jvm/java-8-oracle/jre/lib/amd64/libmanagement.so
7fded1af8000-7fded1cf8000 rw-p 00000000 00:00 0 
7fded1cf8000-7fded1cfa000 r--s 00009000 08:06 28840952                   /home/jimmy/.m2/repository/org/apache/tomcat/embed/tomcat-embed-logging-juli/8.0.15/tomcat-embed-logging-juli-8.0.15.jar
7fded1cfa000-7fded1d09000 r--s 000b0000 08:06 28840947                   /home/jimmy/.m2/repository/org/springframework/spring-webmvc/4.1.4.RELEASE/spring-webmvc-4.1.4.RELEASE.jar
7fded1d09000-7fded1d0e000 r--s 00034000 08:06 28840953                   /home/jimmy/.m2/repository/org/apache/tomcat/embed/tomcat-embed-websocket/8.0.15/tomcat-embed-websocket-8.0.15.jar
7fded1d0e000-7fded1d12000 r--s 0000c000 08:06 28840944                   /home/jimmy/.m2/repository/javax/validation/validation-api/1.1.0.Final/validation-api-1.1.0.Final.jar
7fded1d12000-7fded1d13000 r--s 00000000 08:06 28710952                   /home/jimmy/.m2/repository/org/springframework/boot/spring-boot-starter-web/1.2.1.RELEASE/spring-boot-starter-web-1.2.1.RELEASE.jar
7fded1d13000-7fded1d19000 r--s 0003d000 08:06 26610749                   /home/jimmy/.m2/repository/ch/qos/logback/logback-classic/1.1.2/logback-classic-1.1.2.jar
7fded1d19000-7fded1d1b000 r--s 0000d000 08:06 27267179                   /home/jimmy/.m2/repository/org/rxtx/rxtx/2.2pre2/rxtx-2.2pre2.jar
7fded1d1b000-7fded1d1c000 r--s 00000000 08:06 28710953                   /home/jimmy/.m2/repository/org/springframework/boot/spring-boot-starter-tomcat/1.2.1.RELEASE/spring-boot-starter-tomcat-1.2.1.RELEASE.jar
7fded1d1c000-7fded1d1d000 r--s 00000000 08:06 28446615                   /home/jimmy/.m2/repository/org/springframework/boot/spring-boot-starter-logging/1.2.1.RELEASE/spring-boot-starter-logging-1.2.1.RELEASE.jar
7fded1d1d000-7fded1d2c000 r--s 00072000 08:06 28314255                   /home/jimmy/.m2/repository/com/fasterxml/jackson/module/jackson-module-scala_2.10/2.4.1/jackson-module-scala_2.10-2.4.1.jar
7fded1d2c000-7fded1d62000 r--s 002d9000 08:06 29360287                   /home/jimmy/.m2/repository/org/scala-lang/scala-reflect/2.10.4/scala-reflect-2.10.4.jar
7fded1d62000-7fded1d63000 r--s 00000000 08:06 28314721                   /home/jimmy/.m2/repository/org/springframework/boot/spring-boot-starter-websocket/1.2.1.RELEASE/spring-boot-starter-websocket-1.2.1.RELEASE.jar
7fded1d63000-7fded1d67000 r--s 00034000 08:06 28840954                   /home/jimmy/.m2/repository/com/fasterxml/jackson/core/jackson-core/2.4.4/jackson-core-2.4.4.jar
7fded1d67000-7fded1d68000 r--s 00005000 08:06 28710950                   /home/jimmy/.m2/repository/org/slf4j/log4j-over-slf4j/1.7.8/log4j-over-slf4j-1.7.8.jar
7fded1d68000-7fded1d71000 r--s 0004f000 08:06 28446620                   /home/jimmy/.m2/repository/org/springframework/spring-aop/4.1.4.RELEASE/spring-aop-4.1.4.RELEASE.jar
7fded1d71000-7fded1d7b000 r--s 0005f000 08:06 26610750                   /home/jimmy/.m2/repository/ch/qos/logback/logback-core/1.1.2/logback-core-1.1.2.jar
7fded1d7b000-7fded1d8a000 r--s 00064000 08:06 28446614                   /home/jimmy/.m2/repository/org/springframework/boot/spring-boot-autoconfigure/1.2.1.RELEASE/spring-boot-autoconfigure-1.2.1.RELEASE.jar
7fded1d8a000-7fded1db4000 r--s 001e9000 08:06 28314257                   /home/jimmy/.m2/repository/com/google/guava/guava/15.0/guava-15.0.jar
7fded1db4000-7fded1fb4000 rw-p 00000000 00:00 0 
7fded1fb4000-7fded1fb7000 ---p 00000000 00:00 0 
7fded1fb7000-7fded20b5000 rw-p 00000000 00:00 0 
7fded20b5000-7fded20b8000 ---p 00000000 00:00 0 
7fded20b8000-7fded21b6000 rw-p 00000000 00:00 0 
7fded21b6000-7fded21b9000 ---p 00000000 00:00 0 
7fded21b9000-7fded23ef000 rw-p 00000000 00:00 0 
7fded23ef000-7fded24b6000 r--s 00a25000 08:06 29364133                   /home/jimmy/.m2/repository/org/scala-lang/scala-compiler/2.9.2/scala-compiler-2.9.2.jar
7fded24b6000-7fded24b9000 r--s 00008000 08:06 29364130                   /home/jimmy/.m2/repository/com/typesafe/sbt/sbt-interface/0.12.1/sbt-interface-0.12.1.jar
7fded24b9000-7fded24de000 r--s 001be000 08:06 29364128                   /home/jimmy/.m2/repository/com/typesafe/sbt/incremental-compiler/0.12.1/incremental-compiler-0.12.1.jar
7fded24de000-7fded24df000 r--s 00004000 08:06 29364127                   /home/jimmy/.m2/repository/com/typesafe/sbt/compiler-interface/0.12.1/compiler-interface-0.12.1-sources.jar
7fded24df000-7fded255d000 r--s 007f5000 08:06 29364126                   /home/jimmy/.m2/repository/org/scala-lang/scala-library/2.9.2/scala-library-2.9.2.jar
7fded255d000-7fded2562000 r--s 00046000 08:06 29364125                   /home/jimmy/.m2/repository/com/typesafe/zinc/zinc/0.2.0/zinc-0.2.0.jar
7fded2562000-7fded2564000 r--s 00006000 08:06 14951052                   /home/jimmy/.m2/repository/org/apache/maven/shared/maven-invoker/2.0.11/maven-invoker-2.0.11.jar
7fded2564000-7fded2565000 r--s 00002000 08:06 45744165                   /home/jimmy/.m2/repository/org/apache/maven/doxia/doxia-logging-api/1.1.2/doxia-logging-api-1.1.2.jar
7fded2565000-7fded2567000 r--s 00002000 08:06 45744164                   /home/jimmy/.m2/repository/org/apache/maven/doxia/doxia-sink-api/1.1.2/doxia-sink-api-1.1.2.jar
7fded2567000-7fded2569000 r--s 00004000 08:06 13640032                   /home/jimmy/.m2/repository/org/apache/maven/maven-archiver/2.5/maven-archiver-2.5.jar
7fded2569000-7fded256c000 r--s 0000c000 08:06 13768826                   /home/jimmy/.m2/repository/org/codehaus/plexus/plexus-io/2.0.2/plexus-io-2.0.2.jar
7fded256c000-7fded2571000 r--s 00029000 08:06 13768825                   /home/jimmy/.m2/repository/org/codehaus/plexus/plexus-archiver/2.1/plexus-archiver-2.1.jar
7fded2571000-7fded2575000 r--s 00034000 08:06 42864480                   /home/jimmy/.m2/repository/org/codehaus/plexus/plexus-utils/3.0/plexus-utils-3.0.jar
7fded2575000-7fded2577000 r--s 0000b000 08:06 45484524                   /home/jimmy/.m2/repository/org/apache/commons/commons-exec/1.1/commons-exec-1.1.jar
7fded2577000-7fded2579000 r--s 00007000 08:06 20453537                   /home/jimmy/.m2/repository/org/apache/maven/shared/maven-dependency-tree/1.2/maven-dependency-tree-1.2.jar
7fded2579000-7fded257b000 r--s 00002000 08:06 15208159                   /home/jimmy/.m2/repository/org/sonatype/plexus/plexus-cipher/1.4/plexus-cipher-1.4.jar
7fded257b000-7fded257c000 r--s 00006000 08:06 14950510                   /home/jimmy/.m2/repository/org/sonatype/plexus/plexus-sec-dispatcher/1.3/plexus-sec-dispatcher-1.3.jar
7fded257c000-7fded257e000 r--s 00000000 08:06 15338896                   /home/jimmy/.m2/repository/org/codehaus/plexus/plexus-component-annotations/1.5.5/plexus-component-annotations-1.5.5.jar
7fded257e000-7fded2580000 r--s 0000d000 08:06 14951110                   /home/jimmy/.m2/repository/org/codehaus/plexus/plexus-interpolation/1.14/plexus-interpolation-1.14.jar
7fded2580000-7fded259f000 r--s 00152000 08:06 18485946                   /home/jimmy/.m2/repository/org/sonatype/sisu/sisu-guava/0.9.9/sisu-guava-0.9.9.jar
7fded259f000-7fded25a7000 r--s 00050000 08:06 14815884                   /home/jimmy/.m2/repository/org/sonatype/sisu/sisu-guice/3.1.0/sisu-guice-3.1.0-no_aop.jar
7fded25a7000-7fded25ae000 r--s 00040000 08:06 18225171                   /home/jimmy/.m2/repository/org/sonatype/sisu/sisu-inject-bean/2.3.0/sisu-inject-bean-2.3.0.jar
7fded25ae000-7fded25b2000 r--s 0001c000 08:06 20190692                   /home/jimmy/.m2/repository/org/sonatype/aether/aether-util/1.13.1/aether-util-1.13.1.jar
7fded25b2000-7fded25b3000 r--s 00002000 08:06 14951018                   /home/jimmy/.m2/repository/org/apache/maven/reporting/maven-reporting-api/3.0/maven-reporting-api-3.0.jar
7fded25b3000-7fded25b5000 r--s 00018000 08:06 22549821                   /home/jimmy/.m2/repository/net/alchim31/maven/scala-maven-plugin/3.1.5/scala-maven-plugin-3.1.5.jar
7fded25b5000-7fded25b7000 r--s 0000d000 08:06 42864477                   /home/jimmy/.m2/repository/org/codehaus/plexus/plexus-interpolation/1.13/plexus-interpolation-1.13.jar
7fded25b7000-7fded25b8000 r--s 00001000 08:06 44042795                   /home/jimmy/.m2/repository/org/sonatype/plexus/plexus-build-api/0.0.4/plexus-build-api-0.0.4.jar
7fded25b8000-7fded25ba000 r--s 00009000 08:06 43649541                   /home/jimmy/.m2/repository/org/apache/maven/shared/maven-filtering/1.0/maven-filtering-1.0.jar
7fded25ba000-7fded25be000 r--s 00033000 08:06 42864374                   /home/jimmy/.m2/repository/org/codehaus/plexus/plexus-utils/2.0.5/plexus-utils-2.0.5.jar
7fded25be000-7fded25c1000 r--s 0001b000 08:06 40108244                   /home/jimmy/.m2/repository/junit/junit/3.8.1/junit-3.8.1.jar
7fded25c1000-7fded25c3000 r--s 00002000 08:06 42864491                   /home/jimmy/.m2/repository/org/codehaus/plexus/plexus-interactivity-api/1.0-alpha-4/plexus-interactivity-api-1.0-alpha-4.jar
7fded25c3000-7fded25c5000 r--s 00006000 08:06 42864490                   /home/jimmy/.m2/repository/commons-cli/commons-cli/1.0/commons-cli-1.0.jar
7fded25c5000-7fded25c6000 r--s 00001000 08:06 42864489                   /home/jimmy/.m2/repository/org/apache/maven/doxia/doxia-sink-api/1.0-alpha-7/doxia-sink-api-1.0-alpha-7.jar
7fded25c6000-7fded25c7000 r--s 00002000 08:06 42864488                   /home/jimmy/.m2/repository/org/apache/maven/reporting/maven-reporting-api/2.0.6/maven-reporting-api-2.0.6.jar
7fded25c7000-7fded25c9000 r--s 00005000 08:06 41552779                   /home/jimmy/.m2/repository/org/apache/maven/plugins/maven-resources-plugin/2.5/maven-resources-plugin-2.5.jar
7fded25c9000-7fded27c9000 rw-p 00000000 00:00 0 
7fded27d2000-7fded27d7000 r--s 002f8000 08:03 3804621                    /usr/lib/jvm/java-8-oracle/jre/lib/charsets.jar
7fded27d7000-7fded27ea000 r--s 00344000 08:03 3804496                    /usr/lib/jvm/java-8-oracle/jre/lib/resources.jar
7fded27ea000-7fded27f8000 r--s 0008d000 08:06 28840943                   /home/jimmy/.m2/repository/org/hibernate/hibernate-validator/5.1.3.Final/hibernate-validator-5.1.3.Final.jar
7fded27f8000-7fded27fc000 r--s 00036000 08:06 28840951                   /home/jimmy/.m2/repository/org/apache/tomcat/embed/tomcat-embed-el/8.0.15/tomcat-embed-el-8.0.15.jar
7fded27fc000-7fded2801000 r--s 0003b000 08:06 28446621                   /home/jimmy/.m2/repository/org/springframework/spring-expression/4.1.4.RELEASE/spring-expression-4.1.4.RELEASE.jar
7fded2801000-7fded2802000 r--s 00007000 08:06 28710948                   /home/jimmy/.m2/repository/org/slf4j/slf4j-api/1.7.8/slf4j-api-1.7.8.jar
7fded2802000-7fded280c000 r--s 0005c000 08:06 28446613                   /home/jimmy/.m2/repository/org/springframework/boot/spring-boot/1.2.1.RELEASE/spring-boot-1.2.1.RELEASE.jar
7fded280c000-7fded281d000 r--s 000f6000 08:06 28840942                   /home/jimmy/.m2/repository/com/fasterxml/jackson/core/jackson-databind/2.4.4/jackson-databind-2.4.4.jar
7fded281d000-7fded282a000 r--s 000a0000 08:06 28446618                   /home/jimmy/.m2/repository/org/springframework/spring-beans/4.1.4.RELEASE/spring-beans-4.1.4.RELEASE.jar
7fded282a000-7fded282c000 r--s 0000c000 08:06 26610775                   /home/jimmy/.m2/repository/org/jboss/logging/jboss-logging/3.1.3.GA/jboss-logging-3.1.3.GA.jar
7fded282c000-7fded282e000 r--s 00008000 08:06 28314250                   /home/jimmy/.m2/repository/mesosphere/jackson-case-class-module_2.10/0.1.2/jackson-case-class-module_2.10-0.1.2.jar
7fded282e000-7fded2830000 r--s 00000000 08:06 28710949                   /home/jimmy/.m2/repository/org/slf4j/jul-to-slf4j/1.7.8/jul-to-slf4j-1.7.8.jar
7fded2830000-7fded2837000 r--s 0003f000 08:06 28840949                   /home/jimmy/.m2/repository/org/springframework/spring-messaging/4.1.4.RELEASE/spring-messaging-4.1.4.RELEASE.jar
7fded2837000-7fded2847000 r--s 0009f000 08:06 28840946                   /home/jimmy/.m2/repository/org/springframework/spring-web/4.1.4.RELEASE/spring-web-4.1.4.RELEASE.jar
7fded2847000-7fded286c000 r--s 0028d000 08:06 28840950                   /home/jimmy/.m2/repository/org/apache/tomcat/embed/tomcat-embed-core/8.0.15/tomcat-embed-core-8.0.15.jar
7fded286c000-7fded2874000 r--s 00057000 08:06 28840948                   /home/jimmy/.m2/repository/org/springframework/spring-websocket/4.1.4.RELEASE/spring-websocket-4.1.4.RELEASE.jar
7fded2874000-7fded28e6000 r--s 00659000 08:06 29363922                   /home/jimmy/.m2/repository/org/scala-lang/scala-library/2.10.2/scala-library-2.10.2.jar
7fded28e6000-7fded28ed000 r--s 0003d000 08:06 28710951                   /home/jimmy/.m2/repository/org/yaml/snakeyaml/1.14/snakeyaml-1.14.jar
7fded28ed000-7fded28ef000 r--s 00003000 08:06 28446616                   /home/jimmy/.m2/repository/org/slf4j/jcl-over-slf4j/1.7.8/jcl-over-slf4j-1.7.8.jar
7fded28ef000-7fded28f1000 r--s 00007000 08:06 29365040                   /home/jimmy/.m2/repository/com/thoughtworks/paranamer/paranamer/2.6/paranamer-2.6.jar
7fded28f1000-7fded28f4000 r--s 00007000 08:06 28840955                   /home/jimmy/.m2/repository/com/fasterxml/jackson/core/jackson-annotations/2.4.4/jackson-annotations-2.4.4.jar
7fded28f4000-7fded290c000 r--s 000e3000 08:06 28446619                   /home/jimmy/.m2/repository/org/springframework/spring-context/4.1.4.RELEASE/spring-context-4.1.4.RELEASE.jar
7fded290c000-7fded290e000 r--s 0000d000 08:06 28840945                   /home/jimmy/.m2/repository/com/fasterxml/classmate/1.0.0/classmate-1.0.0.jar
7fded290e000-7fded290f000 r--s 00000000 08:06 28446612                   /home/jimmy/.m2/repository/org/springframework/boot/spring-boot-starter/1.2.1.RELEASE/spring-boot-starter-1.2.1.RELEASE.jar
7fded290f000-7fded2911000 r--s 00006000 08:06 13241268                   /home/jimmy/.m2/repository/com/google/code/findbugs/jsr305/2.0.1/jsr305-2.0.1.jar
7fded2911000-7fded2914000 r--s 00006000 08:06 14815889                   /home/jimmy/.m2/repository/com/google/code/findbugs/jsr305/1.3.9/jsr305-1.3.9.jar
7fded2914000-7fded2935000 r--s 00172000 08:06 14950540                   /home/jimmy/.m2/repository/com/google/guava/guava/11.0.2/guava-11.0.2.jar
7fded2935000-7fded2936000 r--s 00008000 08:06 14950538                   /home/jimmy/.m2/repository/asm/asm-util/3.2/asm-util-3.2.jar
7fded2936000-7fded2937000 r--s 00004000 08:06 14950536                   /home/jimmy/.m2/repository/asm/asm-analysis/3.2/asm-analysis-3.2.jar
7fded2937000-7fded293a000 r--s 00013000 08:06 14950533                   /home/jimmy/.m2/repository/commons-io/commons-io/1.3.2/commons-io-1.3.2.jar
7fded293a000-7fded293b000 r--s 00002000 08:06 14950534                   /home/jimmy/.m2/repository/org/vafer/jdependency/0.7/jdependency-0.7.jar
7fded293b000-7fded293e000 r--s 0000c000 08:06 14950530                   /home/jimmy/.m2/repository/org/apache/maven/shared/maven-dependency-tree/2.1/maven-dependency-tree-2.1.jar
7fded293e000-7fded2941000 r--s 00023000 08:06 14950529                   /home/jimmy/.m2/repository/org/jdom/jdom/1.1/jdom-1.1.jar
7fded2941000-7fded2943000 r--s 00004000 08:06 14950526                   /home/jimmy/.m2/repository/asm/asm-tree/3.3.1/asm-tree-3.3.1.jar
7fded2943000-7fded2945000 r--s 00008000 08:06 14950524                   /home/jimmy/.m2/repository/asm/asm-commons/3.3.1/asm-commons-3.3.1.jar
7fded2945000-7fded2946000 r--s 0000a000 08:06 46007466                   /home/jimmy/.m2/repository/asm/asm/3.3.1/asm-3.3.1.jar
7fded2946000-7fded2951000 r--s 00069000 08:06 14950522                   /home/jimmy/.m2/repository/org/sonatype/sisu/sisu-guice/2.1.7/sisu-guice-2.1.7-noaop.jar
7fded2951000-7fded2956000 r--s 00021000 08:06 14950520                   /home/jimmy/.m2/repository/org/sonatype/sisu/sisu-inject-bean/1.4.2/sisu-inject-bean-1.4.2.jar
7fded2956000-7fded2958000 r--s 00017000 08:06 14950519                   /home/jimmy/.m2/repository/org/apache/maven/plugins/maven-shade-plugin/2.2/maven-shade-plugin-2.2.jar
7fded2958000-7fded295c000 r--s 0003a000 08:06 13640094                   /home/jimmy/.m2/repository/org/codehaus/plexus/plexus-utils/3.0.17/plexus-utils-3.0.17.jar
7fded295c000-7fded2960000 r--s 00014000 08:06 14950517                   /home/jimmy/.m2/repository/org/tukaani/xz/1.2/xz-1.2.jar
7fded2960000-7fded2965000 r--s 0003a000 08:06 14950516                   /home/jimmy/.m2/repository/org/apache/commons/commons-compress/1.5/commons-compress-1.5.jar
7fded2965000-7fded2968000 r--s 0000c000 08:06 14950514                   /home/jimmy/.m2/repository/org/codehaus/plexus/plexus-io/2.0.10/plexus-io-2.0.10.jar
7fded2968000-7fded296d000 r--s 00024000 08:06 14950512                   /home/jimmy/.m2/repository/org/codehaus/plexus/plexus-archiver/2.4.4/plexus-archiver-2.4.4.jar
7fded296d000-7fded296f000 r--s 00009000 08:06 17434205                   /home/jimmy/.m2/repository/org/hamcrest/hamcrest-core/1.3/hamcrest-core-1.3.jar
7fded296f000-7fded2977000 r--s 00045000 08:06 19800689                   /home/jimmy/.m2/repository/junit/junit/4.12/junit-4.12.jar
7fded2977000-7fded2985000 r--s 0008f000 08:06 16782271                   /home/jimmy/.m2/repository/com/google/collections/google-collections/1.0/google-collections-1.0.jar
7fded2985000-7fded2986000 r--s 0000a000 08:06 16652078                   /home/jimmy/.m2/repository/commons-logging/commons-logging-api/1.1/commons-logging-api-1.1.jar
7fded2986000-7fded298f000 r--s 0006f000 08:06 17565422                   /home/jimmy/.m2/repository/log4j/log4j/1.2.17/log4j-1.2.17.jar
7fded298f000-7fded2993000 r--s 0001d000 08:06 16126436                   /home/jimmy/.m2/repository/org/apache/xbean/xbean-reflect/3.4/xbean-reflect-3.4.jar
7fded2993000-7fded2995000 r--s 00006000 08:06 14951049                   /home/jimmy/.m2/repository/org/apache/maven/shared/maven-common-artifact-filters/1.4/maven-common-artifact-filters-1.4.jar
7fded2995000-7fded299b000 r--s 00042000 08:06 14815886                   /home/jimmy/.m2/repository/org/eclipse/sisu/org.eclipse.sisu.inject/0.0.0.M5/org.eclipse.sisu.inject-0.0.0.M5.jar
7fded299b000-7fded299d000 r--s 00000000 08:06 45483134                   /home/jimmy/.m2/repository/aopalliance/aopalliance/1.0/aopalliance-1.0.jar
7fded299d000-7fded299e000 r--s 00000000 08:06 14815882                   /home/jimmy/.m2/repository/javax/inject/javax.inject/1/javax.inject-1.jar
7fded299e000-7fded299f000 r--s 00001000 08:06 45484265                   /home/jimmy/.m2/repository/javax/annotation/jsr250-api/1.0/jsr250-api-1.0.jar
7fded299f000-7fded29a2000 r--s 00008000 08:06 14815881                   /home/jimmy/.m2/repository/javax/enterprise/cdi-api/1.0/cdi-api-1.0.jar
7fded29a2000-7fded29a6000 r--s 00020000 08:06 18355027                   /home/jimmy/.m2/repository/org/eclipse/aether/aether-util/0.9.1.v20140329/aether-util-0.9.1.v20140329.jar
7fded29a6000-7fded29a8000 r--s 0000d000 08:06 13768824                   /home/jimmy/.m2/repository/org/codehaus/plexus/plexus-interpolation/1.15/plexus-interpolation-1.15.jar
7fded29a8000-7fded29aa000 r--s 0000e000 08:06 17046921                   /home/jimmy/.m2/repository/commons-logging/commons-logging/1.2/commons-logging-1.2.jar
7fded29aa000-7fded29be000 r--s 000e2000 08:06 28446617                   /home/jimmy/.m2/repository/org/springframework/spring-core/4.1.4.RELEASE/spring-core-4.1.4.RELEASE.jar
7fded29be000-7fded29c1000 r--s 0001d000 08:06 27133755                   /home/jimmy/.m2/repository/org/springframework/boot/spring-boot-loader-tools/1.2.1.RELEASE/spring-boot-loader-tools-1.2.1.RELEASE.jar
7fded29c1000-7fded29c3000 r--s 00009000 08:06 28841015                   /home/jimmy/.m2/repository/org/springframework/boot/spring-boot-maven-plugin/1.2.1.RELEASE/spring-boot-maven-plugin-1.2.1.RELEASE.jar
7fded29c3000-7fded29c4000 r--s 00003000 08:06 45613829                   /home/jimmy/.m2/repository/org/codehaus/plexus/plexus-compiler-javac/1.5.3/plexus-compiler-javac-1.5.3.jar
7fded29c4000-7fded29c6000 r--s 00000000 08:06 45613826                   /home/jimmy/.m2/repository/org/codehaus/plexus/plexus-compiler-manager/1.5.3/plexus-compiler-manager-1.5.3.jar
7fded29c6000-7fded29c7000 r--s 00004000 08:06 45613823                   /home/jimmy/.m2/repository/org/codehaus/plexus/plexus-compiler-api/1.5.3/plexus-compiler-api-1.5.3.jar
7fded29c7000-7fded29c9000 r--s 00026000 08:06 42864516                   /home/jimmy/.m2/repository/org/codehaus/plexus/plexus-utils/1.0.4/plexus-utils-1.0.4.jar
7fded29c9000-7fded29ca000 r--s 00004000 08:06 45613669                   /home/jimmy/.m2/repository/org/apache/maven/plugins/maven-compiler-plugin/2.0.2/maven-compiler-plugin-2.0.2.jar
7fded29ca000-7fded29db000 r-xp 00000000 08:03 4067408                    /usr/lib/jvm/java-8-oracle/jre/lib/amd64/libnio.so
7fded29db000-7fded2bda000 ---p 00011000 08:03 4067408                    /usr/lib/jvm/java-8-oracle/jre/lib/amd64/libnio.so
7fded2bda000-7fded2bdb000 rw-p 00010000 08:03 4067408                    /usr/lib/jvm/java-8-oracle/jre/lib/amd64/libnio.so
7fded2bdb000-7fded2bf1000 r-xp 00000000 08:03 4067377                    /usr/lib/jvm/java-8-oracle/jre/lib/amd64/libnet.so
7fded2bf1000-7fded2df1000 ---p 00016000 08:03 4067377                    /usr/lib/jvm/java-8-oracle/jre/lib/amd64/libnet.so
7fded2df1000-7fded2df2000 rw-p 00016000 08:03 4067377                    /usr/lib/jvm/java-8-oracle/jre/lib/amd64/libnet.so
7fded2df2000-7fded2df6000 r--s 00094000 08:03 3804638                    /usr/lib/jvm/java-8-oracle/jre/lib/jsse.jar
7fded2df6000-7fded2ff6000 rw-p 00000000 00:00 0 
7fded2ff6000-7fded31f6000 rw-p 00000000 00:00 0 
7fded31f6000-7fded3212000 r--s 00393000 08:03 3804526                    /usr/lib/jvm/java-8-oracle/jre/lib/ext/cldrdata.jar
7fded3212000-7fded321d000 r--s 00116000 08:03 3804523                    /usr/lib/jvm/java-8-oracle/jre/lib/ext/localedata.jar
7fded321d000-7fded321f000 r--s 00005000 08:03 2503983                    /usr/share/maven3/lib/maven-repository-metadata-3.2.1.jar
7fded321f000-7fded3220000 r--s 00006000 08:03 2503948                    /usr/share/maven3/lib/plexus-sec-dispatcher-1.3.jar
7fded3220000-7fded3222000 r--s 0000a000 08:03 2503952                    /usr/share/maven3/lib/maven-plugin-api-3.2.1.jar
7fded3222000-7fded3224000 r--s 00009000 08:03 2503980                    /usr/share/maven3/lib/commons-cli-1.2.jar
7fded3224000-7fded322a000 r--s 00042000 08:03 2503985                    /usr/share/maven3/lib/org.eclipse.sisu.inject-0.0.0.M5.jar
7fded322a000-7fded3232000 r--s 00050000 08:03 2503963                    /usr/share/maven3/lib/sisu-guice-3.1.3-no_aop.jar
7fded3232000-7fded3236000 r--s 00020000 08:03 2503961                    /usr/share/maven3/lib/aether-impl-0.9.0.M2.jar
7fded3236000-7fded3238000 r--s 00002000 08:03 2503972                    /usr/share/maven3/lib/plexus-cipher-1.7.jar
7fded3238000-7fded323b000 r--s 00025000 08:03 2503960                    /usr/share/maven3/lib/maven-model-3.2.1.jar
7fded323b000-7fded325a000 r--s 00134000 08:03 2503956                    /usr/share/maven3/lib/wagon-http-2.6-shaded.jar
7fded325a000-7fded325c000 r--s 0000b000 08:03 2503995                    /usr/share/maven3/lib/wagon-provider-api-2.6.jar
7fded325c000-7fded325e000 r--s 00000000 08:03 2503957                    /usr/share/maven3/lib/plexus-component-annotations-1.5.5.jar
7fded325e000-7fded3263000 r--s 00024000 08:03 2503994                    /usr/share/maven3/lib/maven-model-builder-3.2.1.jar
7fded3263000-7fded3264000 r--s 00001000 08:03 2503965                    /usr/share/maven3/lib/jsr250-api-1.0.jar
7fded3264000-7fded3268000 r--s 00027000 08:03 2503947                    /usr/share/maven3/lib/commons-io-2.2.jar
7fded3268000-7fded3269000 r--s 00002000 08:03 2503949                    /usr/share/maven3/lib/wagon-file-2.6.jar
7fded3269000-7fded326a000 r--s 00002000 08:03 2503984                    /usr/share/maven3/lib/slf4j-simple-1.7.5.jar
7fded326a000-7fded326d000 r--s 00008000 08:03 2503958                    /usr/share/maven3/lib/cdi-api-1.0.jar
7fded326d000-7fded326e000 r--s 00002000 08:03 2503998                    /usr/share/maven3/lib/wagon-http-shared-2.6.jar
7fded326e000-7fded3272000 r--s 0003a000 08:03 2503993                    /usr/share/maven3/lib/plexus-utils-3.0.17.jar
7fded3272000-7fded3278000 r--s 0002a000 08:03 2503945                    /usr/share/maven3/lib/org.eclipse.sisu.plexus-0.0.0.M5.jar
7fded3278000-7fded327b000 r--s 0000d000 08:03 2503966                    /usr/share/maven3/lib/plexus-interpolation-1.19.jar
7fded327b000-7fded327f000 r--s 0001d000 08:03 2503978                    /usr/share/maven3/lib/aether-util-0.9.0.M2.jar
7fded327f000-7fded3281000 r--s 00000000 08:03 2503969                    /usr/share/maven3/lib/aopalliance-1.0.jar
7fded3281000-7fded3286000 r--s 00041000 08:03 2503989                    /usr/share/maven3/lib/commons-lang-2.6.jar
7fded3286000-7fded3289000 r--s 0000a000 08:03 2504001                    /usr/share/maven3/boot/plexus-classworlds-2.5.1.jar
7fded3289000-7fded328a000 ---p 00000000 00:00 0 
7fded328a000-7fded338a000 rw-p 00000000 00:00 0 
7fded338a000-7fded338d000 ---p 00000000 00:00 0 
7fded338d000-7fded348b000 rw-p 00000000 00:00 0 
7fded348b000-7fded348e000 ---p 00000000 00:00 0 
7fded348e000-7fded358c000 rw-p 00000000 00:00 0 
7fded358c000-7fded358f000 ---p 00000000 00:00 0 
7fded358f000-7fded368d000 rw-p 00000000 00:00 0 
7fded368d000-7fded3690000 ---p 00000000 00:00 0 
7fded3690000-7fded378e000 rw-p 00000000 00:00 0 
7fded378e000-7fded3791000 ---p 00000000 00:00 0 
7fded3791000-7fded388f000 rw-p 00000000 00:00 0 
7fded388f000-7fded3892000 ---p 00000000 00:00 0 
7fded3892000-7fded3990000 rw-p 00000000 00:00 0 
7fded3990000-7fded3b07000 r--p 00000000 08:03 1722918                    /usr/lib/locale/locale-archive
7fded3b07000-7fded3b0a000 ---p 00000000 00:00 0 
7fded3b0a000-7fded3c08000 rw-p 00000000 00:00 0 
7fded3c08000-7fded3c0b000 ---p 00000000 00:00 0 
7fded3c0b000-7fded3d09000 rw-p 00000000 00:00 0 
7fded3d09000-7fded3d0a000 ---p 00000000 00:00 0 
7fded3d0a000-7fded5a2d000 rw-p 00000000 00:00 0 
7fded5a2d000-7fded5c03000 r--s 03cae000 08:03 3804497                    /usr/lib/jvm/java-8-oracle/jre/lib/rt.jar
7fded5c03000-7fdeda731000 rw-p 00000000 00:00 0 
7fdeda731000-7fdeda732000 ---p 00000000 00:00 0 
7fdeda732000-7fdeda832000 rw-p 00000000 00:00 0 
7fdeda832000-7fdeda833000 ---p 00000000 00:00 0 
7fdeda833000-7fdeda933000 rw-p 00000000 00:00 0 
7fdeda933000-7fdeda934000 ---p 00000000 00:00 0 
7fdeda934000-7fdedaa34000 rw-p 00000000 00:00 0 
7fdedaa34000-7fdedaa35000 ---p 00000000 00:00 0 
7fdedaa35000-7fdedab35000 rw-p 00000000 00:00 0 
7fdedab35000-7fdedab36000 ---p 00000000 00:00 0 
7fdedab36000-7fdedac36000 rw-p 00000000 00:00 0 
7fdedac36000-7fdedac37000 ---p 00000000 00:00 0 
7fdedac37000-7fdedad37000 rw-p 00000000 00:00 0 
7fdedad37000-7fdedad38000 ---p 00000000 00:00 0 
7fdedad38000-7fdedae38000 rw-p 00000000 00:00 0 
7fdedae38000-7fdedae39000 ---p 00000000 00:00 0 
7fdedae39000-7fdedaf6b000 rw-p 00000000 00:00 0 
7fdedaf6b000-7fdedb1d2000 ---p 00000000 00:00 0 
7fdedb1d2000-7fdedb204000 rw-p 00000000 00:00 0 
7fdedb204000-7fdedb46a000 ---p 00000000 00:00 0 
7fdedb46a000-7fdedb4f8000 rw-p 00000000 00:00 0 
7fdedb4f8000-7fdedb5b7000 ---p 00000000 00:00 0 
7fdedb5b7000-7fdedb5f9000 rw-p 00000000 00:00 0 
7fdedb5f9000-7fdedb978000 ---p 00000000 00:00 0 
7fdedb978000-7fdedc988000 rwxp 00000000 00:00 0 
7fdedc988000-7fdeea978000 ---p 00000000 00:00 0 
7fdeea978000-7fdeea992000 r-xp 00000000 08:03 4067380                    /usr/lib/jvm/java-8-oracle/jre/lib/amd64/libzip.so
7fdeea992000-7fdeeab92000 ---p 0001a000 08:03 4067380                    /usr/lib/jvm/java-8-oracle/jre/lib/amd64/libzip.so
7fdeeab92000-7fdeeab93000 rw-p 0001a000 08:03 4067380                    /usr/lib/jvm/java-8-oracle/jre/lib/amd64/libzip.so
7fdeeab93000-7fdeeab9e000 r-xp 00000000 08:03 5767406                    /lib/x86_64-linux-gnu/libnss_files-2.13.so
7fdeeab9e000-7fdeead9d000 ---p 0000b000 08:03 5767406                    /lib/x86_64-linux-gnu/libnss_files-2.13.so
7fdeead9d000-7fdeead9e000 r--p 0000a000 08:03 5767406                    /lib/x86_64-linux-gnu/libnss_files-2.13.so
7fdeead9e000-7fdeead9f000 rw-p 0000b000 08:03 5767406                    /lib/x86_64-linux-gnu/libnss_files-2.13.so
7fdeead9f000-7fdeeada9000 r-xp 00000000 08:03 5767666                    /lib/x86_64-linux-gnu/libnss_nis-2.13.so
7fdeeada9000-7fdeeafa8000 ---p 0000a000 08:03 5767666                    /lib/x86_64-linux-gnu/libnss_nis-2.13.so
7fdeeafa8000-7fdeeafa9000 r--p 00009000 08:03 5767666                    /lib/x86_64-linux-gnu/libnss_nis-2.13.so
7fdeeafa9000-7fdeeafaa000 rw-p 0000a000 08:03 5767666                    /lib/x86_64-linux-gnu/libnss_nis-2.13.so
7fdeeafaa000-7fdeeafbf000 r-xp 00000000 08:03 5767426                    /lib/x86_64-linux-gnu/libnsl-2.13.so
7fdeeafbf000-7fdeeb1be000 ---p 00015000 08:03 5767426                    /lib/x86_64-linux-gnu/libnsl-2.13.so
7fdeeb1be000-7fdeeb1bf000 r--p 00014000 08:03 5767426                    /lib/x86_64-linux-gnu/libnsl-2.13.so
7fdeeb1bf000-7fdeeb1c0000 rw-p 00015000 08:03 5767426                    /lib/x86_64-linux-gnu/libnsl-2.13.so
7fdeeb1c0000-7fdeeb1c2000 rw-p 00000000 00:00 0 
7fdeeb1c2000-7fdeeb1c9000 r-xp 00000000 08:03 5767677                    /lib/x86_64-linux-gnu/libnss_compat-2.13.so
7fdeeb1c9000-7fdeeb3c8000 ---p 00007000 08:03 5767677                    /lib/x86_64-linux-gnu/libnss_compat-2.13.so
7fdeeb3c8000-7fdeeb3c9000 r--p 00006000 08:03 5767677                    /lib/x86_64-linux-gnu/libnss_compat-2.13.so
7fdeeb3c9000-7fdeeb3ca000 rw-p 00007000 08:03 5767677                    /lib/x86_64-linux-gnu/libnss_compat-2.13.so
7fdeeb3ca000-7fdeeb3f4000 r-xp 00000000 08:03 4067392                    /usr/lib/jvm/java-8-oracle/jre/lib/amd64/libjava.so
7fdeeb3f4000-7fdeeb5f4000 ---p 0002a000 08:03 4067392                    /usr/lib/jvm/java-8-oracle/jre/lib/amd64/libjava.so
7fdeeb5f4000-7fdeeb5f6000 rw-p 0002a000 08:03 4067392                    /usr/lib/jvm/java-8-oracle/jre/lib/amd64/libjava.so
7fdeeb5f6000-7fdeeb603000 r-xp 00000000 08:03 4067365                    /usr/lib/jvm/java-8-oracle/jre/lib/amd64/libverify.so
7fdeeb603000-7fdeeb803000 ---p 0000d000 08:03 4067365                    /usr/lib/jvm/java-8-oracle/jre/lib/amd64/libverify.so
7fdeeb803000-7fdeeb805000 rw-p 0000d000 08:03 4067365                    /usr/lib/jvm/java-8-oracle/jre/lib/amd64/libverify.so
7fdeeb805000-7fdeeb80c000 r-xp 00000000 08:03 5767631                    /lib/x86_64-linux-gnu/librt-2.13.so
7fdeeb80c000-7fdeeba0b000 ---p 00007000 08:03 5767631                    /lib/x86_64-linux-gnu/librt-2.13.so
7fdeeba0b000-7fdeeba0c000 r--p 00006000 08:03 5767631                    /lib/x86_64-linux-gnu/librt-2.13.so
7fdeeba0c000-7fdeeba0d000 rw-p 00007000 08:03 5767631                    /lib/x86_64-linux-gnu/librt-2.13.so
7fdeeba0d000-7fdeeba8e000 r-xp 00000000 08:03 5767422                    /lib/x86_64-linux-gnu/libm-2.13.so
7fdeeba8e000-7fdeebc8d000 ---p 00081000 08:03 5767422                    /lib/x86_64-linux-gnu/libm-2.13.so
7fdeebc8d000-7fdeebc8e000 r--p 00080000 08:03 5767422                    /lib/x86_64-linux-gnu/libm-2.13.so
7fdeebc8e000-7fdeebc8f000 rw-p 00081000 08:03 5767422                    /lib/x86_64-linux-gnu/libm-2.13.so
7fdeebc8f000-7fdeec8fd000 r-xp 00000000 08:03 4067394                    /usr/lib/jvm/java-8-oracle/jre/lib/amd64/server/libjvm.so
7fdeec8fd000-7fdeecafc000 ---p 00c6e000 08:03 4067394                    /usr/lib/jvm/java-8-oracle/jre/lib/amd64/server/libjvm.so
7fdeecafc000-7fdeecbd2000 rw-p 00c6d000 08:03 4067394                    /usr/lib/jvm/java-8-oracle/jre/lib/amd64/server/libjvm.so
7fdeecbd2000-7fdeecc15000 rw-p 00000000 00:00 0 
7fdeecc15000-7fdeecd97000 r-xp 00000000 08:03 5767628                    /lib/x86_64-linux-gnu/libc-2.13.so
7fdeecd97000-7fdeecf97000 ---p 00182000 08:03 5767628                    /lib/x86_64-linux-gnu/libc-2.13.so
7fdeecf97000-7fdeecf9b000 r--p 00182000 08:03 5767628                    /lib/x86_64-linux-gnu/libc-2.13.so
7fdeecf9b000-7fdeecf9c000 rw-p 00186000 08:03 5767628                    /lib/x86_64-linux-gnu/libc-2.13.so
7fdeecf9c000-7fdeecfa1000 rw-p 00000000 00:00 0 
7fdeecfa1000-7fdeecfa3000 r-xp 00000000 08:03 5767634                    /lib/x86_64-linux-gnu/libdl-2.13.so
7fdeecfa3000-7fdeed1a3000 ---p 00002000 08:03 5767634                    /lib/x86_64-linux-gnu/libdl-2.13.so
7fdeed1a3000-7fdeed1a4000 r--p 00002000 08:03 5767634                    /lib/x86_64-linux-gnu/libdl-2.13.so
7fdeed1a4000-7fdeed1a5000 rw-p 00003000 08:03 5767634                    /lib/x86_64-linux-gnu/libdl-2.13.so
7fdeed1a5000-7fdeed1ba000 r-xp 00000000 08:03 3541631                    /usr/lib/jvm/java-8-oracle/lib/amd64/jli/libjli.so
7fdeed1ba000-7fdeed3b9000 ---p 00015000 08:03 3541631                    /usr/lib/jvm/java-8-oracle/lib/amd64/jli/libjli.so
7fdeed3b9000-7fdeed3ba000 rw-p 00014000 08:03 3541631                    /usr/lib/jvm/java-8-oracle/lib/amd64/jli/libjli.so
7fdeed3ba000-7fdeed3d1000 r-xp 00000000 08:03 5767685                    /lib/x86_64-linux-gnu/libpthread-2.13.so
7fdeed3d1000-7fdeed5d0000 ---p 00017000 08:03 5767685                    /lib/x86_64-linux-gnu/libpthread-2.13.so
7fdeed5d0000-7fdeed5d1000 r--p 00016000 08:03 5767685                    /lib/x86_64-linux-gnu/libpthread-2.13.so
7fdeed5d1000-7fdeed5d2000 rw-p 00017000 08:03 5767685                    /lib/x86_64-linux-gnu/libpthread-2.13.so
7fdeed5d2000-7fdeed5d6000 rw-p 00000000 00:00 0 
7fdeed5d6000-7fdeed5f6000 r-xp 00000000 08:03 5767641                    /lib/x86_64-linux-gnu/ld-2.13.so
7fdeed5f6000-7fdeed5f8000 r--s 00009000 08:03 2503964                    /usr/share/maven3/lib/maven-settings-builder-3.2.1.jar
7fdeed5f8000-7fdeed5f9000 r--s 00000000 08:03 2503997                    /usr/share/maven3/lib/javax.inject-1.jar
7fdeed5f9000-7fdeed5fb000 r--s 00007000 08:03 2503962                    /usr/share/maven3/lib/aether-connector-wagon-0.9.0.M2.jar
7fdeed5fb000-7fdeed5fd000 r--s 0000d000 08:03 2503967                    /usr/share/maven3/lib/maven-embedder-3.2.1.jar
7fdeed5fd000-7fdeed5ff000 r--s 00003000 08:03 2503955                    /usr/share/maven3/lib/aether-spi-0.9.0.M2.jar
7fdeed5ff000-7fdeed603000 r--s 0001d000 08:03 2503946                    /usr/share/maven3/lib/aether-api-0.9.0.M2.jar
7fdeed603000-7fdeed60a000 r--s 0003f000 08:03 2503973                    /usr/share/maven3/lib/maven-compat-3.2.1.jar
7fdeed60a000-7fdeed633000 r--s 001ee000 08:03 2503975                    /usr/share/maven3/lib/guava-14.0.1.jar
7fdeed633000-7fdeed639000 r--s 00042000 08:03 2503950                    /usr/share/maven3/lib/jsoup-1.7.2.jar
7fdeed639000-7fdeed6d0000 rw-p 00000000 00:00 0 
7fdeed6d0000-7fdeed6d3000 ---p 00000000 00:00 0 
7fdeed6d3000-7fdeed7d5000 rw-p 00000000 00:00 0 
7fdeed7d5000-7fdeed7d7000 r--s 00005000 08:03 2503986                    /usr/share/maven3/lib/slf4j-api-1.7.5.jar
7fdeed7d7000-7fdeed7d8000 r--s 0000e000 08:03 2503954                    /usr/share/maven3/lib/maven-aether-provider-3.2.1.jar
7fdeed7d8000-7fdeed7db000 r--s 0000b000 08:03 2503992                    /usr/share/maven3/lib/maven-artifact-3.2.1.jar
7fdeed7db000-7fdeed7e7000 r--s 00081000 08:03 2503987                    /usr/share/maven3/lib/maven-core-3.2.1.jar
7fdeed7e7000-7fdeed7e9000 r--s 00009000 08:03 2503970                    /usr/share/maven3/lib/maven-settings-3.2.1.jar
7fdeed7e9000-7fdeed7f1000 rw-s 00000000 08:03 4850083                    /tmp/hsperfdata_jimmy/26402
7fdeed7f1000-7fdeed7f2000 rw-p 00000000 00:00 0 
7fdeed7f2000-7fdeed7f3000 r--p 00000000 00:00 0 
7fdeed7f3000-7fdeed7f5000 rw-p 00000000 00:00 0 
7fdeed7f5000-7fdeed7f6000 r--p 0001f000 08:03 5767641                    /lib/x86_64-linux-gnu/ld-2.13.so
7fdeed7f6000-7fdeed7f7000 rw-p 00020000 08:03 5767641                    /lib/x86_64-linux-gnu/ld-2.13.so
7fdeed7f7000-7fdeed7f8000 rw-p 00000000 00:00 0 
7fffa78cc000-7fffa78ed000 rw-p 00000000 00:00 0                          [stack]
7fffa7946000-7fffa7947000 r-xp 00000000 00:00 0                          [vdso]
ffffffffff600000-ffffffffff601000 r-xp 00000000 00:00 0                  [vsyscall]

VM Arguments:
jvm_args: -Dclassworlds.conf=/usr/share/maven3/bin/m2.conf -Dmaven.home=/usr/share/maven3 
java_command: org.codehaus.plexus.classworlds.launcher.Launcher spring-boot:run
java_class_path (initial): /usr/share/maven3/boot/plexus-classworlds-2.5.1.jar
Launcher Type: SUN_STANDARD

Environment Variables:
JAVA_HOME=/usr/lib/jvm/java-8-oracle/bin/java
PATH=/usr/local/bin:/usr/bin:/bin:/usr/local/games:/usr/games:/usr/lib/jvm/java-8-oracle/bin:/usr/lib/jvm/java-8-oracle/db/bin:/usr/lib/jvm/java-8-oracle/jre/bin
SHELL=/bin/bash
DISPLAY=:0

Signal Handlers:
SIGSEGV: [libjvm.so+0xa7a650], sa_mask[0]=11111111011111111101111111111110, sa_flags=SA_RESTART|SA_SIGINFO
SIGBUS: [libjvm.so+0xa7a650], sa_mask[0]=11111111011111111101111111111110, sa_flags=SA_RESTART|SA_SIGINFO
SIGFPE: [libjvm.so+0x8e28f0], sa_mask[0]=11111111011111111101111111111110, sa_flags=SA_RESTART|SA_SIGINFO
SIGPIPE: [libjvm.so+0x8e28f0], sa_mask[0]=11111111011111111101111111111110, sa_flags=SA_RESTART|SA_SIGINFO
SIGXFSZ: [libjvm.so+0x8e28f0], sa_mask[0]=11111111011111111101111111111110, sa_flags=SA_RESTART|SA_SIGINFO
SIGILL: [libjvm.so+0x8e28f0], sa_mask[0]=11111111011111111101111111111110, sa_flags=SA_RESTART|SA_SIGINFO
SIGUSR1: SIG_DFL, sa_mask[0]=00000000000000000000000000000000, sa_flags=none
SIGUSR2: [libjvm.so+0x8e4120], sa_mask[0]=00000000000000000000000000000000, sa_flags=SA_RESTART|SA_SIGINFO
SIGHUP: [libjvm.so+0x8e54e0], sa_mask[0]=11111111011111111101111111111110, sa_flags=SA_RESTART|SA_SIGINFO
SIGINT: [libjvm.so+0x8e54e0], sa_mask[0]=11111111011111111101111111111110, sa_flags=SA_RESTART|SA_SIGINFO
SIGTERM: [libjvm.so+0x8e54e0], sa_mask[0]=11111111011111111101111111111110, sa_flags=SA_RESTART|SA_SIGINFO
SIGQUIT: [libjvm.so+0x8e54e0], sa_mask[0]=11111111011111111101111111111110, sa_flags=SA_RESTART|SA_SIGINFO


---------------  S Y S T E M  ---------------

OS:PRETTY_NAME="Debian GNU/Linux 7 (wheezy)"
NAME="Debian GNU/Linux"
VERSION_ID="7"
VERSION="7 (wheezy)"
ID=debian
ANSI_COLOR="1;31"
HOME_URL="http://www.debian.org/"
SUPPORT_URL="http://www.debian.org/support/"
BUG_REPORT_URL="http://bugs.debian.org/"

uname:Linux 3.2.0-4-amd64 #1 SMP Debian 3.2.65-1+deb7u1 x86_64
libc:glibc 2.13 NPTL 2.13 
rlimit: STACK 8192k, CORE 0k, NPROC 63691, NOFILE 4096, AS infinity
load average:1.26 1.09 0.82

/proc/meminfo:
MemTotal:        8164604 kB
MemFree:          149256 kB
Buffers:          170216 kB
Cached:          1944348 kB
SwapCached:         4276 kB
Active:          5343012 kB
Inactive:        1820992 kB
Active(anon):    4331528 kB
Inactive(anon):   795252 kB
Active(file):    1011484 kB
Inactive(file):  1025740 kB
Unevictable:           0 kB
Mlocked:               0 kB
SwapTotal:      15623176 kB
SwapFree:       15598880 kB
Dirty:               480 kB
Writeback:             0 kB
AnonPages:       5045832 kB
Mapped:           283828 kB
Shmem:             77240 kB
Slab:             662276 kB
SReclaimable:     605752 kB
SUnreclaim:        56524 kB
KernelStack:        8616 kB
PageTables:        86440 kB
NFS_Unstable:          0 kB
Bounce:                0 kB
WritebackTmp:          0 kB
CommitLimit:    19705476 kB
Committed_AS:   13164756 kB
VmallocTotal:   34359738367 kB
VmallocUsed:      131032 kB
VmallocChunk:   34359604220 kB
HardwareCorrupted:     0 kB
AnonHugePages:         0 kB
HugePages_Total:       0
HugePages_Free:        0
HugePages_Rsvd:        0
HugePages_Surp:        0
Hugepagesize:       2048 kB
DirectMap4k:      182272 kB
DirectMap2M:     8181760 kB


CPU:total 8 (4 cores per cpu, 2 threads per core) family 6 model 42 stepping 7, cmov, cx8, fxsr, mmx, sse, sse2, sse3, ssse3, sse4.1, sse4.2, popcnt, avx, aes, clmul, ht, tsc, tscinvbit

/proc/cpuinfo:
processor	: 0
vendor_id	: GenuineIntel
cpu family	: 6
model		: 42
model name	: Intel(R) Core(TM) i7-2600 CPU @ 3.40GHz
stepping	: 7
microcode	: 0x25
cpu MHz		: 1600.000
cache size	: 8192 KB
physical id	: 0
siblings	: 8
core id		: 0
cpu cores	: 4
apicid		: 0
initial apicid	: 0
fpu		: yes
fpu_exception	: yes
cpuid level	: 13
wp		: yes
flags		: fpu vme de pse tsc msr pae mce cx8 apic sep mtrr pge mca cmov pat pse36 clflush dts acpi mmx fxsr sse sse2 ss ht tm pbe syscall nx rdtscp lm constant_tsc arch_perfmon pebs bts rep_good nopl xtopology nonstop_tsc aperfmperf pni pclmulqdq dtes64 monitor ds_cpl vmx smx est tm2 ssse3 cx16 xtpr pdcm pcid sse4_1 sse4_2 x2apic popcnt tsc_deadline_timer aes xsave avx lahf_lm ida arat epb xsaveopt pln pts dtherm tpr_shadow vnmi flexpriority ept vpid
bogomips	: 6822.55
clflush size	: 64
cache_alignment	: 64
address sizes	: 36 bits physical, 48 bits virtual
power management:

processor	: 1
vendor_id	: GenuineIntel
cpu family	: 6
model		: 42
model name	: Intel(R) Core(TM) i7-2600 CPU @ 3.40GHz
stepping	: 7
microcode	: 0x25
cpu MHz		: 3401.000
cache size	: 8192 KB
physical id	: 0
siblings	: 8
core id		: 1
cpu cores	: 4
apicid		: 2
initial apicid	: 2
fpu		: yes
fpu_exception	: yes
cpuid level	: 13
wp		: yes
flags		: fpu vme de pse tsc msr pae mce cx8 apic sep mtrr pge mca cmov pat pse36 clflush dts acpi mmx fxsr sse sse2 ss ht tm pbe syscall nx rdtscp lm constant_tsc arch_perfmon pebs bts rep_good nopl xtopology nonstop_tsc aperfmperf pni pclmulqdq dtes64 monitor ds_cpl vmx smx est tm2 ssse3 cx16 xtpr pdcm pcid sse4_1 sse4_2 x2apic popcnt tsc_deadline_timer aes xsave avx lahf_lm ida arat epb xsaveopt pln pts dtherm tpr_shadow vnmi flexpriority ept vpid
bogomips	: 6822.07
clflush size	: 64
cache_alignment	: 64
address sizes	: 36 bits physical, 48 bits virtual
power management:

processor	: 2
vendor_id	: GenuineIntel
cpu family	: 6
model		: 42
model name	: Intel(R) Core(TM) i7-2600 CPU @ 3.40GHz
stepping	: 7
microcode	: 0x25
cpu MHz		: 1600.000
cache size	: 8192 KB
physical id	: 0
siblings	: 8
core id		: 2
cpu cores	: 4
apicid		: 4
initial apicid	: 4
fpu		: yes
fpu_exception	: yes
cpuid level	: 13
wp		: yes
flags		: fpu vme de pse tsc msr pae mce cx8 apic sep mtrr pge mca cmov pat pse36 clflush dts acpi mmx fxsr sse sse2 ss ht tm pbe syscall nx rdtscp lm constant_tsc arch_perfmon pebs bts rep_good nopl xtopology nonstop_tsc aperfmperf pni pclmulqdq dtes64 monitor ds_cpl vmx smx est tm2 ssse3 cx16 xtpr pdcm pcid sse4_1 sse4_2 x2apic popcnt tsc_deadline_timer aes xsave avx lahf_lm ida arat epb xsaveopt pln pts dtherm tpr_shadow vnmi flexpriority ept vpid
bogomips	: 6822.08
clflush size	: 64
cache_alignment	: 64
address sizes	: 36 bits physical, 48 bits virtual
power management:

processor	: 3
vendor_id	: GenuineIntel
cpu family	: 6
model		: 42
model name	: Intel(R) Core(TM) i7-2600 CPU @ 3.40GHz
stepping	: 7
microcode	: 0x25
cpu MHz		: 1600.000
cache size	: 8192 KB
physical id	: 0
siblings	: 8
core id		: 3
cpu cores	: 4
apicid		: 6
initial apicid	: 6
fpu		: yes
fpu_exception	: yes
cpuid level	: 13
wp		: yes
flags		: fpu vme de pse tsc msr pae mce cx8 apic sep mtrr pge mca cmov pat pse36 clflush dts acpi mmx fxsr sse sse2 ss ht tm pbe syscall nx rdtscp lm constant_tsc arch_perfmon pebs bts rep_good nopl xtopology nonstop_tsc aperfmperf pni pclmulqdq dtes64 monitor ds_cpl vmx smx est tm2 ssse3 cx16 xtpr pdcm pcid sse4_1 sse4_2 x2apic popcnt tsc_deadline_timer aes xsave avx lahf_lm ida arat epb xsaveopt pln pts dtherm tpr_shadow vnmi flexpriority ept vpid
bogomips	: 6822.07
clflush size	: 64
cache_alignment	: 64
address sizes	: 36 bits physical, 48 bits virtual
power management:

processor	: 4
vendor_id	: GenuineIntel
cpu family	: 6
model		: 42
model name	: Intel(R) Core(TM) i7-2600 CPU @ 3.40GHz
stepping	: 7
microcode	: 0x25
cpu MHz		: 2500.000
cache size	: 8192 KB
physical id	: 0
siblings	: 8
core id		: 0
cpu cores	: 4
apicid		: 1
initial apicid	: 1
fpu		: yes
fpu_exception	: yes
cpuid level	: 13
wp		: yes
flags		: fpu vme de pse tsc msr pae mce cx8 apic sep mtrr pge mca cmov pat pse36 clflush dts acpi mmx fxsr sse sse2 ss ht tm pbe syscall nx rdtscp lm constant_tsc arch_perfmon pebs bts rep_good nopl xtopology nonstop_tsc aperfmperf pni pclmulqdq dtes64 monitor ds_cpl vmx smx est tm2 ssse3 cx16 xtpr pdcm pcid sse4_1 sse4_2 x2apic popcnt tsc_deadline_timer aes xsave avx lahf_lm ida arat epb xsaveopt pln pts dtherm tpr_shadow vnmi flexpriority ept vpid
bogomips	: 6822.07
clflush size	: 64
cache_alignment	: 64
address sizes	: 36 bits physical, 48 bits virtual
power management:

processor	: 5
vendor_id	: GenuineIntel
cpu family	: 6
model		: 42
model name	: Intel(R) Core(TM) i7-2600 CPU @ 3.40GHz
stepping	: 7
microcode	: 0x25
cpu MHz		: 1600.000
cache size	: 8192 KB
physical id	: 0
siblings	: 8
core id		: 1
cpu cores	: 4
apicid		: 3
initial apicid	: 3
fpu		: yes
fpu_exception	: yes
cpuid level	: 13
wp		: yes
flags		: fpu vme de pse tsc msr pae mce cx8 apic sep mtrr pge mca cmov pat pse36 clflush dts acpi mmx fxsr sse sse2 ss ht tm pbe syscall nx rdtscp lm constant_tsc arch_perfmon pebs bts rep_good nopl xtopology nonstop_tsc aperfmperf pni pclmulqdq dtes64 monitor ds_cpl vmx smx est tm2 ssse3 cx16 xtpr pdcm pcid sse4_1 sse4_2 x2apic popcnt tsc_deadline_timer aes xsave avx lahf_lm ida arat epb xsaveopt pln pts dtherm tpr_shadow vnmi flexpriority ept vpid
bogomips	: 6822.07
clflush size	: 64
cache_alignment	: 64
address sizes	: 36 bits physical, 48 bits virtual
power management:

processor	: 6
vendor_id	: GenuineIntel
cpu family	: 6
model		: 42
model name	: Intel(R) Core(TM) i7-2600 CPU @ 3.40GHz
stepping	: 7
microcode	: 0x25
cpu MHz		: 3401.000
cache size	: 8192 KB
physical id	: 0
siblings	: 8
core id		: 2
cpu cores	: 4
apicid		: 5
initial apicid	: 5
fpu		: yes
fpu_exception	: yes
cpuid level	: 13
wp		: yes
flags		: fpu vme de pse tsc msr pae mce cx8 apic sep mtrr pge mca cmov pat pse36 clflush dts acpi mmx fxsr sse sse2 ss ht tm pbe syscall nx rdtscp lm constant_tsc arch_perfmon pebs bts rep_good nopl xtopology nonstop_tsc aperfmperf pni pclmulqdq dtes64 monitor ds_cpl vmx smx est tm2 ssse3 cx16 xtpr pdcm pcid sse4_1 sse4_2 x2apic popcnt tsc_deadline_timer aes xsave avx lahf_lm ida arat epb xsaveopt pln pts dtherm tpr_shadow vnmi flexpriority ept vpid
bogomips	: 6822.08
clflush size	: 64
cache_alignment	: 64
address sizes	: 36 bits physical, 48 bits virtual
power management:

processor	: 7
vendor_id	: GenuineIntel
cpu family	: 6
model		: 42
model name	: Intel(R) Core(TM) i7-2600 CPU @ 3.40GHz
stepping	: 7
microcode	: 0x25
cpu MHz		: 3401.000
cache size	: 8192 KB
physical id	: 0
siblings	: 8
core id		: 3
cpu cores	: 4
apicid		: 7
initial apicid	: 7
fpu		: yes
fpu_exception	: yes
cpuid level	: 13
wp		: yes
flags		: fpu vme de pse tsc msr pae mce cx8 apic sep mtrr pge mca cmov pat pse36 clflush dts acpi mmx fxsr sse sse2 ss ht tm pbe syscall nx rdtscp lm constant_tsc arch_perfmon pebs bts rep_good nopl xtopology nonstop_tsc aperfmperf pni pclmulqdq dtes64 monitor ds_cpl vmx smx est tm2 ssse3 cx16 xtpr pdcm pcid sse4_1 sse4_2 x2apic popcnt tsc_deadline_timer aes xsave avx lahf_lm ida arat epb xsaveopt pln pts dtherm tpr_shadow vnmi flexpriority ept vpid
bogomips	: 6822.07
clflush size	: 64
cache_alignment	: 64
address sizes	: 36 bits physical, 48 bits virtual
power management:



Memory: 4k page, physical 8164604k(149256k free), swap 15623176k(15598880k free)

vm_info: Java HotSpot(TM) 64-Bit Server VM (25.31-b07) for linux-amd64 JRE (1.8.0_31-b13), built on Dec 17 2014 20:40:15 by "java_re" with gcc 4.3.0 20080428 (Red Hat 4.3.0-8)

time: Mon Feb 16 01:43:50 2015
elapsed time: 33 seconds (0d 0h 0m 33s)

