#
# A fatal error has been detected by the Java Runtime Environment:
#
#  SIGSEGV (0xb) at pc=0x00007fa0bcfd6d9d, pid=27390, tid=140328342189824
#
# JRE version: Java(TM) SE Runtime Environment (8.0_31-b13) (build 1.8.0_31-b13)
# Java VM: Java HotSpot(TM) 64-Bit Server VM (25.31-b07 mixed mode linux-amd64 compressed oops)
# Problematic frame:
# C  [librxtxSerial.so+0x6d9d]  read_byte_array+0x3d
#
# Failed to write core dump. Core dumps have been disabled. To enable core dumping, try "ulimit -c unlimited" before starting Java again
#
# If you would like to submit a bug report, please visit:
#   http://bugreport.java.com/bugreport/crash.jsp
# The crash happened outside the Java Virtual Machine in native code.
# See problematic frame for where to report the bug.
#

---------------  T H R E A D  ---------------

Current thread (0x0000000002b92000):  JavaThread "Thread-7" [_thread_in_native, id=27493, stack(0x00007fa0bcecf000,0x00007fa0bcfd0000)]

siginfo: si_signo: 11 (SIGSEGV), si_code: 1 (SEGV_MAPERR), si_addr: 0xffffffffbcfce5d8

Registers:
RAX=0xffffffffbcfce5d0, RBX=0x00000000038276b0, RCX=0x0000000000000001, RDX=0x00007fa0df1fd200
RSP=0x00007fa0bcfcd910, RBP=0x0000000002b921e8, RSI=0x00007fa0bcfd9b25, RDI=0x00007fa0bcfd9a9f
R8 =0x0000000000000009, R9 =0x00000000dca10a40, R10=0x0000000000000336, R11=0x00007fa0df2017c8
R12=0xffffffffffffffff, R13=0x0000000000000003, R14=0x00000000000000b7, R15=0x00000000ffffffff
RIP=0x00007fa0bcfd6d9d, EFLAGS=0x0000000000010202, CSGSFS=0x0000000000000033, ERR=0x0000000000000005
  TRAPNO=0x000000000000000e

Top of Stack: (sp=0x00007fa0bcfcd910)
0x00007fa0bcfcd910:   0000000000000001 0000000000000000
0x00007fa0bcfcd920:   0000000300000700 00000000038276b0
0x00007fa0bcfcd930:   000000b7bcfd0d18 00000000032af340
0x00007fa0bcfcd940:   0000000000000000 00000000ffffffff
0x00007fa0bcfcd950:   00007fa0bcfcd9b0 ffffffffbcfce5d0
0x00007fa0bcfcd960:   000000000020c5d0 0000000000000000
0x00007fa0bcfcd970:   00000000000000b7 0000000000000000
0x00007fa0bcfcd980:   00007fa0bcfd0000 00007fa0dfbfa9f2
0x00007fa0bcfcd990:   0000000000000005 0000000000000000
0x00007fa0bcfcd9a0:   0000000000000000 00007fa0bcfd0d18
0x00007fa0bcfcd9b0:   00007fa0bcfcd9e0 00000000038276b0
0x00007fa0bcfcd9c0:   0000000002b921e8 ffffffffffffffff
0x00007fa0bcfcd9d0:   0000000000000003 00007fa0dfc00a55
0x00007fa0bcfcd9e0:   00000000038276b0 00000000038276b0
0x00007fa0bcfcd9f0:   00000000000000b7 00000000038276b0
0x00007fa0bcfcda00:   0000000002b921e8 ffffffffffffffff
0x00007fa0bcfcda10:   0000000000000003 00000000000000b7
0x00007fa0bcfcda20:   0000000000000000 00007fa0bcfd7272
0x00007fa0bcfcda30:   0000000002b92000 00007fa0bcfcdb18
0x00007fa0bcfcda40:   00007fa0bcfcdb20 00007fa0bd2016f8
0x00007fa0bcfcda50:   00007fa0bcfcdae8 0000000000000000
0x00007fa0bcfcda60:   00007fa0bd2016f0 00007fa0bcfcdb20
0x00007fa0bcfcda70:   0000000002b92000 00007fa0cdfa46d4
0x00007fa0bcfcda80:   00007fa0bd2016f8 0000000000000000
0x00007fa0bcfcda90:   00007fa0bcfcdae8 00007fa0cdfa4467
0x00007fa0bcfcdaa0:   00007fa0cdfa4422 00007fa0bcfcdaa8
0x00007fa0bcfcdab0:   00007fa0bd2016f0 00007fa0bcfcdb20
0x00007fa0bcfcdac0:   00007fa0bd20af48 0000000000000000
0x00007fa0bcfcdad0:   00007fa0bd2016f8 0000000000000000
0x00007fa0bcfcdae0:   00007fa0bcfcdb08 00007fa0bcfcdb88
0x00007fa0bcfcdaf0:   00007fa0cdf963d0 0000000000000000
0x00007fa0bcfcdb00:   00007fa0cdf9e2b6 0000000000000003 

Instructions: (pc=0x00007fa0bcfd6d9d)
0x00007fa0bcfd6d7d:   4c 24 18 48 8d 15 17 2d 00 00 48 8d 0d 0e 2d 00
0x00007fa0bcfd6d8d:   00 44 89 44 24 14 e8 88 c7 ff ff 48 89 44 24 48
0x00007fa0bcfd6d9d:   8b 40 08 45 85 ff 48 8b 54 24 48 89 44 24 40 c7
0x00007fa0bcfd6dad:   42 08 00 00 00 00 0f 88 bd 01 00 00 31 c0 e8 70 

Register to memory mapping:

RAX=0xffffffffbcfce5d0 is an unknown value
RBX=0x00000000038276b0 is an unknown value
RCX=0x0000000000000001 is an unknown value
RDX=0x00007fa0df1fd200: <offset 0xf57200> in /usr/lib/jvm/java-8-oracle/jre/lib/amd64/server/libjvm.so at 0x00007fa0de2a6000
RSP=0x00007fa0bcfcd910 is pointing into the stack for thread: 0x0000000002b92000
RBP=0x0000000002b921e8 is an unknown value
RSI=0x00007fa0bcfd9b25: <offset 0x9b25> in /usr/lib/jvm/java-8-oracle/jre/lib/amd64/librxtxSerial.so at 0x00007fa0bcfd0000
RDI=0x00007fa0bcfd9a9f: <offset 0x9a9f> in /usr/lib/jvm/java-8-oracle/jre/lib/amd64/librxtxSerial.so at 0x00007fa0bcfd0000
R8 =0x0000000000000009 is an unknown value
R9 =0x00000000dca10a40 is an oop
gnu.io.RXTXPort 
 - klass: 'gnu/io/RXTXPort'
R10=0x0000000000000336 is an unknown value
R11=0x00007fa0df2017c8: <offset 0xf5b7c8> in /usr/lib/jvm/java-8-oracle/jre/lib/amd64/server/libjvm.so at 0x00007fa0de2a6000
R12=0xffffffffffffffff is an unknown value
R13=0x0000000000000003 is an unknown value
R14=0x00000000000000b7 is an unknown value
R15=0x00000000ffffffff is an unallocated location in the heap


Stack: [0x00007fa0bcecf000,0x00007fa0bcfd0000],  sp=0x00007fa0bcfcd910,  free space=1018k
Native frames: (J=compiled Java code, j=interpreted, Vv=VM code, C=native code)
C  [librxtxSerial.so+0x6d9d]  read_byte_array+0x3d

Java frames: (J=compiled Java code, j=interpreted, Vv=VM code)
j  gnu.io.RXTXPort.readArray([BII)I+0
j  gnu.io.RXTXPort$SerialInputStream.read([BII)I+212
J 2056 C1 sun.nio.cs.StreamDecoder.readBytes()I (289 bytes) @ 0x00007fa0ce5d123c [0x00007fa0ce5d1100+0x13c]
j  sun.nio.cs.StreamDecoder.implRead([CII)I+112
J 1335 C2 java.io.InputStreamReader.read([CII)I (11 bytes) @ 0x00007fa0ce4210ac [0x00007fa0ce420920+0x78c]
J 2044 C1 java.io.BufferedReader.fill()V (170 bytes) @ 0x00007fa0ce5cfa14 [0x00007fa0ce5cf760+0x2b4]
j  java.io.BufferedReader.readLine(Z)Ljava/lang/String;+44
j  java.io.BufferedReader.readLine()Ljava/lang/String;+2
j  arduino.controller.WebSocketControllerImpl$$anon$1.serialEvent(Lgnu/io/SerialPortEvent;)V+28
j  gnu.io.RXTXPort.sendEvent(IZ)Z+382
v  ~StubRoutines::call_stub
j  gnu.io.RXTXPort.eventLoop()V+0
j  gnu.io.RXTXPort$MonitorThread.run()V+12
v  ~StubRoutines::call_stub

---------------  P R O C E S S  ---------------

Java Threads: ( => current thread )
  0x0000000003825800 JavaThread "MessageBrokerSockJS-7" [_thread_blocked, id=27496, stack(0x00007fa0bcbcc000,0x00007fa0bcccd000)]
  0x0000000002829800 JavaThread "MessageBrokerSockJS-6" [_thread_blocked, id=27495, stack(0x00007fa0bcccd000,0x00007fa0bcdce000)]
  0x0000000002b8f800 JavaThread "clientOutboundChannel-2" [_thread_blocked, id=27494, stack(0x00007fa0bcdce000,0x00007fa0bcecf000)]
=>0x0000000002b92000 JavaThread "Thread-7" [_thread_in_native, id=27493, stack(0x00007fa0bcecf000,0x00007fa0bcfd0000)]
  0x0000000002b9f000 JavaThread "clientInboundChannel-9" [_thread_blocked, id=27492, stack(0x00007fa0bd3dd000,0x00007fa0bd4de000)]
  0x0000000002b9d000 JavaThread "clientInboundChannel-8" [_thread_blocked, id=27491, stack(0x00007fa0bd4de000,0x00007fa0bd5df000)]
  0x0000000002b9b000 JavaThread "clientInboundChannel-7" [_thread_blocked, id=27490, stack(0x00007fa0bd5df000,0x00007fa0bd6e0000)]
  0x00000000028a6000 JavaThread "http-nio-8080-exec-6" daemon [_thread_blocked, id=27489, stack(0x00007fa0bd6e0000,0x00007fa0bd7e1000)]
  0x00000000028a4000 JavaThread "clientInboundChannel-6" [_thread_blocked, id=27488, stack(0x00007fa0bd7e1000,0x00007fa0bd8e2000)]
  0x00000000028a2000 JavaThread "clientInboundChannel-5" [_thread_blocked, id=27487, stack(0x00007fa0bd8e2000,0x00007fa0bd9e3000)]
  0x00000000028a0800 JavaThread "clientInboundChannel-4" [_thread_blocked, id=27486, stack(0x00007fa0bd9e3000,0x00007fa0bdae4000)]
  0x0000000002abc000 JavaThread "http-nio-8080-exec-5" daemon [_thread_blocked, id=27485, stack(0x00007fa0bdae4000,0x00007fa0bdbe5000)]
  0x0000000002aba000 JavaThread "MessageBrokerSockJS-5" [_thread_blocked, id=27484, stack(0x00007fa0bdbe5000,0x00007fa0bdce6000)]
  0x0000000002ab7800 JavaThread "clientOutboundChannel-1" [_thread_blocked, id=27483, stack(0x00007fa0bdce6000,0x00007fa0bdde7000)]
  0x0000000002ab6000 JavaThread "clientInboundChannel-3" [_thread_blocked, id=27482, stack(0x00007fa0bdde7000,0x00007fa0bdee8000)]
  0x0000000002ab4000 JavaThread "clientInboundChannel-2" [_thread_blocked, id=27481, stack(0x00007fa0bdee8000,0x00007fa0bdfe9000)]
  0x0000000002ab2000 JavaThread "clientInboundChannel-1" [_thread_blocked, id=27480, stack(0x00007fa0bdfe9000,0x00007fa0be0ea000)]
  0x0000000002d8c000 JavaThread "http-nio-8080-exec-4" daemon [_thread_blocked, id=27479, stack(0x00007fa0be0ea000,0x00007fa0be1eb000)]
  0x0000000002d8a800 JavaThread "WebSocket background processing" daemon [_thread_blocked, id=27478, stack(0x00007fa0be1eb000,0x00007fa0be2ec000)]
  0x0000000002d88000 JavaThread "MessageBrokerSockJS-4" [_thread_blocked, id=27477, stack(0x00007fa0be2ec000,0x00007fa0be3ed000)]
  0x0000000002358800 JavaThread "WebSocketServer-localhost-ROOT-1" daemon [_thread_blocked, id=27476, stack(0x00007fa0be3ed000,0x00007fa0be4ee000)]
  0x000000000278c800 JavaThread "MessageBrokerSockJS-3" [_thread_blocked, id=27475, stack(0x00007fa0be4ee000,0x00007fa0be5ef000)]
  0x000000000278b800 JavaThread "MessageBrokerSockJS-2" [_thread_blocked, id=27474, stack(0x00007fa0be5ef000,0x00007fa0be6f0000)]
  0x00000000038f6000 JavaThread "http-nio-8080-exec-3" daemon [_thread_blocked, id=27473, stack(0x00007fa0c45cb000,0x00007fa0c46cc000)]
  0x0000000003756800 JavaThread "http-nio-8080-exec-2" daemon [_thread_blocked, id=27472, stack(0x00007fa0c4091000,0x00007fa0c4192000)]
  0x00000000021ce800 JavaThread "http-nio-8080-exec-1" daemon [_thread_blocked, id=27461, stack(0x00007fa0c46cc000,0x00007fa0c47cd000)]
  0x000000000312d800 JavaThread "http-nio-8080-Acceptor-0" daemon [_thread_in_native, id=27458, stack(0x00007fa0be6f0000,0x00007fa0be7f1000)]
  0x0000000003129000 JavaThread "http-nio-8080-ClientPoller-1" daemon [_thread_in_native, id=27457, stack(0x00007fa0be7f1000,0x00007fa0be8f2000)]
  0x000000000311a000 JavaThread "http-nio-8080-ClientPoller-0" daemon [_thread_in_native, id=27456, stack(0x00007fa0be8f2000,0x00007fa0be9f3000)]
  0x000000000310a000 JavaThread "NioBlockingSelector.BlockPoller-1" daemon [_thread_in_native, id=27455, stack(0x00007fa0be9f3000,0x00007fa0beaf4000)]
  0x0000000002e2f800 JavaThread "MessageBrokerSockJS-1" [_thread_blocked, id=27454, stack(0x00007fa0beef4000,0x00007fa0beff5000)]
  0x00007fa0c01cb000 JavaThread "container-0" [_thread_blocked, id=27453, stack(0x00007fa0bf1f5000,0x00007fa0bf2f6000)]
  0x0000000003330000 JavaThread "ContainerBackgroundProcessor[StandardEngine[Tomcat].StandardHost[localhost].StandardContext[]]" daemon [_thread_blocked, id=27452, stack(0x00007fa0bf2f6000,0x00007fa0bf3f7000)]
  0x00007fa0c0c4c800 JavaThread "process reaper" daemon [_thread_blocked, id=27425, stack(0x00007fa0c47cd000,0x00007fa0c4806000)]
  0x00007fa0b8024000 JavaThread "Service Thread" daemon [_thread_blocked, id=27422, stack(0x00007fa0c59a1000,0x00007fa0c5aa2000)]
  0x00007fa0c0034800 JavaThread "C1 CompilerThread3" daemon [_thread_blocked, id=27421, stack(0x00007fa0c5aa2000,0x00007fa0c5ba3000)]
  0x00007fa0c0032000 JavaThread "C2 CompilerThread2" daemon [_thread_blocked, id=27420, stack(0x00007fa0c5ba3000,0x00007fa0c5ca4000)]
  0x00007fa0c0030000 JavaThread "C2 CompilerThread1" daemon [_thread_blocked, id=27419, stack(0x00007fa0c5ca4000,0x00007fa0c5da5000)]
  0x00007fa0c002d000 JavaThread "C2 CompilerThread0" daemon [_thread_blocked, id=27418, stack(0x00007fa0c5da5000,0x00007fa0c5ea6000)]
  0x00007fa0c002b000 JavaThread "Signal Dispatcher" daemon [_thread_blocked, id=27417, stack(0x00007fa0c5ea6000,0x00007fa0c5fa7000)]
  0x000000000218e800 JavaThread "Finalizer" daemon [_thread_blocked, id=27416, stack(0x00007fa0c611e000,0x00007fa0c621f000)]
  0x0000000002187000 JavaThread "Reference Handler" daemon [_thread_blocked, id=27415, stack(0x00007fa0c621f000,0x00007fa0c6320000)]
  0x000000000210e000 JavaThread "main" [_thread_blocked, id=27405, stack(0x00007fa0dfce7000,0x00007fa0dfde8000)]

Other Threads:
  0x0000000002181800 VMThread [stack: 0x00007fa0c6320000,0x00007fa0c6421000] [id=27414]
  0x00007fa0b8026800 WatcherThread [stack: 0x00007fa0c58a0000,0x00007fa0c59a1000] [id=27423]

VM state:not at safepoint (normal execution)

VM Mutex/Monitor currently owned by a thread: None

Heap:
 PSYoungGen      total 276992K, used 106039K [0x00000000d6780000, 0x00000000f6380000, 0x0000000100000000)
  eden space 262144K, 40% used [0x00000000d6780000,0x00000000dcf0dc50,0x00000000e6780000)
  from space 14848K, 0% used [0x00000000e6780000,0x00000000e6780000,0x00000000e7600000)
  to   space 19456K, 0% used [0x00000000f5080000,0x00000000f5080000,0x00000000f6380000)
 ParOldGen       total 94720K, used 32808K [0x0000000083600000, 0x0000000089280000, 0x00000000d6780000)
  object space 94720K, 34% used [0x0000000083600000,0x000000008560a0e0,0x0000000089280000)
 Metaspace       used 41834K, capacity 42458K, committed 42928K, reserved 1087488K
  class space    used 5276K, capacity 5517K, committed 5552K, reserved 1048576K

Card table byte_map: [0x00007fa0cd7e9000,0x00007fa0cdbcf000] byte_map_base: 0x00007fa0cd3ce000

Marking Bits: (ParMarkBitMap*) 0x00007fa0df2012a0
 Begin Bits: [0x00007fa0c8ef8000, 0x00007fa0cae20000)
 End Bits:   [0x00007fa0cae20000, 0x00007fa0ccd48000)

Polling page: 0x00007fa0dfe09000

CodeCache: size=245760Kb used=15711Kb max_used=15850Kb free=230048Kb
 bounds [0x00007fa0cdf8f000, 0x00007fa0cef2f000, 0x00007fa0dcf8f000]
 total_blobs=5050 nmethods=4606 adapters=358
 compilation: enabled

Compilation events (10 events):
Event: 21.513 Thread 0x00007fa0c002d000 nmethod 5470 0x00007fa0ce1c0790 code [0x00007fa0ce1c0a00, 0x00007fa0ce1c2090]
Event: 21.521 Thread 0x00007fa0c0030000 nmethod 5469 0x00007fa0ced24d10 code [0x00007fa0ced24fc0, 0x00007fa0ced26df8]
Event: 21.523 Thread 0x00007fa0c0034800 5472   !   3       java.lang.StringCoding$StringDecoder::decode (179 bytes)
Event: 21.526 Thread 0x00007fa0c0034800 nmethod 5472 0x00007fa0ce1bd790 code [0x00007fa0ce1bdae0, 0x00007fa0ce1bf748]
Event: 21.540 Thread 0x00007fa0c0034800 5473       3       com.fasterxml.jackson.databind.introspect.AnnotationMap::get (21 bytes)
Event: 21.540 Thread 0x00007fa0c0034800 nmethod 5473 0x00007fa0ce271bd0 code [0x00007fa0ce271d60, 0x00007fa0ce2720c8]
Event: 21.540 Thread 0x00007fa0c0034800 5474       3       java.lang.Class::isEnum (27 bytes)
Event: 21.540 Thread 0x00007fa0c0034800 nmethod 5474 0x00007fa0ce271610 code [0x00007fa0ce2717a0, 0x00007fa0ce271b18]
Event: 21.549 Thread 0x00007fa0c0034800 5475   !   3       java.lang.ClassLoader::checkCerts (195 bytes)
Event: 21.551 Thread 0x00007fa0c0034800 nmethod 5475 0x00007fa0cef0a510 code [0x00007fa0cef0a7c0, 0x00007fa0cef0be58]

GC Heap History (10 events):
Event: 5.154 GC heap before
{Heap before GC invocations=5 (full 0):
 PSYoungGen      total 136192K, used 136160K [0x00000000d6780000, 0x00000000df180000, 0x0000000100000000)
  eden space 131072K, 100% used [0x00000000d6780000,0x00000000de780000,0x00000000de780000)
  from space 5120K, 99% used [0x00000000dec80000,0x00000000df178020,0x00000000df180000)
  to   space 5120K, 0% used [0x00000000de780000,0x00000000de780000,0x00000000dec80000)
 ParOldGen       total 86016K, used 10966K [0x0000000083600000, 0x0000000088a00000, 0x00000000d6780000)
  object space 86016K, 12% used [0x0000000083600000,0x00000000840b5ac0,0x0000000088a00000)
 Metaspace       used 20113K, capacity 20652K, committed 20992K, reserved 1067008K
  class space    used 2569K, capacity 2734K, committed 2816K, reserved 1048576K
Event: 5.168 GC heap after
Heap after GC invocations=5 (full 0):
 PSYoungGen      total 136192K, used 5120K [0x00000000d6780000, 0x00000000e8480000, 0x0000000100000000)
  eden space 131072K, 0% used [0x00000000d6780000,0x00000000d6780000,0x00000000de780000)
  from space 5120K, 100% used [0x00000000de780000,0x00000000dec80000,0x00000000dec80000)
  to   space 14848K, 0% used [0x00000000e7600000,0x00000000e7600000,0x00000000e8480000)
 ParOldGen       total 86016K, used 19041K [0x0000000083600000, 0x0000000088a00000, 0x00000000d6780000)
  object space 86016K, 22% used [0x0000000083600000,0x00000000848984f8,0x0000000088a00000)
 Metaspace       used 20113K, capacity 20652K, committed 20992K, reserved 1067008K
  class space    used 2569K, capacity 2734K, committed 2816K, reserved 1048576K
}
Event: 5.213 GC heap before
{Heap before GC invocations=6 (full 0):
 PSYoungGen      total 136192K, used 10819K [0x00000000d6780000, 0x00000000e8480000, 0x0000000100000000)
  eden space 131072K, 4% used [0x00000000d6780000,0x00000000d6d10d58,0x00000000de780000)
  from space 5120K, 100% used [0x00000000de780000,0x00000000dec80000,0x00000000dec80000)
  to   space 14848K, 0% used [0x00000000e7600000,0x00000000e7600000,0x00000000e8480000)
 ParOldGen       total 86016K, used 19041K [0x0000000083600000, 0x0000000088a00000, 0x00000000d6780000)
  object space 86016K, 22% used [0x0000000083600000,0x00000000848984f8,0x0000000088a00000)
 Metaspace       used 20669K, capacity 21144K, committed 21296K, reserved 1067008K
  class space    used 2651K, capacity 2832K, committed 2864K, reserved 1048576K
Event: 5.226 GC heap after
Heap after GC invocations=6 (full 0):
 PSYoungGen      total 276992K, used 5729K [0x00000000d6780000, 0x00000000e8480000, 0x0000000100000000)
  eden space 262144K, 0% used [0x00000000d6780000,0x00000000d6780000,0x00000000e6780000)
  from space 14848K, 38% used [0x00000000e7600000,0x00000000e7b98478,0x00000000e8480000)
  to   space 14848K, 0% used [0x00000000e6780000,0x00000000e6780000,0x00000000e7600000)
 ParOldGen       total 86016K, used 19041K [0x0000000083600000, 0x0000000088a00000, 0x00000000d6780000)
  object space 86016K, 22% used [0x0000000083600000,0x00000000848984f8,0x0000000088a00000)
 Metaspace       used 20669K, capacity 21144K, committed 21296K, reserved 1067008K
  class space    used 2651K, capacity 2832K, committed 2864K, reserved 1048576K
}
Event: 5.226 GC heap before
{Heap before GC invocations=7 (full 1):
 PSYoungGen      total 276992K, used 5729K [0x00000000d6780000, 0x00000000e8480000, 0x0000000100000000)
  eden space 262144K, 0% used [0x00000000d6780000,0x00000000d6780000,0x00000000e6780000)
  from space 14848K, 38% used [0x00000000e7600000,0x00000000e7b98478,0x00000000e8480000)
  to   space 14848K, 0% used [0x00000000e6780000,0x00000000e6780000,0x00000000e7600000)
 ParOldGen       total 86016K, used 19041K [0x0000000083600000, 0x0000000088a00000, 0x00000000d6780000)
  object space 86016K, 22% used [0x0000000083600000,0x00000000848984f8,0x0000000088a00000)
 Metaspace       used 20669K, capacity 21144K, committed 21296K, reserved 1067008K
  class space    used 2651K, capacity 2832K, committed 2864K, reserved 1048576K
Event: 5.282 GC heap after
Heap after GC invocations=7 (full 1):
 PSYoungGen      total 276992K, used 0K [0x00000000d6780000, 0x00000000e8480000, 0x0000000100000000)
  eden space 262144K, 0% used [0x00000000d6780000,0x00000000d6780000,0x00000000e6780000)
  from space 14848K, 0% used [0x00000000e7600000,0x00000000e7600000,0x00000000e8480000)
  to   space 14848K, 0% used [0x00000000e6780000,0x00000000e6780000,0x00000000e7600000)
 ParOldGen       total 60928K, used 14664K [0x0000000083600000, 0x0000000087180000, 0x00000000d6780000)
  object space 60928K, 24% used [0x0000000083600000,0x0000000084452198,0x0000000087180000)
 Metaspace       used 20669K, capacity 21144K, committed 21296K, reserved 1067008K
  class space    used 2651K, capacity 2832K, committed 2864K, reserved 1048576K
}
Event: 6.652 GC heap before
{Heap before GC invocations=8 (full 1):
 PSYoungGen      total 276992K, used 183036K [0x00000000d6780000, 0x00000000e8480000, 0x0000000100000000)
  eden space 262144K, 69% used [0x00000000d6780000,0x00000000e1a3f0a8,0x00000000e6780000)
  from space 14848K, 0% used [0x00000000e7600000,0x00000000e7600000,0x00000000e8480000)
  to   space 14848K, 0% used [0x00000000e6780000,0x00000000e6780000,0x00000000e7600000)
 ParOldGen       total 60928K, used 14664K [0x0000000083600000, 0x0000000087180000, 0x00000000d6780000)
  object space 60928K, 24% used [0x0000000083600000,0x0000000084452198,0x0000000087180000)
 Metaspace       used 34630K, capacity 35172K, committed 35496K, reserved 1081344K
  class space    used 4391K, capacity 4594K, committed 4656K, reserved 1048576K
Event: 6.664 GC heap after
Heap after GC invocations=8 (full 1):
 PSYoungGen      total 276992K, used 14821K [0x00000000d6780000, 0x00000000f6380000, 0x0000000100000000)
  eden space 262144K, 0% used [0x00000000d6780000,0x00000000d6780000,0x00000000e6780000)
  from space 14848K, 99% used [0x00000000e6780000,0x00000000e75f9798,0x00000000e7600000)
  to   space 19456K, 0% used [0x00000000f5080000,0x00000000f5080000,0x00000000f6380000)
 ParOldGen       total 60928K, used 19385K [0x0000000083600000, 0x0000000087180000, 0x00000000d6780000)
  object space 60928K, 31% used [0x0000000083600000,0x00000000848ee648,0x0000000087180000)
 Metaspace       used 34630K, capacity 35172K, committed 35496K, reserved 1081344K
  class space    used 4391K, capacity 4594K, committed 4656K, reserved 1048576K
}
Event: 6.664 GC heap before
{Heap before GC invocations=9 (full 2):
 PSYoungGen      total 276992K, used 14821K [0x00000000d6780000, 0x00000000f6380000, 0x0000000100000000)
  eden space 262144K, 0% used [0x00000000d6780000,0x00000000d6780000,0x00000000e6780000)
  from space 14848K, 99% used [0x00000000e6780000,0x00000000e75f9798,0x00000000e7600000)
  to   space 19456K, 0% used [0x00000000f5080000,0x00000000f5080000,0x00000000f6380000)
 ParOldGen       total 60928K, used 19385K [0x0000000083600000, 0x0000000087180000, 0x00000000d6780000)
  object space 60928K, 31% used [0x0000000083600000,0x00000000848ee648,0x0000000087180000)
 Metaspace       used 34630K, capacity 35172K, committed 35496K, reserved 1081344K
  class space    used 4391K, capacity 4594K, committed 4656K, reserved 1048576K
Event: 6.757 GC heap after
Heap after GC invocations=9 (full 2):
 PSYoungGen      total 276992K, used 0K [0x00000000d6780000, 0x00000000f6380000, 0x0000000100000000)
  eden space 262144K, 0% used [0x00000000d6780000,0x00000000d6780000,0x00000000e6780000)
  from space 14848K, 0% used [0x00000000e6780000,0x00000000e6780000,0x00000000e7600000)
  to   space 19456K, 0% used [0x00000000f5080000,0x00000000f5080000,0x00000000f6380000)
 ParOldGen       total 94720K, used 32808K [0x0000000083600000, 0x0000000089280000, 0x00000000d6780000)
  object space 94720K, 34% used [0x0000000083600000,0x000000008560a0e0,0x0000000089280000)
 Metaspace       used 34630K, capacity 35172K, committed 35496K, reserved 1081344K
  class space    used 4391K, capacity 4594K, committed 4656K, reserved 1048576K
}

Deoptimization events (10 events):
Event: 6.527 Thread 0x00007fa0c0afc000 Uncommon trap: reason=unreached action=reinterpret pc=0x00007fa0ce68b59c method=java.lang.reflect.Method.equals(Ljava/lang/Object;)Z @ 1
Event: 6.764 Thread 0x000000000218e800 Uncommon trap: reason=bimorphic action=maybe_recompile pc=0x00007fa0ceb0bf04 method=java.util.WeakHashMap.eq(Ljava/lang/Object;Ljava/lang/Object;)Z @ 7
Event: 6.866 Thread 0x00007fa0c0afc000 Uncommon trap: reason=unloaded action=reinterpret pc=0x00007fa0ceb8aa00 method=org.springframework.util.ConcurrentReferenceHashMap$Segment.restructureIfNecessary(Z)V @ 312
Event: 6.952 Thread 0x00007fa0c0afc000 Uncommon trap: reason=unreached action=reinterpret pc=0x00007fa0cedec7c0 method=org.springframework.util.ReflectionUtils.doWithMethods(Ljava/lang/Class;Lorg/springframework/util/ReflectionUtils$MethodCallback;Lorg/springframework/util/ReflectionUtils$Meth
Event: 7.140 Thread 0x00007fa0c0afc000 Uncommon trap: reason=unloaded action=reinterpret pc=0x00007fa0ced02a5c method=org.springframework.core.BridgeMethodResolver.findBridgedMethod(Ljava/lang/reflect/Method;)Ljava/lang/reflect/Method; @ 13
Event: 7.216 Thread 0x00007fa0c0afc000 Uncommon trap: reason=class_check action=maybe_recompile pc=0x00007fa0cee9c63c method=java.util.TreeMap.getEntry(Ljava/lang/Object;)Ljava/util/TreeMap$Entry; @ 26
Event: 16.486 Thread 0x0000000003756800 Uncommon trap: reason=unreached action=reinterpret pc=0x00007fa0ce441404 method=java.util.concurrent.locks.AbstractQueuedSynchronizer.release(I)Z @ 14
Event: 16.486 Thread 0x00007fa0c0999800 Uncommon trap: reason=unreached action=reinterpret pc=0x00007fa0ce236d7c method=java.util.concurrent.locks.AbstractQueuedSynchronizer.release(I)Z @ 14
Event: 17.078 Thread 0x0000000003756800 Uncommon trap: reason=unreached action=reinterpret pc=0x00007fa0ce4821c0 method=java.util.HashMap.hash(Ljava/lang/Object;)I @ 1
Event: 17.142 Thread 0x0000000002d8c000 Uncommon trap: reason=unreached action=reinterpret pc=0x00007fa0cee5b954 method=org.springframework.util.ObjectUtils.nullSafeEquals(Ljava/lang/Object;Ljava/lang/Object;)Z @ 12

Internal exceptions (10 events):
Event: 21.549 Thread 0x0000000002b9b000 Exception <a 'java/security/PrivilegedActionException'> (0x00000000dcae2258) thrown at [/HUDSON/workspace/8-2-build-linux-amd64/jdk8u31/2394/hotspot/src/share/vm/prims/jvm.cpp, line 1312]
Event: 21.549 Thread 0x0000000002b9b000 Exception <a 'java/security/PrivilegedActionException'> (0x00000000dcae2b78) thrown at [/HUDSON/workspace/8-2-build-linux-amd64/jdk8u31/2394/hotspot/src/share/vm/prims/jvm.cpp, line 1312]
Event: 21.551 Thread 0x0000000002b9b000 Exception <a 'java/security/PrivilegedActionException'> (0x00000000dcae6d68) thrown at [/HUDSON/workspace/8-2-build-linux-amd64/jdk8u31/2394/hotspot/src/share/vm/prims/jvm.cpp, line 1312]
Event: 21.551 Thread 0x0000000002b9b000 Exception <a 'java/security/PrivilegedActionException'> (0x00000000dcae7738) thrown at [/HUDSON/workspace/8-2-build-linux-amd64/jdk8u31/2394/hotspot/src/share/vm/prims/jvm.cpp, line 1312]
Event: 21.551 Thread 0x0000000002b9b000 Exception <a 'java/security/PrivilegedActionException'> (0x00000000dcaf11a0) thrown at [/HUDSON/workspace/8-2-build-linux-amd64/jdk8u31/2394/hotspot/src/share/vm/prims/jvm.cpp, line 1312]
Event: 21.551 Thread 0x0000000002b9b000 Exception <a 'java/security/PrivilegedActionException'> (0x00000000dcaf1b88) thrown at [/HUDSON/workspace/8-2-build-linux-amd64/jdk8u31/2394/hotspot/src/share/vm/prims/jvm.cpp, line 1312]
Event: 21.553 Thread 0x0000000002b9b000 Exception <a 'java/security/PrivilegedActionException'> (0x00000000dcc01648) thrown at [/HUDSON/workspace/8-2-build-linux-amd64/jdk8u31/2394/hotspot/src/share/vm/prims/jvm.cpp, line 1312]
Event: 21.553 Thread 0x0000000002b9b000 Exception <a 'java/security/PrivilegedActionException'> (0x00000000dcc01c70) thrown at [/HUDSON/workspace/8-2-build-linux-amd64/jdk8u31/2394/hotspot/src/share/vm/prims/jvm.cpp, line 1312]
Event: 22.299 Thread 0x0000000002b92000 Exception <a 'java/security/PrivilegedActionException'> (0x00000000dcaf5508) thrown at [/HUDSON/workspace/8-2-build-linux-amd64/jdk8u31/2394/hotspot/src/share/vm/prims/jvm.cpp, line 1312]
Event: 22.299 Thread 0x0000000002b92000 Exception <a 'java/security/PrivilegedActionException'> (0x00000000dcaf5a28) thrown at [/HUDSON/workspace/8-2-build-linux-amd64/jdk8u31/2394/hotspot/src/share/vm/prims/jvm.cpp, line 1312]

Events (10 events):
Event: 21.553 loading class com/fasterxml/jackson/core/json/JsonWriteContext done
Event: 21.557 Executing VM operation: RevokeBias
Event: 21.557 Executing VM operation: RevokeBias done
Event: 21.557 Thread 0x0000000002b8f800 Thread added: 0x0000000002b8f800
Event: 21.559 Thread 0x0000000002829800 Thread added: 0x0000000002829800
Event: 22.090 Thread 0x0000000003825800 Thread added: 0x0000000003825800
Event: 22.299 loading class gnu/io/SerialPortEvent
Event: 22.299 loading class gnu/io/SerialPortEvent done
Event: 22.299 Executing VM operation: RevokeBias
Event: 22.299 Executing VM operation: RevokeBias done


Dynamic libraries:
00400000-00401000 r-xp 00000000 08:03 3804091                            /usr/lib/jvm/java-8-oracle/bin/java
00600000-00601000 rw-p 00000000 08:03 3804091                            /usr/lib/jvm/java-8-oracle/bin/java
02103000-04680000 rw-p 00000000 00:00 0                                  [heap]
83600000-89280000 rw-p 00000000 00:00 0 
89280000-d6780000 ---p 00000000 00:00 0 
d6780000-f6380000 rw-p 00000000 00:00 0 
f6380000-100000000 ---p 00000000 00:00 0 
100000000-10056c000 rw-p 00000000 00:00 0 
10056c000-140000000 ---p 00000000 00:00 0 
7fa0b8000000-7fa0b9537000 rw-p 00000000 00:00 0 
7fa0b9537000-7fa0bc000000 ---p 00000000 00:00 0 
7fa0bcbcc000-7fa0bcbcf000 ---p 00000000 00:00 0 
7fa0bcbcf000-7fa0bcccd000 rw-p 00000000 00:00 0 
7fa0bcccd000-7fa0bccd0000 ---p 00000000 00:00 0 
7fa0bccd0000-7fa0bcdce000 rw-p 00000000 00:00 0 
7fa0bcdce000-7fa0bcdd1000 ---p 00000000 00:00 0 
7fa0bcdd1000-7fa0bcecf000 rw-p 00000000 00:00 0 
7fa0bcecf000-7fa0bced2000 ---p 00000000 00:00 0 
7fa0bced2000-7fa0bcfd0000 rw-p 00000000 00:00 0 
7fa0bcfd0000-7fa0bcfdd000 r-xp 00000000 08:03 4067547                    /usr/lib/jvm/java-8-oracle/jre/lib/amd64/librxtxSerial.so
7fa0bcfdd000-7fa0bd1dc000 ---p 0000d000 08:03 4067547                    /usr/lib/jvm/java-8-oracle/jre/lib/amd64/librxtxSerial.so
7fa0bd1dc000-7fa0bd1dd000 rw-p 0000c000 08:03 4067547                    /usr/lib/jvm/java-8-oracle/jre/lib/amd64/librxtxSerial.so
7fa0bd1dd000-7fa0bd25d000 rw-p 00000000 00:00 0 
7fa0bd25d000-7fa0bd3dd000 ---p 00000000 00:00 0 
7fa0bd3dd000-7fa0bd3e0000 ---p 00000000 00:00 0 
7fa0bd3e0000-7fa0bd4de000 rw-p 00000000 00:00 0 
7fa0bd4de000-7fa0bd4e1000 ---p 00000000 00:00 0 
7fa0bd4e1000-7fa0bd5df000 rw-p 00000000 00:00 0 
7fa0bd5df000-7fa0bd5e2000 ---p 00000000 00:00 0 
7fa0bd5e2000-7fa0bd6e0000 rw-p 00000000 00:00 0 
7fa0bd6e0000-7fa0bd6e3000 ---p 00000000 00:00 0 
7fa0bd6e3000-7fa0bd7e1000 rw-p 00000000 00:00 0 
7fa0bd7e1000-7fa0bd7e4000 ---p 00000000 00:00 0 
7fa0bd7e4000-7fa0bd8e2000 rw-p 00000000 00:00 0 
7fa0bd8e2000-7fa0bd8e5000 ---p 00000000 00:00 0 
7fa0bd8e5000-7fa0bd9e3000 rw-p 00000000 00:00 0 
7fa0bd9e3000-7fa0bd9e6000 ---p 00000000 00:00 0 
7fa0bd9e6000-7fa0bdae4000 rw-p 00000000 00:00 0 
7fa0bdae4000-7fa0bdae7000 ---p 00000000 00:00 0 
7fa0bdae7000-7fa0bdbe5000 rw-p 00000000 00:00 0 
7fa0bdbe5000-7fa0bdbe8000 ---p 00000000 00:00 0 
7fa0bdbe8000-7fa0bdce6000 rw-p 00000000 00:00 0 
7fa0bdce6000-7fa0bdce9000 ---p 00000000 00:00 0 
7fa0bdce9000-7fa0bdde7000 rw-p 00000000 00:00 0 
7fa0bdde7000-7fa0bddea000 ---p 00000000 00:00 0 
7fa0bddea000-7fa0bdee8000 rw-p 00000000 00:00 0 
7fa0bdee8000-7fa0bdeeb000 ---p 00000000 00:00 0 
7fa0bdeeb000-7fa0bdfe9000 rw-p 00000000 00:00 0 
7fa0bdfe9000-7fa0bdfec000 ---p 00000000 00:00 0 
7fa0bdfec000-7fa0be0ea000 rw-p 00000000 00:00 0 
7fa0be0ea000-7fa0be0ed000 ---p 00000000 00:00 0 
7fa0be0ed000-7fa0be1eb000 rw-p 00000000 00:00 0 
7fa0be1eb000-7fa0be1ee000 ---p 00000000 00:00 0 
7fa0be1ee000-7fa0be2ec000 rw-p 00000000 00:00 0 
7fa0be2ec000-7fa0be2ef000 ---p 00000000 00:00 0 
7fa0be2ef000-7fa0be3ed000 rw-p 00000000 00:00 0 
7fa0be3ed000-7fa0be3f0000 ---p 00000000 00:00 0 
7fa0be3f0000-7fa0be4ee000 rw-p 00000000 00:00 0 
7fa0be4ee000-7fa0be4f1000 ---p 00000000 00:00 0 
7fa0be4f1000-7fa0be5ef000 rw-p 00000000 00:00 0 
7fa0be5ef000-7fa0be5f2000 ---p 00000000 00:00 0 
7fa0be5f2000-7fa0be6f0000 rw-p 00000000 00:00 0 
7fa0be6f0000-7fa0be6f3000 ---p 00000000 00:00 0 
7fa0be6f3000-7fa0be7f1000 rw-p 00000000 00:00 0 
7fa0be7f1000-7fa0be7f4000 ---p 00000000 00:00 0 
7fa0be7f4000-7fa0be8f2000 rw-p 00000000 00:00 0 
7fa0be8f2000-7fa0be8f5000 ---p 00000000 00:00 0 
7fa0be8f5000-7fa0be9f3000 rw-p 00000000 00:00 0 
7fa0be9f3000-7fa0be9f6000 ---p 00000000 00:00 0 
7fa0be9f6000-7fa0becf4000 rw-p 00000000 00:00 0 
7fa0becf4000-7fa0beef4000 rw-p 00000000 00:00 0 
7fa0beef4000-7fa0beef7000 ---p 00000000 00:00 0 
7fa0beef7000-7fa0bf1f5000 rw-p 00000000 00:00 0 
7fa0bf1f5000-7fa0bf1f8000 ---p 00000000 00:00 0 
7fa0bf1f8000-7fa0bf2f6000 rw-p 00000000 00:00 0 
7fa0bf2f6000-7fa0bf2f9000 ---p 00000000 00:00 0 
7fa0bf2f9000-7fa0bf5f7000 rw-p 00000000 00:00 0 
7fa0bf5f7000-7fa0bf7f7000 rw-p 00000000 00:00 0 
7fa0bf7f7000-7fa0bf9f7000 rw-p 00000000 00:00 0 
7fa0bf9f7000-7fa0bfbf7000 rw-p 00000000 00:00 0 
7fa0bfbf7000-7fa0bfdf7000 rw-p 00000000 00:00 0 
7fa0bfdf7000-7fa0bfdff000 r-xp 00000000 08:03 4067409                    /usr/lib/jvm/java-8-oracle/jre/lib/amd64/libmanagement.so
7fa0bfdff000-7fa0bffff000 ---p 00008000 08:03 4067409                    /usr/lib/jvm/java-8-oracle/jre/lib/amd64/libmanagement.so
7fa0bffff000-7fa0c0000000 rw-p 00008000 08:03 4067409                    /usr/lib/jvm/java-8-oracle/jre/lib/amd64/libmanagement.so
7fa0c0000000-7fa0c1fdf000 rw-p 00000000 00:00 0 
7fa0c1fdf000-7fa0c4000000 ---p 00000000 00:00 0 
7fa0c408c000-7fa0c4091000 r--s 002f8000 08:03 3804621                    /usr/lib/jvm/java-8-oracle/jre/lib/charsets.jar
7fa0c4091000-7fa0c4094000 ---p 00000000 00:00 0 
7fa0c4094000-7fa0c4192000 rw-p 00000000 00:00 0 
7fa0c4192000-7fa0c41a5000 r--s 00344000 08:03 3804496                    /usr/lib/jvm/java-8-oracle/jre/lib/resources.jar
7fa0c41a5000-7fa0c43a5000 rw-p 00000000 00:00 0 
7fa0c43a5000-7fa0c43a7000 r--s 00009000 08:06 28840952                   /home/jimmy/.m2/repository/org/apache/tomcat/embed/tomcat-embed-logging-juli/8.0.15/tomcat-embed-logging-juli-8.0.15.jar
7fa0c43a7000-7fa0c43b6000 r--s 000b0000 08:06 28840947                   /home/jimmy/.m2/repository/org/springframework/spring-webmvc/4.1.4.RELEASE/spring-webmvc-4.1.4.RELEASE.jar
7fa0c43b6000-7fa0c43bb000 r--s 00034000 08:06 28840953                   /home/jimmy/.m2/repository/org/apache/tomcat/embed/tomcat-embed-websocket/8.0.15/tomcat-embed-websocket-8.0.15.jar
7fa0c43bb000-7fa0c43bf000 r--s 0000c000 08:06 28840944                   /home/jimmy/.m2/repository/javax/validation/validation-api/1.1.0.Final/validation-api-1.1.0.Final.jar
7fa0c43bf000-7fa0c43c0000 r--s 00000000 08:06 28710952                   /home/jimmy/.m2/repository/org/springframework/boot/spring-boot-starter-web/1.2.1.RELEASE/spring-boot-starter-web-1.2.1.RELEASE.jar
7fa0c43c0000-7fa0c43c6000 r--s 0003d000 08:06 26610749                   /home/jimmy/.m2/repository/ch/qos/logback/logback-classic/1.1.2/logback-classic-1.1.2.jar
7fa0c43c6000-7fa0c43c8000 r--s 0000d000 08:06 27267179                   /home/jimmy/.m2/repository/org/rxtx/rxtx/2.2pre2/rxtx-2.2pre2.jar
7fa0c43c8000-7fa0c43c9000 r--s 00000000 08:06 28710953                   /home/jimmy/.m2/repository/org/springframework/boot/spring-boot-starter-tomcat/1.2.1.RELEASE/spring-boot-starter-tomcat-1.2.1.RELEASE.jar
7fa0c43c9000-7fa0c43ca000 r--s 00000000 08:06 28446615                   /home/jimmy/.m2/repository/org/springframework/boot/spring-boot-starter-logging/1.2.1.RELEASE/spring-boot-starter-logging-1.2.1.RELEASE.jar
7fa0c43ca000-7fa0c43cb000 r--s 00000000 08:06 28314721                   /home/jimmy/.m2/repository/org/springframework/boot/spring-boot-starter-websocket/1.2.1.RELEASE/spring-boot-starter-websocket-1.2.1.RELEASE.jar
7fa0c43cb000-7fa0c45cb000 rw-p 00000000 00:00 0 
7fa0c45cb000-7fa0c45ce000 ---p 00000000 00:00 0 
7fa0c45ce000-7fa0c46cc000 rw-p 00000000 00:00 0 
7fa0c46cc000-7fa0c46cf000 ---p 00000000 00:00 0 
7fa0c46cf000-7fa0c47cd000 rw-p 00000000 00:00 0 
7fa0c47cd000-7fa0c47d0000 ---p 00000000 00:00 0 
7fa0c47d0000-7fa0c4a06000 rw-p 00000000 00:00 0 
7fa0c4a06000-7fa0c4acd000 r--s 00a25000 08:06 29364133                   /home/jimmy/.m2/repository/org/scala-lang/scala-compiler/2.9.2/scala-compiler-2.9.2.jar
7fa0c4acd000-7fa0c4ad0000 r--s 00008000 08:06 29364130                   /home/jimmy/.m2/repository/com/typesafe/sbt/sbt-interface/0.12.1/sbt-interface-0.12.1.jar
7fa0c4ad0000-7fa0c4af5000 r--s 001be000 08:06 29364128                   /home/jimmy/.m2/repository/com/typesafe/sbt/incremental-compiler/0.12.1/incremental-compiler-0.12.1.jar
7fa0c4af5000-7fa0c4af6000 r--s 00004000 08:06 29364127                   /home/jimmy/.m2/repository/com/typesafe/sbt/compiler-interface/0.12.1/compiler-interface-0.12.1-sources.jar
7fa0c4af6000-7fa0c4b74000 r--s 007f5000 08:06 29364126                   /home/jimmy/.m2/repository/org/scala-lang/scala-library/2.9.2/scala-library-2.9.2.jar
7fa0c4b74000-7fa0c4b79000 r--s 00046000 08:06 29364125                   /home/jimmy/.m2/repository/com/typesafe/zinc/zinc/0.2.0/zinc-0.2.0.jar
7fa0c4b79000-7fa0c4b7b000 r--s 00006000 08:06 14951052                   /home/jimmy/.m2/repository/org/apache/maven/shared/maven-invoker/2.0.11/maven-invoker-2.0.11.jar
7fa0c4b7b000-7fa0c4b7c000 r--s 00002000 08:06 45744165                   /home/jimmy/.m2/repository/org/apache/maven/doxia/doxia-logging-api/1.1.2/doxia-logging-api-1.1.2.jar
7fa0c4b7c000-7fa0c4b7e000 r--s 00002000 08:06 45744164                   /home/jimmy/.m2/repository/org/apache/maven/doxia/doxia-sink-api/1.1.2/doxia-sink-api-1.1.2.jar
7fa0c4b7e000-7fa0c4b80000 r--s 00004000 08:06 13640032                   /home/jimmy/.m2/repository/org/apache/maven/maven-archiver/2.5/maven-archiver-2.5.jar
7fa0c4b80000-7fa0c4b83000 r--s 0000c000 08:06 13768826                   /home/jimmy/.m2/repository/org/codehaus/plexus/plexus-io/2.0.2/plexus-io-2.0.2.jar
7fa0c4b83000-7fa0c4b88000 r--s 00029000 08:06 13768825                   /home/jimmy/.m2/repository/org/codehaus/plexus/plexus-archiver/2.1/plexus-archiver-2.1.jar
7fa0c4b88000-7fa0c4b8c000 r--s 00034000 08:06 42864480                   /home/jimmy/.m2/repository/org/codehaus/plexus/plexus-utils/3.0/plexus-utils-3.0.jar
7fa0c4b8c000-7fa0c4b8e000 r--s 0000b000 08:06 45484524                   /home/jimmy/.m2/repository/org/apache/commons/commons-exec/1.1/commons-exec-1.1.jar
7fa0c4b8e000-7fa0c4b90000 r--s 00007000 08:06 20453537                   /home/jimmy/.m2/repository/org/apache/maven/shared/maven-dependency-tree/1.2/maven-dependency-tree-1.2.jar
7fa0c4b90000-7fa0c4b92000 r--s 00002000 08:06 15208159                   /home/jimmy/.m2/repository/org/sonatype/plexus/plexus-cipher/1.4/plexus-cipher-1.4.jar
7fa0c4b92000-7fa0c4b93000 r--s 00006000 08:06 14950510                   /home/jimmy/.m2/repository/org/sonatype/plexus/plexus-sec-dispatcher/1.3/plexus-sec-dispatcher-1.3.jar
7fa0c4b93000-7fa0c4b95000 r--s 00000000 08:06 15338896                   /home/jimmy/.m2/repository/org/codehaus/plexus/plexus-component-annotations/1.5.5/plexus-component-annotations-1.5.5.jar
7fa0c4b95000-7fa0c4b97000 r--s 0000d000 08:06 14951110                   /home/jimmy/.m2/repository/org/codehaus/plexus/plexus-interpolation/1.14/plexus-interpolation-1.14.jar
7fa0c4b97000-7fa0c4bb6000 r--s 00152000 08:06 18485946                   /home/jimmy/.m2/repository/org/sonatype/sisu/sisu-guava/0.9.9/sisu-guava-0.9.9.jar
7fa0c4bb6000-7fa0c4bbe000 r--s 00050000 08:06 14815884                   /home/jimmy/.m2/repository/org/sonatype/sisu/sisu-guice/3.1.0/sisu-guice-3.1.0-no_aop.jar
7fa0c4bbe000-7fa0c4bc5000 r--s 00040000 08:06 18225171                   /home/jimmy/.m2/repository/org/sonatype/sisu/sisu-inject-bean/2.3.0/sisu-inject-bean-2.3.0.jar
7fa0c4bc5000-7fa0c4bc9000 r--s 0001c000 08:06 20190692                   /home/jimmy/.m2/repository/org/sonatype/aether/aether-util/1.13.1/aether-util-1.13.1.jar
7fa0c4bc9000-7fa0c4bca000 r--s 00002000 08:06 14951018                   /home/jimmy/.m2/repository/org/apache/maven/reporting/maven-reporting-api/3.0/maven-reporting-api-3.0.jar
7fa0c4bca000-7fa0c4bcc000 r--s 00018000 08:06 22549821                   /home/jimmy/.m2/repository/net/alchim31/maven/scala-maven-plugin/3.1.5/scala-maven-plugin-3.1.5.jar
7fa0c4bcc000-7fa0c4bce000 r--s 0000d000 08:06 42864477                   /home/jimmy/.m2/repository/org/codehaus/plexus/plexus-interpolation/1.13/plexus-interpolation-1.13.jar
7fa0c4bce000-7fa0c4bcf000 r--s 00001000 08:06 44042795                   /home/jimmy/.m2/repository/org/sonatype/plexus/plexus-build-api/0.0.4/plexus-build-api-0.0.4.jar
7fa0c4bcf000-7fa0c4bd1000 r--s 00009000 08:06 43649541                   /home/jimmy/.m2/repository/org/apache/maven/shared/maven-filtering/1.0/maven-filtering-1.0.jar
7fa0c4bd1000-7fa0c4bd5000 r--s 00033000 08:06 42864374                   /home/jimmy/.m2/repository/org/codehaus/plexus/plexus-utils/2.0.5/plexus-utils-2.0.5.jar
7fa0c4bd5000-7fa0c4bd8000 r--s 0001b000 08:06 40108244                   /home/jimmy/.m2/repository/junit/junit/3.8.1/junit-3.8.1.jar
7fa0c4bd8000-7fa0c4bda000 r--s 00002000 08:06 42864491                   /home/jimmy/.m2/repository/org/codehaus/plexus/plexus-interactivity-api/1.0-alpha-4/plexus-interactivity-api-1.0-alpha-4.jar
7fa0c4bda000-7fa0c4bdc000 r--s 00006000 08:06 42864490                   /home/jimmy/.m2/repository/commons-cli/commons-cli/1.0/commons-cli-1.0.jar
7fa0c4bdc000-7fa0c4bdd000 r--s 00001000 08:06 42864489                   /home/jimmy/.m2/repository/org/apache/maven/doxia/doxia-sink-api/1.0-alpha-7/doxia-sink-api-1.0-alpha-7.jar
7fa0c4bdd000-7fa0c4bde000 r--s 00002000 08:06 42864488                   /home/jimmy/.m2/repository/org/apache/maven/reporting/maven-reporting-api/2.0.6/maven-reporting-api-2.0.6.jar
7fa0c4bde000-7fa0c4be0000 r--s 00005000 08:06 41552779                   /home/jimmy/.m2/repository/org/apache/maven/plugins/maven-resources-plugin/2.5/maven-resources-plugin-2.5.jar
7fa0c4be0000-7fa0c4be4000 r--s 00034000 08:06 28840954                   /home/jimmy/.m2/repository/com/fasterxml/jackson/core/jackson-core/2.4.4/jackson-core-2.4.4.jar
7fa0c4be4000-7fa0c4be5000 r--s 00005000 08:06 28710950                   /home/jimmy/.m2/repository/org/slf4j/log4j-over-slf4j/1.7.8/log4j-over-slf4j-1.7.8.jar
7fa0c4be5000-7fa0c4bee000 r--s 0004f000 08:06 28446620                   /home/jimmy/.m2/repository/org/springframework/spring-aop/4.1.4.RELEASE/spring-aop-4.1.4.RELEASE.jar
7fa0c4bee000-7fa0c4bf8000 r--s 0005f000 08:06 26610750                   /home/jimmy/.m2/repository/ch/qos/logback/logback-core/1.1.2/logback-core-1.1.2.jar
7fa0c4bf8000-7fa0c4c07000 r--s 00064000 08:06 28446614                   /home/jimmy/.m2/repository/org/springframework/boot/spring-boot-autoconfigure/1.2.1.RELEASE/spring-boot-autoconfigure-1.2.1.RELEASE.jar
7fa0c4c07000-7fa0c4c15000 r--s 0008d000 08:06 28840943                   /home/jimmy/.m2/repository/org/hibernate/hibernate-validator/5.1.3.Final/hibernate-validator-5.1.3.Final.jar
7fa0c4c15000-7fa0c4c19000 r--s 00036000 08:06 28840951                   /home/jimmy/.m2/repository/org/apache/tomcat/embed/tomcat-embed-el/8.0.15/tomcat-embed-el-8.0.15.jar
7fa0c4c19000-7fa0c4c1e000 r--s 0003b000 08:06 28446621                   /home/jimmy/.m2/repository/org/springframework/spring-expression/4.1.4.RELEASE/spring-expression-4.1.4.RELEASE.jar
7fa0c4c1e000-7fa0c4c1f000 r--s 00007000 08:06 28710948                   /home/jimmy/.m2/repository/org/slf4j/slf4j-api/1.7.8/slf4j-api-1.7.8.jar
7fa0c4c1f000-7fa0c4c29000 r--s 0005c000 08:06 28446613                   /home/jimmy/.m2/repository/org/springframework/boot/spring-boot/1.2.1.RELEASE/spring-boot-1.2.1.RELEASE.jar
7fa0c4c29000-7fa0c4c3a000 r--s 000f6000 08:06 28840942                   /home/jimmy/.m2/repository/com/fasterxml/jackson/core/jackson-databind/2.4.4/jackson-databind-2.4.4.jar
7fa0c4c3a000-7fa0c4c47000 r--s 000a0000 08:06 28446618                   /home/jimmy/.m2/repository/org/springframework/spring-beans/4.1.4.RELEASE/spring-beans-4.1.4.RELEASE.jar
7fa0c4c47000-7fa0c4c49000 r--s 0000c000 08:06 26610775                   /home/jimmy/.m2/repository/org/jboss/logging/jboss-logging/3.1.3.GA/jboss-logging-3.1.3.GA.jar
7fa0c4c49000-7fa0c4c4b000 r--s 00000000 08:06 28710949                   /home/jimmy/.m2/repository/org/slf4j/jul-to-slf4j/1.7.8/jul-to-slf4j-1.7.8.jar
7fa0c4c4b000-7fa0c4c52000 r--s 0003f000 08:06 28840949                   /home/jimmy/.m2/repository/org/springframework/spring-messaging/4.1.4.RELEASE/spring-messaging-4.1.4.RELEASE.jar
7fa0c4c52000-7fa0c4c62000 r--s 0009f000 08:06 28840946                   /home/jimmy/.m2/repository/org/springframework/spring-web/4.1.4.RELEASE/spring-web-4.1.4.RELEASE.jar
7fa0c4c62000-7fa0c4c87000 r--s 0028d000 08:06 28840950                   /home/jimmy/.m2/repository/org/apache/tomcat/embed/tomcat-embed-core/8.0.15/tomcat-embed-core-8.0.15.jar
7fa0c4c87000-7fa0c4c8f000 r--s 00057000 08:06 28840948                   /home/jimmy/.m2/repository/org/springframework/spring-websocket/4.1.4.RELEASE/spring-websocket-4.1.4.RELEASE.jar
7fa0c4c8f000-7fa0c4d01000 r--s 00659000 08:06 29363922                   /home/jimmy/.m2/repository/org/scala-lang/scala-library/2.10.2/scala-library-2.10.2.jar
7fa0c4d01000-7fa0c4d08000 r--s 0003d000 08:06 28710951                   /home/jimmy/.m2/repository/org/yaml/snakeyaml/1.14/snakeyaml-1.14.jar
7fa0c4d08000-7fa0c4d0a000 r--s 00003000 08:06 28446616                   /home/jimmy/.m2/repository/org/slf4j/jcl-over-slf4j/1.7.8/jcl-over-slf4j-1.7.8.jar
7fa0c4d0a000-7fa0c4d0d000 r--s 00007000 08:06 28840955                   /home/jimmy/.m2/repository/com/fasterxml/jackson/core/jackson-annotations/2.4.4/jackson-annotations-2.4.4.jar
7fa0c4d0d000-7fa0c4d25000 r--s 000e3000 08:06 28446619                   /home/jimmy/.m2/repository/org/springframework/spring-context/4.1.4.RELEASE/spring-context-4.1.4.RELEASE.jar
7fa0c4d25000-7fa0c4d27000 r--s 0000d000 08:06 28840945                   /home/jimmy/.m2/repository/com/fasterxml/classmate/1.0.0/classmate-1.0.0.jar
7fa0c4d27000-7fa0c4d28000 r--s 00000000 08:06 28446612                   /home/jimmy/.m2/repository/org/springframework/boot/spring-boot-starter/1.2.1.RELEASE/spring-boot-starter-1.2.1.RELEASE.jar
7fa0c4d28000-7fa0c4d2b000 r--s 00006000 08:06 14815889                   /home/jimmy/.m2/repository/com/google/code/findbugs/jsr305/1.3.9/jsr305-1.3.9.jar
7fa0c4d2b000-7fa0c4d4c000 r--s 00172000 08:06 14950540                   /home/jimmy/.m2/repository/com/google/guava/guava/11.0.2/guava-11.0.2.jar
7fa0c4d4c000-7fa0c4d4d000 r--s 00008000 08:06 14950538                   /home/jimmy/.m2/repository/asm/asm-util/3.2/asm-util-3.2.jar
7fa0c4d4d000-7fa0c4d4e000 r--s 00004000 08:06 14950536                   /home/jimmy/.m2/repository/asm/asm-analysis/3.2/asm-analysis-3.2.jar
7fa0c4d4e000-7fa0c4d51000 r--s 00013000 08:06 14950533                   /home/jimmy/.m2/repository/commons-io/commons-io/1.3.2/commons-io-1.3.2.jar
7fa0c4d51000-7fa0c4d52000 r--s 00002000 08:06 14950534                   /home/jimmy/.m2/repository/org/vafer/jdependency/0.7/jdependency-0.7.jar
7fa0c4d52000-7fa0c4d55000 r--s 0000c000 08:06 14950530                   /home/jimmy/.m2/repository/org/apache/maven/shared/maven-dependency-tree/2.1/maven-dependency-tree-2.1.jar
7fa0c4d55000-7fa0c4d58000 r--s 00023000 08:06 14950529                   /home/jimmy/.m2/repository/org/jdom/jdom/1.1/jdom-1.1.jar
7fa0c4d58000-7fa0c4d5a000 r--s 00004000 08:06 14950526                   /home/jimmy/.m2/repository/asm/asm-tree/3.3.1/asm-tree-3.3.1.jar
7fa0c4d5a000-7fa0c4d5c000 r--s 00008000 08:06 14950524                   /home/jimmy/.m2/repository/asm/asm-commons/3.3.1/asm-commons-3.3.1.jar
7fa0c4d5c000-7fa0c4d5d000 r--s 0000a000 08:06 46007466                   /home/jimmy/.m2/repository/asm/asm/3.3.1/asm-3.3.1.jar
7fa0c4d5d000-7fa0c4d68000 r--s 00069000 08:06 14950522                   /home/jimmy/.m2/repository/org/sonatype/sisu/sisu-guice/2.1.7/sisu-guice-2.1.7-noaop.jar
7fa0c4d68000-7fa0c4d6d000 r--s 00021000 08:06 14950520                   /home/jimmy/.m2/repository/org/sonatype/sisu/sisu-inject-bean/1.4.2/sisu-inject-bean-1.4.2.jar
7fa0c4d6d000-7fa0c4d6f000 r--s 00017000 08:06 14950519                   /home/jimmy/.m2/repository/org/apache/maven/plugins/maven-shade-plugin/2.2/maven-shade-plugin-2.2.jar
7fa0c4d6f000-7fa0c4d73000 r--s 0003a000 08:06 13640094                   /home/jimmy/.m2/repository/org/codehaus/plexus/plexus-utils/3.0.17/plexus-utils-3.0.17.jar
7fa0c4d73000-7fa0c4d77000 r--s 00014000 08:06 14950517                   /home/jimmy/.m2/repository/org/tukaani/xz/1.2/xz-1.2.jar
7fa0c4d77000-7fa0c4d7c000 r--s 0003a000 08:06 14950516                   /home/jimmy/.m2/repository/org/apache/commons/commons-compress/1.5/commons-compress-1.5.jar
7fa0c4d7c000-7fa0c4d7f000 r--s 0000c000 08:06 14950514                   /home/jimmy/.m2/repository/org/codehaus/plexus/plexus-io/2.0.10/plexus-io-2.0.10.jar
7fa0c4d7f000-7fa0c4d84000 r--s 00024000 08:06 14950512                   /home/jimmy/.m2/repository/org/codehaus/plexus/plexus-archiver/2.4.4/plexus-archiver-2.4.4.jar
7fa0c4d84000-7fa0c4d86000 r--s 00009000 08:06 17434205                   /home/jimmy/.m2/repository/org/hamcrest/hamcrest-core/1.3/hamcrest-core-1.3.jar
7fa0c4d86000-7fa0c4d8e000 r--s 00045000 08:06 19800689                   /home/jimmy/.m2/repository/junit/junit/4.12/junit-4.12.jar
7fa0c4d8e000-7fa0c4d9c000 r--s 0008f000 08:06 16782271                   /home/jimmy/.m2/repository/com/google/collections/google-collections/1.0/google-collections-1.0.jar
7fa0c4d9c000-7fa0c4d9d000 r--s 0000a000 08:06 16652078                   /home/jimmy/.m2/repository/commons-logging/commons-logging-api/1.1/commons-logging-api-1.1.jar
7fa0c4d9d000-7fa0c4da6000 r--s 0006f000 08:06 17565422                   /home/jimmy/.m2/repository/log4j/log4j/1.2.17/log4j-1.2.17.jar
7fa0c4da6000-7fa0c4daa000 r--s 0001d000 08:06 16126436                   /home/jimmy/.m2/repository/org/apache/xbean/xbean-reflect/3.4/xbean-reflect-3.4.jar
7fa0c4daa000-7fa0c4dac000 r--s 00006000 08:06 14951049                   /home/jimmy/.m2/repository/org/apache/maven/shared/maven-common-artifact-filters/1.4/maven-common-artifact-filters-1.4.jar
7fa0c4dac000-7fa0c4db2000 r--s 00042000 08:06 14815886                   /home/jimmy/.m2/repository/org/eclipse/sisu/org.eclipse.sisu.inject/0.0.0.M5/org.eclipse.sisu.inject-0.0.0.M5.jar
7fa0c4db2000-7fa0c4db4000 r--s 00000000 08:06 45483134                   /home/jimmy/.m2/repository/aopalliance/aopalliance/1.0/aopalliance-1.0.jar
7fa0c4db4000-7fa0c4db5000 r--s 00000000 08:06 14815882                   /home/jimmy/.m2/repository/javax/inject/javax.inject/1/javax.inject-1.jar
7fa0c4db5000-7fa0c4db6000 r--s 00001000 08:06 45484265                   /home/jimmy/.m2/repository/javax/annotation/jsr250-api/1.0/jsr250-api-1.0.jar
7fa0c4db6000-7fa0c4db9000 r--s 00008000 08:06 14815881                   /home/jimmy/.m2/repository/javax/enterprise/cdi-api/1.0/cdi-api-1.0.jar
7fa0c4db9000-7fa0c4dbd000 r--s 00020000 08:06 18355027                   /home/jimmy/.m2/repository/org/eclipse/aether/aether-util/0.9.1.v20140329/aether-util-0.9.1.v20140329.jar
7fa0c4dbd000-7fa0c4dbf000 r--s 0000d000 08:06 13768824                   /home/jimmy/.m2/repository/org/codehaus/plexus/plexus-interpolation/1.15/plexus-interpolation-1.15.jar
7fa0c4dbf000-7fa0c4dc1000 r--s 0000e000 08:06 17046921                   /home/jimmy/.m2/repository/commons-logging/commons-logging/1.2/commons-logging-1.2.jar
7fa0c4dc1000-7fa0c4dd5000 r--s 000e2000 08:06 28446617                   /home/jimmy/.m2/repository/org/springframework/spring-core/4.1.4.RELEASE/spring-core-4.1.4.RELEASE.jar
7fa0c4dd5000-7fa0c4dd8000 r--s 0001d000 08:06 27133755                   /home/jimmy/.m2/repository/org/springframework/boot/spring-boot-loader-tools/1.2.1.RELEASE/spring-boot-loader-tools-1.2.1.RELEASE.jar
7fa0c4dd8000-7fa0c4dda000 r--s 00009000 08:06 28841015                   /home/jimmy/.m2/repository/org/springframework/boot/spring-boot-maven-plugin/1.2.1.RELEASE/spring-boot-maven-plugin-1.2.1.RELEASE.jar
7fa0c4dda000-7fa0c4ddb000 r--s 00003000 08:06 45613829                   /home/jimmy/.m2/repository/org/codehaus/plexus/plexus-compiler-javac/1.5.3/plexus-compiler-javac-1.5.3.jar
7fa0c4ddb000-7fa0c4ddd000 r--s 00000000 08:06 45613826                   /home/jimmy/.m2/repository/org/codehaus/plexus/plexus-compiler-manager/1.5.3/plexus-compiler-manager-1.5.3.jar
7fa0c4ddd000-7fa0c4dde000 r--s 00004000 08:06 45613823                   /home/jimmy/.m2/repository/org/codehaus/plexus/plexus-compiler-api/1.5.3/plexus-compiler-api-1.5.3.jar
7fa0c4dde000-7fa0c4de0000 r--s 00026000 08:06 42864516                   /home/jimmy/.m2/repository/org/codehaus/plexus/plexus-utils/1.0.4/plexus-utils-1.0.4.jar
7fa0c4de0000-7fa0c4de1000 r--s 00004000 08:06 45613669                   /home/jimmy/.m2/repository/org/apache/maven/plugins/maven-compiler-plugin/2.0.2/maven-compiler-plugin-2.0.2.jar
7fa0c4de1000-7fa0c4fe1000 rw-p 00000000 00:00 0 
7fa0c4fe1000-7fa0c4ff2000 r-xp 00000000 08:03 4067408                    /usr/lib/jvm/java-8-oracle/jre/lib/amd64/libnio.so
7fa0c4ff2000-7fa0c51f1000 ---p 00011000 08:03 4067408                    /usr/lib/jvm/java-8-oracle/jre/lib/amd64/libnio.so
7fa0c51f1000-7fa0c51f2000 rw-p 00010000 08:03 4067408                    /usr/lib/jvm/java-8-oracle/jre/lib/amd64/libnio.so
7fa0c51f2000-7fa0c5208000 r-xp 00000000 08:03 4067377                    /usr/lib/jvm/java-8-oracle/jre/lib/amd64/libnet.so
7fa0c5208000-7fa0c5408000 ---p 00016000 08:03 4067377                    /usr/lib/jvm/java-8-oracle/jre/lib/amd64/libnet.so
7fa0c5408000-7fa0c5409000 rw-p 00016000 08:03 4067377                    /usr/lib/jvm/java-8-oracle/jre/lib/amd64/libnet.so
7fa0c5409000-7fa0c540d000 r--s 00094000 08:03 3804638                    /usr/lib/jvm/java-8-oracle/jre/lib/jsse.jar
7fa0c540d000-7fa0c560d000 rw-p 00000000 00:00 0 
7fa0c560d000-7fa0c580d000 rw-p 00000000 00:00 0 
7fa0c580d000-7fa0c5829000 r--s 00393000 08:03 3804526                    /usr/lib/jvm/java-8-oracle/jre/lib/ext/cldrdata.jar
7fa0c5829000-7fa0c5834000 r--s 00116000 08:03 3804523                    /usr/lib/jvm/java-8-oracle/jre/lib/ext/localedata.jar
7fa0c5834000-7fa0c5836000 r--s 00005000 08:03 2503983                    /usr/share/maven3/lib/maven-repository-metadata-3.2.1.jar
7fa0c5836000-7fa0c5837000 r--s 00006000 08:03 2503948                    /usr/share/maven3/lib/plexus-sec-dispatcher-1.3.jar
7fa0c5837000-7fa0c5839000 r--s 0000a000 08:03 2503952                    /usr/share/maven3/lib/maven-plugin-api-3.2.1.jar
7fa0c5839000-7fa0c583b000 r--s 00009000 08:03 2503980                    /usr/share/maven3/lib/commons-cli-1.2.jar
7fa0c583b000-7fa0c5841000 r--s 00042000 08:03 2503985                    /usr/share/maven3/lib/org.eclipse.sisu.inject-0.0.0.M5.jar
7fa0c5841000-7fa0c5849000 r--s 00050000 08:03 2503963                    /usr/share/maven3/lib/sisu-guice-3.1.3-no_aop.jar
7fa0c5849000-7fa0c584d000 r--s 00020000 08:03 2503961                    /usr/share/maven3/lib/aether-impl-0.9.0.M2.jar
7fa0c584d000-7fa0c584f000 r--s 00002000 08:03 2503972                    /usr/share/maven3/lib/plexus-cipher-1.7.jar
7fa0c584f000-7fa0c5852000 r--s 00025000 08:03 2503960                    /usr/share/maven3/lib/maven-model-3.2.1.jar
7fa0c5852000-7fa0c5871000 r--s 00134000 08:03 2503956                    /usr/share/maven3/lib/wagon-http-2.6-shaded.jar
7fa0c5871000-7fa0c5873000 r--s 0000b000 08:03 2503995                    /usr/share/maven3/lib/wagon-provider-api-2.6.jar
7fa0c5873000-7fa0c5875000 r--s 00000000 08:03 2503957                    /usr/share/maven3/lib/plexus-component-annotations-1.5.5.jar
7fa0c5875000-7fa0c587a000 r--s 00024000 08:03 2503994                    /usr/share/maven3/lib/maven-model-builder-3.2.1.jar
7fa0c587a000-7fa0c587b000 r--s 00001000 08:03 2503965                    /usr/share/maven3/lib/jsr250-api-1.0.jar
7fa0c587b000-7fa0c587f000 r--s 00027000 08:03 2503947                    /usr/share/maven3/lib/commons-io-2.2.jar
7fa0c587f000-7fa0c5880000 r--s 00002000 08:03 2503949                    /usr/share/maven3/lib/wagon-file-2.6.jar
7fa0c5880000-7fa0c5881000 r--s 00002000 08:03 2503984                    /usr/share/maven3/lib/slf4j-simple-1.7.5.jar
7fa0c5881000-7fa0c5884000 r--s 00008000 08:03 2503958                    /usr/share/maven3/lib/cdi-api-1.0.jar
7fa0c5884000-7fa0c5885000 r--s 00002000 08:03 2503998                    /usr/share/maven3/lib/wagon-http-shared-2.6.jar
7fa0c5885000-7fa0c5889000 r--s 0003a000 08:03 2503993                    /usr/share/maven3/lib/plexus-utils-3.0.17.jar
7fa0c5889000-7fa0c588f000 r--s 0002a000 08:03 2503945                    /usr/share/maven3/lib/org.eclipse.sisu.plexus-0.0.0.M5.jar
7fa0c588f000-7fa0c5892000 r--s 0000d000 08:03 2503966                    /usr/share/maven3/lib/plexus-interpolation-1.19.jar
7fa0c5892000-7fa0c5896000 r--s 0001d000 08:03 2503978                    /usr/share/maven3/lib/aether-util-0.9.0.M2.jar
7fa0c5896000-7fa0c5898000 r--s 00000000 08:03 2503969                    /usr/share/maven3/lib/aopalliance-1.0.jar
7fa0c5898000-7fa0c589d000 r--s 00041000 08:03 2503989                    /usr/share/maven3/lib/commons-lang-2.6.jar
7fa0c589d000-7fa0c58a0000 r--s 0000a000 08:03 2504001                    /usr/share/maven3/boot/plexus-classworlds-2.5.1.jar
7fa0c58a0000-7fa0c58a1000 ---p 00000000 00:00 0 
7fa0c58a1000-7fa0c59a1000 rw-p 00000000 00:00 0 
7fa0c59a1000-7fa0c59a4000 ---p 00000000 00:00 0 
7fa0c59a4000-7fa0c5aa2000 rw-p 00000000 00:00 0 
7fa0c5aa2000-7fa0c5aa5000 ---p 00000000 00:00 0 
7fa0c5aa5000-7fa0c5ba3000 rw-p 00000000 00:00 0 
7fa0c5ba3000-7fa0c5ba6000 ---p 00000000 00:00 0 
7fa0c5ba6000-7fa0c5ca4000 rw-p 00000000 00:00 0 
7fa0c5ca4000-7fa0c5ca7000 ---p 00000000 00:00 0 
7fa0c5ca7000-7fa0c5da5000 rw-p 00000000 00:00 0 
7fa0c5da5000-7fa0c5da8000 ---p 00000000 00:00 0 
7fa0c5da8000-7fa0c5ea6000 rw-p 00000000 00:00 0 
7fa0c5ea6000-7fa0c5ea9000 ---p 00000000 00:00 0 
7fa0c5ea9000-7fa0c5fa7000 rw-p 00000000 00:00 0 
7fa0c5fa7000-7fa0c611e000 r--p 00000000 08:03 1722918                    /usr/lib/locale/locale-archive
7fa0c611e000-7fa0c6121000 ---p 00000000 00:00 0 
7fa0c6121000-7fa0c621f000 rw-p 00000000 00:00 0 
7fa0c621f000-7fa0c6222000 ---p 00000000 00:00 0 
7fa0c6222000-7fa0c6320000 rw-p 00000000 00:00 0 
7fa0c6320000-7fa0c6321000 ---p 00000000 00:00 0 
7fa0c6321000-7fa0c8044000 rw-p 00000000 00:00 0 
7fa0c8044000-7fa0c821a000 r--s 03cae000 08:03 3804497                    /usr/lib/jvm/java-8-oracle/jre/lib/rt.jar
7fa0c821a000-7fa0ccd48000 rw-p 00000000 00:00 0 
7fa0ccd48000-7fa0ccd49000 ---p 00000000 00:00 0 
7fa0ccd49000-7fa0cce49000 rw-p 00000000 00:00 0 
7fa0cce49000-7fa0cce4a000 ---p 00000000 00:00 0 
7fa0cce4a000-7fa0ccf4a000 rw-p 00000000 00:00 0 
7fa0ccf4a000-7fa0ccf4b000 ---p 00000000 00:00 0 
7fa0ccf4b000-7fa0cd04b000 rw-p 00000000 00:00 0 
7fa0cd04b000-7fa0cd04c000 ---p 00000000 00:00 0 
7fa0cd04c000-7fa0cd14c000 rw-p 00000000 00:00 0 
7fa0cd14c000-7fa0cd14d000 ---p 00000000 00:00 0 
7fa0cd14d000-7fa0cd24d000 rw-p 00000000 00:00 0 
7fa0cd24d000-7fa0cd24e000 ---p 00000000 00:00 0 
7fa0cd24e000-7fa0cd34e000 rw-p 00000000 00:00 0 
7fa0cd34e000-7fa0cd34f000 ---p 00000000 00:00 0 
7fa0cd34f000-7fa0cd44f000 rw-p 00000000 00:00 0 
7fa0cd44f000-7fa0cd450000 ---p 00000000 00:00 0 
7fa0cd450000-7fa0cd57f000 rw-p 00000000 00:00 0 
7fa0cd57f000-7fa0cd7e9000 ---p 00000000 00:00 0 
7fa0cd7e9000-7fa0cd818000 rw-p 00000000 00:00 0 
7fa0cd818000-7fa0cda81000 ---p 00000000 00:00 0 
7fa0cda81000-7fa0cdb80000 rw-p 00000000 00:00 0 
7fa0cdb80000-7fa0cdbce000 ---p 00000000 00:00 0 
7fa0cdbce000-7fa0cdc0e000 rw-p 00000000 00:00 0 
7fa0cdc0e000-7fa0cdf8f000 ---p 00000000 00:00 0 
7fa0cdf8f000-7fa0cef2f000 rwxp 00000000 00:00 0 
7fa0cef2f000-7fa0dcf8f000 ---p 00000000 00:00 0 
7fa0dcf8f000-7fa0dcfa9000 r-xp 00000000 08:03 4067380                    /usr/lib/jvm/java-8-oracle/jre/lib/amd64/libzip.so
7fa0dcfa9000-7fa0dd1a9000 ---p 0001a000 08:03 4067380                    /usr/lib/jvm/java-8-oracle/jre/lib/amd64/libzip.so
7fa0dd1a9000-7fa0dd1aa000 rw-p 0001a000 08:03 4067380                    /usr/lib/jvm/java-8-oracle/jre/lib/amd64/libzip.so
7fa0dd1aa000-7fa0dd1b5000 r-xp 00000000 08:03 5767406                    /lib/x86_64-linux-gnu/libnss_files-2.13.so
7fa0dd1b5000-7fa0dd3b4000 ---p 0000b000 08:03 5767406                    /lib/x86_64-linux-gnu/libnss_files-2.13.so
7fa0dd3b4000-7fa0dd3b5000 r--p 0000a000 08:03 5767406                    /lib/x86_64-linux-gnu/libnss_files-2.13.so
7fa0dd3b5000-7fa0dd3b6000 rw-p 0000b000 08:03 5767406                    /lib/x86_64-linux-gnu/libnss_files-2.13.so
7fa0dd3b6000-7fa0dd3c0000 r-xp 00000000 08:03 5767666                    /lib/x86_64-linux-gnu/libnss_nis-2.13.so
7fa0dd3c0000-7fa0dd5bf000 ---p 0000a000 08:03 5767666                    /lib/x86_64-linux-gnu/libnss_nis-2.13.so
7fa0dd5bf000-7fa0dd5c0000 r--p 00009000 08:03 5767666                    /lib/x86_64-linux-gnu/libnss_nis-2.13.so
7fa0dd5c0000-7fa0dd5c1000 rw-p 0000a000 08:03 5767666                    /lib/x86_64-linux-gnu/libnss_nis-2.13.so
7fa0dd5c1000-7fa0dd5d6000 r-xp 00000000 08:03 5767426                    /lib/x86_64-linux-gnu/libnsl-2.13.so
7fa0dd5d6000-7fa0dd7d5000 ---p 00015000 08:03 5767426                    /lib/x86_64-linux-gnu/libnsl-2.13.so
7fa0dd7d5000-7fa0dd7d6000 r--p 00014000 08:03 5767426                    /lib/x86_64-linux-gnu/libnsl-2.13.so
7fa0dd7d6000-7fa0dd7d7000 rw-p 00015000 08:03 5767426                    /lib/x86_64-linux-gnu/libnsl-2.13.so
7fa0dd7d7000-7fa0dd7d9000 rw-p 00000000 00:00 0 
7fa0dd7d9000-7fa0dd7e0000 r-xp 00000000 08:03 5767677                    /lib/x86_64-linux-gnu/libnss_compat-2.13.so
7fa0dd7e0000-7fa0dd9df000 ---p 00007000 08:03 5767677                    /lib/x86_64-linux-gnu/libnss_compat-2.13.so
7fa0dd9df000-7fa0dd9e0000 r--p 00006000 08:03 5767677                    /lib/x86_64-linux-gnu/libnss_compat-2.13.so
7fa0dd9e0000-7fa0dd9e1000 rw-p 00007000 08:03 5767677                    /lib/x86_64-linux-gnu/libnss_compat-2.13.so
7fa0dd9e1000-7fa0dda0b000 r-xp 00000000 08:03 4067392                    /usr/lib/jvm/java-8-oracle/jre/lib/amd64/libjava.so
7fa0dda0b000-7fa0ddc0b000 ---p 0002a000 08:03 4067392                    /usr/lib/jvm/java-8-oracle/jre/lib/amd64/libjava.so
7fa0ddc0b000-7fa0ddc0d000 rw-p 0002a000 08:03 4067392                    /usr/lib/jvm/java-8-oracle/jre/lib/amd64/libjava.so
7fa0ddc0d000-7fa0ddc1a000 r-xp 00000000 08:03 4067365                    /usr/lib/jvm/java-8-oracle/jre/lib/amd64/libverify.so
7fa0ddc1a000-7fa0dde1a000 ---p 0000d000 08:03 4067365                    /usr/lib/jvm/java-8-oracle/jre/lib/amd64/libverify.so
7fa0dde1a000-7fa0dde1c000 rw-p 0000d000 08:03 4067365                    /usr/lib/jvm/java-8-oracle/jre/lib/amd64/libverify.so
7fa0dde1c000-7fa0dde23000 r-xp 00000000 08:03 5767631                    /lib/x86_64-linux-gnu/librt-2.13.so
7fa0dde23000-7fa0de022000 ---p 00007000 08:03 5767631                    /lib/x86_64-linux-gnu/librt-2.13.so
7fa0de022000-7fa0de023000 r--p 00006000 08:03 5767631                    /lib/x86_64-linux-gnu/librt-2.13.so
7fa0de023000-7fa0de024000 rw-p 00007000 08:03 5767631                    /lib/x86_64-linux-gnu/librt-2.13.so
7fa0de024000-7fa0de0a5000 r-xp 00000000 08:03 5767422                    /lib/x86_64-linux-gnu/libm-2.13.so
7fa0de0a5000-7fa0de2a4000 ---p 00081000 08:03 5767422                    /lib/x86_64-linux-gnu/libm-2.13.so
7fa0de2a4000-7fa0de2a5000 r--p 00080000 08:03 5767422                    /lib/x86_64-linux-gnu/libm-2.13.so
7fa0de2a5000-7fa0de2a6000 rw-p 00081000 08:03 5767422                    /lib/x86_64-linux-gnu/libm-2.13.so
7fa0de2a6000-7fa0def14000 r-xp 00000000 08:03 4067394                    /usr/lib/jvm/java-8-oracle/jre/lib/amd64/server/libjvm.so
7fa0def14000-7fa0df113000 ---p 00c6e000 08:03 4067394                    /usr/lib/jvm/java-8-oracle/jre/lib/amd64/server/libjvm.so
7fa0df113000-7fa0df1e9000 rw-p 00c6d000 08:03 4067394                    /usr/lib/jvm/java-8-oracle/jre/lib/amd64/server/libjvm.so
7fa0df1e9000-7fa0df22c000 rw-p 00000000 00:00 0 
7fa0df22c000-7fa0df3ae000 r-xp 00000000 08:03 5767628                    /lib/x86_64-linux-gnu/libc-2.13.so
7fa0df3ae000-7fa0df5ae000 ---p 00182000 08:03 5767628                    /lib/x86_64-linux-gnu/libc-2.13.so
7fa0df5ae000-7fa0df5b2000 r--p 00182000 08:03 5767628                    /lib/x86_64-linux-gnu/libc-2.13.so
7fa0df5b2000-7fa0df5b3000 rw-p 00186000 08:03 5767628                    /lib/x86_64-linux-gnu/libc-2.13.so
7fa0df5b3000-7fa0df5b8000 rw-p 00000000 00:00 0 
7fa0df5b8000-7fa0df5ba000 r-xp 00000000 08:03 5767634                    /lib/x86_64-linux-gnu/libdl-2.13.so
7fa0df5ba000-7fa0df7ba000 ---p 00002000 08:03 5767634                    /lib/x86_64-linux-gnu/libdl-2.13.so
7fa0df7ba000-7fa0df7bb000 r--p 00002000 08:03 5767634                    /lib/x86_64-linux-gnu/libdl-2.13.so
7fa0df7bb000-7fa0df7bc000 rw-p 00003000 08:03 5767634                    /lib/x86_64-linux-gnu/libdl-2.13.so
7fa0df7bc000-7fa0df7d1000 r-xp 00000000 08:03 3541631                    /usr/lib/jvm/java-8-oracle/lib/amd64/jli/libjli.so
7fa0df7d1000-7fa0df9d0000 ---p 00015000 08:03 3541631                    /usr/lib/jvm/java-8-oracle/lib/amd64/jli/libjli.so
7fa0df9d0000-7fa0df9d1000 rw-p 00014000 08:03 3541631                    /usr/lib/jvm/java-8-oracle/lib/amd64/jli/libjli.so
7fa0df9d1000-7fa0df9e8000 r-xp 00000000 08:03 5767685                    /lib/x86_64-linux-gnu/libpthread-2.13.so
7fa0df9e8000-7fa0dfbe7000 ---p 00017000 08:03 5767685                    /lib/x86_64-linux-gnu/libpthread-2.13.so
7fa0dfbe7000-7fa0dfbe8000 r--p 00016000 08:03 5767685                    /lib/x86_64-linux-gnu/libpthread-2.13.so
7fa0dfbe8000-7fa0dfbe9000 rw-p 00017000 08:03 5767685                    /lib/x86_64-linux-gnu/libpthread-2.13.so
7fa0dfbe9000-7fa0dfbed000 rw-p 00000000 00:00 0 
7fa0dfbed000-7fa0dfc0d000 r-xp 00000000 08:03 5767641                    /lib/x86_64-linux-gnu/ld-2.13.so
7fa0dfc0d000-7fa0dfc0f000 r--s 00009000 08:03 2503964                    /usr/share/maven3/lib/maven-settings-builder-3.2.1.jar
7fa0dfc0f000-7fa0dfc10000 r--s 00000000 08:03 2503997                    /usr/share/maven3/lib/javax.inject-1.jar
7fa0dfc10000-7fa0dfc12000 r--s 00007000 08:03 2503962                    /usr/share/maven3/lib/aether-connector-wagon-0.9.0.M2.jar
7fa0dfc12000-7fa0dfc14000 r--s 0000d000 08:03 2503967                    /usr/share/maven3/lib/maven-embedder-3.2.1.jar
7fa0dfc14000-7fa0dfc16000 r--s 00003000 08:03 2503955                    /usr/share/maven3/lib/aether-spi-0.9.0.M2.jar
7fa0dfc16000-7fa0dfc1a000 r--s 0001d000 08:03 2503946                    /usr/share/maven3/lib/aether-api-0.9.0.M2.jar
7fa0dfc1a000-7fa0dfc21000 r--s 0003f000 08:03 2503973                    /usr/share/maven3/lib/maven-compat-3.2.1.jar
7fa0dfc21000-7fa0dfc4a000 r--s 001ee000 08:03 2503975                    /usr/share/maven3/lib/guava-14.0.1.jar
7fa0dfc4a000-7fa0dfc50000 r--s 00042000 08:03 2503950                    /usr/share/maven3/lib/jsoup-1.7.2.jar
7fa0dfc50000-7fa0dfce7000 rw-p 00000000 00:00 0 
7fa0dfce7000-7fa0dfcea000 ---p 00000000 00:00 0 
7fa0dfcea000-7fa0dfdec000 rw-p 00000000 00:00 0 
7fa0dfdec000-7fa0dfdee000 r--s 00005000 08:03 2503986                    /usr/share/maven3/lib/slf4j-api-1.7.5.jar
7fa0dfdee000-7fa0dfdef000 r--s 0000e000 08:03 2503954                    /usr/share/maven3/lib/maven-aether-provider-3.2.1.jar
7fa0dfdef000-7fa0dfdf2000 r--s 0000b000 08:03 2503992                    /usr/share/maven3/lib/maven-artifact-3.2.1.jar
7fa0dfdf2000-7fa0dfdfe000 r--s 00081000 08:03 2503987                    /usr/share/maven3/lib/maven-core-3.2.1.jar
7fa0dfdfe000-7fa0dfe00000 r--s 00009000 08:03 2503970                    /usr/share/maven3/lib/maven-settings-3.2.1.jar
7fa0dfe00000-7fa0dfe08000 rw-s 00000000 08:03 4850229                    /tmp/hsperfdata_jimmy/27390
7fa0dfe08000-7fa0dfe09000 rw-p 00000000 00:00 0 
7fa0dfe09000-7fa0dfe0a000 r--p 00000000 00:00 0 
7fa0dfe0a000-7fa0dfe0c000 rw-p 00000000 00:00 0 
7fa0dfe0c000-7fa0dfe0d000 r--p 0001f000 08:03 5767641                    /lib/x86_64-linux-gnu/ld-2.13.so
7fa0dfe0d000-7fa0dfe0e000 rw-p 00020000 08:03 5767641                    /lib/x86_64-linux-gnu/ld-2.13.so
7fa0dfe0e000-7fa0dfe0f000 rw-p 00000000 00:00 0 
7fffe1004000-7fffe1025000 rw-p 00000000 00:00 0                          [stack]
7fffe1156000-7fffe1157000 r-xp 00000000 00:00 0                          [vdso]
ffffffffff600000-ffffffffff601000 r-xp 00000000 00:00 0                  [vsyscall]

VM Arguments:
jvm_args: -Dclassworlds.conf=/usr/share/maven3/bin/m2.conf -Dmaven.home=/usr/share/maven3 
java_command: org.codehaus.plexus.classworlds.launcher.Launcher spring-boot:run
java_class_path (initial): /usr/share/maven3/boot/plexus-classworlds-2.5.1.jar
Launcher Type: SUN_STANDARD

Environment Variables:
JAVA_HOME=/usr/lib/jvm/java-8-oracle/bin/java
PATH=/usr/local/bin:/usr/bin:/bin:/usr/local/games:/usr/games:/usr/lib/jvm/java-8-oracle/bin:/usr/lib/jvm/java-8-oracle/db/bin:/usr/lib/jvm/java-8-oracle/jre/bin
SHELL=/bin/bash
DISPLAY=:0

Signal Handlers:
SIGSEGV: [libjvm.so+0xa7a650], sa_mask[0]=11111111011111111101111111111110, sa_flags=SA_RESTART|SA_SIGINFO
SIGBUS: [libjvm.so+0xa7a650], sa_mask[0]=11111111011111111101111111111110, sa_flags=SA_RESTART|SA_SIGINFO
SIGFPE: [libjvm.so+0x8e28f0], sa_mask[0]=11111111011111111101111111111110, sa_flags=SA_RESTART|SA_SIGINFO
SIGPIPE: [libjvm.so+0x8e28f0], sa_mask[0]=11111111011111111101111111111110, sa_flags=SA_RESTART|SA_SIGINFO
SIGXFSZ: [libjvm.so+0x8e28f0], sa_mask[0]=11111111011111111101111111111110, sa_flags=SA_RESTART|SA_SIGINFO
SIGILL: [libjvm.so+0x8e28f0], sa_mask[0]=11111111011111111101111111111110, sa_flags=SA_RESTART|SA_SIGINFO
SIGUSR1: SIG_DFL, sa_mask[0]=00000000000000000000000000000000, sa_flags=none
SIGUSR2: [libjvm.so+0x8e4120], sa_mask[0]=00000000000000000000000000000000, sa_flags=SA_RESTART|SA_SIGINFO
SIGHUP: [libjvm.so+0x8e54e0], sa_mask[0]=11111111011111111101111111111110, sa_flags=SA_RESTART|SA_SIGINFO
SIGINT: [libjvm.so+0x8e54e0], sa_mask[0]=11111111011111111101111111111110, sa_flags=SA_RESTART|SA_SIGINFO
SIGTERM: [libjvm.so+0x8e54e0], sa_mask[0]=11111111011111111101111111111110, sa_flags=SA_RESTART|SA_SIGINFO
SIGQUIT: [libjvm.so+0x8e54e0], sa_mask[0]=11111111011111111101111111111110, sa_flags=SA_RESTART|SA_SIGINFO


---------------  S Y S T E M  ---------------

OS:PRETTY_NAME="Debian GNU/Linux 7 (wheezy)"
NAME="Debian GNU/Linux"
VERSION_ID="7"
VERSION="7 (wheezy)"
ID=debian
ANSI_COLOR="1;31"
HOME_URL="http://www.debian.org/"
SUPPORT_URL="http://www.debian.org/support/"
BUG_REPORT_URL="http://bugs.debian.org/"

uname:Linux 3.2.0-4-amd64 #1 SMP Debian 3.2.65-1+deb7u1 x86_64
libc:glibc 2.13 NPTL 2.13 
rlimit: STACK 8192k, CORE 0k, NPROC 63691, NOFILE 4096, AS infinity
load average:0.59 0.73 0.79

/proc/meminfo:
MemTotal:        8164604 kB
MemFree:         1985956 kB
Buffers:          175080 kB
Cached:          1971612 kB
SwapCached:         4276 kB
Active:          3545032 kB
Inactive:        1823868 kB
Active(anon):    2523080 kB
Inactive(anon):   750228 kB
Active(file):    1021952 kB
Inactive(file):  1073640 kB
Unevictable:           0 kB
Mlocked:               0 kB
SwapTotal:      15623176 kB
SwapFree:       15598880 kB
Dirty:               596 kB
Writeback:             0 kB
AnonPages:       3218456 kB
Mapped:           247392 kB
Shmem:             51088 kB
Slab:             658408 kB
SReclaimable:     605024 kB
SUnreclaim:        53384 kB
KernelStack:        6168 kB
PageTables:        58812 kB
NFS_Unstable:          0 kB
Bounce:                0 kB
WritebackTmp:          0 kB
CommitLimit:    19705476 kB
Committed_AS:    8553216 kB
VmallocTotal:   34359738367 kB
VmallocUsed:      131032 kB
VmallocChunk:   34359604220 kB
HardwareCorrupted:     0 kB
AnonHugePages:         0 kB
HugePages_Total:       0
HugePages_Free:        0
HugePages_Rsvd:        0
HugePages_Surp:        0
Hugepagesize:       2048 kB
DirectMap4k:      182272 kB
DirectMap2M:     8181760 kB


CPU:total 8 (4 cores per cpu, 2 threads per core) family 6 model 42 stepping 7, cmov, cx8, fxsr, mmx, sse, sse2, sse3, ssse3, sse4.1, sse4.2, popcnt, avx, aes, clmul, ht, tsc, tscinvbit

/proc/cpuinfo:
processor	: 0
vendor_id	: GenuineIntel
cpu family	: 6
model		: 42
model name	: Intel(R) Core(TM) i7-2600 CPU @ 3.40GHz
stepping	: 7
microcode	: 0x25
cpu MHz		: 1600.000
cache size	: 8192 KB
physical id	: 0
siblings	: 8
core id		: 0
cpu cores	: 4
apicid		: 0
initial apicid	: 0
fpu		: yes
fpu_exception	: yes
cpuid level	: 13
wp		: yes
flags		: fpu vme de pse tsc msr pae mce cx8 apic sep mtrr pge mca cmov pat pse36 clflush dts acpi mmx fxsr sse sse2 ss ht tm pbe syscall nx rdtscp lm constant_tsc arch_perfmon pebs bts rep_good nopl xtopology nonstop_tsc aperfmperf pni pclmulqdq dtes64 monitor ds_cpl vmx smx est tm2 ssse3 cx16 xtpr pdcm pcid sse4_1 sse4_2 x2apic popcnt tsc_deadline_timer aes xsave avx lahf_lm ida arat epb xsaveopt pln pts dtherm tpr_shadow vnmi flexpriority ept vpid
bogomips	: 6822.55
clflush size	: 64
cache_alignment	: 64
address sizes	: 36 bits physical, 48 bits virtual
power management:

processor	: 1
vendor_id	: GenuineIntel
cpu family	: 6
model		: 42
model name	: Intel(R) Core(TM) i7-2600 CPU @ 3.40GHz
stepping	: 7
microcode	: 0x25
cpu MHz		: 1600.000
cache size	: 8192 KB
physical id	: 0
siblings	: 8
core id		: 1
cpu cores	: 4
apicid		: 2
initial apicid	: 2
fpu		: yes
fpu_exception	: yes
cpuid level	: 13
wp		: yes
flags		: fpu vme de pse tsc msr pae mce cx8 apic sep mtrr pge mca cmov pat pse36 clflush dts acpi mmx fxsr sse sse2 ss ht tm pbe syscall nx rdtscp lm constant_tsc arch_perfmon pebs bts rep_good nopl xtopology nonstop_tsc aperfmperf pni pclmulqdq dtes64 monitor ds_cpl vmx smx est tm2 ssse3 cx16 xtpr pdcm pcid sse4_1 sse4_2 x2apic popcnt tsc_deadline_timer aes xsave avx lahf_lm ida arat epb xsaveopt pln pts dtherm tpr_shadow vnmi flexpriority ept vpid
bogomips	: 6822.07
clflush size	: 64
cache_alignment	: 64
address sizes	: 36 bits physical, 48 bits virtual
power management:

processor	: 2
vendor_id	: GenuineIntel
cpu family	: 6
model		: 42
model name	: Intel(R) Core(TM) i7-2600 CPU @ 3.40GHz
stepping	: 7
microcode	: 0x25
cpu MHz		: 1600.000
cache size	: 8192 KB
physical id	: 0
siblings	: 8
core id		: 2
cpu cores	: 4
apicid		: 4
initial apicid	: 4
fpu		: yes
fpu_exception	: yes
cpuid level	: 13
wp		: yes
flags		: fpu vme de pse tsc msr pae mce cx8 apic sep mtrr pge mca cmov pat pse36 clflush dts acpi mmx fxsr sse sse2 ss ht tm pbe syscall nx rdtscp lm constant_tsc arch_perfmon pebs bts rep_good nopl xtopology nonstop_tsc aperfmperf pni pclmulqdq dtes64 monitor ds_cpl vmx smx est tm2 ssse3 cx16 xtpr pdcm pcid sse4_1 sse4_2 x2apic popcnt tsc_deadline_timer aes xsave avx lahf_lm ida arat epb xsaveopt pln pts dtherm tpr_shadow vnmi flexpriority ept vpid
bogomips	: 6822.08
clflush size	: 64
cache_alignment	: 64
address sizes	: 36 bits physical, 48 bits virtual
power management:

processor	: 3
vendor_id	: GenuineIntel
cpu family	: 6
model		: 42
model name	: Intel(R) Core(TM) i7-2600 CPU @ 3.40GHz
stepping	: 7
microcode	: 0x25
cpu MHz		: 1600.000
cache size	: 8192 KB
physical id	: 0
siblings	: 8
core id		: 3
cpu cores	: 4
apicid		: 6
initial apicid	: 6
fpu		: yes
fpu_exception	: yes
cpuid level	: 13
wp		: yes
flags		: fpu vme de pse tsc msr pae mce cx8 apic sep mtrr pge mca cmov pat pse36 clflush dts acpi mmx fxsr sse sse2 ss ht tm pbe syscall nx rdtscp lm constant_tsc arch_perfmon pebs bts rep_good nopl xtopology nonstop_tsc aperfmperf pni pclmulqdq dtes64 monitor ds_cpl vmx smx est tm2 ssse3 cx16 xtpr pdcm pcid sse4_1 sse4_2 x2apic popcnt tsc_deadline_timer aes xsave avx lahf_lm ida arat epb xsaveopt pln pts dtherm tpr_shadow vnmi flexpriority ept vpid
bogomips	: 6822.07
clflush size	: 64
cache_alignment	: 64
address sizes	: 36 bits physical, 48 bits virtual
power management:

processor	: 4
vendor_id	: GenuineIntel
cpu family	: 6
model		: 42
model name	: Intel(R) Core(TM) i7-2600 CPU @ 3.40GHz
stepping	: 7
microcode	: 0x25
cpu MHz		: 1600.000
cache size	: 8192 KB
physical id	: 0
siblings	: 8
core id		: 0
cpu cores	: 4
apicid		: 1
initial apicid	: 1
fpu		: yes
fpu_exception	: yes
cpuid level	: 13
wp		: yes
flags		: fpu vme de pse tsc msr pae mce cx8 apic sep mtrr pge mca cmov pat pse36 clflush dts acpi mmx fxsr sse sse2 ss ht tm pbe syscall nx rdtscp lm constant_tsc arch_perfmon pebs bts rep_good nopl xtopology nonstop_tsc aperfmperf pni pclmulqdq dtes64 monitor ds_cpl vmx smx est tm2 ssse3 cx16 xtpr pdcm pcid sse4_1 sse4_2 x2apic popcnt tsc_deadline_timer aes xsave avx lahf_lm ida arat epb xsaveopt pln pts dtherm tpr_shadow vnmi flexpriority ept vpid
bogomips	: 6822.07
clflush size	: 64
cache_alignment	: 64
address sizes	: 36 bits physical, 48 bits virtual
power management:

processor	: 5
vendor_id	: GenuineIntel
cpu family	: 6
model		: 42
model name	: Intel(R) Core(TM) i7-2600 CPU @ 3.40GHz
stepping	: 7
microcode	: 0x25
cpu MHz		: 1600.000
cache size	: 8192 KB
physical id	: 0
siblings	: 8
core id		: 1
cpu cores	: 4
apicid		: 3
initial apicid	: 3
fpu		: yes
fpu_exception	: yes
cpuid level	: 13
wp		: yes
flags		: fpu vme de pse tsc msr pae mce cx8 apic sep mtrr pge mca cmov pat pse36 clflush dts acpi mmx fxsr sse sse2 ss ht tm pbe syscall nx rdtscp lm constant_tsc arch_perfmon pebs bts rep_good nopl xtopology nonstop_tsc aperfmperf pni pclmulqdq dtes64 monitor ds_cpl vmx smx est tm2 ssse3 cx16 xtpr pdcm pcid sse4_1 sse4_2 x2apic popcnt tsc_deadline_timer aes xsave avx lahf_lm ida arat epb xsaveopt pln pts dtherm tpr_shadow vnmi flexpriority ept vpid
bogomips	: 6822.07
clflush size	: 64
cache_alignment	: 64
address sizes	: 36 bits physical, 48 bits virtual
power management:

processor	: 6
vendor_id	: GenuineIntel
cpu family	: 6
model		: 42
model name	: Intel(R) Core(TM) i7-2600 CPU @ 3.40GHz
stepping	: 7
microcode	: 0x25
cpu MHz		: 1600.000
cache size	: 8192 KB
physical id	: 0
siblings	: 8
core id		: 2
cpu cores	: 4
apicid		: 5
initial apicid	: 5
fpu		: yes
fpu_exception	: yes
cpuid level	: 13
wp		: yes
flags		: fpu vme de pse tsc msr pae mce cx8 apic sep mtrr pge mca cmov pat pse36 clflush dts acpi mmx fxsr sse sse2 ss ht tm pbe syscall nx rdtscp lm constant_tsc arch_perfmon pebs bts rep_good nopl xtopology nonstop_tsc aperfmperf pni pclmulqdq dtes64 monitor ds_cpl vmx smx est tm2 ssse3 cx16 xtpr pdcm pcid sse4_1 sse4_2 x2apic popcnt tsc_deadline_timer aes xsave avx lahf_lm ida arat epb xsaveopt pln pts dtherm tpr_shadow vnmi flexpriority ept vpid
bogomips	: 6822.08
clflush size	: 64
cache_alignment	: 64
address sizes	: 36 bits physical, 48 bits virtual
power management:

processor	: 7
vendor_id	: GenuineIntel
cpu family	: 6
model		: 42
model name	: Intel(R) Core(TM) i7-2600 CPU @ 3.40GHz
stepping	: 7
microcode	: 0x25
cpu MHz		: 1600.000
cache size	: 8192 KB
physical id	: 0
siblings	: 8
core id		: 3
cpu cores	: 4
apicid		: 7
initial apicid	: 7
fpu		: yes
fpu_exception	: yes
cpuid level	: 13
wp		: yes
flags		: fpu vme de pse tsc msr pae mce cx8 apic sep mtrr pge mca cmov pat pse36 clflush dts acpi mmx fxsr sse sse2 ss ht tm pbe syscall nx rdtscp lm constant_tsc arch_perfmon pebs bts rep_good nopl xtopology nonstop_tsc aperfmperf pni pclmulqdq dtes64 monitor ds_cpl vmx smx est tm2 ssse3 cx16 xtpr pdcm pcid sse4_1 sse4_2 x2apic popcnt tsc_deadline_timer aes xsave avx lahf_lm ida arat epb xsaveopt pln pts dtherm tpr_shadow vnmi flexpriority ept vpid
bogomips	: 6822.07
clflush size	: 64
cache_alignment	: 64
address sizes	: 36 bits physical, 48 bits virtual
power management:



Memory: 4k page, physical 8164604k(1985956k free), swap 15623176k(15598880k free)

vm_info: Java HotSpot(TM) 64-Bit Server VM (25.31-b07) for linux-amd64 JRE (1.8.0_31-b13), built on Dec 17 2014 20:40:15 by "java_re" with gcc 4.3.0 20080428 (Red Hat 4.3.0-8)

time: Mon Feb 16 01:54:18 2015
elapsed time: 22 seconds (0d 0h 0m 22s)

