#
# A fatal error has been detected by the Java Runtime Environment:
#
#  SIGSEGV (0xb) at pc=0x00007f471b9f7d9d, pid=27180, tid=139943382812416
#
# JRE version: Java(TM) SE Runtime Environment (8.0_31-b13) (build 1.8.0_31-b13)
# Java VM: Java HotSpot(TM) 64-Bit Server VM (25.31-b07 mixed mode linux-amd64 compressed oops)
# Problematic frame:
# C  [librxtxSerial.so+0x6d9d]  read_byte_array+0x3d
#
# Failed to write core dump. Core dumps have been disabled. To enable core dumping, try "ulimit -c unlimited" before starting Java again
#
# If you would like to submit a bug report, please visit:
#   http://bugreport.java.com/bugreport/crash.jsp
# The crash happened outside the Java Virtual Machine in native code.
# See problematic frame for where to report the bug.
#

---------------  T H R E A D  ---------------

Current thread (0x00007f471cd2f800):  JavaThread "Thread-7" [_thread_in_native, id=27282, stack(0x00007f471b8f0000,0x00007f471b9f1000)]

siginfo: si_signo: 11 (SIGSEGV), si_code: 1 (SEGV_MAPERR), si_addr: 0x000000001b9ef5d8

Registers:
RAX=0x000000001b9ef5d0, RBX=0x000000000090d450, RCX=0x0000000000000001, RDX=0x00007f4741dac200
RSP=0x00007f471b9ee880, RBP=0x00007f471cd2f9e8, RSI=0x00007f471b9fab25, RDI=0x00007f471b9faa9f
R8 =0x0000000000000009, R9 =0x00000000dced71f8, R10=0x0000000000000346, R11=0x00007f4741db07c8
R12=0xffffffffffffffff, R13=0x0000000000000003, R14=0x00000000000000b7, R15=0x00000000ffffffff
RIP=0x00007f471b9f7d9d, EFLAGS=0x0000000000010206, CSGSFS=0x0000000000000033, ERR=0x0000000000000004
  TRAPNO=0x000000000000000e

Top of Stack: (sp=0x00007f471b9ee880)
0x00007f471b9ee880:   0000000000000001 0000000000000000
0x00007f471b9ee890:   0000000300000700 000000000090d450
0x00007f471b9ee8a0:   000000b71b9f1d18 0000000000d80470
0x00007f471b9ee8b0:   0000000000000000 00000000ffffffff
0x00007f471b9ee8c0:   00007f471b9ee920 000000001b9ef5d0
0x00007f471b9ee8d0:   000000000020c5d0 0000000000000000
0x00007f471b9ee8e0:   00000000000000b7 0000000000000000
0x00007f471b9ee8f0:   00007f471b9f1000 00007f47427a99f2
0x00007f471b9ee900:   0000000000000005 0000000000000000
0x00007f471b9ee910:   0000000000000000 00007f471b9f1d18
0x00007f471b9ee920:   00007f471b9ee950 000000000090d450
0x00007f471b9ee930:   00007f471cd2f9e8 ffffffffffffffff
0x00007f471b9ee940:   0000000000000003 00007f47427afa55
0x00007f471b9ee950:   000000000090d450 000000000090d450
0x00007f471b9ee960:   00000000000000b7 000000000090d450
0x00007f471b9ee970:   00007f471cd2f9e8 ffffffffffffffff
0x00007f471b9ee980:   0000000000000003 00000000000000b7
0x00007f471b9ee990:   0000000000000000 00007f471b9f8272
0x00007f471b9ee9a0:   00007f471cd2f800 00007f471b9eea88
0x00007f471b9ee9b0:   00007f471b9eea90 00007f471bc370f8
0x00007f471b9ee9c0:   00007f471b9eea58 0000000000000000
0x00007f471b9ee9d0:   00007f471bc370f0 00007f471b9eea90
0x00007f471b9ee9e0:   00007f471cd2f800 00007f4730b536d4
0x00007f471b9ee9f0:   00007f471bc370f8 0000000000000000
0x00007f471b9eea00:   00007f471b9eea58 00007f4730b53467
0x00007f471b9eea10:   00007f4730b53422 00007f471b9eea18
0x00007f471b9eea20:   00007f471bc370f0 00007f471b9eea90
0x00007f471b9eea30:   00007f471bc40998 0000000000000000
0x00007f471b9eea40:   00007f471bc370f8 0000000000000000
0x00007f471b9eea50:   00007f471b9eea78 00007f471b9eeaf8
0x00007f471b9eea60:   00007f4730b453d0 0000000000000000
0x00007f471b9eea70:   00007f4730b4d2b6 0000000000000003 

Instructions: (pc=0x00007f471b9f7d9d)
0x00007f471b9f7d7d:   4c 24 18 48 8d 15 17 2d 00 00 48 8d 0d 0e 2d 00
0x00007f471b9f7d8d:   00 44 89 44 24 14 e8 88 c7 ff ff 48 89 44 24 48
0x00007f471b9f7d9d:   8b 40 08 45 85 ff 48 8b 54 24 48 89 44 24 40 c7
0x00007f471b9f7dad:   42 08 00 00 00 00 0f 88 bd 01 00 00 31 c0 e8 70 

Register to memory mapping:

RAX=0x000000001b9ef5d0 is an unknown value
RBX=0x000000000090d450 is an unknown value
RCX=0x0000000000000001 is an unknown value
RDX=0x00007f4741dac200: <offset 0xf57200> in /usr/lib/jvm/java-8-oracle/jre/lib/amd64/server/libjvm.so at 0x00007f4740e55000
RSP=0x00007f471b9ee880 is pointing into the stack for thread: 0x00007f471cd2f800
RBP=0x00007f471cd2f9e8 is an unknown value
RSI=0x00007f471b9fab25: <offset 0x9b25> in /usr/lib/jvm/java-8-oracle/jre/lib/amd64/librxtxSerial.so at 0x00007f471b9f1000
RDI=0x00007f471b9faa9f: <offset 0x9a9f> in /usr/lib/jvm/java-8-oracle/jre/lib/amd64/librxtxSerial.so at 0x00007f471b9f1000
R8 =0x0000000000000009 is an unknown value
R9 =0x00000000dced71f8 is an oop
gnu.io.RXTXPort 
 - klass: 'gnu/io/RXTXPort'
R10=0x0000000000000346 is an unknown value
R11=0x00007f4741db07c8: <offset 0xf5b7c8> in /usr/lib/jvm/java-8-oracle/jre/lib/amd64/server/libjvm.so at 0x00007f4740e55000
R12=0xffffffffffffffff is an unknown value
R13=0x0000000000000003 is an unknown value
R14=0x00000000000000b7 is an unknown value
R15=0x00000000ffffffff is an unallocated location in the heap


Stack: [0x00007f471b8f0000,0x00007f471b9f1000],  sp=0x00007f471b9ee880,  free space=1018k
Native frames: (J=compiled Java code, j=interpreted, Vv=VM code, C=native code)
C  [librxtxSerial.so+0x6d9d]  read_byte_array+0x3d

Java frames: (J=compiled Java code, j=interpreted, Vv=VM code)
j  gnu.io.RXTXPort.readArray([BII)I+0
j  gnu.io.RXTXPort$SerialInputStream.read([BII)I+212
J 2061 C1 sun.nio.cs.StreamDecoder.readBytes()I (289 bytes) @ 0x00007f47311a4efc [0x00007f47311a4dc0+0x13c]
j  sun.nio.cs.StreamDecoder.implRead([CII)I+112
J 1542 C2 sun.nio.cs.StreamDecoder.read([CII)I (196 bytes) @ 0x00007f47310855f0 [0x00007f4731084e20+0x7d0]
j  java.io.InputStreamReader.read([CII)I+7
J 2050 C1 java.io.BufferedReader.fill()V (170 bytes) @ 0x00007f4731198814 [0x00007f4731198560+0x2b4]
j  java.io.BufferedReader.readLine(Z)Ljava/lang/String;+44
j  java.io.BufferedReader.readLine()Ljava/lang/String;+2
j  arduino.controller.WebSocketControllerImpl$$anon$1.serialEvent(Lgnu/io/SerialPortEvent;)V+32
j  gnu.io.RXTXPort.sendEvent(IZ)Z+382
v  ~StubRoutines::call_stub
j  gnu.io.RXTXPort.eventLoop()V+0
j  gnu.io.RXTXPort$MonitorThread.run()V+12
v  ~StubRoutines::call_stub

---------------  P R O C E S S  ---------------

Java Threads: ( => current thread )
  0x0000000000911800 JavaThread "MessageBrokerSockJS-6" [_thread_blocked, id=27284, stack(0x00007f471b6ee000,0x00007f471b7ef000)]
  0x00007f471c5bd000 JavaThread "clientOutboundChannel-2" [_thread_blocked, id=27283, stack(0x00007f471b7ef000,0x00007f471b8f0000)]
=>0x00007f471cd2f800 JavaThread "Thread-7" [_thread_in_native, id=27282, stack(0x00007f471b8f0000,0x00007f471b9f1000)]
  0x00000000020fb000 JavaThread "clientInboundChannel-9" [_thread_blocked, id=27281, stack(0x00007f471bdfe000,0x00007f471beff000)]
  0x00000000020f9000 JavaThread "clientInboundChannel-8" [_thread_blocked, id=27280, stack(0x00007f471beff000,0x00007f471c000000)]
  0x0000000001cfe800 JavaThread "clientInboundChannel-7" [_thread_blocked, id=27279, stack(0x00007f4720017000,0x00007f4720118000)]
  0x0000000001cfa800 JavaThread "http-nio-8080-exec-8" daemon [_thread_blocked, id=27278, stack(0x00007f4720118000,0x00007f4720219000)]
  0x0000000001cf8800 JavaThread "clientInboundChannel-6" [_thread_blocked, id=27277, stack(0x00007f4720219000,0x00007f472031a000)]
  0x0000000001828800 JavaThread "clientInboundChannel-5" [_thread_blocked, id=27276, stack(0x00007f472031a000,0x00007f472041b000)]
  0x0000000001827000 JavaThread "clientInboundChannel-4" [_thread_blocked, id=27275, stack(0x00007f472041b000,0x00007f472051c000)]
  0x0000000001823800 JavaThread "http-nio-8080-exec-7" daemon [_thread_blocked, id=27274, stack(0x00007f472051c000,0x00007f472061d000)]
  0x0000000002086800 JavaThread "MessageBrokerSockJS-5" [_thread_blocked, id=27273, stack(0x00007f472061d000,0x00007f472071e000)]
  0x0000000001682000 JavaThread "clientOutboundChannel-1" [_thread_blocked, id=27272, stack(0x00007f472071e000,0x00007f472081f000)]
  0x0000000001680800 JavaThread "clientInboundChannel-3" [_thread_blocked, id=27271, stack(0x00007f472081f000,0x00007f4720920000)]
  0x000000000167e800 JavaThread "clientInboundChannel-2" [_thread_blocked, id=27270, stack(0x00007f4720920000,0x00007f4720a21000)]
  0x000000000167c800 JavaThread "clientInboundChannel-1" [_thread_blocked, id=27269, stack(0x00007f4720a21000,0x00007f4720b22000)]
  0x0000000001211000 JavaThread "http-nio-8080-exec-6" daemon [_thread_blocked, id=27268, stack(0x00007f4720b22000,0x00007f4720c23000)]
  0x0000000000d23000 JavaThread "WebSocket background processing" daemon [_thread_blocked, id=27267, stack(0x00007f4720c23000,0x00007f4720d24000)]
  0x0000000000d21000 JavaThread "MessageBrokerSockJS-4" [_thread_blocked, id=27266, stack(0x00007f4720d24000,0x00007f4720e25000)]
  0x0000000000d1f000 JavaThread "WebSocketServer-localhost-ROOT-1" daemon [_thread_blocked, id=27265, stack(0x00007f4720e25000,0x00007f4720f26000)]
  0x0000000001cf1800 JavaThread "MessageBrokerSockJS-3" [_thread_blocked, id=27264, stack(0x00007f4720f26000,0x00007f4721027000)]
  0x0000000001cf0800 JavaThread "MessageBrokerSockJS-2" [_thread_blocked, id=27263, stack(0x00007f4721027000,0x00007f4721128000)]
  0x00000000016a2800 JavaThread "http-nio-8080-exec-5" daemon [_thread_blocked, id=27262, stack(0x00007f4723241000,0x00007f4723342000)]
  0x000000000100c800 JavaThread "http-nio-8080-exec-4" daemon [_thread_blocked, id=27261, stack(0x00007f4722236000,0x00007f4722337000)]
  0x0000000001b9f000 JavaThread "http-nio-8080-exec-3" daemon [_thread_blocked, id=27254, stack(0x00007f4721128000,0x00007f4721229000)]
  0x0000000001b9d800 JavaThread "http-nio-8080-exec-2" daemon [_thread_blocked, id=27253, stack(0x00007f4721229000,0x00007f472132a000)]
  0x0000000001107800 JavaThread "http-nio-8080-exec-1" daemon [_thread_blocked, id=27248, stack(0x00007f4723140000,0x00007f4723241000)]
  0x0000000001fdf800 JavaThread "http-nio-8080-Acceptor-0" daemon [_thread_in_native, id=27247, stack(0x00007f472132a000,0x00007f472142b000)]
  0x0000000001fdd000 JavaThread "http-nio-8080-ClientPoller-1" daemon [_thread_in_native, id=27246, stack(0x00007f472142b000,0x00007f472152c000)]
  0x0000000001fce000 JavaThread "http-nio-8080-ClientPoller-0" daemon [_thread_in_native, id=27245, stack(0x00007f472152c000,0x00007f472162d000)]
  0x0000000001fbe000 JavaThread "NioBlockingSelector.BlockPoller-1" daemon [_thread_in_native, id=27244, stack(0x00007f472162d000,0x00007f472172e000)]
  0x00000000019aa000 JavaThread "MessageBrokerSockJS-1" [_thread_blocked, id=27243, stack(0x00007f4721b2e000,0x00007f4721c2f000)]
  0x00007f471cdb1800 JavaThread "container-0" [_thread_blocked, id=27242, stack(0x00007f4721e34000,0x00007f4721f35000)]
  0x00000000010e5800 JavaThread "ContainerBackgroundProcessor[StandardEngine[Tomcat].StandardHost[localhost].StandardContext[]]" daemon [_thread_blocked, id=27241, stack(0x00007f4721f35000,0x00007f4722036000)]
  0x0000000001755800 JavaThread "process reaper" daemon [_thread_blocked, id=27215, stack(0x00007f472803a000,0x00007f4728073000)]
  0x0000000000932800 JavaThread "Service Thread" daemon [_thread_blocked, id=27212, stack(0x00007f4728935000,0x00007f4728a36000)]
  0x00007f4724034800 JavaThread "C1 CompilerThread3" daemon [_thread_blocked, id=27211, stack(0x00007f4728a36000,0x00007f4728b37000)]
  0x00007f4724032000 JavaThread "C2 CompilerThread2" daemon [_thread_blocked, id=27210, stack(0x00007f4728b37000,0x00007f4728c38000)]
  0x00007f4724030000 JavaThread "C2 CompilerThread1" daemon [_thread_blocked, id=27209, stack(0x00007f4728c38000,0x00007f4728d39000)]
  0x00007f472402d000 JavaThread "C2 CompilerThread0" daemon [_thread_blocked, id=27208, stack(0x00007f4728d39000,0x00007f4728e3a000)]
  0x00007f472402b000 JavaThread "Signal Dispatcher" daemon [_thread_blocked, id=27207, stack(0x00007f4728e3a000,0x00007f4728f3b000)]
  0x00000000008e8800 JavaThread "Finalizer" daemon [_thread_blocked, id=27206, stack(0x00007f47290b2000,0x00007f47291b3000)]
  0x00000000008e1000 JavaThread "Reference Handler" daemon [_thread_blocked, id=27205, stack(0x00007f47291b3000,0x00007f47292b4000)]
  0x0000000000868000 JavaThread "main" [_thread_blocked, id=27195, stack(0x00007f4742896000,0x00007f4742997000)]

Other Threads:
  0x00000000008db800 VMThread [stack: 0x00007f47292b4000,0x00007f47293b5000] [id=27204]
  0x0000000000935000 WatcherThread [stack: 0x00007f4728834000,0x00007f4728935000] [id=27213]

VM state:not at safepoint (normal execution)

VM Mutex/Monitor currently owned by a thread: None

Heap:
 PSYoungGen      total 276992K, used 109864K [0x00000000d6780000, 0x00000000f5700000, 0x0000000100000000)
  eden space 262144K, 41% used [0x00000000d6780000,0x00000000dd2ca108,0x00000000e6780000)
  from space 14848K, 0% used [0x00000000e6780000,0x00000000e6780000,0x00000000e7600000)
  to   space 19456K, 0% used [0x00000000f4400000,0x00000000f4400000,0x00000000f5700000)
 ParOldGen       total 96768K, used 32589K [0x0000000083600000, 0x0000000089480000, 0x00000000d6780000)
  object space 96768K, 33% used [0x0000000083600000,0x00000000855d36d0,0x0000000089480000)
 Metaspace       used 41874K, capacity 42586K, committed 43008K, reserved 1087488K
  class space    used 5282K, capacity 5517K, committed 5632K, reserved 1048576K

Card table byte_map: [0x00007f4730398000,0x00007f473077e000] byte_map_base: 0x00007f472ff7d000

Marking Bits: (ParMarkBitMap*) 0x00007f4741db02a0
 Begin Bits: [0x00007f472baa7000, 0x00007f472d9cf000)
 End Bits:   [0x00007f472d9cf000, 0x00007f472f8f7000)

Polling page: 0x00007f47429b8000

CodeCache: size=245760Kb used=15694Kb max_used=16114Kb free=230065Kb
 bounds [0x00007f4730b3e000, 0x00007f4731b4e000, 0x00007f473fb3e000]
 total_blobs=5010 nmethods=4566 adapters=358
 compilation: enabled

Compilation events (10 events):
Event: 20.230 Thread 0x00007f4724032000 nmethod 5404 0x00007f4731176c10 code [0x00007f4731176e80, 0x00007f4731178510]
Event: 20.236 Thread 0x00007f472402d000 nmethod 5403 0x00007f473132e490 code [0x00007f473132e740, 0x00007f47313301f8]
Event: 20.247 Thread 0x00007f4724034800 5405   !   3       java.lang.StringCoding$StringDecoder::decode (179 bytes)
Event: 20.250 Thread 0x00007f4724034800 nmethod 5405 0x00007f473145dc10 code [0x00007f473145df60, 0x00007f473145fbc8]
Event: 20.252 Thread 0x00007f4724034800 5406       3       java.lang.String::regionMatches (91 bytes)
Event: 20.252 Thread 0x00007f4724034800 nmethod 5406 0x00007f4731533450 code [0x00007f47315335e0, 0x00007f4731533990]
Event: 20.260 Thread 0x00007f4724034800 5407       3       java.lang.Class::isEnum (27 bytes)
Event: 20.261 Thread 0x00007f4724034800 nmethod 5407 0x00007f473104a590 code [0x00007f473104a720, 0x00007f473104aa98]
Event: 20.262 Thread 0x00007f4724034800 5408       3       com.fasterxml.jackson.databind.introspect.AnnotationMap::get (21 bytes)
Event: 20.262 Thread 0x00007f4724034800 nmethod 5408 0x00007f4731049fd0 code [0x00007f473104a160, 0x00007f473104a4c8]

GC Heap History (10 events):
Event: 4.944 GC heap before
{Heap before GC invocations=5 (full 0):
 PSYoungGen      total 136192K, used 136176K [0x00000000d6780000, 0x00000000df180000, 0x0000000100000000)
  eden space 131072K, 100% used [0x00000000d6780000,0x00000000de780000,0x00000000de780000)
  from space 5120K, 99% used [0x00000000dec80000,0x00000000df17c010,0x00000000df180000)
  to   space 5120K, 0% used [0x00000000de780000,0x00000000de780000,0x00000000dec80000)
 ParOldGen       total 86016K, used 11093K [0x0000000083600000, 0x0000000088a00000, 0x00000000d6780000)
  object space 86016K, 12% used [0x0000000083600000,0x00000000840d5508,0x0000000088a00000)
 Metaspace       used 20303K, capacity 20920K, committed 21248K, reserved 1067008K
  class space    used 2592K, capacity 2800K, committed 2816K, reserved 1048576K
Event: 4.959 GC heap after
Heap after GC invocations=5 (full 0):
 PSYoungGen      total 136192K, used 5104K [0x00000000d6780000, 0x00000000e8480000, 0x0000000100000000)
  eden space 131072K, 0% used [0x00000000d6780000,0x00000000d6780000,0x00000000de780000)
  from space 5120K, 99% used [0x00000000de780000,0x00000000dec7c030,0x00000000dec80000)
  to   space 14848K, 0% used [0x00000000e7600000,0x00000000e7600000,0x00000000e8480000)
 ParOldGen       total 86016K, used 19399K [0x0000000083600000, 0x0000000088a00000, 0x00000000d6780000)
  object space 86016K, 22% used [0x0000000083600000,0x00000000848f1d20,0x0000000088a00000)
 Metaspace       used 20303K, capacity 20920K, committed 21248K, reserved 1067008K
  class space    used 2592K, capacity 2800K, committed 2816K, reserved 1048576K
}
Event: 4.985 GC heap before
{Heap before GC invocations=6 (full 0):
 PSYoungGen      total 136192K, used 9094K [0x00000000d6780000, 0x00000000e8480000, 0x0000000100000000)
  eden space 131072K, 3% used [0x00000000d6780000,0x00000000d6b65af8,0x00000000de780000)
  from space 5120K, 99% used [0x00000000de780000,0x00000000dec7c030,0x00000000dec80000)
  to   space 14848K, 0% used [0x00000000e7600000,0x00000000e7600000,0x00000000e8480000)
 ParOldGen       total 86016K, used 19399K [0x0000000083600000, 0x0000000088a00000, 0x00000000d6780000)
  object space 86016K, 22% used [0x0000000083600000,0x00000000848f1d20,0x0000000088a00000)
 Metaspace       used 20585K, capacity 21112K, committed 21248K, reserved 1067008K
  class space    used 2630K, capacity 2800K, committed 2816K, reserved 1048576K
Event: 4.992 GC heap after
Heap after GC invocations=6 (full 0):
 PSYoungGen      total 276992K, used 5393K [0x00000000d6780000, 0x00000000e8480000, 0x0000000100000000)
  eden space 262144K, 0% used [0x00000000d6780000,0x00000000d6780000,0x00000000e6780000)
  from space 14848K, 36% used [0x00000000e7600000,0x00000000e7b44488,0x00000000e8480000)
  to   space 14848K, 0% used [0x00000000e6780000,0x00000000e6780000,0x00000000e7600000)
 ParOldGen       total 86016K, used 19399K [0x0000000083600000, 0x0000000088a00000, 0x00000000d6780000)
  object space 86016K, 22% used [0x0000000083600000,0x00000000848f1d20,0x0000000088a00000)
 Metaspace       used 20585K, capacity 21112K, committed 21248K, reserved 1067008K
  class space    used 2630K, capacity 2800K, committed 2816K, reserved 1048576K
}
Event: 4.992 GC heap before
{Heap before GC invocations=7 (full 1):
 PSYoungGen      total 276992K, used 5393K [0x00000000d6780000, 0x00000000e8480000, 0x0000000100000000)
  eden space 262144K, 0% used [0x00000000d6780000,0x00000000d6780000,0x00000000e6780000)
  from space 14848K, 36% used [0x00000000e7600000,0x00000000e7b44488,0x00000000e8480000)
  to   space 14848K, 0% used [0x00000000e6780000,0x00000000e6780000,0x00000000e7600000)
 ParOldGen       total 86016K, used 19399K [0x0000000083600000, 0x0000000088a00000, 0x00000000d6780000)
  object space 86016K, 22% used [0x0000000083600000,0x00000000848f1d20,0x0000000088a00000)
 Metaspace       used 20585K, capacity 21112K, committed 21248K, reserved 1067008K
  class space    used 2630K, capacity 2800K, committed 2816K, reserved 1048576K
Event: 5.054 GC heap after
Heap after GC invocations=7 (full 1):
 PSYoungGen      total 276992K, used 0K [0x00000000d6780000, 0x00000000e8480000, 0x0000000100000000)
  eden space 262144K, 0% used [0x00000000d6780000,0x00000000d6780000,0x00000000e6780000)
  from space 14848K, 0% used [0x00000000e7600000,0x00000000e7600000,0x00000000e8480000)
  to   space 14848K, 0% used [0x00000000e6780000,0x00000000e6780000,0x00000000e7600000)
 ParOldGen       total 62464K, used 14448K [0x0000000083600000, 0x0000000087300000, 0x00000000d6780000)
  object space 62464K, 23% used [0x0000000083600000,0x000000008441c268,0x0000000087300000)
 Metaspace       used 20585K, capacity 21112K, committed 21248K, reserved 1067008K
  class space    used 2630K, capacity 2800K, committed 2816K, reserved 1048576K
}
Event: 6.814 GC heap before
{Heap before GC invocations=8 (full 1):
 PSYoungGen      total 276992K, used 183893K [0x00000000d6780000, 0x00000000e8480000, 0x0000000100000000)
  eden space 262144K, 70% used [0x00000000d6780000,0x00000000e1b15640,0x00000000e6780000)
  from space 14848K, 0% used [0x00000000e7600000,0x00000000e7600000,0x00000000e8480000)
  to   space 14848K, 0% used [0x00000000e6780000,0x00000000e6780000,0x00000000e7600000)
 ParOldGen       total 62464K, used 14448K [0x0000000083600000, 0x0000000087300000, 0x00000000d6780000)
  object space 62464K, 23% used [0x0000000083600000,0x000000008441c268,0x0000000087300000)
 Metaspace       used 34585K, capacity 35172K, committed 35416K, reserved 1081344K
  class space    used 4390K, capacity 4594K, committed 4608K, reserved 1048576K
Event: 6.827 GC heap after
Heap after GC invocations=8 (full 1):
 PSYoungGen      total 276992K, used 14819K [0x00000000d6780000, 0x00000000f5700000, 0x0000000100000000)
  eden space 262144K, 0% used [0x00000000d6780000,0x00000000d6780000,0x00000000e6780000)
  from space 14848K, 99% used [0x00000000e6780000,0x00000000e75f8d20,0x00000000e7600000)
  to   space 19456K, 0% used [0x00000000f4400000,0x00000000f4400000,0x00000000f5700000)
 ParOldGen       total 62464K, used 18918K [0x0000000083600000, 0x0000000087300000, 0x00000000d6780000)
  object space 62464K, 30% used [0x0000000083600000,0x0000000084879828,0x0000000087300000)
 Metaspace       used 34585K, capacity 35172K, committed 35416K, reserved 1081344K
  class space    used 4390K, capacity 4594K, committed 4608K, reserved 1048576K
}
Event: 6.827 GC heap before
{Heap before GC invocations=9 (full 2):
 PSYoungGen      total 276992K, used 14819K [0x00000000d6780000, 0x00000000f5700000, 0x0000000100000000)
  eden space 262144K, 0% used [0x00000000d6780000,0x00000000d6780000,0x00000000e6780000)
  from space 14848K, 99% used [0x00000000e6780000,0x00000000e75f8d20,0x00000000e7600000)
  to   space 19456K, 0% used [0x00000000f4400000,0x00000000f4400000,0x00000000f5700000)
 ParOldGen       total 62464K, used 18918K [0x0000000083600000, 0x0000000087300000, 0x00000000d6780000)
  object space 62464K, 30% used [0x0000000083600000,0x0000000084879828,0x0000000087300000)
 Metaspace       used 34585K, capacity 35172K, committed 35416K, reserved 1081344K
  class space    used 4390K, capacity 4594K, committed 4608K, reserved 1048576K
Event: 6.922 GC heap after
Heap after GC invocations=9 (full 2):
 PSYoungGen      total 276992K, used 0K [0x00000000d6780000, 0x00000000f5700000, 0x0000000100000000)
  eden space 262144K, 0% used [0x00000000d6780000,0x00000000d6780000,0x00000000e6780000)
  from space 14848K, 0% used [0x00000000e6780000,0x00000000e6780000,0x00000000e7600000)
  to   space 19456K, 0% used [0x00000000f4400000,0x00000000f4400000,0x00000000f5700000)
 ParOldGen       total 96768K, used 32589K [0x0000000083600000, 0x0000000089480000, 0x00000000d6780000)
  object space 96768K, 33% used [0x0000000083600000,0x00000000855d36d0,0x0000000089480000)
 Metaspace       used 34585K, capacity 35172K, committed 35416K, reserved 1081344K
  class space    used 4390K, capacity 4594K, committed 4608K, reserved 1048576K
}

Deoptimization events (10 events):
Event: 7.034 Thread 0x00007f4724d63800 Uncommon trap: reason=bimorphic action=maybe_recompile pc=0x00007f47315d83dc method=java.util.WeakHashMap.eq(Ljava/lang/Object;Ljava/lang/Object;)Z @ 7
Event: 7.039 Thread 0x00007f4724d63800 Uncommon trap: reason=unloaded action=reinterpret pc=0x00007f47316fa940 method=org.springframework.util.ConcurrentReferenceHashMap$Segment.restructureIfNecessary(Z)V @ 312
Event: 7.111 Thread 0x00007f4724d63800 Uncommon trap: reason=unreached action=reinterpret pc=0x00007f47319a19c0 method=org.springframework.util.ReflectionUtils.doWithMethods(Ljava/lang/Class;Lorg/springframework/util/ReflectionUtils$MethodCallback;Lorg/springframework/util/ReflectionUtils$Meth
Event: 7.289 Thread 0x00007f4724d63800 Uncommon trap: reason=bimorphic action=maybe_recompile pc=0x00007f4731a2f898 method=java.util.WeakHashMap.eq(Ljava/lang/Object;Ljava/lang/Object;)Z @ 7
Event: 7.340 Thread 0x00007f4724d63800 Uncommon trap: reason=class_check action=maybe_recompile pc=0x00007f473150a080 method=java.util.Collections$UnmodifiableMap.size()I @ 4
Event: 16.632 Thread 0x000000000100c800 Uncommon trap: reason=unreached action=reinterpret pc=0x00007f4730ddbc84 method=java.util.concurrent.locks.AbstractQueuedSynchronizer.release(I)Z @ 14
Event: 16.632 Thread 0x00007f471cd2f800 Uncommon trap: reason=unreached action=reinterpret pc=0x00007f4731a3e97c method=java.util.concurrent.locks.AbstractQueuedSynchronizer.release(I)Z @ 14
Event: 16.737 Thread 0x000000000100c800 Uncommon trap: reason=unreached action=reinterpret pc=0x00007f4731077f00 method=java.util.HashMap.hash(Ljava/lang/Object;)I @ 1
Event: 16.820 Thread 0x0000000001211000 Uncommon trap: reason=unreached action=reinterpret pc=0x00007f4731a1b794 method=org.springframework.util.ObjectUtils.nullSafeEquals(Ljava/lang/Object;Ljava/lang/Object;)Z @ 12
Event: 20.198 Thread 0x0000000001cfe800 Uncommon trap: reason=class_check action=maybe_recompile pc=0x00007f473150a080 method=java.util.Collections$UnmodifiableMap.size()I @ 4

Internal exceptions (10 events):
Event: 20.271 Thread 0x0000000001cfe800 Exception <a 'java/security/PrivilegedActionException'> (0x00000000dcfa89e0) thrown at [/HUDSON/workspace/8-2-build-linux-amd64/jdk8u31/2394/hotspot/src/share/vm/prims/jvm.cpp, line 1312]
Event: 20.271 Thread 0x0000000001cfe800 Exception <a 'java/security/PrivilegedActionException'> (0x00000000dcfa9300) thrown at [/HUDSON/workspace/8-2-build-linux-amd64/jdk8u31/2394/hotspot/src/share/vm/prims/jvm.cpp, line 1312]
Event: 20.272 Thread 0x0000000001cfe800 Exception <a 'java/security/PrivilegedActionException'> (0x00000000dcfad4f8) thrown at [/HUDSON/workspace/8-2-build-linux-amd64/jdk8u31/2394/hotspot/src/share/vm/prims/jvm.cpp, line 1312]
Event: 20.272 Thread 0x0000000001cfe800 Exception <a 'java/security/PrivilegedActionException'> (0x00000000dcfadee0) thrown at [/HUDSON/workspace/8-2-build-linux-amd64/jdk8u31/2394/hotspot/src/share/vm/prims/jvm.cpp, line 1312]
Event: 20.272 Thread 0x0000000001cfe800 Exception <a 'java/security/PrivilegedActionException'> (0x00000000dcfb7198) thrown at [/HUDSON/workspace/8-2-build-linux-amd64/jdk8u31/2394/hotspot/src/share/vm/prims/jvm.cpp, line 1312]
Event: 20.272 Thread 0x0000000001cfe800 Exception <a 'java/security/PrivilegedActionException'> (0x00000000dd0bde58) thrown at [/HUDSON/workspace/8-2-build-linux-amd64/jdk8u31/2394/hotspot/src/share/vm/prims/jvm.cpp, line 1312]
Event: 20.272 Thread 0x0000000001cfe800 Exception <a 'java/security/PrivilegedActionException'> (0x00000000dd0c7dc0) thrown at [/HUDSON/workspace/8-2-build-linux-amd64/jdk8u31/2394/hotspot/src/share/vm/prims/jvm.cpp, line 1312]
Event: 20.272 Thread 0x0000000001cfe800 Exception <a 'java/security/PrivilegedActionException'> (0x00000000dd0c83e8) thrown at [/HUDSON/workspace/8-2-build-linux-amd64/jdk8u31/2394/hotspot/src/share/vm/prims/jvm.cpp, line 1312]
Event: 21.023 Thread 0x00007f471cd2f800 Exception <a 'java/security/PrivilegedActionException'> (0x00000000dcfb7e80) thrown at [/HUDSON/workspace/8-2-build-linux-amd64/jdk8u31/2394/hotspot/src/share/vm/prims/jvm.cpp, line 1312]
Event: 21.023 Thread 0x00007f471cd2f800 Exception <a 'java/security/PrivilegedActionException'> (0x00000000dcfb83a0) thrown at [/HUDSON/workspace/8-2-build-linux-amd64/jdk8u31/2394/hotspot/src/share/vm/prims/jvm.cpp, line 1312]

Events (10 events):
Event: 20.272 loading class com/fasterxml/jackson/core/json/JsonWriteContext
Event: 20.272 loading class com/fasterxml/jackson/core/json/JsonWriteContext done
Event: 20.274 Executing VM operation: RevokeBias
Event: 20.274 Executing VM operation: RevokeBias done
Event: 20.275 Thread 0x00007f471c5bd000 Thread added: 0x00007f471c5bd000
Event: 20.275 Thread 0x0000000000911800 Thread added: 0x0000000000911800
Event: 21.023 loading class gnu/io/SerialPortEvent
Event: 21.023 loading class gnu/io/SerialPortEvent done
Event: 21.024 Executing VM operation: RevokeBias
Event: 21.024 Executing VM operation: RevokeBias done


Dynamic libraries:
00400000-00401000 r-xp 00000000 08:03 3804091                            /usr/lib/jvm/java-8-oracle/bin/java
00600000-00601000 rw-p 00000000 08:03 3804091                            /usr/lib/jvm/java-8-oracle/bin/java
0085d000-03544000 rw-p 00000000 00:00 0                                  [heap]
83600000-89480000 rw-p 00000000 00:00 0 
89480000-d6780000 ---p 00000000 00:00 0 
d6780000-f5700000 rw-p 00000000 00:00 0 
f5700000-100000000 ---p 00000000 00:00 0 
100000000-100580000 rw-p 00000000 00:00 0 
100580000-140000000 ---p 00000000 00:00 0 
7f471b6ee000-7f471b6f1000 ---p 00000000 00:00 0 
7f471b6f1000-7f471b7ef000 rw-p 00000000 00:00 0 
7f471b7ef000-7f471b7f2000 ---p 00000000 00:00 0 
7f471b7f2000-7f471b8f0000 rw-p 00000000 00:00 0 
7f471b8f0000-7f471b8f3000 ---p 00000000 00:00 0 
7f471b8f3000-7f471b9f1000 rw-p 00000000 00:00 0 
7f471b9f1000-7f471b9fe000 r-xp 00000000 08:03 4067547                    /usr/lib/jvm/java-8-oracle/jre/lib/amd64/librxtxSerial.so
7f471b9fe000-7f471bbfd000 ---p 0000d000 08:03 4067547                    /usr/lib/jvm/java-8-oracle/jre/lib/amd64/librxtxSerial.so
7f471bbfd000-7f471bbfe000 rw-p 0000c000 08:03 4067547                    /usr/lib/jvm/java-8-oracle/jre/lib/amd64/librxtxSerial.so
7f471bbfe000-7f471bc7e000 rw-p 00000000 00:00 0 
7f471bc7e000-7f471bdfe000 ---p 00000000 00:00 0 
7f471bdfe000-7f471be01000 ---p 00000000 00:00 0 
7f471be01000-7f471beff000 rw-p 00000000 00:00 0 
7f471beff000-7f471bf02000 ---p 00000000 00:00 0 
7f471bf02000-7f471c000000 rw-p 00000000 00:00 0 
7f471c000000-7f471d6cf000 rw-p 00000000 00:00 0 
7f471d6cf000-7f4720000000 ---p 00000000 00:00 0 
7f4720017000-7f472001a000 ---p 00000000 00:00 0 
7f472001a000-7f4720118000 rw-p 00000000 00:00 0 
7f4720118000-7f472011b000 ---p 00000000 00:00 0 
7f472011b000-7f4720219000 rw-p 00000000 00:00 0 
7f4720219000-7f472021c000 ---p 00000000 00:00 0 
7f472021c000-7f472031a000 rw-p 00000000 00:00 0 
7f472031a000-7f472031d000 ---p 00000000 00:00 0 
7f472031d000-7f472041b000 rw-p 00000000 00:00 0 
7f472041b000-7f472041e000 ---p 00000000 00:00 0 
7f472041e000-7f472051c000 rw-p 00000000 00:00 0 
7f472051c000-7f472051f000 ---p 00000000 00:00 0 
7f472051f000-7f472061d000 rw-p 00000000 00:00 0 
7f472061d000-7f4720620000 ---p 00000000 00:00 0 
7f4720620000-7f472071e000 rw-p 00000000 00:00 0 
7f472071e000-7f4720721000 ---p 00000000 00:00 0 
7f4720721000-7f472081f000 rw-p 00000000 00:00 0 
7f472081f000-7f4720822000 ---p 00000000 00:00 0 
7f4720822000-7f4720920000 rw-p 00000000 00:00 0 
7f4720920000-7f4720923000 ---p 00000000 00:00 0 
7f4720923000-7f4720a21000 rw-p 00000000 00:00 0 
7f4720a21000-7f4720a24000 ---p 00000000 00:00 0 
7f4720a24000-7f4720b22000 rw-p 00000000 00:00 0 
7f4720b22000-7f4720b25000 ---p 00000000 00:00 0 
7f4720b25000-7f4720c23000 rw-p 00000000 00:00 0 
7f4720c23000-7f4720c26000 ---p 00000000 00:00 0 
7f4720c26000-7f4720d24000 rw-p 00000000 00:00 0 
7f4720d24000-7f4720d27000 ---p 00000000 00:00 0 
7f4720d27000-7f4720e25000 rw-p 00000000 00:00 0 
7f4720e25000-7f4720e28000 ---p 00000000 00:00 0 
7f4720e28000-7f4720f26000 rw-p 00000000 00:00 0 
7f4720f26000-7f4720f29000 ---p 00000000 00:00 0 
7f4720f29000-7f4721027000 rw-p 00000000 00:00 0 
7f4721027000-7f472102a000 ---p 00000000 00:00 0 
7f472102a000-7f4721128000 rw-p 00000000 00:00 0 
7f4721128000-7f472112b000 ---p 00000000 00:00 0 
7f472112b000-7f4721229000 rw-p 00000000 00:00 0 
7f4721229000-7f472122c000 ---p 00000000 00:00 0 
7f472122c000-7f472132a000 rw-p 00000000 00:00 0 
7f472132a000-7f472132d000 ---p 00000000 00:00 0 
7f472132d000-7f472142b000 rw-p 00000000 00:00 0 
7f472142b000-7f472142e000 ---p 00000000 00:00 0 
7f472142e000-7f472152c000 rw-p 00000000 00:00 0 
7f472152c000-7f472152f000 ---p 00000000 00:00 0 
7f472152f000-7f472162d000 rw-p 00000000 00:00 0 
7f472162d000-7f4721630000 ---p 00000000 00:00 0 
7f4721630000-7f472192e000 rw-p 00000000 00:00 0 
7f472192e000-7f4721b2e000 rw-p 00000000 00:00 0 
7f4721b2e000-7f4721b31000 ---p 00000000 00:00 0 
7f4721b31000-7f4721e2f000 rw-p 00000000 00:00 0 
7f4721e2f000-7f4721e34000 r--s 002f8000 08:03 3804621                    /usr/lib/jvm/java-8-oracle/jre/lib/charsets.jar
7f4721e34000-7f4721e37000 ---p 00000000 00:00 0 
7f4721e37000-7f4721f35000 rw-p 00000000 00:00 0 
7f4721f35000-7f4721f38000 ---p 00000000 00:00 0 
7f4721f38000-7f4722236000 rw-p 00000000 00:00 0 
7f4722236000-7f4722239000 ---p 00000000 00:00 0 
7f4722239000-7f4722537000 rw-p 00000000 00:00 0 
7f4722537000-7f4722737000 rw-p 00000000 00:00 0 
7f4722737000-7f4722937000 rw-p 00000000 00:00 0 
7f4722937000-7f4722b37000 rw-p 00000000 00:00 0 
7f4722b37000-7f4722b3f000 r-xp 00000000 08:03 4067409                    /usr/lib/jvm/java-8-oracle/jre/lib/amd64/libmanagement.so
7f4722b3f000-7f4722d3f000 ---p 00008000 08:03 4067409                    /usr/lib/jvm/java-8-oracle/jre/lib/amd64/libmanagement.so
7f4722d3f000-7f4722d40000 rw-p 00008000 08:03 4067409                    /usr/lib/jvm/java-8-oracle/jre/lib/amd64/libmanagement.so
7f4722d40000-7f4722f40000 rw-p 00000000 00:00 0 
7f4722f40000-7f4723140000 rw-p 00000000 00:00 0 
7f4723140000-7f4723143000 ---p 00000000 00:00 0 
7f4723143000-7f4723241000 rw-p 00000000 00:00 0 
7f4723241000-7f4723244000 ---p 00000000 00:00 0 
7f4723244000-7f4723542000 rw-p 00000000 00:00 0 
7f4723542000-7f4723609000 r--s 00a25000 08:06 29364133                   /home/jimmy/.m2/repository/org/scala-lang/scala-compiler/2.9.2/scala-compiler-2.9.2.jar
7f4723609000-7f4723809000 rw-p 00000000 00:00 0 
7f472380a000-7f472381d000 r--s 00344000 08:03 3804496                    /usr/lib/jvm/java-8-oracle/jre/lib/resources.jar
7f472381d000-7f472381f000 r--s 00009000 08:06 28840952                   /home/jimmy/.m2/repository/org/apache/tomcat/embed/tomcat-embed-logging-juli/8.0.15/tomcat-embed-logging-juli-8.0.15.jar
7f472381f000-7f472382e000 r--s 000b0000 08:06 28840947                   /home/jimmy/.m2/repository/org/springframework/spring-webmvc/4.1.4.RELEASE/spring-webmvc-4.1.4.RELEASE.jar
7f472382e000-7f4723833000 r--s 00034000 08:06 28840953                   /home/jimmy/.m2/repository/org/apache/tomcat/embed/tomcat-embed-websocket/8.0.15/tomcat-embed-websocket-8.0.15.jar
7f4723833000-7f4723837000 r--s 0000c000 08:06 28840944                   /home/jimmy/.m2/repository/javax/validation/validation-api/1.1.0.Final/validation-api-1.1.0.Final.jar
7f4723837000-7f4723838000 r--s 00000000 08:06 28710952                   /home/jimmy/.m2/repository/org/springframework/boot/spring-boot-starter-web/1.2.1.RELEASE/spring-boot-starter-web-1.2.1.RELEASE.jar
7f4723838000-7f472383e000 r--s 0003d000 08:06 26610749                   /home/jimmy/.m2/repository/ch/qos/logback/logback-classic/1.1.2/logback-classic-1.1.2.jar
7f472383e000-7f4723840000 r--s 0000d000 08:06 27267179                   /home/jimmy/.m2/repository/org/rxtx/rxtx/2.2pre2/rxtx-2.2pre2.jar
7f4723840000-7f4723841000 r--s 00000000 08:06 28710953                   /home/jimmy/.m2/repository/org/springframework/boot/spring-boot-starter-tomcat/1.2.1.RELEASE/spring-boot-starter-tomcat-1.2.1.RELEASE.jar
7f4723841000-7f4723842000 r--s 00000000 08:06 28446615                   /home/jimmy/.m2/repository/org/springframework/boot/spring-boot-starter-logging/1.2.1.RELEASE/spring-boot-starter-logging-1.2.1.RELEASE.jar
7f4723842000-7f4723843000 r--s 00000000 08:06 28314721                   /home/jimmy/.m2/repository/org/springframework/boot/spring-boot-starter-websocket/1.2.1.RELEASE/spring-boot-starter-websocket-1.2.1.RELEASE.jar
7f4723843000-7f4723847000 r--s 00034000 08:06 28840954                   /home/jimmy/.m2/repository/com/fasterxml/jackson/core/jackson-core/2.4.4/jackson-core-2.4.4.jar
7f4723847000-7f4723848000 r--s 00005000 08:06 28710950                   /home/jimmy/.m2/repository/org/slf4j/log4j-over-slf4j/1.7.8/log4j-over-slf4j-1.7.8.jar
7f4723848000-7f4723851000 r--s 0004f000 08:06 28446620                   /home/jimmy/.m2/repository/org/springframework/spring-aop/4.1.4.RELEASE/spring-aop-4.1.4.RELEASE.jar
7f4723851000-7f472385b000 r--s 0005f000 08:06 26610750                   /home/jimmy/.m2/repository/ch/qos/logback/logback-core/1.1.2/logback-core-1.1.2.jar
7f472385b000-7f472386a000 r--s 00064000 08:06 28446614                   /home/jimmy/.m2/repository/org/springframework/boot/spring-boot-autoconfigure/1.2.1.RELEASE/spring-boot-autoconfigure-1.2.1.RELEASE.jar
7f472386a000-7f4723878000 r--s 0008d000 08:06 28840943                   /home/jimmy/.m2/repository/org/hibernate/hibernate-validator/5.1.3.Final/hibernate-validator-5.1.3.Final.jar
7f4723878000-7f472387c000 r--s 00036000 08:06 28840951                   /home/jimmy/.m2/repository/org/apache/tomcat/embed/tomcat-embed-el/8.0.15/tomcat-embed-el-8.0.15.jar
7f472387c000-7f4723881000 r--s 0003b000 08:06 28446621                   /home/jimmy/.m2/repository/org/springframework/spring-expression/4.1.4.RELEASE/spring-expression-4.1.4.RELEASE.jar
7f4723881000-7f4723882000 r--s 00007000 08:06 28710948                   /home/jimmy/.m2/repository/org/slf4j/slf4j-api/1.7.8/slf4j-api-1.7.8.jar
7f4723882000-7f472388c000 r--s 0005c000 08:06 28446613                   /home/jimmy/.m2/repository/org/springframework/boot/spring-boot/1.2.1.RELEASE/spring-boot-1.2.1.RELEASE.jar
7f472388c000-7f472389d000 r--s 000f6000 08:06 28840942                   /home/jimmy/.m2/repository/com/fasterxml/jackson/core/jackson-databind/2.4.4/jackson-databind-2.4.4.jar
7f472389d000-7f47238aa000 r--s 000a0000 08:06 28446618                   /home/jimmy/.m2/repository/org/springframework/spring-beans/4.1.4.RELEASE/spring-beans-4.1.4.RELEASE.jar
7f47238aa000-7f47238ac000 r--s 0000c000 08:06 26610775                   /home/jimmy/.m2/repository/org/jboss/logging/jboss-logging/3.1.3.GA/jboss-logging-3.1.3.GA.jar
7f47238ac000-7f47238ae000 r--s 00000000 08:06 28710949                   /home/jimmy/.m2/repository/org/slf4j/jul-to-slf4j/1.7.8/jul-to-slf4j-1.7.8.jar
7f47238ae000-7f47238b5000 r--s 0003f000 08:06 28840949                   /home/jimmy/.m2/repository/org/springframework/spring-messaging/4.1.4.RELEASE/spring-messaging-4.1.4.RELEASE.jar
7f47238b5000-7f47238c5000 r--s 0009f000 08:06 28840946                   /home/jimmy/.m2/repository/org/springframework/spring-web/4.1.4.RELEASE/spring-web-4.1.4.RELEASE.jar
7f47238c5000-7f47238ea000 r--s 0028d000 08:06 28840950                   /home/jimmy/.m2/repository/org/apache/tomcat/embed/tomcat-embed-core/8.0.15/tomcat-embed-core-8.0.15.jar
7f47238ea000-7f47238f2000 r--s 00057000 08:06 28840948                   /home/jimmy/.m2/repository/org/springframework/spring-websocket/4.1.4.RELEASE/spring-websocket-4.1.4.RELEASE.jar
7f47238f2000-7f4723964000 r--s 00659000 08:06 29363922                   /home/jimmy/.m2/repository/org/scala-lang/scala-library/2.10.2/scala-library-2.10.2.jar
7f4723964000-7f472396b000 r--s 0003d000 08:06 28710951                   /home/jimmy/.m2/repository/org/yaml/snakeyaml/1.14/snakeyaml-1.14.jar
7f472396b000-7f472396d000 r--s 00003000 08:06 28446616                   /home/jimmy/.m2/repository/org/slf4j/jcl-over-slf4j/1.7.8/jcl-over-slf4j-1.7.8.jar
7f472396d000-7f4723970000 r--s 00007000 08:06 28840955                   /home/jimmy/.m2/repository/com/fasterxml/jackson/core/jackson-annotations/2.4.4/jackson-annotations-2.4.4.jar
7f4723970000-7f4723988000 r--s 000e3000 08:06 28446619                   /home/jimmy/.m2/repository/org/springframework/spring-context/4.1.4.RELEASE/spring-context-4.1.4.RELEASE.jar
7f4723988000-7f472398a000 r--s 0000d000 08:06 28840945                   /home/jimmy/.m2/repository/com/fasterxml/classmate/1.0.0/classmate-1.0.0.jar
7f472398a000-7f472398d000 r--s 00006000 08:06 14815889                   /home/jimmy/.m2/repository/com/google/code/findbugs/jsr305/1.3.9/jsr305-1.3.9.jar
7f472398d000-7f47239ae000 r--s 00172000 08:06 14950540                   /home/jimmy/.m2/repository/com/google/guava/guava/11.0.2/guava-11.0.2.jar
7f47239ae000-7f47239af000 r--s 00008000 08:06 14950538                   /home/jimmy/.m2/repository/asm/asm-util/3.2/asm-util-3.2.jar
7f47239af000-7f47239b0000 r--s 00004000 08:06 14950536                   /home/jimmy/.m2/repository/asm/asm-analysis/3.2/asm-analysis-3.2.jar
7f47239b0000-7f47239b3000 r--s 00013000 08:06 14950533                   /home/jimmy/.m2/repository/commons-io/commons-io/1.3.2/commons-io-1.3.2.jar
7f47239b3000-7f47239b4000 r--s 00002000 08:06 14950534                   /home/jimmy/.m2/repository/org/vafer/jdependency/0.7/jdependency-0.7.jar
7f47239b4000-7f47239b7000 r--s 0000c000 08:06 14950530                   /home/jimmy/.m2/repository/org/apache/maven/shared/maven-dependency-tree/2.1/maven-dependency-tree-2.1.jar
7f47239b7000-7f47239ba000 r--s 00023000 08:06 14950529                   /home/jimmy/.m2/repository/org/jdom/jdom/1.1/jdom-1.1.jar
7f47239ba000-7f47239bc000 r--s 00004000 08:06 14950526                   /home/jimmy/.m2/repository/asm/asm-tree/3.3.1/asm-tree-3.3.1.jar
7f47239bc000-7f47239be000 r--s 00008000 08:06 14950524                   /home/jimmy/.m2/repository/asm/asm-commons/3.3.1/asm-commons-3.3.1.jar
7f47239be000-7f47239c9000 r--s 00069000 08:06 14950522                   /home/jimmy/.m2/repository/org/sonatype/sisu/sisu-guice/2.1.7/sisu-guice-2.1.7-noaop.jar
7f47239c9000-7f47239ce000 r--s 00021000 08:06 14950520                   /home/jimmy/.m2/repository/org/sonatype/sisu/sisu-inject-bean/1.4.2/sisu-inject-bean-1.4.2.jar
7f47239ce000-7f47239d0000 r--s 00017000 08:06 14950519                   /home/jimmy/.m2/repository/org/apache/maven/plugins/maven-shade-plugin/2.2/maven-shade-plugin-2.2.jar
7f47239d0000-7f47239d4000 r--s 0003a000 08:06 13640094                   /home/jimmy/.m2/repository/org/codehaus/plexus/plexus-utils/3.0.17/plexus-utils-3.0.17.jar
7f47239d4000-7f47239d8000 r--s 00014000 08:06 14950517                   /home/jimmy/.m2/repository/org/tukaani/xz/1.2/xz-1.2.jar
7f47239d8000-7f47239dd000 r--s 0003a000 08:06 14950516                   /home/jimmy/.m2/repository/org/apache/commons/commons-compress/1.5/commons-compress-1.5.jar
7f47239dd000-7f47239e0000 r--s 0000c000 08:06 14950514                   /home/jimmy/.m2/repository/org/codehaus/plexus/plexus-io/2.0.10/plexus-io-2.0.10.jar
7f47239e0000-7f47239e5000 r--s 00024000 08:06 14950512                   /home/jimmy/.m2/repository/org/codehaus/plexus/plexus-archiver/2.4.4/plexus-archiver-2.4.4.jar
7f47239e5000-7f47239e7000 r--s 00009000 08:06 17434205                   /home/jimmy/.m2/repository/org/hamcrest/hamcrest-core/1.3/hamcrest-core-1.3.jar
7f47239e7000-7f47239ef000 r--s 00045000 08:06 19800689                   /home/jimmy/.m2/repository/junit/junit/4.12/junit-4.12.jar
7f47239ef000-7f47239fd000 r--s 0008f000 08:06 16782271                   /home/jimmy/.m2/repository/com/google/collections/google-collections/1.0/google-collections-1.0.jar
7f47239fd000-7f4723a06000 r--s 0006f000 08:06 17565422                   /home/jimmy/.m2/repository/log4j/log4j/1.2.17/log4j-1.2.17.jar
7f4723a06000-7f4723a0a000 r--s 0001d000 08:06 16126436                   /home/jimmy/.m2/repository/org/apache/xbean/xbean-reflect/3.4/xbean-reflect-3.4.jar
7f4723a0a000-7f4723a1b000 r-xp 00000000 08:03 4067408                    /usr/lib/jvm/java-8-oracle/jre/lib/amd64/libnio.so
7f4723a1b000-7f4723c1a000 ---p 00011000 08:03 4067408                    /usr/lib/jvm/java-8-oracle/jre/lib/amd64/libnio.so
7f4723c1a000-7f4723c1b000 rw-p 00010000 08:03 4067408                    /usr/lib/jvm/java-8-oracle/jre/lib/amd64/libnio.so
7f4723c1b000-7f4724000000 rw-p 00000000 00:00 0 
7f4724000000-7f4725524000 rw-p 00000000 00:00 0 
7f4725524000-7f4728000000 ---p 00000000 00:00 0 
7f4728000000-7f4728001000 r--s 00000000 08:06 28446612                   /home/jimmy/.m2/repository/org/springframework/boot/spring-boot-starter/1.2.1.RELEASE/spring-boot-starter-1.2.1.RELEASE.jar
7f4728001000-7f4728002000 r--s 0000a000 08:06 46007466                   /home/jimmy/.m2/repository/asm/asm/3.3.1/asm-3.3.1.jar
7f4728002000-7f4728003000 r--s 0000a000 08:06 16652078                   /home/jimmy/.m2/repository/commons-logging/commons-logging-api/1.1/commons-logging-api-1.1.jar
7f4728003000-7f4728005000 r--s 00006000 08:06 14951049                   /home/jimmy/.m2/repository/org/apache/maven/shared/maven-common-artifact-filters/1.4/maven-common-artifact-filters-1.4.jar
7f4728005000-7f472800b000 r--s 00042000 08:06 14815886                   /home/jimmy/.m2/repository/org/eclipse/sisu/org.eclipse.sisu.inject/0.0.0.M5/org.eclipse.sisu.inject-0.0.0.M5.jar
7f472800b000-7f472800d000 r--s 00000000 08:06 45483134                   /home/jimmy/.m2/repository/aopalliance/aopalliance/1.0/aopalliance-1.0.jar
7f472800d000-7f472800e000 r--s 00000000 08:06 14815882                   /home/jimmy/.m2/repository/javax/inject/javax.inject/1/javax.inject-1.jar
7f472800e000-7f472800f000 r--s 00001000 08:06 45484265                   /home/jimmy/.m2/repository/javax/annotation/jsr250-api/1.0/jsr250-api-1.0.jar
7f472800f000-7f4728012000 r--s 00008000 08:06 14815881                   /home/jimmy/.m2/repository/javax/enterprise/cdi-api/1.0/cdi-api-1.0.jar
7f4728012000-7f4728016000 r--s 00020000 08:06 18355027                   /home/jimmy/.m2/repository/org/eclipse/aether/aether-util/0.9.1.v20140329/aether-util-0.9.1.v20140329.jar
7f4728016000-7f4728018000 r--s 0000d000 08:06 13768824                   /home/jimmy/.m2/repository/org/codehaus/plexus/plexus-interpolation/1.15/plexus-interpolation-1.15.jar
7f4728018000-7f472801a000 r--s 0000e000 08:06 17046921                   /home/jimmy/.m2/repository/commons-logging/commons-logging/1.2/commons-logging-1.2.jar
7f472801a000-7f472802e000 r--s 000e2000 08:06 28446617                   /home/jimmy/.m2/repository/org/springframework/spring-core/4.1.4.RELEASE/spring-core-4.1.4.RELEASE.jar
7f472802e000-7f4728031000 r--s 0001d000 08:06 27133755                   /home/jimmy/.m2/repository/org/springframework/boot/spring-boot-loader-tools/1.2.1.RELEASE/spring-boot-loader-tools-1.2.1.RELEASE.jar
7f4728031000-7f4728033000 r--s 00009000 08:06 28841015                   /home/jimmy/.m2/repository/org/springframework/boot/spring-boot-maven-plugin/1.2.1.RELEASE/spring-boot-maven-plugin-1.2.1.RELEASE.jar
7f4728033000-7f4728034000 r--s 00003000 08:06 45613829                   /home/jimmy/.m2/repository/org/codehaus/plexus/plexus-compiler-javac/1.5.3/plexus-compiler-javac-1.5.3.jar
7f4728034000-7f4728036000 r--s 00000000 08:06 45613826                   /home/jimmy/.m2/repository/org/codehaus/plexus/plexus-compiler-manager/1.5.3/plexus-compiler-manager-1.5.3.jar
7f4728036000-7f4728037000 r--s 00004000 08:06 45613823                   /home/jimmy/.m2/repository/org/codehaus/plexus/plexus-compiler-api/1.5.3/plexus-compiler-api-1.5.3.jar
7f4728037000-7f4728039000 r--s 00026000 08:06 42864516                   /home/jimmy/.m2/repository/org/codehaus/plexus/plexus-utils/1.0.4/plexus-utils-1.0.4.jar
7f4728039000-7f472803a000 r--s 00004000 08:06 45613669                   /home/jimmy/.m2/repository/org/apache/maven/plugins/maven-compiler-plugin/2.0.2/maven-compiler-plugin-2.0.2.jar
7f472803a000-7f472803d000 ---p 00000000 00:00 0 
7f472803d000-7f4728073000 rw-p 00000000 00:00 0 
7f4728073000-7f4728076000 r--s 00008000 08:06 29364130                   /home/jimmy/.m2/repository/com/typesafe/sbt/sbt-interface/0.12.1/sbt-interface-0.12.1.jar
7f4728076000-7f472809b000 r--s 001be000 08:06 29364128                   /home/jimmy/.m2/repository/com/typesafe/sbt/incremental-compiler/0.12.1/incremental-compiler-0.12.1.jar
7f472809b000-7f472809c000 r--s 00004000 08:06 29364127                   /home/jimmy/.m2/repository/com/typesafe/sbt/compiler-interface/0.12.1/compiler-interface-0.12.1-sources.jar
7f472809c000-7f472811a000 r--s 007f5000 08:06 29364126                   /home/jimmy/.m2/repository/org/scala-lang/scala-library/2.9.2/scala-library-2.9.2.jar
7f472811a000-7f472811f000 r--s 00046000 08:06 29364125                   /home/jimmy/.m2/repository/com/typesafe/zinc/zinc/0.2.0/zinc-0.2.0.jar
7f472811f000-7f4728121000 r--s 00006000 08:06 14951052                   /home/jimmy/.m2/repository/org/apache/maven/shared/maven-invoker/2.0.11/maven-invoker-2.0.11.jar
7f4728121000-7f4728122000 r--s 00002000 08:06 45744165                   /home/jimmy/.m2/repository/org/apache/maven/doxia/doxia-logging-api/1.1.2/doxia-logging-api-1.1.2.jar
7f4728122000-7f4728124000 r--s 00002000 08:06 45744164                   /home/jimmy/.m2/repository/org/apache/maven/doxia/doxia-sink-api/1.1.2/doxia-sink-api-1.1.2.jar
7f4728124000-7f4728126000 r--s 00004000 08:06 13640032                   /home/jimmy/.m2/repository/org/apache/maven/maven-archiver/2.5/maven-archiver-2.5.jar
7f4728126000-7f4728129000 r--s 0000c000 08:06 13768826                   /home/jimmy/.m2/repository/org/codehaus/plexus/plexus-io/2.0.2/plexus-io-2.0.2.jar
7f4728129000-7f472812e000 r--s 00029000 08:06 13768825                   /home/jimmy/.m2/repository/org/codehaus/plexus/plexus-archiver/2.1/plexus-archiver-2.1.jar
7f472812e000-7f4728132000 r--s 00034000 08:06 42864480                   /home/jimmy/.m2/repository/org/codehaus/plexus/plexus-utils/3.0/plexus-utils-3.0.jar
7f4728132000-7f4728134000 r--s 0000b000 08:06 45484524                   /home/jimmy/.m2/repository/org/apache/commons/commons-exec/1.1/commons-exec-1.1.jar
7f4728134000-7f4728136000 r--s 00007000 08:06 20453537                   /home/jimmy/.m2/repository/org/apache/maven/shared/maven-dependency-tree/1.2/maven-dependency-tree-1.2.jar
7f4728136000-7f4728138000 r--s 00002000 08:06 15208159                   /home/jimmy/.m2/repository/org/sonatype/plexus/plexus-cipher/1.4/plexus-cipher-1.4.jar
7f4728138000-7f4728139000 r--s 00006000 08:06 14950510                   /home/jimmy/.m2/repository/org/sonatype/plexus/plexus-sec-dispatcher/1.3/plexus-sec-dispatcher-1.3.jar
7f4728139000-7f472813b000 r--s 00000000 08:06 15338896                   /home/jimmy/.m2/repository/org/codehaus/plexus/plexus-component-annotations/1.5.5/plexus-component-annotations-1.5.5.jar
7f472813b000-7f472813d000 r--s 0000d000 08:06 14951110                   /home/jimmy/.m2/repository/org/codehaus/plexus/plexus-interpolation/1.14/plexus-interpolation-1.14.jar
7f472813d000-7f472815c000 r--s 00152000 08:06 18485946                   /home/jimmy/.m2/repository/org/sonatype/sisu/sisu-guava/0.9.9/sisu-guava-0.9.9.jar
7f472815c000-7f4728164000 r--s 00050000 08:06 14815884                   /home/jimmy/.m2/repository/org/sonatype/sisu/sisu-guice/3.1.0/sisu-guice-3.1.0-no_aop.jar
7f4728164000-7f472816b000 r--s 00040000 08:06 18225171                   /home/jimmy/.m2/repository/org/sonatype/sisu/sisu-inject-bean/2.3.0/sisu-inject-bean-2.3.0.jar
7f472816b000-7f472816f000 r--s 0001c000 08:06 20190692                   /home/jimmy/.m2/repository/org/sonatype/aether/aether-util/1.13.1/aether-util-1.13.1.jar
7f472816f000-7f4728170000 r--s 00002000 08:06 14951018                   /home/jimmy/.m2/repository/org/apache/maven/reporting/maven-reporting-api/3.0/maven-reporting-api-3.0.jar
7f4728170000-7f4728172000 r--s 00018000 08:06 22549821                   /home/jimmy/.m2/repository/net/alchim31/maven/scala-maven-plugin/3.1.5/scala-maven-plugin-3.1.5.jar
7f4728172000-7f4728174000 r--s 0000d000 08:06 42864477                   /home/jimmy/.m2/repository/org/codehaus/plexus/plexus-interpolation/1.13/plexus-interpolation-1.13.jar
7f4728174000-7f4728175000 r--s 00001000 08:06 44042795                   /home/jimmy/.m2/repository/org/sonatype/plexus/plexus-build-api/0.0.4/plexus-build-api-0.0.4.jar
7f4728175000-7f4728177000 r--s 00009000 08:06 43649541                   /home/jimmy/.m2/repository/org/apache/maven/shared/maven-filtering/1.0/maven-filtering-1.0.jar
7f4728177000-7f472817b000 r--s 00033000 08:06 42864374                   /home/jimmy/.m2/repository/org/codehaus/plexus/plexus-utils/2.0.5/plexus-utils-2.0.5.jar
7f472817b000-7f472817e000 r--s 0001b000 08:06 40108244                   /home/jimmy/.m2/repository/junit/junit/3.8.1/junit-3.8.1.jar
7f472817e000-7f4728180000 r--s 00002000 08:06 42864491                   /home/jimmy/.m2/repository/org/codehaus/plexus/plexus-interactivity-api/1.0-alpha-4/plexus-interactivity-api-1.0-alpha-4.jar
7f4728180000-7f4728182000 r--s 00006000 08:06 42864490                   /home/jimmy/.m2/repository/commons-cli/commons-cli/1.0/commons-cli-1.0.jar
7f4728182000-7f4728183000 r--s 00001000 08:06 42864489                   /home/jimmy/.m2/repository/org/apache/maven/doxia/doxia-sink-api/1.0-alpha-7/doxia-sink-api-1.0-alpha-7.jar
7f4728183000-7f4728184000 r--s 00002000 08:06 42864488                   /home/jimmy/.m2/repository/org/apache/maven/reporting/maven-reporting-api/2.0.6/maven-reporting-api-2.0.6.jar
7f4728184000-7f4728186000 r--s 00005000 08:06 41552779                   /home/jimmy/.m2/repository/org/apache/maven/plugins/maven-resources-plugin/2.5/maven-resources-plugin-2.5.jar
7f4728186000-7f472819c000 r-xp 00000000 08:03 4067377                    /usr/lib/jvm/java-8-oracle/jre/lib/amd64/libnet.so
7f472819c000-7f472839c000 ---p 00016000 08:03 4067377                    /usr/lib/jvm/java-8-oracle/jre/lib/amd64/libnet.so
7f472839c000-7f472839d000 rw-p 00016000 08:03 4067377                    /usr/lib/jvm/java-8-oracle/jre/lib/amd64/libnet.so
7f472839d000-7f47283a1000 r--s 00094000 08:03 3804638                    /usr/lib/jvm/java-8-oracle/jre/lib/jsse.jar
7f47283a1000-7f47285a1000 rw-p 00000000 00:00 0 
7f47285a1000-7f47287a1000 rw-p 00000000 00:00 0 
7f47287a1000-7f47287bd000 r--s 00393000 08:03 3804526                    /usr/lib/jvm/java-8-oracle/jre/lib/ext/cldrdata.jar
7f47287bd000-7f47287c8000 r--s 00116000 08:03 3804523                    /usr/lib/jvm/java-8-oracle/jre/lib/ext/localedata.jar
7f47287c8000-7f47287ca000 r--s 00005000 08:03 2503983                    /usr/share/maven3/lib/maven-repository-metadata-3.2.1.jar
7f47287ca000-7f47287cb000 r--s 00006000 08:03 2503948                    /usr/share/maven3/lib/plexus-sec-dispatcher-1.3.jar
7f47287cb000-7f47287cd000 r--s 0000a000 08:03 2503952                    /usr/share/maven3/lib/maven-plugin-api-3.2.1.jar
7f47287cd000-7f47287cf000 r--s 00009000 08:03 2503980                    /usr/share/maven3/lib/commons-cli-1.2.jar
7f47287cf000-7f47287d5000 r--s 00042000 08:03 2503985                    /usr/share/maven3/lib/org.eclipse.sisu.inject-0.0.0.M5.jar
7f47287d5000-7f47287dd000 r--s 00050000 08:03 2503963                    /usr/share/maven3/lib/sisu-guice-3.1.3-no_aop.jar
7f47287dd000-7f47287e1000 r--s 00020000 08:03 2503961                    /usr/share/maven3/lib/aether-impl-0.9.0.M2.jar
7f47287e1000-7f47287e3000 r--s 00002000 08:03 2503972                    /usr/share/maven3/lib/plexus-cipher-1.7.jar
7f47287e3000-7f47287e6000 r--s 00025000 08:03 2503960                    /usr/share/maven3/lib/maven-model-3.2.1.jar
7f47287e6000-7f4728805000 r--s 00134000 08:03 2503956                    /usr/share/maven3/lib/wagon-http-2.6-shaded.jar
7f4728805000-7f4728807000 r--s 0000b000 08:03 2503995                    /usr/share/maven3/lib/wagon-provider-api-2.6.jar
7f4728807000-7f4728809000 r--s 00000000 08:03 2503957                    /usr/share/maven3/lib/plexus-component-annotations-1.5.5.jar
7f4728809000-7f472880e000 r--s 00024000 08:03 2503994                    /usr/share/maven3/lib/maven-model-builder-3.2.1.jar
7f472880e000-7f472880f000 r--s 00001000 08:03 2503965                    /usr/share/maven3/lib/jsr250-api-1.0.jar
7f472880f000-7f4728813000 r--s 00027000 08:03 2503947                    /usr/share/maven3/lib/commons-io-2.2.jar
7f4728813000-7f4728814000 r--s 00002000 08:03 2503949                    /usr/share/maven3/lib/wagon-file-2.6.jar
7f4728814000-7f4728815000 r--s 00002000 08:03 2503984                    /usr/share/maven3/lib/slf4j-simple-1.7.5.jar
7f4728815000-7f4728818000 r--s 00008000 08:03 2503958                    /usr/share/maven3/lib/cdi-api-1.0.jar
7f4728818000-7f4728819000 r--s 00002000 08:03 2503998                    /usr/share/maven3/lib/wagon-http-shared-2.6.jar
7f4728819000-7f472881d000 r--s 0003a000 08:03 2503993                    /usr/share/maven3/lib/plexus-utils-3.0.17.jar
7f472881d000-7f4728823000 r--s 0002a000 08:03 2503945                    /usr/share/maven3/lib/org.eclipse.sisu.plexus-0.0.0.M5.jar
7f4728823000-7f4728826000 r--s 0000d000 08:03 2503966                    /usr/share/maven3/lib/plexus-interpolation-1.19.jar
7f4728826000-7f472882a000 r--s 0001d000 08:03 2503978                    /usr/share/maven3/lib/aether-util-0.9.0.M2.jar
7f472882a000-7f472882c000 r--s 00000000 08:03 2503969                    /usr/share/maven3/lib/aopalliance-1.0.jar
7f472882c000-7f4728831000 r--s 00041000 08:03 2503989                    /usr/share/maven3/lib/commons-lang-2.6.jar
7f4728831000-7f4728834000 r--s 0000a000 08:03 2504001                    /usr/share/maven3/boot/plexus-classworlds-2.5.1.jar
7f4728834000-7f4728835000 ---p 00000000 00:00 0 
7f4728835000-7f4728935000 rw-p 00000000 00:00 0 
7f4728935000-7f4728938000 ---p 00000000 00:00 0 
7f4728938000-7f4728a36000 rw-p 00000000 00:00 0 
7f4728a36000-7f4728a39000 ---p 00000000 00:00 0 
7f4728a39000-7f4728b37000 rw-p 00000000 00:00 0 
7f4728b37000-7f4728b3a000 ---p 00000000 00:00 0 
7f4728b3a000-7f4728c38000 rw-p 00000000 00:00 0 
7f4728c38000-7f4728c3b000 ---p 00000000 00:00 0 
7f4728c3b000-7f4728d39000 rw-p 00000000 00:00 0 
7f4728d39000-7f4728d3c000 ---p 00000000 00:00 0 
7f4728d3c000-7f4728e3a000 rw-p 00000000 00:00 0 
7f4728e3a000-7f4728e3d000 ---p 00000000 00:00 0 
7f4728e3d000-7f4728f3b000 rw-p 00000000 00:00 0 
7f4728f3b000-7f47290b2000 r--p 00000000 08:03 1722918                    /usr/lib/locale/locale-archive
7f47290b2000-7f47290b5000 ---p 00000000 00:00 0 
7f47290b5000-7f47291b3000 rw-p 00000000 00:00 0 
7f47291b3000-7f47291b6000 ---p 00000000 00:00 0 
7f47291b6000-7f47292b4000 rw-p 00000000 00:00 0 
7f47292b4000-7f47292b5000 ---p 00000000 00:00 0 
7f47292b5000-7f472afd8000 rw-p 00000000 00:00 0 
7f472afd8000-7f472b1ae000 r--s 03cae000 08:03 3804497                    /usr/lib/jvm/java-8-oracle/jre/lib/rt.jar
7f472b1ae000-7f472f8f7000 rw-p 00000000 00:00 0 
7f472f8f7000-7f472f8f8000 ---p 00000000 00:00 0 
7f472f8f8000-7f472f9f8000 rw-p 00000000 00:00 0 
7f472f9f8000-7f472f9f9000 ---p 00000000 00:00 0 
7f472f9f9000-7f472faf9000 rw-p 00000000 00:00 0 
7f472faf9000-7f472fafa000 ---p 00000000 00:00 0 
7f472fafa000-7f472fbfa000 rw-p 00000000 00:00 0 
7f472fbfa000-7f472fbfb000 ---p 00000000 00:00 0 
7f472fbfb000-7f472fcfb000 rw-p 00000000 00:00 0 
7f472fcfb000-7f472fcfc000 ---p 00000000 00:00 0 
7f472fcfc000-7f472fdfc000 rw-p 00000000 00:00 0 
7f472fdfc000-7f472fdfd000 ---p 00000000 00:00 0 
7f472fdfd000-7f472fefd000 rw-p 00000000 00:00 0 
7f472fefd000-7f472fefe000 ---p 00000000 00:00 0 
7f472fefe000-7f472fffe000 rw-p 00000000 00:00 0 
7f472fffe000-7f472ffff000 ---p 00000000 00:00 0 
7f472ffff000-7f473012f000 rw-p 00000000 00:00 0 
7f473012f000-7f4730398000 ---p 00000000 00:00 0 
7f4730398000-7f47303c8000 rw-p 00000000 00:00 0 
7f47303c8000-7f4730630000 ---p 00000000 00:00 0 
7f4730630000-7f4730729000 rw-p 00000000 00:00 0 
7f4730729000-7f473077d000 ---p 00000000 00:00 0 
7f473077d000-7f47307bf000 rw-p 00000000 00:00 0 
7f47307bf000-7f4730b3e000 ---p 00000000 00:00 0 
7f4730b3e000-7f4731b4e000 rwxp 00000000 00:00 0 
7f4731b4e000-7f473fb3e000 ---p 00000000 00:00 0 
7f473fb3e000-7f473fb58000 r-xp 00000000 08:03 4067380                    /usr/lib/jvm/java-8-oracle/jre/lib/amd64/libzip.so
7f473fb58000-7f473fd58000 ---p 0001a000 08:03 4067380                    /usr/lib/jvm/java-8-oracle/jre/lib/amd64/libzip.so
7f473fd58000-7f473fd59000 rw-p 0001a000 08:03 4067380                    /usr/lib/jvm/java-8-oracle/jre/lib/amd64/libzip.so
7f473fd59000-7f473fd64000 r-xp 00000000 08:03 5767406                    /lib/x86_64-linux-gnu/libnss_files-2.13.so
7f473fd64000-7f473ff63000 ---p 0000b000 08:03 5767406                    /lib/x86_64-linux-gnu/libnss_files-2.13.so
7f473ff63000-7f473ff64000 r--p 0000a000 08:03 5767406                    /lib/x86_64-linux-gnu/libnss_files-2.13.so
7f473ff64000-7f473ff65000 rw-p 0000b000 08:03 5767406                    /lib/x86_64-linux-gnu/libnss_files-2.13.so
7f473ff65000-7f473ff6f000 r-xp 00000000 08:03 5767666                    /lib/x86_64-linux-gnu/libnss_nis-2.13.so
7f473ff6f000-7f474016e000 ---p 0000a000 08:03 5767666                    /lib/x86_64-linux-gnu/libnss_nis-2.13.so
7f474016e000-7f474016f000 r--p 00009000 08:03 5767666                    /lib/x86_64-linux-gnu/libnss_nis-2.13.so
7f474016f000-7f4740170000 rw-p 0000a000 08:03 5767666                    /lib/x86_64-linux-gnu/libnss_nis-2.13.so
7f4740170000-7f4740185000 r-xp 00000000 08:03 5767426                    /lib/x86_64-linux-gnu/libnsl-2.13.so
7f4740185000-7f4740384000 ---p 00015000 08:03 5767426                    /lib/x86_64-linux-gnu/libnsl-2.13.so
7f4740384000-7f4740385000 r--p 00014000 08:03 5767426                    /lib/x86_64-linux-gnu/libnsl-2.13.so
7f4740385000-7f4740386000 rw-p 00015000 08:03 5767426                    /lib/x86_64-linux-gnu/libnsl-2.13.so
7f4740386000-7f4740388000 rw-p 00000000 00:00 0 
7f4740388000-7f474038f000 r-xp 00000000 08:03 5767677                    /lib/x86_64-linux-gnu/libnss_compat-2.13.so
7f474038f000-7f474058e000 ---p 00007000 08:03 5767677                    /lib/x86_64-linux-gnu/libnss_compat-2.13.so
7f474058e000-7f474058f000 r--p 00006000 08:03 5767677                    /lib/x86_64-linux-gnu/libnss_compat-2.13.so
7f474058f000-7f4740590000 rw-p 00007000 08:03 5767677                    /lib/x86_64-linux-gnu/libnss_compat-2.13.so
7f4740590000-7f47405ba000 r-xp 00000000 08:03 4067392                    /usr/lib/jvm/java-8-oracle/jre/lib/amd64/libjava.so
7f47405ba000-7f47407ba000 ---p 0002a000 08:03 4067392                    /usr/lib/jvm/java-8-oracle/jre/lib/amd64/libjava.so
7f47407ba000-7f47407bc000 rw-p 0002a000 08:03 4067392                    /usr/lib/jvm/java-8-oracle/jre/lib/amd64/libjava.so
7f47407bc000-7f47407c9000 r-xp 00000000 08:03 4067365                    /usr/lib/jvm/java-8-oracle/jre/lib/amd64/libverify.so
7f47407c9000-7f47409c9000 ---p 0000d000 08:03 4067365                    /usr/lib/jvm/java-8-oracle/jre/lib/amd64/libverify.so
7f47409c9000-7f47409cb000 rw-p 0000d000 08:03 4067365                    /usr/lib/jvm/java-8-oracle/jre/lib/amd64/libverify.so
7f47409cb000-7f47409d2000 r-xp 00000000 08:03 5767631                    /lib/x86_64-linux-gnu/librt-2.13.so
7f47409d2000-7f4740bd1000 ---p 00007000 08:03 5767631                    /lib/x86_64-linux-gnu/librt-2.13.so
7f4740bd1000-7f4740bd2000 r--p 00006000 08:03 5767631                    /lib/x86_64-linux-gnu/librt-2.13.so
7f4740bd2000-7f4740bd3000 rw-p 00007000 08:03 5767631                    /lib/x86_64-linux-gnu/librt-2.13.so
7f4740bd3000-7f4740c54000 r-xp 00000000 08:03 5767422                    /lib/x86_64-linux-gnu/libm-2.13.so
7f4740c54000-7f4740e53000 ---p 00081000 08:03 5767422                    /lib/x86_64-linux-gnu/libm-2.13.so
7f4740e53000-7f4740e54000 r--p 00080000 08:03 5767422                    /lib/x86_64-linux-gnu/libm-2.13.so
7f4740e54000-7f4740e55000 rw-p 00081000 08:03 5767422                    /lib/x86_64-linux-gnu/libm-2.13.so
7f4740e55000-7f4741ac3000 r-xp 00000000 08:03 4067394                    /usr/lib/jvm/java-8-oracle/jre/lib/amd64/server/libjvm.so
7f4741ac3000-7f4741cc2000 ---p 00c6e000 08:03 4067394                    /usr/lib/jvm/java-8-oracle/jre/lib/amd64/server/libjvm.so
7f4741cc2000-7f4741d98000 rw-p 00c6d000 08:03 4067394                    /usr/lib/jvm/java-8-oracle/jre/lib/amd64/server/libjvm.so
7f4741d98000-7f4741ddb000 rw-p 00000000 00:00 0 
7f4741ddb000-7f4741f5d000 r-xp 00000000 08:03 5767628                    /lib/x86_64-linux-gnu/libc-2.13.so
7f4741f5d000-7f474215d000 ---p 00182000 08:03 5767628                    /lib/x86_64-linux-gnu/libc-2.13.so
7f474215d000-7f4742161000 r--p 00182000 08:03 5767628                    /lib/x86_64-linux-gnu/libc-2.13.so
7f4742161000-7f4742162000 rw-p 00186000 08:03 5767628                    /lib/x86_64-linux-gnu/libc-2.13.so
7f4742162000-7f4742167000 rw-p 00000000 00:00 0 
7f4742167000-7f4742169000 r-xp 00000000 08:03 5767634                    /lib/x86_64-linux-gnu/libdl-2.13.so
7f4742169000-7f4742369000 ---p 00002000 08:03 5767634                    /lib/x86_64-linux-gnu/libdl-2.13.so
7f4742369000-7f474236a000 r--p 00002000 08:03 5767634                    /lib/x86_64-linux-gnu/libdl-2.13.so
7f474236a000-7f474236b000 rw-p 00003000 08:03 5767634                    /lib/x86_64-linux-gnu/libdl-2.13.so
7f474236b000-7f4742380000 r-xp 00000000 08:03 3541631                    /usr/lib/jvm/java-8-oracle/lib/amd64/jli/libjli.so
7f4742380000-7f474257f000 ---p 00015000 08:03 3541631                    /usr/lib/jvm/java-8-oracle/lib/amd64/jli/libjli.so
7f474257f000-7f4742580000 rw-p 00014000 08:03 3541631                    /usr/lib/jvm/java-8-oracle/lib/amd64/jli/libjli.so
7f4742580000-7f4742597000 r-xp 00000000 08:03 5767685                    /lib/x86_64-linux-gnu/libpthread-2.13.so
7f4742597000-7f4742796000 ---p 00017000 08:03 5767685                    /lib/x86_64-linux-gnu/libpthread-2.13.so
7f4742796000-7f4742797000 r--p 00016000 08:03 5767685                    /lib/x86_64-linux-gnu/libpthread-2.13.so
7f4742797000-7f4742798000 rw-p 00017000 08:03 5767685                    /lib/x86_64-linux-gnu/libpthread-2.13.so
7f4742798000-7f474279c000 rw-p 00000000 00:00 0 
7f474279c000-7f47427bc000 r-xp 00000000 08:03 5767641                    /lib/x86_64-linux-gnu/ld-2.13.so
7f47427bc000-7f47427be000 r--s 00009000 08:03 2503964                    /usr/share/maven3/lib/maven-settings-builder-3.2.1.jar
7f47427be000-7f47427bf000 r--s 00000000 08:03 2503997                    /usr/share/maven3/lib/javax.inject-1.jar
7f47427bf000-7f47427c1000 r--s 00007000 08:03 2503962                    /usr/share/maven3/lib/aether-connector-wagon-0.9.0.M2.jar
7f47427c1000-7f47427c3000 r--s 0000d000 08:03 2503967                    /usr/share/maven3/lib/maven-embedder-3.2.1.jar
7f47427c3000-7f47427c5000 r--s 00003000 08:03 2503955                    /usr/share/maven3/lib/aether-spi-0.9.0.M2.jar
7f47427c5000-7f47427c9000 r--s 0001d000 08:03 2503946                    /usr/share/maven3/lib/aether-api-0.9.0.M2.jar
7f47427c9000-7f47427d0000 r--s 0003f000 08:03 2503973                    /usr/share/maven3/lib/maven-compat-3.2.1.jar
7f47427d0000-7f47427f9000 r--s 001ee000 08:03 2503975                    /usr/share/maven3/lib/guava-14.0.1.jar
7f47427f9000-7f47427ff000 r--s 00042000 08:03 2503950                    /usr/share/maven3/lib/jsoup-1.7.2.jar
7f47427ff000-7f4742896000 rw-p 00000000 00:00 0 
7f4742896000-7f4742899000 ---p 00000000 00:00 0 
7f4742899000-7f474299b000 rw-p 00000000 00:00 0 
7f474299b000-7f474299d000 r--s 00005000 08:03 2503986                    /usr/share/maven3/lib/slf4j-api-1.7.5.jar
7f474299d000-7f474299e000 r--s 0000e000 08:03 2503954                    /usr/share/maven3/lib/maven-aether-provider-3.2.1.jar
7f474299e000-7f47429a1000 r--s 0000b000 08:03 2503992                    /usr/share/maven3/lib/maven-artifact-3.2.1.jar
7f47429a1000-7f47429ad000 r--s 00081000 08:03 2503987                    /usr/share/maven3/lib/maven-core-3.2.1.jar
7f47429ad000-7f47429af000 r--s 00009000 08:03 2503970                    /usr/share/maven3/lib/maven-settings-3.2.1.jar
7f47429af000-7f47429b7000 rw-s 00000000 08:03 4850083                    /tmp/hsperfdata_jimmy/27180
7f47429b7000-7f47429b8000 rw-p 00000000 00:00 0 
7f47429b8000-7f47429b9000 r--p 00000000 00:00 0 
7f47429b9000-7f47429bb000 rw-p 00000000 00:00 0 
7f47429bb000-7f47429bc000 r--p 0001f000 08:03 5767641                    /lib/x86_64-linux-gnu/ld-2.13.so
7f47429bc000-7f47429bd000 rw-p 00020000 08:03 5767641                    /lib/x86_64-linux-gnu/ld-2.13.so
7f47429bd000-7f47429be000 rw-p 00000000 00:00 0 
7ffff1c40000-7ffff1c61000 rw-p 00000000 00:00 0                          [stack]
7ffff1dff000-7ffff1e00000 r-xp 00000000 00:00 0                          [vdso]
ffffffffff600000-ffffffffff601000 r-xp 00000000 00:00 0                  [vsyscall]

VM Arguments:
jvm_args: -Dclassworlds.conf=/usr/share/maven3/bin/m2.conf -Dmaven.home=/usr/share/maven3 
java_command: org.codehaus.plexus.classworlds.launcher.Launcher spring-boot:run
java_class_path (initial): /usr/share/maven3/boot/plexus-classworlds-2.5.1.jar
Launcher Type: SUN_STANDARD

Environment Variables:
JAVA_HOME=/usr/lib/jvm/java-8-oracle/bin/java
PATH=/usr/local/bin:/usr/bin:/bin:/usr/local/games:/usr/games:/usr/lib/jvm/java-8-oracle/bin:/usr/lib/jvm/java-8-oracle/db/bin:/usr/lib/jvm/java-8-oracle/jre/bin
SHELL=/bin/bash
DISPLAY=:0

Signal Handlers:
SIGSEGV: [libjvm.so+0xa7a650], sa_mask[0]=11111111011111111101111111111110, sa_flags=SA_RESTART|SA_SIGINFO
SIGBUS: [libjvm.so+0xa7a650], sa_mask[0]=11111111011111111101111111111110, sa_flags=SA_RESTART|SA_SIGINFO
SIGFPE: [libjvm.so+0x8e28f0], sa_mask[0]=11111111011111111101111111111110, sa_flags=SA_RESTART|SA_SIGINFO
SIGPIPE: [libjvm.so+0x8e28f0], sa_mask[0]=11111111011111111101111111111110, sa_flags=SA_RESTART|SA_SIGINFO
SIGXFSZ: [libjvm.so+0x8e28f0], sa_mask[0]=11111111011111111101111111111110, sa_flags=SA_RESTART|SA_SIGINFO
SIGILL: [libjvm.so+0x8e28f0], sa_mask[0]=11111111011111111101111111111110, sa_flags=SA_RESTART|SA_SIGINFO
SIGUSR1: SIG_DFL, sa_mask[0]=00000000000000000000000000000000, sa_flags=none
SIGUSR2: [libjvm.so+0x8e4120], sa_mask[0]=00000000000000000000000000000000, sa_flags=SA_RESTART|SA_SIGINFO
SIGHUP: [libjvm.so+0x8e54e0], sa_mask[0]=11111111011111111101111111111110, sa_flags=SA_RESTART|SA_SIGINFO
SIGINT: [libjvm.so+0x8e54e0], sa_mask[0]=11111111011111111101111111111110, sa_flags=SA_RESTART|SA_SIGINFO
SIGTERM: [libjvm.so+0x8e54e0], sa_mask[0]=11111111011111111101111111111110, sa_flags=SA_RESTART|SA_SIGINFO
SIGQUIT: [libjvm.so+0x8e54e0], sa_mask[0]=11111111011111111101111111111110, sa_flags=SA_RESTART|SA_SIGINFO


---------------  S Y S T E M  ---------------

OS:PRETTY_NAME="Debian GNU/Linux 7 (wheezy)"
NAME="Debian GNU/Linux"
VERSION_ID="7"
VERSION="7 (wheezy)"
ID=debian
ANSI_COLOR="1;31"
HOME_URL="http://www.debian.org/"
SUPPORT_URL="http://www.debian.org/support/"
BUG_REPORT_URL="http://bugs.debian.org/"

uname:Linux 3.2.0-4-amd64 #1 SMP Debian 3.2.65-1+deb7u1 x86_64
libc:glibc 2.13 NPTL 2.13 
rlimit: STACK 8192k, CORE 0k, NPROC 63691, NOFILE 4096, AS infinity
load average:0.70 0.92 0.86

/proc/meminfo:
MemTotal:        8164604 kB
MemFree:         2036756 kB
Buffers:          172536 kB
Cached:          1961272 kB
SwapCached:         4276 kB
Active:          3508436 kB
Inactive:        1809912 kB
Active(anon):    2488692 kB
Inactive(anon):   748232 kB
Active(file):    1019744 kB
Inactive(file):  1061680 kB
Unevictable:           0 kB
Mlocked:               0 kB
SwapTotal:      15623176 kB
SwapFree:       15598880 kB
Dirty:               408 kB
Writeback:             0 kB
AnonPages:       3180892 kB
Mapped:           249436 kB
Shmem:             52372 kB
Slab:             658452 kB
SReclaimable:     605036 kB
SUnreclaim:        53416 kB
KernelStack:        6040 kB
PageTables:        56700 kB
NFS_Unstable:          0 kB
Bounce:                0 kB
WritebackTmp:          0 kB
CommitLimit:    19705476 kB
Committed_AS:    8185568 kB
VmallocTotal:   34359738367 kB
VmallocUsed:      131032 kB
VmallocChunk:   34359604220 kB
HardwareCorrupted:     0 kB
AnonHugePages:         0 kB
HugePages_Total:       0
HugePages_Free:        0
HugePages_Rsvd:        0
HugePages_Surp:        0
Hugepagesize:       2048 kB
DirectMap4k:      182272 kB
DirectMap2M:     8181760 kB


CPU:total 8 (4 cores per cpu, 2 threads per core) family 6 model 42 stepping 7, cmov, cx8, fxsr, mmx, sse, sse2, sse3, ssse3, sse4.1, sse4.2, popcnt, avx, aes, clmul, ht, tsc, tscinvbit

/proc/cpuinfo:
processor	: 0
vendor_id	: GenuineIntel
cpu family	: 6
model		: 42
model name	: Intel(R) Core(TM) i7-2600 CPU @ 3.40GHz
stepping	: 7
microcode	: 0x25
cpu MHz		: 1600.000
cache size	: 8192 KB
physical id	: 0
siblings	: 8
core id		: 0
cpu cores	: 4
apicid		: 0
initial apicid	: 0
fpu		: yes
fpu_exception	: yes
cpuid level	: 13
wp		: yes
flags		: fpu vme de pse tsc msr pae mce cx8 apic sep mtrr pge mca cmov pat pse36 clflush dts acpi mmx fxsr sse sse2 ss ht tm pbe syscall nx rdtscp lm constant_tsc arch_perfmon pebs bts rep_good nopl xtopology nonstop_tsc aperfmperf pni pclmulqdq dtes64 monitor ds_cpl vmx smx est tm2 ssse3 cx16 xtpr pdcm pcid sse4_1 sse4_2 x2apic popcnt tsc_deadline_timer aes xsave avx lahf_lm ida arat epb xsaveopt pln pts dtherm tpr_shadow vnmi flexpriority ept vpid
bogomips	: 6822.55
clflush size	: 64
cache_alignment	: 64
address sizes	: 36 bits physical, 48 bits virtual
power management:

processor	: 1
vendor_id	: GenuineIntel
cpu family	: 6
model		: 42
model name	: Intel(R) Core(TM) i7-2600 CPU @ 3.40GHz
stepping	: 7
microcode	: 0x25
cpu MHz		: 1600.000
cache size	: 8192 KB
physical id	: 0
siblings	: 8
core id		: 1
cpu cores	: 4
apicid		: 2
initial apicid	: 2
fpu		: yes
fpu_exception	: yes
cpuid level	: 13
wp		: yes
flags		: fpu vme de pse tsc msr pae mce cx8 apic sep mtrr pge mca cmov pat pse36 clflush dts acpi mmx fxsr sse sse2 ss ht tm pbe syscall nx rdtscp lm constant_tsc arch_perfmon pebs bts rep_good nopl xtopology nonstop_tsc aperfmperf pni pclmulqdq dtes64 monitor ds_cpl vmx smx est tm2 ssse3 cx16 xtpr pdcm pcid sse4_1 sse4_2 x2apic popcnt tsc_deadline_timer aes xsave avx lahf_lm ida arat epb xsaveopt pln pts dtherm tpr_shadow vnmi flexpriority ept vpid
bogomips	: 6822.07
clflush size	: 64
cache_alignment	: 64
address sizes	: 36 bits physical, 48 bits virtual
power management:

processor	: 2
vendor_id	: GenuineIntel
cpu family	: 6
model		: 42
model name	: Intel(R) Core(TM) i7-2600 CPU @ 3.40GHz
stepping	: 7
microcode	: 0x25
cpu MHz		: 1600.000
cache size	: 8192 KB
physical id	: 0
siblings	: 8
core id		: 2
cpu cores	: 4
apicid		: 4
initial apicid	: 4
fpu		: yes
fpu_exception	: yes
cpuid level	: 13
wp		: yes
flags		: fpu vme de pse tsc msr pae mce cx8 apic sep mtrr pge mca cmov pat pse36 clflush dts acpi mmx fxsr sse sse2 ss ht tm pbe syscall nx rdtscp lm constant_tsc arch_perfmon pebs bts rep_good nopl xtopology nonstop_tsc aperfmperf pni pclmulqdq dtes64 monitor ds_cpl vmx smx est tm2 ssse3 cx16 xtpr pdcm pcid sse4_1 sse4_2 x2apic popcnt tsc_deadline_timer aes xsave avx lahf_lm ida arat epb xsaveopt pln pts dtherm tpr_shadow vnmi flexpriority ept vpid
bogomips	: 6822.08
clflush size	: 64
cache_alignment	: 64
address sizes	: 36 bits physical, 48 bits virtual
power management:

processor	: 3
vendor_id	: GenuineIntel
cpu family	: 6
model		: 42
model name	: Intel(R) Core(TM) i7-2600 CPU @ 3.40GHz
stepping	: 7
microcode	: 0x25
cpu MHz		: 1600.000
cache size	: 8192 KB
physical id	: 0
siblings	: 8
core id		: 3
cpu cores	: 4
apicid		: 6
initial apicid	: 6
fpu		: yes
fpu_exception	: yes
cpuid level	: 13
wp		: yes
flags		: fpu vme de pse tsc msr pae mce cx8 apic sep mtrr pge mca cmov pat pse36 clflush dts acpi mmx fxsr sse sse2 ss ht tm pbe syscall nx rdtscp lm constant_tsc arch_perfmon pebs bts rep_good nopl xtopology nonstop_tsc aperfmperf pni pclmulqdq dtes64 monitor ds_cpl vmx smx est tm2 ssse3 cx16 xtpr pdcm pcid sse4_1 sse4_2 x2apic popcnt tsc_deadline_timer aes xsave avx lahf_lm ida arat epb xsaveopt pln pts dtherm tpr_shadow vnmi flexpriority ept vpid
bogomips	: 6822.07
clflush size	: 64
cache_alignment	: 64
address sizes	: 36 bits physical, 48 bits virtual
power management:

processor	: 4
vendor_id	: GenuineIntel
cpu family	: 6
model		: 42
model name	: Intel(R) Core(TM) i7-2600 CPU @ 3.40GHz
stepping	: 7
microcode	: 0x25
cpu MHz		: 1600.000
cache size	: 8192 KB
physical id	: 0
siblings	: 8
core id		: 0
cpu cores	: 4
apicid		: 1
initial apicid	: 1
fpu		: yes
fpu_exception	: yes
cpuid level	: 13
wp		: yes
flags		: fpu vme de pse tsc msr pae mce cx8 apic sep mtrr pge mca cmov pat pse36 clflush dts acpi mmx fxsr sse sse2 ss ht tm pbe syscall nx rdtscp lm constant_tsc arch_perfmon pebs bts rep_good nopl xtopology nonstop_tsc aperfmperf pni pclmulqdq dtes64 monitor ds_cpl vmx smx est tm2 ssse3 cx16 xtpr pdcm pcid sse4_1 sse4_2 x2apic popcnt tsc_deadline_timer aes xsave avx lahf_lm ida arat epb xsaveopt pln pts dtherm tpr_shadow vnmi flexpriority ept vpid
bogomips	: 6822.07
clflush size	: 64
cache_alignment	: 64
address sizes	: 36 bits physical, 48 bits virtual
power management:

processor	: 5
vendor_id	: GenuineIntel
cpu family	: 6
model		: 42
model name	: Intel(R) Core(TM) i7-2600 CPU @ 3.40GHz
stepping	: 7
microcode	: 0x25
cpu MHz		: 1600.000
cache size	: 8192 KB
physical id	: 0
siblings	: 8
core id		: 1
cpu cores	: 4
apicid		: 3
initial apicid	: 3
fpu		: yes
fpu_exception	: yes
cpuid level	: 13
wp		: yes
flags		: fpu vme de pse tsc msr pae mce cx8 apic sep mtrr pge mca cmov pat pse36 clflush dts acpi mmx fxsr sse sse2 ss ht tm pbe syscall nx rdtscp lm constant_tsc arch_perfmon pebs bts rep_good nopl xtopology nonstop_tsc aperfmperf pni pclmulqdq dtes64 monitor ds_cpl vmx smx est tm2 ssse3 cx16 xtpr pdcm pcid sse4_1 sse4_2 x2apic popcnt tsc_deadline_timer aes xsave avx lahf_lm ida arat epb xsaveopt pln pts dtherm tpr_shadow vnmi flexpriority ept vpid
bogomips	: 6822.07
clflush size	: 64
cache_alignment	: 64
address sizes	: 36 bits physical, 48 bits virtual
power management:

processor	: 6
vendor_id	: GenuineIntel
cpu family	: 6
model		: 42
model name	: Intel(R) Core(TM) i7-2600 CPU @ 3.40GHz
stepping	: 7
microcode	: 0x25
cpu MHz		: 1600.000
cache size	: 8192 KB
physical id	: 0
siblings	: 8
core id		: 2
cpu cores	: 4
apicid		: 5
initial apicid	: 5
fpu		: yes
fpu_exception	: yes
cpuid level	: 13
wp		: yes
flags		: fpu vme de pse tsc msr pae mce cx8 apic sep mtrr pge mca cmov pat pse36 clflush dts acpi mmx fxsr sse sse2 ss ht tm pbe syscall nx rdtscp lm constant_tsc arch_perfmon pebs bts rep_good nopl xtopology nonstop_tsc aperfmperf pni pclmulqdq dtes64 monitor ds_cpl vmx smx est tm2 ssse3 cx16 xtpr pdcm pcid sse4_1 sse4_2 x2apic popcnt tsc_deadline_timer aes xsave avx lahf_lm ida arat epb xsaveopt pln pts dtherm tpr_shadow vnmi flexpriority ept vpid
bogomips	: 6822.08
clflush size	: 64
cache_alignment	: 64
address sizes	: 36 bits physical, 48 bits virtual
power management:

processor	: 7
vendor_id	: GenuineIntel
cpu family	: 6
model		: 42
model name	: Intel(R) Core(TM) i7-2600 CPU @ 3.40GHz
stepping	: 7
microcode	: 0x25
cpu MHz		: 1600.000
cache size	: 8192 KB
physical id	: 0
siblings	: 8
core id		: 3
cpu cores	: 4
apicid		: 7
initial apicid	: 7
fpu		: yes
fpu_exception	: yes
cpuid level	: 13
wp		: yes
flags		: fpu vme de pse tsc msr pae mce cx8 apic sep mtrr pge mca cmov pat pse36 clflush dts acpi mmx fxsr sse sse2 ss ht tm pbe syscall nx rdtscp lm constant_tsc arch_perfmon pebs bts rep_good nopl xtopology nonstop_tsc aperfmperf pni pclmulqdq dtes64 monitor ds_cpl vmx smx est tm2 ssse3 cx16 xtpr pdcm pcid sse4_1 sse4_2 x2apic popcnt tsc_deadline_timer aes xsave avx lahf_lm ida arat epb xsaveopt pln pts dtherm tpr_shadow vnmi flexpriority ept vpid
bogomips	: 6822.07
clflush size	: 64
cache_alignment	: 64
address sizes	: 36 bits physical, 48 bits virtual
power management:



Memory: 4k page, physical 8164604k(2036756k free), swap 15623176k(15598880k free)

vm_info: Java HotSpot(TM) 64-Bit Server VM (25.31-b07) for linux-amd64 JRE (1.8.0_31-b13), built on Dec 17 2014 20:40:15 by "java_re" with gcc 4.3.0 20080428 (Red Hat 4.3.0-8)

time: Mon Feb 16 01:51:49 2015
elapsed time: 21 seconds (0d 0h 0m 21s)

