#
# A fatal error has been detected by the Java Runtime Environment:
#
#  SIGSEGV (0xb) at pc=0x00007f57d7bf9d9d, pid=29273, tid=140015331636992
#
# JRE version: Java(TM) SE Runtime Environment (8.0_31-b13) (build 1.8.0_31-b13)
# Java VM: Java HotSpot(TM) 64-Bit Server VM (25.31-b07 mixed mode linux-amd64 compressed oops)
# Problematic frame:
# C  [librxtxSerial.so+0x6d9d]  read_byte_array+0x3d
#
# Failed to write core dump. Core dumps have been disabled. To enable core dumping, try "ulimit -c unlimited" before starting Java again
#
# If you would like to submit a bug report, please visit:
#   http://bugreport.java.com/bugreport/crash.jsp
# The crash happened outside the Java Virtual Machine in native code.
# See problematic frame for where to report the bug.
#

---------------  T H R E A D  ---------------

Current thread (0x00000000011f1800):  JavaThread "Thread-7" [_thread_in_native, id=29547, stack(0x00007f57dc0af000,0x00007f57dc1b0000)]

siginfo: si_signo: 11 (SIGSEGV), si_code: 1 (SEGV_MAPERR), si_addr: 0xffffffffdc1ae3d8

Registers:
RAX=0xffffffffdc1ae3d0, RBX=0x0000000000ae0c60, RCX=0x0000000000000001, RDX=0x00007f5802095200
RSP=0x00007f57dc1ad6f0, RBP=0x00000000011f19e8, RSI=0x00007f57d7bfcb25, RDI=0x00007f57d7bfca9f
R8 =0x0000000000000009, R9 =0x00000000dd019658, R10=0x0000000000000340, R11=0x00007f58020997c8
R12=0xffffffffffffffff, R13=0x0000000000000001, R14=0x00000000000000b6, R15=0x00000000ffffffff
RIP=0x00007f57d7bf9d9d, EFLAGS=0x0000000000010206, CSGSFS=0x0000000000000033, ERR=0x0000000000000005
  TRAPNO=0x000000000000000e

Top of Stack: (sp=0x00007f57dc1ad6f0)
0x00007f57dc1ad6f0:   0000000000000001 0000000000000000
0x00007f57dc1ad700:   0000000100000700 0000000000ae0c60
0x00007f57dc1ad710:   000000b6d7bf3d18 0000000000c0c6f0
0x00007f57dc1ad720:   0000000000000000 00000000ffffffff
0x00007f57dc1ad730:   00007f57dc1ad790 ffffffffdc1ae3d0
0x00007f57dc1ad740:   000000000020c5d0 0000000000000000
0x00007f57dc1ad750:   00000000000000b6 0000000000000000
0x00007f57dc1ad760:   00007f57d7bf3000 00007f5802a929f2
0x00007f57dc1ad770:   0000000000000005 0000000000000000
0x00007f57dc1ad780:   0000000000000000 00007f57d7bf3d18
0x00007f57dc1ad790:   00007f57dc1ad7c0 0000000000ae0c60
0x00007f57dc1ad7a0:   00000000011f19e8 ffffffffffffffff
0x00007f57dc1ad7b0:   0000000000000001 00007f5802a98a55
0x00007f57dc1ad7c0:   0000000000ae0c60 0000000000ae0c60
0x00007f57dc1ad7d0:   00000000000000b6 0000000000ae0c60
0x00007f57dc1ad7e0:   00000000011f19e8 ffffffffffffffff
0x00007f57dc1ad7f0:   0000000000000001 00000000000000b6
0x00007f57dc1ad800:   0000000000000000 00007f57d7bfa272
0x00007f57dc1ad810:   00000000011f1800 00007f57dc1ad8f8
0x00007f57dc1ad820:   00007f57dc1ad900 00007f57de3730f0
0x00007f57dc1ad830:   00007f57dc1ad8c8 0000000000000000
0x00007f57dc1ad840:   00007f57de3730e8 00007f57dc1ad900
0x00007f57dc1ad850:   00000000011f1800 00007f57f0e3c6d4
0x00007f57dc1ad860:   00007f57de3730f0 0000000000000000
0x00007f57dc1ad870:   00007f57dc1ad8c8 00007f57f0e3c467
0x00007f57dc1ad880:   00007f57f0e3c422 00007f57dc1ad888
0x00007f57dc1ad890:   00007f57de3730e8 00007f57dc1ad900
0x00007f57dc1ad8a0:   00007f57d7e51980 0000000000000000
0x00007f57dc1ad8b0:   00007f57de3730f0 0000000000000000
0x00007f57dc1ad8c0:   00007f57dc1ad8e8 00007f57dc1ad968
0x00007f57dc1ad8d0:   00007f57f0e2e3d0 0000000000000000
0x00007f57dc1ad8e0:   00007f57f0e362b6 0000000000000001 

Instructions: (pc=0x00007f57d7bf9d9d)
0x00007f57d7bf9d7d:   4c 24 18 48 8d 15 17 2d 00 00 48 8d 0d 0e 2d 00
0x00007f57d7bf9d8d:   00 44 89 44 24 14 e8 88 c7 ff ff 48 89 44 24 48
0x00007f57d7bf9d9d:   8b 40 08 45 85 ff 48 8b 54 24 48 89 44 24 40 c7
0x00007f57d7bf9dad:   42 08 00 00 00 00 0f 88 bd 01 00 00 31 c0 e8 70 

Register to memory mapping:

RAX=0xffffffffdc1ae3d0 is an unknown value
RBX=0x0000000000ae0c60 is an unknown value
RCX=0x0000000000000001 is an unknown value
RDX=0x00007f5802095200: <offset 0xf57200> in /usr/lib/jvm/java-8-oracle/jre/lib/amd64/server/libjvm.so at 0x00007f580113e000
RSP=0x00007f57dc1ad6f0 is pointing into the stack for thread: 0x00000000011f1800
RBP=0x00000000011f19e8 is an unknown value
RSI=0x00007f57d7bfcb25: <offset 0x9b25> in /usr/lib/jvm/java-8-oracle/jre/lib/amd64/librxtxSerial.so at 0x00007f57d7bf3000
RDI=0x00007f57d7bfca9f: <offset 0x9a9f> in /usr/lib/jvm/java-8-oracle/jre/lib/amd64/librxtxSerial.so at 0x00007f57d7bf3000
R8 =0x0000000000000009 is an unknown value
R9 =0x00000000dd019658 is an oop
gnu.io.RXTXPort 
 - klass: 'gnu/io/RXTXPort'
R10=0x0000000000000340 is an unknown value
R11=0x00007f58020997c8: <offset 0xf5b7c8> in /usr/lib/jvm/java-8-oracle/jre/lib/amd64/server/libjvm.so at 0x00007f580113e000
R12=0xffffffffffffffff is an unknown value
R13=0x0000000000000001 is an unknown value
R14=0x00000000000000b6 is an unknown value
R15=0x00000000ffffffff is an unallocated location in the heap


Stack: [0x00007f57dc0af000,0x00007f57dc1b0000],  sp=0x00007f57dc1ad6f0,  free space=1017k
Native frames: (J=compiled Java code, j=interpreted, Vv=VM code, C=native code)
C  [librxtxSerial.so+0x6d9d]  read_byte_array+0x3d

Java frames: (J=compiled Java code, j=interpreted, Vv=VM code)
j  gnu.io.RXTXPort.readArray([BII)I+0
j  gnu.io.RXTXPort$SerialInputStream.read([BII)I+212
J 2048 C1 sun.nio.cs.StreamDecoder.readBytes()I (289 bytes) @ 0x00007f57f147f37c [0x00007f57f147f240+0x13c]
j  sun.nio.cs.StreamDecoder.implRead([CII)I+112
J 2580 C2 sun.nio.cs.StreamDecoder.read([CII)I (196 bytes) @ 0x00007f57f161eab0 [0x00007f57f161e2e0+0x7d0]
J 2582 C2 java.io.InputStreamReader.read([CII)I (11 bytes) @ 0x00007f57f160ade0 [0x00007f57f160ada0+0x40]
J 2038 C1 java.io.BufferedReader.fill()V (170 bytes) @ 0x00007f57f147bd94 [0x00007f57f147bae0+0x2b4]
j  java.io.BufferedReader.readLine(Z)Ljava/lang/String;+44
j  java.io.BufferedReader.readLine()Ljava/lang/String;+2
j  arduino.controller.WebSocketControllerImpl$$anon$1.serialEvent(Lgnu/io/SerialPortEvent;)V+34
j  gnu.io.RXTXPort.sendEvent(IZ)Z+382
v  ~StubRoutines::call_stub
j  gnu.io.RXTXPort.eventLoop()V+0
j  gnu.io.RXTXPort$MonitorThread.run()V+12
v  ~StubRoutines::call_stub

---------------  P R O C E S S  ---------------

Java Threads: ( => current thread )
  0x0000000001135800 JavaThread "MessageBrokerSockJS-8" [_thread_blocked, id=29551, stack(0x00007f57d78f0000,0x00007f57d79f1000)]
  0x0000000000f11000 JavaThread "MessageBrokerSockJS-7" [_thread_blocked, id=29549, stack(0x00007f57d79f1000,0x00007f57d7af2000)]
  0x0000000000f0c000 JavaThread "clientOutboundChannel-2" [_thread_blocked, id=29548, stack(0x00007f57d7af2000,0x00007f57d7bf3000)]
=>0x00000000011f1800 JavaThread "Thread-7" [_thread_in_native, id=29547, stack(0x00007f57dc0af000,0x00007f57dc1b0000)]
  0x00007f57d8ba0800 JavaThread "clientInboundChannel-9" [_thread_blocked, id=29546, stack(0x00007f57dc1b0000,0x00007f57dc2b1000)]
  0x0000000000c87000 JavaThread "clientInboundChannel-8" [_thread_blocked, id=29545, stack(0x00007f57dc2b1000,0x00007f57dc3b2000)]
  0x0000000000c85000 JavaThread "clientInboundChannel-7" [_thread_blocked, id=29544, stack(0x00007f57dc3b2000,0x00007f57dc4b3000)]
  0x0000000000c81000 JavaThread "http-nio-8080-exec-6" daemon [_thread_blocked, id=29543, stack(0x00007f57dc4b3000,0x00007f57dc5b4000)]
  0x0000000000da8000 JavaThread "clientInboundChannel-6" [_thread_blocked, id=29540, stack(0x00007f57dc5b4000,0x00007f57dc6b5000)]
  0x0000000000da6000 JavaThread "clientInboundChannel-5" [_thread_blocked, id=29539, stack(0x00007f57dc6b5000,0x00007f57dc7b6000)]
  0x0000000000da4000 JavaThread "clientInboundChannel-4" [_thread_blocked, id=29538, stack(0x00007f57dc7b6000,0x00007f57dc8b7000)]
  0x0000000000da1000 JavaThread "http-nio-8080-exec-5" daemon [_thread_blocked, id=29537, stack(0x00007f57dc8b7000,0x00007f57dc9b8000)]
  0x00000000011e0800 JavaThread "MessageBrokerSockJS-6" [_thread_blocked, id=29536, stack(0x00007f57dc9b8000,0x00007f57dcab9000)]
  0x00007f57d8b9f800 JavaThread "clientOutboundChannel-1" [_thread_blocked, id=29535, stack(0x00007f57dcab9000,0x00007f57dcbba000)]
  0x00000000011de000 JavaThread "clientInboundChannel-3" [_thread_blocked, id=29534, stack(0x00007f57dcbba000,0x00007f57dccbb000)]
  0x00000000011dc000 JavaThread "clientInboundChannel-2" [_thread_blocked, id=29533, stack(0x00007f57dccbb000,0x00007f57dcdbc000)]
  0x00000000011db000 JavaThread "clientInboundChannel-1" [_thread_blocked, id=29532, stack(0x00007f57dcdbc000,0x00007f57dcebd000)]
  0x000000000149c000 JavaThread "http-nio-8080-exec-4" daemon [_thread_blocked, id=29531, stack(0x00007f57dcebd000,0x00007f57dcfbe000)]
  0x000000000149a000 JavaThread "WebSocket background processing" daemon [_thread_blocked, id=29530, stack(0x00007f57dcfbe000,0x00007f57dd0bf000)]
  0x0000000000d5e000 JavaThread "MessageBrokerSockJS-5" [_thread_blocked, id=29529, stack(0x00007f57dd0bf000,0x00007f57dd1c0000)]
  0x0000000000d5c000 JavaThread "WebSocketServer-localhost-ROOT-1" daemon [_thread_blocked, id=29528, stack(0x00007f57dd1c0000,0x00007f57dd2c1000)]
  0x0000000000bb1000 JavaThread "MessageBrokerSockJS-4" [_thread_blocked, id=29527, stack(0x00007f57dd2c1000,0x00007f57dd3c2000)]
  0x0000000000bb0000 JavaThread "MessageBrokerSockJS-3" [_thread_blocked, id=29526, stack(0x00007f57dd3c2000,0x00007f57dd4c3000)]
  0x0000000000f4c000 JavaThread "http-nio-8080-exec-3" daemon [_thread_blocked, id=29525, stack(0x00007f57dd4c3000,0x00007f57dd5c4000)]
  0x0000000001436800 JavaThread "http-nio-8080-exec-2" daemon [_thread_blocked, id=29524, stack(0x00007f57df3d5000,0x00007f57df4d6000)]
  0x0000000001780800 JavaThread "http-nio-8080-exec-1" daemon [_thread_blocked, id=29511, stack(0x00007f57df4d6000,0x00007f57df5d7000)]
  0x000000000178d000 JavaThread "MessageBrokerSockJS-2" [_thread_blocked, id=29457, stack(0x00007f57de4cb000,0x00007f57de5cc000)]
  0x0000000001bce800 JavaThread "http-nio-8080-Acceptor-0" daemon [_thread_in_native, id=29350, stack(0x00007f57dd5c4000,0x00007f57dd6c5000)]
  0x0000000001bcc000 JavaThread "http-nio-8080-ClientPoller-1" daemon [_thread_in_native, id=29349, stack(0x00007f57dd6c5000,0x00007f57dd7c6000)]
  0x0000000001bbd800 JavaThread "http-nio-8080-ClientPoller-0" daemon [_thread_in_native, id=29348, stack(0x00007f57dd7c6000,0x00007f57dd8c7000)]
  0x0000000001bad000 JavaThread "NioBlockingSelector.BlockPoller-1" daemon [_thread_in_native, id=29347, stack(0x00007f57dd8c7000,0x00007f57dd9c8000)]
  0x00007f57e8935000 JavaThread "MessageBrokerSockJS-1" [_thread_blocked, id=29346, stack(0x00007f57dddc8000,0x00007f57ddec9000)]
  0x0000000001340800 JavaThread "container-0" [_thread_blocked, id=29345, stack(0x00007f57de0c9000,0x00007f57de1ca000)]
  0x00000000013d8800 JavaThread "ContainerBackgroundProcessor[StandardEngine[Tomcat].StandardHost[localhost].StandardContext[]]" daemon [_thread_blocked, id=29344, stack(0x00007f57de1ca000,0x00007f57de2cb000)]
  0x00007f57e8057000 JavaThread "Service Thread" daemon [_thread_blocked, id=29312, stack(0x00007f57ec69c000,0x00007f57ec79d000)]
  0x00007f57e8037800 JavaThread "C1 CompilerThread3" daemon [_thread_blocked, id=29311, stack(0x00007f57ec79d000,0x00007f57ec89e000)]
  0x00007f57e8035800 JavaThread "C2 CompilerThread2" daemon [_thread_blocked, id=29310, stack(0x00007f57ec89e000,0x00007f57ec99f000)]
  0x00007f57e8033000 JavaThread "C2 CompilerThread1" daemon [_thread_blocked, id=29309, stack(0x00007f57ec99f000,0x00007f57ecaa0000)]
  0x00007f57e8030800 JavaThread "C2 CompilerThread0" daemon [_thread_blocked, id=29308, stack(0x00007f57ecaa0000,0x00007f57ecba1000)]
  0x00007f57e802e000 JavaThread "Signal Dispatcher" daemon [_thread_blocked, id=29307, stack(0x00007f57ecba1000,0x00007f57ecca2000)]
  0x00007f57e8001000 JavaThread "Finalizer" daemon [_thread_blocked, id=29306, stack(0x00007f57ece19000,0x00007f57ecf1a000)]
  0x0000000000a58000 JavaThread "Reference Handler" daemon [_thread_blocked, id=29305, stack(0x00007f57ecf1a000,0x00007f57ed01b000)]
  0x00000000009df000 JavaThread "main" [_thread_blocked, id=29295, stack(0x00007f5802b7f000,0x00007f5802c80000)]

Other Threads:
  0x0000000000a52800 VMThread [stack: 0x00007f57ed01b000,0x00007f57ed11c000] [id=29304]
  0x00007f57e8059800 WatcherThread [stack: 0x00007f57ec59b000,0x00007f57ec69c000] [id=29313]

VM state:not at safepoint (normal execution)

VM Mutex/Monitor currently owned by a thread: None

Heap:
 PSYoungGen      total 276480K, used 113141K [0x00000000d6780000, 0x00000000f4800000, 0x0000000100000000)
  eden space 262144K, 43% used [0x00000000d6780000,0x00000000dd5fd5b0,0x00000000e6780000)
  from space 14336K, 0% used [0x00000000e6780000,0x00000000e6780000,0x00000000e7580000)
  to   space 18944K, 0% used [0x00000000f3580000,0x00000000f3580000,0x00000000f4800000)
 ParOldGen       total 101376K, used 32574K [0x0000000083600000, 0x0000000089900000, 0x00000000d6780000)
  object space 101376K, 32% used [0x0000000083600000,0x00000000855cfbd8,0x0000000089900000)
 Metaspace       used 41949K, capacity 42706K, committed 43008K, reserved 1087488K
  class space    used 5280K, capacity 5557K, committed 5632K, reserved 1048576K

Card table byte_map: [0x00007f57f0681000,0x00007f57f0a67000] byte_map_base: 0x00007f57f0266000

Marking Bits: (ParMarkBitMap*) 0x00007f58020992a0
 Begin Bits: [0x00007f57e41b0000, 0x00007f57e60d8000)
 End Bits:   [0x00007f57e60d8000, 0x00007f57e8000000)

Polling page: 0x00007f5802ca1000

CodeCache: size=245760Kb used=15689Kb max_used=15873Kb free=230070Kb
 bounds [0x00007f57f0e27000, 0x00007f57f1dc7000, 0x00007f57ffe27000]
 total_blobs=5115 nmethods=4671 adapters=358
 compilation: enabled

Compilation events (10 events):
Event: 142.056 Thread 0x00007f57e8033000 nmethod 5495 0x00007f57f1bbf250 code [0x00007f57f1bbf4a0, 0x00007f57f1bc09f0]
Event: 142.071 Thread 0x00007f57e8037800 5497   !   3       java.lang.StringCoding$StringDecoder::decode (179 bytes)
Event: 142.072 Thread 0x00007f57e8037800 nmethod 5497 0x00007f57f0f68e90 code [0x00007f57f0f691e0, 0x00007f57f0f6ae48]
Event: 142.083 Thread 0x00007f57e8037800 5498       3       java.lang.Class::isEnum (27 bytes)
Event: 142.083 Thread 0x00007f57e8037800 nmethod 5498 0x00007f57f1bbec90 code [0x00007f57f1bbee20, 0x00007f57f1bbf198]
Event: 142.083 Thread 0x00007f57e8037800 5499       3       com.fasterxml.jackson.databind.introspect.AnnotationMap::get (21 bytes)
Event: 142.084 Thread 0x00007f57e8037800 nmethod 5499 0x00007f57f1148550 code [0x00007f57f11486e0, 0x00007f57f1148a48]
Event: 142.102 Thread 0x00007f57e8037800 5500       3       java.lang.ThreadLocal$ThreadLocalMap$Entry::<init> (11 bytes)
Event: 142.102 Thread 0x00007f57e8037800 nmethod 5500 0x00007f57f1189c10 code [0x00007f57f1189da0, 0x00007f57f118a0f0]
Event: 142.841 Thread 0x00007f57e8030800 5501       4       java.lang.ClassLoader::loadClass (7 bytes)

GC Heap History (10 events):
Event: 5.283 GC heap before
{Heap before GC invocations=5 (full 0):
 PSYoungGen      total 136192K, used 136192K [0x00000000d6780000, 0x00000000df180000, 0x0000000100000000)
  eden space 131072K, 100% used [0x00000000d6780000,0x00000000de780000,0x00000000de780000)
  from space 5120K, 100% used [0x00000000dec80000,0x00000000df180000,0x00000000df180000)
  to   space 5120K, 0% used [0x00000000de780000,0x00000000de780000,0x00000000dec80000)
 ParOldGen       total 86016K, used 10162K [0x0000000083600000, 0x0000000088a00000, 0x00000000d6780000)
  object space 86016K, 11% used [0x0000000083600000,0x0000000083fec810,0x0000000088a00000)
 Metaspace       used 19946K, capacity 20448K, committed 20736K, reserved 1067008K
  class space    used 2535K, capacity 2732K, committed 2816K, reserved 1048576K
Event: 5.300 GC heap after
Heap after GC invocations=5 (full 0):
 PSYoungGen      total 136192K, used 5114K [0x00000000d6780000, 0x00000000e8380000, 0x0000000100000000)
  eden space 131072K, 0% used [0x00000000d6780000,0x00000000d6780000,0x00000000de780000)
  from space 5120K, 99% used [0x00000000de780000,0x00000000dec7e940,0x00000000dec80000)
  to   space 14336K, 0% used [0x00000000e7580000,0x00000000e7580000,0x00000000e8380000)
 ParOldGen       total 86016K, used 18082K [0x0000000083600000, 0x0000000088a00000, 0x00000000d6780000)
  object space 86016K, 21% used [0x0000000083600000,0x00000000847a89d8,0x0000000088a00000)
 Metaspace       used 19946K, capacity 20448K, committed 20736K, reserved 1067008K
  class space    used 2535K, capacity 2732K, committed 2816K, reserved 1048576K
}
Event: 5.349 GC heap before
{Heap before GC invocations=6 (full 0):
 PSYoungGen      total 136192K, used 11547K [0x00000000d6780000, 0x00000000e8380000, 0x0000000100000000)
  eden space 131072K, 4% used [0x00000000d6780000,0x00000000d6dc8620,0x00000000de780000)
  from space 5120K, 99% used [0x00000000de780000,0x00000000dec7e940,0x00000000dec80000)
  to   space 14336K, 0% used [0x00000000e7580000,0x00000000e7580000,0x00000000e8380000)
 ParOldGen       total 86016K, used 18082K [0x0000000083600000, 0x0000000088a00000, 0x00000000d6780000)
  object space 86016K, 21% used [0x0000000083600000,0x00000000847a89d8,0x0000000088a00000)
 Metaspace       used 20599K, capacity 21112K, committed 21296K, reserved 1067008K
  class space    used 2628K, capacity 2864K, committed 2944K, reserved 1048576K
Event: 5.359 GC heap after
Heap after GC invocations=6 (full 0):
 PSYoungGen      total 276480K, used 5834K [0x00000000d6780000, 0x00000000e8380000, 0x0000000100000000)
  eden space 262144K, 0% used [0x00000000d6780000,0x00000000d6780000,0x00000000e6780000)
  from space 14336K, 40% used [0x00000000e7580000,0x00000000e7b32930,0x00000000e8380000)
  to   space 14336K, 0% used [0x00000000e6780000,0x00000000e6780000,0x00000000e7580000)
 ParOldGen       total 86016K, used 18090K [0x0000000083600000, 0x0000000088a00000, 0x00000000d6780000)
  object space 86016K, 21% used [0x0000000083600000,0x00000000847aa9d8,0x0000000088a00000)
 Metaspace       used 20599K, capacity 21112K, committed 21296K, reserved 1067008K
  class space    used 2628K, capacity 2864K, committed 2944K, reserved 1048576K
}
Event: 5.359 GC heap before
{Heap before GC invocations=7 (full 1):
 PSYoungGen      total 276480K, used 5834K [0x00000000d6780000, 0x00000000e8380000, 0x0000000100000000)
  eden space 262144K, 0% used [0x00000000d6780000,0x00000000d6780000,0x00000000e6780000)
  from space 14336K, 40% used [0x00000000e7580000,0x00000000e7b32930,0x00000000e8380000)
  to   space 14336K, 0% used [0x00000000e6780000,0x00000000e6780000,0x00000000e7580000)
 ParOldGen       total 86016K, used 18090K [0x0000000083600000, 0x0000000088a00000, 0x00000000d6780000)
  object space 86016K, 21% used [0x0000000083600000,0x00000000847aa9d8,0x0000000088a00000)
 Metaspace       used 20599K, capacity 21112K, committed 21296K, reserved 1067008K
  class space    used 2628K, capacity 2864K, committed 2944K, reserved 1048576K
Event: 5.430 GC heap after
Heap after GC invocations=7 (full 1):
 PSYoungGen      total 276480K, used 0K [0x00000000d6780000, 0x00000000e8380000, 0x0000000100000000)
  eden space 262144K, 0% used [0x00000000d6780000,0x00000000d6780000,0x00000000e6780000)
  from space 14336K, 0% used [0x00000000e7580000,0x00000000e7580000,0x00000000e8380000)
  to   space 14336K, 0% used [0x00000000e6780000,0x00000000e6780000,0x00000000e7580000)
 ParOldGen       total 64512K, used 14682K [0x0000000083600000, 0x0000000087500000, 0x00000000d6780000)
  object space 64512K, 22% used [0x0000000083600000,0x0000000084456a78,0x0000000087500000)
 Metaspace       used 20599K, capacity 21112K, committed 21296K, reserved 1067008K
  class space    used 2628K, capacity 2864K, committed 2944K, reserved 1048576K
}
Event: 7.016 GC heap before
{Heap before GC invocations=8 (full 1):
 PSYoungGen      total 276480K, used 188329K [0x00000000d6780000, 0x00000000e8380000, 0x0000000100000000)
  eden space 262144K, 71% used [0x00000000d6780000,0x00000000e1f6a548,0x00000000e6780000)
  from space 14336K, 0% used [0x00000000e7580000,0x00000000e7580000,0x00000000e8380000)
  to   space 14336K, 0% used [0x00000000e6780000,0x00000000e6780000,0x00000000e7580000)
 ParOldGen       total 64512K, used 14682K [0x0000000083600000, 0x0000000087500000, 0x00000000d6780000)
  object space 64512K, 22% used [0x0000000083600000,0x0000000084456a78,0x0000000087500000)
 Metaspace       used 34595K, capacity 35256K, committed 35496K, reserved 1081344K
  class space    used 4384K, capacity 4598K, committed 4608K, reserved 1048576K
Event: 7.028 GC heap after
Heap after GC invocations=8 (full 1):
 PSYoungGen      total 276480K, used 14307K [0x00000000d6780000, 0x00000000f4800000, 0x0000000100000000)
  eden space 262144K, 0% used [0x00000000d6780000,0x00000000d6780000,0x00000000e6780000)
  from space 14336K, 99% used [0x00000000e6780000,0x00000000e7578f98,0x00000000e7580000)
  to   space 18944K, 0% used [0x00000000f3580000,0x00000000f3580000,0x00000000f4800000)
 ParOldGen       total 64512K, used 19741K [0x0000000083600000, 0x0000000087500000, 0x00000000d6780000)
  object space 64512K, 30% used [0x0000000083600000,0x0000000084947688,0x0000000087500000)
 Metaspace       used 34595K, capacity 35256K, committed 35496K, reserved 1081344K
  class space    used 4384K, capacity 4598K, committed 4608K, reserved 1048576K
}
Event: 7.028 GC heap before
{Heap before GC invocations=9 (full 2):
 PSYoungGen      total 276480K, used 14307K [0x00000000d6780000, 0x00000000f4800000, 0x0000000100000000)
  eden space 262144K, 0% used [0x00000000d6780000,0x00000000d6780000,0x00000000e6780000)
  from space 14336K, 99% used [0x00000000e6780000,0x00000000e7578f98,0x00000000e7580000)
  to   space 18944K, 0% used [0x00000000f3580000,0x00000000f3580000,0x00000000f4800000)
 ParOldGen       total 64512K, used 19741K [0x0000000083600000, 0x0000000087500000, 0x00000000d6780000)
  object space 64512K, 30% used [0x0000000083600000,0x0000000084947688,0x0000000087500000)
 Metaspace       used 34595K, capacity 35256K, committed 35496K, reserved 1081344K
  class space    used 4384K, capacity 4598K, committed 4608K, reserved 1048576K
Event: 7.111 GC heap after
Heap after GC invocations=9 (full 2):
 PSYoungGen      total 276480K, used 0K [0x00000000d6780000, 0x00000000f4800000, 0x0000000100000000)
  eden space 262144K, 0% used [0x00000000d6780000,0x00000000d6780000,0x00000000e6780000)
  from space 14336K, 0% used [0x00000000e6780000,0x00000000e6780000,0x00000000e7580000)
  to   space 18944K, 0% used [0x00000000f3580000,0x00000000f3580000,0x00000000f4800000)
 ParOldGen       total 101376K, used 32574K [0x0000000083600000, 0x0000000089900000, 0x00000000d6780000)
  object space 101376K, 32% used [0x0000000083600000,0x00000000855cfbd8,0x0000000089900000)
 Metaspace       used 34595K, capacity 35256K, committed 35496K, reserved 1081344K
  class space    used 4384K, capacity 4598K, committed 4608K, reserved 1048576K
}

Deoptimization events (10 events):
Event: 6.869 Thread 0x00007f57d810b000 Uncommon trap: reason=unreached action=reinterpret pc=0x00007f57f15187dc method=java.lang.reflect.Method.equals(Ljava/lang/Object;)Z @ 1
Event: 7.113 Thread 0x00007f57e8001000 Uncommon trap: reason=bimorphic action=maybe_recompile pc=0x00007f57f19b67b4 method=java.util.WeakHashMap.eq(Ljava/lang/Object;Ljava/lang/Object;)Z @ 7
Event: 7.302 Thread 0x00007f57d810b000 Uncommon trap: reason=unreached action=reinterpret pc=0x00007f57f1c6c27c method=org.springframework.util.ReflectionUtils.doWithMethods(Ljava/lang/Class;Lorg/springframework/util/ReflectionUtils$MethodCallback;Lorg/springframework/util/ReflectionUtils$Meth
Event: 7.536 Thread 0x00007f57d810b000 Uncommon trap: reason=class_check action=maybe_recompile pc=0x00007f57f17a1a40 method=java.util.Collections$UnmodifiableMap.size()I @ 4
Event: 16.809 Thread 0x000000000178d000 Uncommon trap: reason=unreached action=reinterpret pc=0x00007f57f0f7b404 method=java.util.concurrent.locks.AbstractQueuedSynchronizer.release(I)Z @ 14
Event: 16.809 Thread 0x0000000001780800 Uncommon trap: reason=unreached action=reinterpret pc=0x00007f57f109e6fc method=java.util.concurrent.locks.AbstractQueuedSynchronizer.release(I)Z @ 14
Event: 137.760 Thread 0x0000000001436800 Uncommon trap: reason=unreached action=reinterpret pc=0x00007f57f132c080 method=java.util.HashMap.hash(Ljava/lang/Object;)I @ 1
Event: 137.834 Thread 0x000000000149c000 Uncommon trap: reason=unreached action=reinterpret pc=0x00007f57f0f6f114 method=org.springframework.util.ObjectUtils.nullSafeEquals(Ljava/lang/Object;Ljava/lang/Object;)Z @ 12
Event: 142.034 Thread 0x0000000000c85000 Uncommon trap: reason=class_check action=maybe_recompile pc=0x00007f57f17a1a40 method=java.util.Collections$UnmodifiableMap.size()I @ 4
Event: 142.067 Thread 0x0000000000c85000 Uncommon trap: reason=bimorphic action=maybe_recompile pc=0x00007f57f140a9a0 method=java.lang.ClassLoader.loadClass(Ljava/lang/String;)Ljava/lang/Class; @ 3

Internal exceptions (10 events):
Event: 142.094 Thread 0x0000000000c85000 Exception <a 'java/security/PrivilegedActionException'> (0x00000000dd229f70) thrown at [/HUDSON/workspace/8-2-build-linux-amd64/jdk8u31/2394/hotspot/src/share/vm/prims/jvm.cpp, line 1312]
Event: 142.094 Thread 0x0000000000c85000 Exception <a 'java/security/PrivilegedActionException'> (0x00000000dd22a950) thrown at [/HUDSON/workspace/8-2-build-linux-amd64/jdk8u31/2394/hotspot/src/share/vm/prims/jvm.cpp, line 1312]
Event: 142.095 Thread 0x0000000000c85000 Exception <a 'java/security/PrivilegedActionException'> (0x00000000dd231380) thrown at [/HUDSON/workspace/8-2-build-linux-amd64/jdk8u31/2394/hotspot/src/share/vm/prims/jvm.cpp, line 1312]
Event: 142.095 Thread 0x0000000000c85000 Exception <a 'java/security/PrivilegedActionException'> (0x00000000dd231ca0) thrown at [/HUDSON/workspace/8-2-build-linux-amd64/jdk8u31/2394/hotspot/src/share/vm/prims/jvm.cpp, line 1312]
Event: 142.096 Thread 0x0000000000c85000 Exception <a 'java/security/PrivilegedActionException'> (0x00000000dd236030) thrown at [/HUDSON/workspace/8-2-build-linux-amd64/jdk8u31/2394/hotspot/src/share/vm/prims/jvm.cpp, line 1312]
Event: 142.096 Thread 0x0000000000c85000 Exception <a 'java/security/PrivilegedActionException'> (0x00000000dd236a18) thrown at [/HUDSON/workspace/8-2-build-linux-amd64/jdk8u31/2394/hotspot/src/share/vm/prims/jvm.cpp, line 1312]
Event: 142.097 Thread 0x0000000000c85000 Exception <a 'java/security/PrivilegedActionException'> (0x00000000dd23fe70) thrown at [/HUDSON/workspace/8-2-build-linux-amd64/jdk8u31/2394/hotspot/src/share/vm/prims/jvm.cpp, line 1312]
Event: 142.097 Thread 0x0000000000c85000 Exception <a 'java/security/PrivilegedActionException'> (0x00000000dd240840) thrown at [/HUDSON/workspace/8-2-build-linux-amd64/jdk8u31/2394/hotspot/src/share/vm/prims/jvm.cpp, line 1312]
Event: 142.098 Thread 0x0000000000c85000 Exception <a 'java/security/PrivilegedActionException'> (0x00000000dd24a8e8) thrown at [/HUDSON/workspace/8-2-build-linux-amd64/jdk8u31/2394/hotspot/src/share/vm/prims/jvm.cpp, line 1312]
Event: 142.098 Thread 0x0000000000c85000 Exception <a 'java/security/PrivilegedActionException'> (0x00000000dd24af10) thrown at [/HUDSON/workspace/8-2-build-linux-amd64/jdk8u31/2394/hotspot/src/share/vm/prims/jvm.cpp, line 1312]

Events (10 events):
Event: 142.098 loading class com/fasterxml/jackson/core/json/JsonWriteContext done
Event: 142.101 Executing VM operation: RevokeBias
Event: 142.101 Executing VM operation: RevokeBias done
Event: 142.102 Thread 0x0000000000f0c000 Thread added: 0x0000000000f0c000
Event: 142.103 Thread 0x00007f57e8037800 flushing nmethod 0x00007f57f12877d0
Event: 142.103 Thread 0x00007f57e8037800 flushing nmethod 0x00007f57f12bc790
Event: 142.103 Thread 0x0000000000f11000 Thread added: 0x0000000000f11000
Event: 142.774 Thread 0x0000000001135800 Thread added: 0x0000000001135800
Event: 142.841 loading class gnu/io/SerialPortEvent
Event: 142.841 loading class gnu/io/SerialPortEvent done


Dynamic libraries:
00400000-00401000 r-xp 00000000 08:03 3804091                            /usr/lib/jvm/java-8-oracle/bin/java
00600000-00601000 rw-p 00000000 08:03 3804091                            /usr/lib/jvm/java-8-oracle/bin/java
009d4000-01c7f000 rw-p 00000000 00:00 0                                  [heap]
83600000-89900000 rw-p 00000000 00:00 0 
89900000-d6780000 ---p 00000000 00:00 0 
d6780000-f4800000 rw-p 00000000 00:00 0 
f4800000-100000000 ---p 00000000 00:00 0 
100000000-100580000 rw-p 00000000 00:00 0 
100580000-140000000 ---p 00000000 00:00 0 
7f57d78f0000-7f57d78f3000 ---p 00000000 00:00 0 
7f57d78f3000-7f57d79f1000 rw-p 00000000 00:00 0 
7f57d79f1000-7f57d79f4000 ---p 00000000 00:00 0 
7f57d79f4000-7f57d7af2000 rw-p 00000000 00:00 0 
7f57d7af2000-7f57d7af5000 ---p 00000000 00:00 0 
7f57d7af5000-7f57d7bf3000 rw-p 00000000 00:00 0 
7f57d7bf3000-7f57d7c00000 r-xp 00000000 08:03 4067547                    /usr/lib/jvm/java-8-oracle/jre/lib/amd64/librxtxSerial.so
7f57d7c00000-7f57d7dff000 ---p 0000d000 08:03 4067547                    /usr/lib/jvm/java-8-oracle/jre/lib/amd64/librxtxSerial.so
7f57d7dff000-7f57d7e00000 rw-p 0000c000 08:03 4067547                    /usr/lib/jvm/java-8-oracle/jre/lib/amd64/librxtxSerial.so
7f57d7e00000-7f57d7e80000 rw-p 00000000 00:00 0 
7f57d7e80000-7f57d8000000 ---p 00000000 00:00 0 
7f57d8000000-7f57d9f22000 rw-p 00000000 00:00 0 
7f57d9f22000-7f57dc000000 ---p 00000000 00:00 0 
7f57dc0af000-7f57dc0b2000 ---p 00000000 00:00 0 
7f57dc0b2000-7f57dc1b0000 rw-p 00000000 00:00 0 
7f57dc1b0000-7f57dc1b3000 ---p 00000000 00:00 0 
7f57dc1b3000-7f57dc2b1000 rw-p 00000000 00:00 0 
7f57dc2b1000-7f57dc2b4000 ---p 00000000 00:00 0 
7f57dc2b4000-7f57dc3b2000 rw-p 00000000 00:00 0 
7f57dc3b2000-7f57dc3b5000 ---p 00000000 00:00 0 
7f57dc3b5000-7f57dc4b3000 rw-p 00000000 00:00 0 
7f57dc4b3000-7f57dc4b6000 ---p 00000000 00:00 0 
7f57dc4b6000-7f57dc5b4000 rw-p 00000000 00:00 0 
7f57dc5b4000-7f57dc5b7000 ---p 00000000 00:00 0 
7f57dc5b7000-7f57dc6b5000 rw-p 00000000 00:00 0 
7f57dc6b5000-7f57dc6b8000 ---p 00000000 00:00 0 
7f57dc6b8000-7f57dc7b6000 rw-p 00000000 00:00 0 
7f57dc7b6000-7f57dc7b9000 ---p 00000000 00:00 0 
7f57dc7b9000-7f57dc8b7000 rw-p 00000000 00:00 0 
7f57dc8b7000-7f57dc8ba000 ---p 00000000 00:00 0 
7f57dc8ba000-7f57dc9b8000 rw-p 00000000 00:00 0 
7f57dc9b8000-7f57dc9bb000 ---p 00000000 00:00 0 
7f57dc9bb000-7f57dcab9000 rw-p 00000000 00:00 0 
7f57dcab9000-7f57dcabc000 ---p 00000000 00:00 0 
7f57dcabc000-7f57dcbba000 rw-p 00000000 00:00 0 
7f57dcbba000-7f57dcbbd000 ---p 00000000 00:00 0 
7f57dcbbd000-7f57dccbb000 rw-p 00000000 00:00 0 
7f57dccbb000-7f57dccbe000 ---p 00000000 00:00 0 
7f57dccbe000-7f57dcdbc000 rw-p 00000000 00:00 0 
7f57dcdbc000-7f57dcdbf000 ---p 00000000 00:00 0 
7f57dcdbf000-7f57dcebd000 rw-p 00000000 00:00 0 
7f57dcebd000-7f57dcec0000 ---p 00000000 00:00 0 
7f57dcec0000-7f57dcfbe000 rw-p 00000000 00:00 0 
7f57dcfbe000-7f57dcfc1000 ---p 00000000 00:00 0 
7f57dcfc1000-7f57dd0bf000 rw-p 00000000 00:00 0 
7f57dd0bf000-7f57dd0c2000 ---p 00000000 00:00 0 
7f57dd0c2000-7f57dd1c0000 rw-p 00000000 00:00 0 
7f57dd1c0000-7f57dd1c3000 ---p 00000000 00:00 0 
7f57dd1c3000-7f57dd2c1000 rw-p 00000000 00:00 0 
7f57dd2c1000-7f57dd2c4000 ---p 00000000 00:00 0 
7f57dd2c4000-7f57dd3c2000 rw-p 00000000 00:00 0 
7f57dd3c2000-7f57dd3c5000 ---p 00000000 00:00 0 
7f57dd3c5000-7f57dd4c3000 rw-p 00000000 00:00 0 
7f57dd4c3000-7f57dd4c6000 ---p 00000000 00:00 0 
7f57dd4c6000-7f57dd5c4000 rw-p 00000000 00:00 0 
7f57dd5c4000-7f57dd5c7000 ---p 00000000 00:00 0 
7f57dd5c7000-7f57dd6c5000 rw-p 00000000 00:00 0 
7f57dd6c5000-7f57dd6c8000 ---p 00000000 00:00 0 
7f57dd6c8000-7f57dd7c6000 rw-p 00000000 00:00 0 
7f57dd7c6000-7f57dd7c9000 ---p 00000000 00:00 0 
7f57dd7c9000-7f57dd8c7000 rw-p 00000000 00:00 0 
7f57dd8c7000-7f57dd8ca000 ---p 00000000 00:00 0 
7f57dd8ca000-7f57ddbc8000 rw-p 00000000 00:00 0 
7f57ddbc8000-7f57dddc8000 rw-p 00000000 00:00 0 
7f57dddc8000-7f57dddcb000 ---p 00000000 00:00 0 
7f57dddcb000-7f57de0c9000 rw-p 00000000 00:00 0 
7f57de0c9000-7f57de0cc000 ---p 00000000 00:00 0 
7f57de0cc000-7f57de1ca000 rw-p 00000000 00:00 0 
7f57de1ca000-7f57de1cd000 ---p 00000000 00:00 0 
7f57de1cd000-7f57de4cb000 rw-p 00000000 00:00 0 
7f57de4cb000-7f57de4ce000 ---p 00000000 00:00 0 
7f57de4ce000-7f57de7cc000 rw-p 00000000 00:00 0 
7f57de7cc000-7f57de9cc000 rw-p 00000000 00:00 0 
7f57de9cc000-7f57debcc000 rw-p 00000000 00:00 0 
7f57debcc000-7f57dedcc000 rw-p 00000000 00:00 0 
7f57dedcc000-7f57dedd4000 r-xp 00000000 08:03 4067409                    /usr/lib/jvm/java-8-oracle/jre/lib/amd64/libmanagement.so
7f57dedd4000-7f57defd4000 ---p 00008000 08:03 4067409                    /usr/lib/jvm/java-8-oracle/jre/lib/amd64/libmanagement.so
7f57defd4000-7f57defd5000 rw-p 00008000 08:03 4067409                    /usr/lib/jvm/java-8-oracle/jre/lib/amd64/libmanagement.so
7f57defd5000-7f57df1d5000 rw-p 00000000 00:00 0 
7f57df1d5000-7f57df3d5000 rw-p 00000000 00:00 0 
7f57df3d5000-7f57df3d8000 ---p 00000000 00:00 0 
7f57df3d8000-7f57df4d6000 rw-p 00000000 00:00 0 
7f57df4d6000-7f57df4d9000 ---p 00000000 00:00 0 
7f57df4d9000-7f57df7d7000 rw-p 00000000 00:00 0 
7f57df827000-7f57df82c000 r--s 002f8000 08:03 3804621                    /usr/lib/jvm/java-8-oracle/jre/lib/charsets.jar
7f57df82c000-7f57df83f000 r--s 00344000 08:03 3804496                    /usr/lib/jvm/java-8-oracle/jre/lib/resources.jar
7f57df83f000-7f57df841000 r--s 00009000 08:03 1049999                    /root/.m2/repository/org/apache/tomcat/embed/tomcat-embed-logging-juli/8.0.15/tomcat-embed-logging-juli-8.0.15.jar
7f57df841000-7f57df850000 r--s 000b0000 08:03 1049978                    /root/.m2/repository/org/springframework/spring-webmvc/4.1.4.RELEASE/spring-webmvc-4.1.4.RELEASE.jar
7f57df850000-7f57df855000 r--s 00034000 08:03 1050002                    /root/.m2/repository/org/apache/tomcat/embed/tomcat-embed-websocket/8.0.15/tomcat-embed-websocket-8.0.15.jar
7f57df855000-7f57df859000 r--s 0000c000 08:03 1049967                    /root/.m2/repository/javax/validation/validation-api/1.1.0.Final/validation-api-1.1.0.Final.jar
7f57df859000-7f57df85a000 r--s 00000000 08:03 1049959                    /root/.m2/repository/org/springframework/boot/spring-boot-starter-web/1.2.1.RELEASE/spring-boot-starter-web-1.2.1.RELEASE.jar
7f57df85a000-7f57df860000 r--s 0003d000 08:03 1049953                    /root/.m2/repository/ch/qos/logback/logback-classic/1.1.2/logback-classic-1.1.2.jar
7f57df860000-7f57df861000 r--s 00000000 08:03 1049995                    /root/.m2/repository/org/springframework/boot/spring-boot-starter-tomcat/1.2.1.RELEASE/spring-boot-starter-tomcat-1.2.1.RELEASE.jar
7f57df861000-7f57df862000 r--s 00000000 08:03 1049942                    /root/.m2/repository/org/springframework/boot/spring-boot-starter-logging/1.2.1.RELEASE/spring-boot-starter-logging-1.2.1.RELEASE.jar
7f57df862000-7f57df863000 r--s 00000000 08:03 1049937                    /root/.m2/repository/org/springframework/boot/spring-boot-starter-websocket/1.2.1.RELEASE/spring-boot-starter-websocket-1.2.1.RELEASE.jar
7f57df863000-7f57df867000 r--s 00034000 08:03 1049965                    /root/.m2/repository/com/fasterxml/jackson/core/jackson-core/2.4.4/jackson-core-2.4.4.jar
7f57df867000-7f57df868000 r--s 00005000 08:03 1049949                    /root/.m2/repository/org/slf4j/log4j-over-slf4j/1.7.8/log4j-over-slf4j-1.7.8.jar
7f57df868000-7f57df871000 r--s 0004f000 08:03 1049988                    /root/.m2/repository/org/springframework/spring-aop/4.1.4.RELEASE/spring-aop-4.1.4.RELEASE.jar
7f57df871000-7f57df87b000 r--s 0005f000 08:03 1049954                    /root/.m2/repository/ch/qos/logback/logback-core/1.1.2/logback-core-1.1.2.jar
7f57df87b000-7f57df88a000 r--s 00064000 08:03 1049940                    /root/.m2/repository/org/springframework/boot/spring-boot-autoconfigure/1.2.1.RELEASE/spring-boot-autoconfigure-1.2.1.RELEASE.jar
7f57df88a000-7f57df898000 r--s 0008d000 08:03 1049966                    /root/.m2/repository/org/hibernate/hibernate-validator/5.1.3.Final/hibernate-validator-5.1.3.Final.jar
7f57df898000-7f57df89c000 r--s 00036000 08:03 1049996                    /root/.m2/repository/org/apache/tomcat/embed/tomcat-embed-el/8.0.15/tomcat-embed-el-8.0.15.jar
7f57df89c000-7f57df8a1000 r--s 0003b000 08:03 1049994                    /root/.m2/repository/org/springframework/spring-expression/4.1.4.RELEASE/spring-expression-4.1.4.RELEASE.jar
7f57df8a1000-7f57df8a2000 r--s 00007000 08:03 1049947                    /root/.m2/repository/org/slf4j/slf4j-api/1.7.8/slf4j-api-1.7.8.jar
7f57df8a2000-7f57df8ac000 r--s 0005c000 08:03 1049941                    /root/.m2/repository/org/springframework/boot/spring-boot/1.2.1.RELEASE/spring-boot-1.2.1.RELEASE.jar
7f57df8ac000-7f57df8bd000 r--s 000f6000 08:03 1049960                    /root/.m2/repository/com/fasterxml/jackson/core/jackson-databind/2.4.4/jackson-databind-2.4.4.jar
7f57df8bd000-7f57df8ca000 r--s 000a0000 08:03 1049985                    /root/.m2/repository/org/springframework/spring-beans/4.1.4.RELEASE/spring-beans-4.1.4.RELEASE.jar
7f57df8ca000-7f57df8cc000 r--s 0000c000 08:03 1049969                    /root/.m2/repository/org/jboss/logging/jboss-logging/3.1.3.GA/jboss-logging-3.1.3.GA.jar
7f57df8cc000-7f57df8ce000 r--s 00000000 08:03 1049948                    /root/.m2/repository/org/slf4j/jul-to-slf4j/1.7.8/jul-to-slf4j-1.7.8.jar
7f57df8ce000-7f57df8d5000 r--s 0003f000 08:03 1049979                    /root/.m2/repository/org/springframework/spring-messaging/4.1.4.RELEASE/spring-messaging-4.1.4.RELEASE.jar
7f57df8d5000-7f57df8e5000 r--s 0009f000 08:03 1049976                    /root/.m2/repository/org/springframework/spring-web/4.1.4.RELEASE/spring-web-4.1.4.RELEASE.jar
7f57df8e5000-7f57df90a000 r--s 0028d000 08:03 1049997                    /root/.m2/repository/org/apache/tomcat/embed/tomcat-embed-core/8.0.15/tomcat-embed-core-8.0.15.jar
7f57df90a000-7f57df912000 r--s 00057000 08:03 1049980                    /root/.m2/repository/org/springframework/spring-websocket/4.1.4.RELEASE/spring-websocket-4.1.4.RELEASE.jar
7f57df912000-7f57df984000 r--s 00659000 08:03 1050004                    /root/.m2/repository/org/scala-lang/scala-library/2.10.2/scala-library-2.10.2.jar
7f57df984000-7f57df98b000 r--s 0003d000 08:03 1049955                    /root/.m2/repository/org/yaml/snakeyaml/1.14/snakeyaml-1.14.jar
7f57df98b000-7f57df98d000 r--s 00003000 08:03 1049943                    /root/.m2/repository/org/slf4j/jcl-over-slf4j/1.7.8/jcl-over-slf4j-1.7.8.jar
7f57df98d000-7f57df990000 r--s 00007000 08:03 1049964                    /root/.m2/repository/com/fasterxml/jackson/core/jackson-annotations/2.4.4/jackson-annotations-2.4.4.jar
7f57df990000-7f57df9a8000 r--s 000e3000 08:03 1049987                    /root/.m2/repository/org/springframework/spring-context/4.1.4.RELEASE/spring-context-4.1.4.RELEASE.jar
7f57df9a8000-7f57df9aa000 r--s 0000d000 08:03 1049972                    /root/.m2/repository/com/fasterxml/classmate/1.0.0/classmate-1.0.0.jar
7f57df9aa000-7f57df9ab000 r--s 00000000 08:03 1049939                    /root/.m2/repository/org/springframework/boot/spring-boot-starter/1.2.1.RELEASE/spring-boot-starter-1.2.1.RELEASE.jar
7f57df9ab000-7f57df9ae000 r--s 00006000 08:03 1051363                    /root/.m2/repository/com/google/code/findbugs/jsr305/1.3.9/jsr305-1.3.9.jar
7f57df9ae000-7f57df9cf000 r--s 00172000 08:03 1051364                    /root/.m2/repository/com/google/guava/guava/11.0.2/guava-11.0.2.jar
7f57df9cf000-7f57df9d0000 r--s 00008000 08:03 1051360                    /root/.m2/repository/asm/asm-util/3.2/asm-util-3.2.jar
7f57df9d0000-7f57df9d1000 r--s 00004000 08:03 1051357                    /root/.m2/repository/asm/asm-analysis/3.2/asm-analysis-3.2.jar
7f57df9d1000-7f57df9d4000 r--s 00013000 08:03 1051355                    /root/.m2/repository/commons-io/commons-io/1.3.2/commons-io-1.3.2.jar
7f57df9d4000-7f57df9d5000 r--s 00002000 08:03 1051354                    /root/.m2/repository/org/vafer/jdependency/0.7/jdependency-0.7.jar
7f57df9d5000-7f57df9d8000 r--s 0000c000 08:03 1051350                    /root/.m2/repository/org/apache/maven/shared/maven-dependency-tree/2.1/maven-dependency-tree-2.1.jar
7f57df9d8000-7f57dfbd8000 rw-p 00000000 00:00 0 
7f57dfbd8000-7f57dfbe9000 r-xp 00000000 08:03 4067408                    /usr/lib/jvm/java-8-oracle/jre/lib/amd64/libnio.so
7f57dfbe9000-7f57dfde8000 ---p 00011000 08:03 4067408                    /usr/lib/jvm/java-8-oracle/jre/lib/amd64/libnio.so
7f57dfde8000-7f57dfde9000 rw-p 00010000 08:03 4067408                    /usr/lib/jvm/java-8-oracle/jre/lib/amd64/libnio.so
7f57dfde9000-7f57dfdff000 r-xp 00000000 08:03 4067377                    /usr/lib/jvm/java-8-oracle/jre/lib/amd64/libnet.so
7f57dfdff000-7f57dffff000 ---p 00016000 08:03 4067377                    /usr/lib/jvm/java-8-oracle/jre/lib/amd64/libnet.so
7f57dffff000-7f57e0000000 rw-p 00016000 08:03 4067377                    /usr/lib/jvm/java-8-oracle/jre/lib/amd64/libnet.so
7f57e0000000-7f57e172d000 rw-p 00000000 00:00 0 
7f57e172d000-7f57e4000000 ---p 00000000 00:00 0 
7f57e4000000-7f57e4003000 r--s 00023000 08:03 1051349                    /root/.m2/repository/org/jdom/jdom/1.1/jdom-1.1.jar
7f57e4003000-7f57e4005000 r--s 00004000 08:03 1051348                    /root/.m2/repository/asm/asm-tree/3.3.1/asm-tree-3.3.1.jar
7f57e4005000-7f57e4007000 r--s 00008000 08:03 1051344                    /root/.m2/repository/asm/asm-commons/3.3.1/asm-commons-3.3.1.jar
7f57e4007000-7f57e4008000 r--s 0000a000 08:03 1051343                    /root/.m2/repository/asm/asm/3.3.1/asm-3.3.1.jar
7f57e4008000-7f57e4013000 r--s 00069000 08:03 1051341                    /root/.m2/repository/org/sonatype/sisu/sisu-guice/2.1.7/sisu-guice-2.1.7-noaop.jar
7f57e4013000-7f57e4018000 r--s 00021000 08:03 1051340                    /root/.m2/repository/org/sonatype/sisu/sisu-inject-bean/1.4.2/sisu-inject-bean-1.4.2.jar
7f57e4018000-7f57e401a000 r--s 00017000 08:03 1051337                    /root/.m2/repository/org/apache/maven/plugins/maven-shade-plugin/2.2/maven-shade-plugin-2.2.jar
7f57e401a000-7f57e401e000 r--s 0003a000 08:03 1051334                    /root/.m2/repository/org/codehaus/plexus/plexus-utils/3.0.17/plexus-utils-3.0.17.jar
7f57e401e000-7f57e4022000 r--s 00014000 08:03 1051333                    /root/.m2/repository/org/tukaani/xz/1.2/xz-1.2.jar
7f57e4022000-7f57e4027000 r--s 0003a000 08:03 1051332                    /root/.m2/repository/org/apache/commons/commons-compress/1.5/commons-compress-1.5.jar
7f57e4027000-7f57e402a000 r--s 0000c000 08:03 1051328                    /root/.m2/repository/org/codehaus/plexus/plexus-io/2.0.10/plexus-io-2.0.10.jar
7f57e402a000-7f57e402f000 r--s 00024000 08:03 1051327                    /root/.m2/repository/org/codehaus/plexus/plexus-archiver/2.4.4/plexus-archiver-2.4.4.jar
7f57e402f000-7f57e4031000 r--s 00009000 08:03 1051324                    /root/.m2/repository/org/hamcrest/hamcrest-core/1.3/hamcrest-core-1.3.jar
7f57e4031000-7f57e4039000 r--s 00045000 08:03 1051323                    /root/.m2/repository/junit/junit/4.12/junit-4.12.jar
7f57e4039000-7f57e4047000 r--s 0008f000 08:03 1051320                    /root/.m2/repository/com/google/collections/google-collections/1.0/google-collections-1.0.jar
7f57e4047000-7f57e4048000 r--s 0000a000 08:03 1051319                    /root/.m2/repository/commons-logging/commons-logging-api/1.1/commons-logging-api-1.1.jar
7f57e4048000-7f57e4051000 r--s 0006f000 08:03 1051317                    /root/.m2/repository/log4j/log4j/1.2.17/log4j-1.2.17.jar
7f57e4051000-7f57e4055000 r--s 0001d000 08:03 1051314                    /root/.m2/repository/org/apache/xbean/xbean-reflect/3.4/xbean-reflect-3.4.jar
7f57e4055000-7f57e4057000 r--s 00006000 08:03 1051313                    /root/.m2/repository/org/apache/maven/shared/maven-common-artifact-filters/1.4/maven-common-artifact-filters-1.4.jar
7f57e4057000-7f57e405d000 r--s 00042000 08:03 1051310                    /root/.m2/repository/org/eclipse/sisu/org.eclipse.sisu.inject/0.0.0.M5/org.eclipse.sisu.inject-0.0.0.M5.jar
7f57e405d000-7f57e405f000 r--s 00000000 08:03 1049989                    /root/.m2/repository/aopalliance/aopalliance/1.0/aopalliance-1.0.jar
7f57e405f000-7f57e4060000 r--s 00000000 08:03 1051309                    /root/.m2/repository/javax/inject/javax.inject/1/javax.inject-1.jar
7f57e4060000-7f57e4061000 r--s 00001000 08:03 1051306                    /root/.m2/repository/javax/annotation/jsr250-api/1.0/jsr250-api-1.0.jar
7f57e4061000-7f57e4064000 r--s 00008000 08:03 1051301                    /root/.m2/repository/javax/enterprise/cdi-api/1.0/cdi-api-1.0.jar
7f57e4064000-7f57e4068000 r--s 00020000 08:03 1051302                    /root/.m2/repository/org/eclipse/aether/aether-util/0.9.1.v20140329/aether-util-0.9.1.v20140329.jar
7f57e4068000-7f57e406a000 r--s 0000d000 08:03 1051300                    /root/.m2/repository/org/codehaus/plexus/plexus-interpolation/1.15/plexus-interpolation-1.15.jar
7f57e406a000-7f57e406c000 r--s 0000e000 08:03 1051304                    /root/.m2/repository/commons-logging/commons-logging/1.2/commons-logging-1.2.jar
7f57e406c000-7f57e4080000 r--s 000e2000 08:03 1049981                    /root/.m2/repository/org/springframework/spring-core/4.1.4.RELEASE/spring-core-4.1.4.RELEASE.jar
7f57e4080000-7f57e4083000 r--s 0001d000 08:03 1051303                    /root/.m2/repository/org/springframework/boot/spring-boot-loader-tools/1.2.1.RELEASE/spring-boot-loader-tools-1.2.1.RELEASE.jar
7f57e4083000-7f57e4085000 r--s 00009000 08:03 1049595                    /root/.m2/repository/org/springframework/boot/spring-boot-maven-plugin/1.2.1.RELEASE/spring-boot-maven-plugin-1.2.1.RELEASE.jar
7f57e4085000-7f57e4086000 r--s 00003000 08:03 1050801                    /root/.m2/repository/org/codehaus/plexus/plexus-compiler-javac/1.5.3/plexus-compiler-javac-1.5.3.jar
7f57e4086000-7f57e4088000 r--s 00000000 08:03 1050797                    /root/.m2/repository/org/codehaus/plexus/plexus-compiler-manager/1.5.3/plexus-compiler-manager-1.5.3.jar
7f57e4088000-7f57e408b000 ---p 00000000 00:00 0 
7f57e408b000-7f57e40c1000 rw-p 00000000 00:00 0 
7f57e40c1000-7f57e4188000 r--s 00a25000 08:03 1050737                    /root/.m2/repository/org/scala-lang/scala-compiler/2.9.2/scala-compiler-2.9.2.jar
7f57e4188000-7f57e418b000 r--s 00008000 08:03 1050736                    /root/.m2/repository/com/typesafe/sbt/sbt-interface/0.12.1/sbt-interface-0.12.1.jar
7f57e418b000-7f57e41b0000 r--s 001be000 08:03 1050733                    /root/.m2/repository/com/typesafe/sbt/incremental-compiler/0.12.1/incremental-compiler-0.12.1.jar
7f57e41b0000-7f57e8000000 rw-p 00000000 00:00 0 
7f57e8000000-7f57e9784000 rw-p 00000000 00:00 0 
7f57e9784000-7f57ec000000 ---p 00000000 00:00 0 
7f57ec000000-7f57ec001000 r--s 00004000 08:03 1050796                    /root/.m2/repository/org/codehaus/plexus/plexus-compiler-api/1.5.3/plexus-compiler-api-1.5.3.jar
7f57ec001000-7f57ec003000 r--s 00026000 08:03 1050800                    /root/.m2/repository/org/codehaus/plexus/plexus-utils/1.0.4/plexus-utils-1.0.4.jar
7f57ec003000-7f57ec004000 r--s 00004000 08:03 1049462                    /root/.m2/repository/org/apache/maven/plugins/maven-compiler-plugin/2.0.2/maven-compiler-plugin-2.0.2.jar
7f57ec004000-7f57ec005000 r--s 00004000 08:03 1050731                    /root/.m2/repository/com/typesafe/sbt/compiler-interface/0.12.1/compiler-interface-0.12.1-sources.jar
7f57ec005000-7f57ec083000 r--s 007f5000 08:03 1050732                    /root/.m2/repository/org/scala-lang/scala-library/2.9.2/scala-library-2.9.2.jar
7f57ec083000-7f57ec088000 r--s 00046000 08:03 1050727                    /root/.m2/repository/com/typesafe/zinc/zinc/0.2.0/zinc-0.2.0.jar
7f57ec088000-7f57ec08a000 r--s 00006000 08:03 1050725                    /root/.m2/repository/org/apache/maven/shared/maven-invoker/2.0.11/maven-invoker-2.0.11.jar
7f57ec08a000-7f57ec08b000 r--s 00002000 08:03 1050726                    /root/.m2/repository/org/apache/maven/doxia/doxia-logging-api/1.1.2/doxia-logging-api-1.1.2.jar
7f57ec08b000-7f57ec08d000 r--s 00002000 08:03 1050724                    /root/.m2/repository/org/apache/maven/doxia/doxia-sink-api/1.1.2/doxia-sink-api-1.1.2.jar
7f57ec08d000-7f57ec08f000 r--s 00004000 08:03 1050719                    /root/.m2/repository/org/apache/maven/maven-archiver/2.5/maven-archiver-2.5.jar
7f57ec08f000-7f57ec092000 r--s 0000c000 08:03 1050717                    /root/.m2/repository/org/codehaus/plexus/plexus-io/2.0.2/plexus-io-2.0.2.jar
7f57ec092000-7f57ec097000 r--s 00029000 08:03 1050716                    /root/.m2/repository/org/codehaus/plexus/plexus-archiver/2.1/plexus-archiver-2.1.jar
7f57ec097000-7f57ec09b000 r--s 00034000 08:03 1050712                    /root/.m2/repository/org/codehaus/plexus/plexus-utils/3.0/plexus-utils-3.0.jar
7f57ec09b000-7f57ec09d000 r--s 0000b000 08:03 1050713                    /root/.m2/repository/org/apache/commons/commons-exec/1.1/commons-exec-1.1.jar
7f57ec09d000-7f57ec09f000 r--s 00007000 08:03 1050711                    /root/.m2/repository/org/apache/maven/shared/maven-dependency-tree/1.2/maven-dependency-tree-1.2.jar
7f57ec09f000-7f57ec0a1000 r--s 00002000 08:03 1050707                    /root/.m2/repository/org/sonatype/plexus/plexus-cipher/1.4/plexus-cipher-1.4.jar
7f57ec0a1000-7f57ec0a2000 r--s 00006000 08:03 1050706                    /root/.m2/repository/org/sonatype/plexus/plexus-sec-dispatcher/1.3/plexus-sec-dispatcher-1.3.jar
7f57ec0a2000-7f57ec0a4000 r--s 00000000 08:03 1050705                    /root/.m2/repository/org/codehaus/plexus/plexus-component-annotations/1.5.5/plexus-component-annotations-1.5.5.jar
7f57ec0a4000-7f57ec0a6000 r--s 0000d000 08:03 1050701                    /root/.m2/repository/org/codehaus/plexus/plexus-interpolation/1.14/plexus-interpolation-1.14.jar
7f57ec0a6000-7f57ec0c5000 r--s 00152000 08:03 1050699                    /root/.m2/repository/org/sonatype/sisu/sisu-guava/0.9.9/sisu-guava-0.9.9.jar
7f57ec0c5000-7f57ec0cd000 r--s 00050000 08:03 1050697                    /root/.m2/repository/org/sonatype/sisu/sisu-guice/3.1.0/sisu-guice-3.1.0-no_aop.jar
7f57ec0cd000-7f57ec0d4000 r--s 00040000 08:03 1050695                    /root/.m2/repository/org/sonatype/sisu/sisu-inject-bean/2.3.0/sisu-inject-bean-2.3.0.jar
7f57ec0d4000-7f57ec0d8000 r--s 0001c000 08:03 1050698                    /root/.m2/repository/org/sonatype/aether/aether-util/1.13.1/aether-util-1.13.1.jar
7f57ec0d8000-7f57ec0d9000 r--s 00002000 08:03 1050696                    /root/.m2/repository/org/apache/maven/reporting/maven-reporting-api/3.0/maven-reporting-api-3.0.jar
7f57ec0d9000-7f57ec0db000 r--s 00018000 08:03 1049479                    /root/.m2/repository/net/alchim31/maven/scala-maven-plugin/3.1.5/scala-maven-plugin-3.1.5.jar
7f57ec0db000-7f57ec0dd000 r--s 0000d000 08:03 1050248                    /root/.m2/repository/org/codehaus/plexus/plexus-interpolation/1.13/plexus-interpolation-1.13.jar
7f57ec0dd000-7f57ec0de000 r--s 00001000 08:03 1050244                    /root/.m2/repository/org/sonatype/plexus/plexus-build-api/0.0.4/plexus-build-api-0.0.4.jar
7f57ec0de000-7f57ec0e0000 r--s 00009000 08:03 1050243                    /root/.m2/repository/org/apache/maven/shared/maven-filtering/1.0/maven-filtering-1.0.jar
7f57ec0e0000-7f57ec0e4000 r--s 00033000 08:03 1050240                    /root/.m2/repository/org/codehaus/plexus/plexus-utils/2.0.5/plexus-utils-2.0.5.jar
7f57ec0e4000-7f57ec0e7000 r--s 0001b000 08:03 1050238                    /root/.m2/repository/junit/junit/3.8.1/junit-3.8.1.jar
7f57ec0e7000-7f57ec0e9000 r--s 00002000 08:03 1050239                    /root/.m2/repository/org/codehaus/plexus/plexus-interactivity-api/1.0-alpha-4/plexus-interactivity-api-1.0-alpha-4.jar
7f57ec0e9000-7f57ec0eb000 r--s 00006000 08:03 1050236                    /root/.m2/repository/commons-cli/commons-cli/1.0/commons-cli-1.0.jar
7f57ec0eb000-7f57ec0ec000 r--s 00001000 08:03 1050237                    /root/.m2/repository/org/apache/maven/doxia/doxia-sink-api/1.0-alpha-7/doxia-sink-api-1.0-alpha-7.jar
7f57ec0ec000-7f57ec0ed000 r--s 00002000 08:03 1050234                    /root/.m2/repository/org/apache/maven/reporting/maven-reporting-api/2.0.6/maven-reporting-api-2.0.6.jar
7f57ec0ed000-7f57ec0ef000 r--s 00005000 08:03 1049498                    /root/.m2/repository/org/apache/maven/plugins/maven-resources-plugin/2.5/maven-resources-plugin-2.5.jar
7f57ec0ef000-7f57ec0f3000 r--s 00094000 08:03 3804638                    /usr/lib/jvm/java-8-oracle/jre/lib/jsse.jar
7f57ec0f3000-7f57ec2f3000 rw-p 00000000 00:00 0 
7f57ec2f3000-7f57ec4f3000 rw-p 00000000 00:00 0 
7f57ec4f3000-7f57ec50f000 r--s 00393000 08:03 3804526                    /usr/lib/jvm/java-8-oracle/jre/lib/ext/cldrdata.jar
7f57ec50f000-7f57ec51a000 r--s 00116000 08:03 3804523                    /usr/lib/jvm/java-8-oracle/jre/lib/ext/localedata.jar
7f57ec51a000-7f57ec51c000 r--s 00005000 08:03 2503983                    /usr/share/maven3/lib/maven-repository-metadata-3.2.1.jar
7f57ec51c000-7f57ec51d000 r--s 00006000 08:03 2503948                    /usr/share/maven3/lib/plexus-sec-dispatcher-1.3.jar
7f57ec51d000-7f57ec51f000 r--s 0000a000 08:03 2503952                    /usr/share/maven3/lib/maven-plugin-api-3.2.1.jar
7f57ec51f000-7f57ec521000 r--s 00009000 08:03 2503980                    /usr/share/maven3/lib/commons-cli-1.2.jar
7f57ec521000-7f57ec527000 r--s 00042000 08:03 2503985                    /usr/share/maven3/lib/org.eclipse.sisu.inject-0.0.0.M5.jar
7f57ec527000-7f57ec52f000 r--s 00050000 08:03 2503963                    /usr/share/maven3/lib/sisu-guice-3.1.3-no_aop.jar
7f57ec52f000-7f57ec533000 r--s 00020000 08:03 2503961                    /usr/share/maven3/lib/aether-impl-0.9.0.M2.jar
7f57ec533000-7f57ec535000 r--s 00002000 08:03 2503972                    /usr/share/maven3/lib/plexus-cipher-1.7.jar
7f57ec535000-7f57ec538000 r--s 00025000 08:03 2503960                    /usr/share/maven3/lib/maven-model-3.2.1.jar
7f57ec538000-7f57ec557000 r--s 00134000 08:03 2503956                    /usr/share/maven3/lib/wagon-http-2.6-shaded.jar
7f57ec557000-7f57ec559000 r--s 0000b000 08:03 2503995                    /usr/share/maven3/lib/wagon-provider-api-2.6.jar
7f57ec559000-7f57ec55b000 r--s 00000000 08:03 2503957                    /usr/share/maven3/lib/plexus-component-annotations-1.5.5.jar
7f57ec55b000-7f57ec560000 r--s 00024000 08:03 2503994                    /usr/share/maven3/lib/maven-model-builder-3.2.1.jar
7f57ec560000-7f57ec561000 r--s 00001000 08:03 2503965                    /usr/share/maven3/lib/jsr250-api-1.0.jar
7f57ec561000-7f57ec565000 r--s 00027000 08:03 2503947                    /usr/share/maven3/lib/commons-io-2.2.jar
7f57ec565000-7f57ec566000 r--s 00002000 08:03 2503949                    /usr/share/maven3/lib/wagon-file-2.6.jar
7f57ec566000-7f57ec567000 r--s 00002000 08:03 2503984                    /usr/share/maven3/lib/slf4j-simple-1.7.5.jar
7f57ec567000-7f57ec56a000 r--s 00008000 08:03 2503958                    /usr/share/maven3/lib/cdi-api-1.0.jar
7f57ec56a000-7f57ec56b000 r--s 00002000 08:03 2503998                    /usr/share/maven3/lib/wagon-http-shared-2.6.jar
7f57ec56b000-7f57ec56f000 r--s 0003a000 08:03 2503993                    /usr/share/maven3/lib/plexus-utils-3.0.17.jar
7f57ec56f000-7f57ec575000 r--s 0002a000 08:03 2503945                    /usr/share/maven3/lib/org.eclipse.sisu.plexus-0.0.0.M5.jar
7f57ec575000-7f57ec578000 r--s 0000d000 08:03 2503966                    /usr/share/maven3/lib/plexus-interpolation-1.19.jar
7f57ec578000-7f57ec57a000 r--s 00009000 08:03 2503964                    /usr/share/maven3/lib/maven-settings-builder-3.2.1.jar
7f57ec57a000-7f57ec57e000 r--s 0001d000 08:03 2503978                    /usr/share/maven3/lib/aether-util-0.9.0.M2.jar
7f57ec57e000-7f57ec580000 r--s 00000000 08:03 2503969                    /usr/share/maven3/lib/aopalliance-1.0.jar
7f57ec580000-7f57ec585000 r--s 00041000 08:03 2503989                    /usr/share/maven3/lib/commons-lang-2.6.jar
7f57ec585000-7f57ec587000 r--s 00007000 08:03 2503962                    /usr/share/maven3/lib/aether-connector-wagon-0.9.0.M2.jar
7f57ec587000-7f57ec589000 r--s 0000d000 08:03 2503967                    /usr/share/maven3/lib/maven-embedder-3.2.1.jar
7f57ec589000-7f57ec58b000 r--s 00003000 08:03 2503955                    /usr/share/maven3/lib/aether-spi-0.9.0.M2.jar
7f57ec58b000-7f57ec58f000 r--s 0001d000 08:03 2503946                    /usr/share/maven3/lib/aether-api-0.9.0.M2.jar
7f57ec58f000-7f57ec596000 r--s 0003f000 08:03 2503973                    /usr/share/maven3/lib/maven-compat-3.2.1.jar
7f57ec596000-7f57ec599000 r--s 0000a000 08:03 2504001                    /usr/share/maven3/boot/plexus-classworlds-2.5.1.jar
7f57ec599000-7f57ec59b000 r--s 0000d000 08:03 3804649                    /usr/lib/jvm/java-8-oracle/jre/lib/ext/RXTXcomm.jar
7f57ec59b000-7f57ec59c000 ---p 00000000 00:00 0 
7f57ec59c000-7f57ec69c000 rw-p 00000000 00:00 0 
7f57ec69c000-7f57ec69f000 ---p 00000000 00:00 0 
7f57ec69f000-7f57ec79d000 rw-p 00000000 00:00 0 
7f57ec79d000-7f57ec7a0000 ---p 00000000 00:00 0 
7f57ec7a0000-7f57ec89e000 rw-p 00000000 00:00 0 
7f57ec89e000-7f57ec8a1000 ---p 00000000 00:00 0 
7f57ec8a1000-7f57ec99f000 rw-p 00000000 00:00 0 
7f57ec99f000-7f57ec9a2000 ---p 00000000 00:00 0 
7f57ec9a2000-7f57ecaa0000 rw-p 00000000 00:00 0 
7f57ecaa0000-7f57ecaa3000 ---p 00000000 00:00 0 
7f57ecaa3000-7f57ecba1000 rw-p 00000000 00:00 0 
7f57ecba1000-7f57ecba4000 ---p 00000000 00:00 0 
7f57ecba4000-7f57ecca2000 rw-p 00000000 00:00 0 
7f57ecca2000-7f57ece19000 r--p 00000000 08:03 1722918                    /usr/lib/locale/locale-archive
7f57ece19000-7f57ece1c000 ---p 00000000 00:00 0 
7f57ece1c000-7f57ecf1a000 rw-p 00000000 00:00 0 
7f57ecf1a000-7f57ecf1d000 ---p 00000000 00:00 0 
7f57ecf1d000-7f57ed01b000 rw-p 00000000 00:00 0 
7f57ed01b000-7f57ed01c000 ---p 00000000 00:00 0 
7f57ed01c000-7f57eedaf000 rw-p 00000000 00:00 0 
7f57eedaf000-7f57eef85000 r--s 03cae000 08:03 3804497                    /usr/lib/jvm/java-8-oracle/jre/lib/rt.jar
7f57eef85000-7f57efbe0000 rw-p 00000000 00:00 0 
7f57efbe0000-7f57efbe1000 ---p 00000000 00:00 0 
7f57efbe1000-7f57efce1000 rw-p 00000000 00:00 0 
7f57efce1000-7f57efce2000 ---p 00000000 00:00 0 
7f57efce2000-7f57efde2000 rw-p 00000000 00:00 0 
7f57efde2000-7f57efde3000 ---p 00000000 00:00 0 
7f57efde3000-7f57efee3000 rw-p 00000000 00:00 0 
7f57efee3000-7f57efee4000 ---p 00000000 00:00 0 
7f57efee4000-7f57effe4000 rw-p 00000000 00:00 0 
7f57effe4000-7f57effe5000 ---p 00000000 00:00 0 
7f57effe5000-7f57f00e5000 rw-p 00000000 00:00 0 
7f57f00e5000-7f57f00e6000 ---p 00000000 00:00 0 
7f57f00e6000-7f57f01e6000 rw-p 00000000 00:00 0 
7f57f01e6000-7f57f01e7000 ---p 00000000 00:00 0 
7f57f01e7000-7f57f02e7000 rw-p 00000000 00:00 0 
7f57f02e7000-7f57f02e8000 ---p 00000000 00:00 0 
7f57f02e8000-7f57f041a000 rw-p 00000000 00:00 0 
7f57f041a000-7f57f0681000 ---p 00000000 00:00 0 
7f57f0681000-7f57f06b3000 rw-p 00000000 00:00 0 
7f57f06b3000-7f57f0919000 ---p 00000000 00:00 0 
7f57f0919000-7f57f0a0a000 rw-p 00000000 00:00 0 
7f57f0a0a000-7f57f0a66000 ---p 00000000 00:00 0 
7f57f0a66000-7f57f0aa6000 rw-p 00000000 00:00 0 
7f57f0aa6000-7f57f0e27000 ---p 00000000 00:00 0 
7f57f0e27000-7f57f1dc7000 rwxp 00000000 00:00 0 
7f57f1dc7000-7f57ffe27000 ---p 00000000 00:00 0 
7f57ffe27000-7f57ffe41000 r-xp 00000000 08:03 4067380                    /usr/lib/jvm/java-8-oracle/jre/lib/amd64/libzip.so
7f57ffe41000-7f5800041000 ---p 0001a000 08:03 4067380                    /usr/lib/jvm/java-8-oracle/jre/lib/amd64/libzip.so
7f5800041000-7f5800042000 rw-p 0001a000 08:03 4067380                    /usr/lib/jvm/java-8-oracle/jre/lib/amd64/libzip.so
7f5800042000-7f580004d000 r-xp 00000000 08:03 5767406                    /lib/x86_64-linux-gnu/libnss_files-2.13.so
7f580004d000-7f580024c000 ---p 0000b000 08:03 5767406                    /lib/x86_64-linux-gnu/libnss_files-2.13.so
7f580024c000-7f580024d000 r--p 0000a000 08:03 5767406                    /lib/x86_64-linux-gnu/libnss_files-2.13.so
7f580024d000-7f580024e000 rw-p 0000b000 08:03 5767406                    /lib/x86_64-linux-gnu/libnss_files-2.13.so
7f580024e000-7f5800258000 r-xp 00000000 08:03 5767666                    /lib/x86_64-linux-gnu/libnss_nis-2.13.so
7f5800258000-7f5800457000 ---p 0000a000 08:03 5767666                    /lib/x86_64-linux-gnu/libnss_nis-2.13.so
7f5800457000-7f5800458000 r--p 00009000 08:03 5767666                    /lib/x86_64-linux-gnu/libnss_nis-2.13.so
7f5800458000-7f5800459000 rw-p 0000a000 08:03 5767666                    /lib/x86_64-linux-gnu/libnss_nis-2.13.so
7f5800459000-7f580046e000 r-xp 00000000 08:03 5767426                    /lib/x86_64-linux-gnu/libnsl-2.13.so
7f580046e000-7f580066d000 ---p 00015000 08:03 5767426                    /lib/x86_64-linux-gnu/libnsl-2.13.so
7f580066d000-7f580066e000 r--p 00014000 08:03 5767426                    /lib/x86_64-linux-gnu/libnsl-2.13.so
7f580066e000-7f580066f000 rw-p 00015000 08:03 5767426                    /lib/x86_64-linux-gnu/libnsl-2.13.so
7f580066f000-7f5800671000 rw-p 00000000 00:00 0 
7f5800671000-7f5800678000 r-xp 00000000 08:03 5767677                    /lib/x86_64-linux-gnu/libnss_compat-2.13.so
7f5800678000-7f5800877000 ---p 00007000 08:03 5767677                    /lib/x86_64-linux-gnu/libnss_compat-2.13.so
7f5800877000-7f5800878000 r--p 00006000 08:03 5767677                    /lib/x86_64-linux-gnu/libnss_compat-2.13.so
7f5800878000-7f5800879000 rw-p 00007000 08:03 5767677                    /lib/x86_64-linux-gnu/libnss_compat-2.13.so
7f5800879000-7f58008a3000 r-xp 00000000 08:03 4067392                    /usr/lib/jvm/java-8-oracle/jre/lib/amd64/libjava.so
7f58008a3000-7f5800aa3000 ---p 0002a000 08:03 4067392                    /usr/lib/jvm/java-8-oracle/jre/lib/amd64/libjava.so
7f5800aa3000-7f5800aa5000 rw-p 0002a000 08:03 4067392                    /usr/lib/jvm/java-8-oracle/jre/lib/amd64/libjava.so
7f5800aa5000-7f5800ab2000 r-xp 00000000 08:03 4067365                    /usr/lib/jvm/java-8-oracle/jre/lib/amd64/libverify.so
7f5800ab2000-7f5800cb2000 ---p 0000d000 08:03 4067365                    /usr/lib/jvm/java-8-oracle/jre/lib/amd64/libverify.so
7f5800cb2000-7f5800cb4000 rw-p 0000d000 08:03 4067365                    /usr/lib/jvm/java-8-oracle/jre/lib/amd64/libverify.so
7f5800cb4000-7f5800cbb000 r-xp 00000000 08:03 5767631                    /lib/x86_64-linux-gnu/librt-2.13.so
7f5800cbb000-7f5800eba000 ---p 00007000 08:03 5767631                    /lib/x86_64-linux-gnu/librt-2.13.so
7f5800eba000-7f5800ebb000 r--p 00006000 08:03 5767631                    /lib/x86_64-linux-gnu/librt-2.13.so
7f5800ebb000-7f5800ebc000 rw-p 00007000 08:03 5767631                    /lib/x86_64-linux-gnu/librt-2.13.so
7f5800ebc000-7f5800f3d000 r-xp 00000000 08:03 5767422                    /lib/x86_64-linux-gnu/libm-2.13.so
7f5800f3d000-7f580113c000 ---p 00081000 08:03 5767422                    /lib/x86_64-linux-gnu/libm-2.13.so
7f580113c000-7f580113d000 r--p 00080000 08:03 5767422                    /lib/x86_64-linux-gnu/libm-2.13.so
7f580113d000-7f580113e000 rw-p 00081000 08:03 5767422                    /lib/x86_64-linux-gnu/libm-2.13.so
7f580113e000-7f5801dac000 r-xp 00000000 08:03 4067394                    /usr/lib/jvm/java-8-oracle/jre/lib/amd64/server/libjvm.so
7f5801dac000-7f5801fab000 ---p 00c6e000 08:03 4067394                    /usr/lib/jvm/java-8-oracle/jre/lib/amd64/server/libjvm.so
7f5801fab000-7f5802081000 rw-p 00c6d000 08:03 4067394                    /usr/lib/jvm/java-8-oracle/jre/lib/amd64/server/libjvm.so
7f5802081000-7f58020c4000 rw-p 00000000 00:00 0 
7f58020c4000-7f5802246000 r-xp 00000000 08:03 5767628                    /lib/x86_64-linux-gnu/libc-2.13.so
7f5802246000-7f5802446000 ---p 00182000 08:03 5767628                    /lib/x86_64-linux-gnu/libc-2.13.so
7f5802446000-7f580244a000 r--p 00182000 08:03 5767628                    /lib/x86_64-linux-gnu/libc-2.13.so
7f580244a000-7f580244b000 rw-p 00186000 08:03 5767628                    /lib/x86_64-linux-gnu/libc-2.13.so
7f580244b000-7f5802450000 rw-p 00000000 00:00 0 
7f5802450000-7f5802452000 r-xp 00000000 08:03 5767634                    /lib/x86_64-linux-gnu/libdl-2.13.so
7f5802452000-7f5802652000 ---p 00002000 08:03 5767634                    /lib/x86_64-linux-gnu/libdl-2.13.so
7f5802652000-7f5802653000 r--p 00002000 08:03 5767634                    /lib/x86_64-linux-gnu/libdl-2.13.so
7f5802653000-7f5802654000 rw-p 00003000 08:03 5767634                    /lib/x86_64-linux-gnu/libdl-2.13.so
7f5802654000-7f5802669000 r-xp 00000000 08:03 3541631                    /usr/lib/jvm/java-8-oracle/lib/amd64/jli/libjli.so
7f5802669000-7f5802868000 ---p 00015000 08:03 3541631                    /usr/lib/jvm/java-8-oracle/lib/amd64/jli/libjli.so
7f5802868000-7f5802869000 rw-p 00014000 08:03 3541631                    /usr/lib/jvm/java-8-oracle/lib/amd64/jli/libjli.so
7f5802869000-7f5802880000 r-xp 00000000 08:03 5767685                    /lib/x86_64-linux-gnu/libpthread-2.13.so
7f5802880000-7f5802a7f000 ---p 00017000 08:03 5767685                    /lib/x86_64-linux-gnu/libpthread-2.13.so
7f5802a7f000-7f5802a80000 r--p 00016000 08:03 5767685                    /lib/x86_64-linux-gnu/libpthread-2.13.so
7f5802a80000-7f5802a81000 rw-p 00017000 08:03 5767685                    /lib/x86_64-linux-gnu/libpthread-2.13.so
7f5802a81000-7f5802a85000 rw-p 00000000 00:00 0 
7f5802a85000-7f5802aa5000 r-xp 00000000 08:03 5767641                    /lib/x86_64-linux-gnu/ld-2.13.so
7f5802aa5000-7f5802aa6000 r--s 00000000 08:03 2503997                    /usr/share/maven3/lib/javax.inject-1.jar
7f5802aa6000-7f5802acf000 r--s 001ee000 08:03 2503975                    /usr/share/maven3/lib/guava-14.0.1.jar
7f5802acf000-7f5802ad5000 r--s 00042000 08:03 2503950                    /usr/share/maven3/lib/jsoup-1.7.2.jar
7f5802ad5000-7f5802b7f000 rw-p 00000000 00:00 0 
7f5802b7f000-7f5802b82000 ---p 00000000 00:00 0 
7f5802b82000-7f5802c84000 rw-p 00000000 00:00 0 
7f5802c84000-7f5802c86000 r--s 00005000 08:03 2503986                    /usr/share/maven3/lib/slf4j-api-1.7.5.jar
7f5802c86000-7f5802c87000 r--s 0000e000 08:03 2503954                    /usr/share/maven3/lib/maven-aether-provider-3.2.1.jar
7f5802c87000-7f5802c8a000 r--s 0000b000 08:03 2503992                    /usr/share/maven3/lib/maven-artifact-3.2.1.jar
7f5802c8a000-7f5802c96000 r--s 00081000 08:03 2503987                    /usr/share/maven3/lib/maven-core-3.2.1.jar
7f5802c96000-7f5802c98000 r--s 00009000 08:03 2503970                    /usr/share/maven3/lib/maven-settings-3.2.1.jar
7f5802c98000-7f5802ca0000 rw-s 00000000 08:03 4850246                    /tmp/hsperfdata_root/29273
7f5802ca0000-7f5802ca1000 rw-p 00000000 00:00 0 
7f5802ca1000-7f5802ca2000 r--p 00000000 00:00 0 
7f5802ca2000-7f5802ca4000 rw-p 00000000 00:00 0 
7f5802ca4000-7f5802ca5000 r--p 0001f000 08:03 5767641                    /lib/x86_64-linux-gnu/ld-2.13.so
7f5802ca5000-7f5802ca6000 rw-p 00020000 08:03 5767641                    /lib/x86_64-linux-gnu/ld-2.13.so
7f5802ca6000-7f5802ca7000 rw-p 00000000 00:00 0 
7fff55948000-7fff55969000 rw-p 00000000 00:00 0                          [stack]
7fff559ff000-7fff55a00000 r-xp 00000000 00:00 0                          [vdso]
ffffffffff600000-ffffffffff601000 r-xp 00000000 00:00 0                  [vsyscall]

VM Arguments:
jvm_args: -Dclassworlds.conf=/usr/share/maven3/bin/m2.conf -Dmaven.home=/usr/share/maven3 
java_command: org.codehaus.plexus.classworlds.launcher.Launcher spring-boot:run
java_class_path (initial): /usr/share/maven3/boot/plexus-classworlds-2.5.1.jar
Launcher Type: SUN_STANDARD

Environment Variables:
JAVA_HOME=/usr/lib/jvm/java-8-oracle/bin/java
PATH=/usr/local/sbin:/usr/local/bin:/usr/sbin:/usr/bin:/sbin:/bin
USERNAME=root
SHELL=/bin/bash
DISPLAY=:0

Signal Handlers:
SIGSEGV: [libjvm.so+0xa7a650], sa_mask[0]=11111111011111111101111111111110, sa_flags=SA_RESTART|SA_SIGINFO
SIGBUS: [libjvm.so+0xa7a650], sa_mask[0]=11111111011111111101111111111110, sa_flags=SA_RESTART|SA_SIGINFO
SIGFPE: [libjvm.so+0x8e28f0], sa_mask[0]=11111111011111111101111111111110, sa_flags=SA_RESTART|SA_SIGINFO
SIGPIPE: [libjvm.so+0x8e28f0], sa_mask[0]=11111111011111111101111111111110, sa_flags=SA_RESTART|SA_SIGINFO
SIGXFSZ: [libjvm.so+0x8e28f0], sa_mask[0]=11111111011111111101111111111110, sa_flags=SA_RESTART|SA_SIGINFO
SIGILL: [libjvm.so+0x8e28f0], sa_mask[0]=11111111011111111101111111111110, sa_flags=SA_RESTART|SA_SIGINFO
SIGUSR1: SIG_DFL, sa_mask[0]=00000000000000000000000000000000, sa_flags=none
SIGUSR2: [libjvm.so+0x8e4120], sa_mask[0]=00000000000000000000000000000000, sa_flags=SA_RESTART|SA_SIGINFO
SIGHUP: [libjvm.so+0x8e54e0], sa_mask[0]=11111111011111111101111111111110, sa_flags=SA_RESTART|SA_SIGINFO
SIGINT: [libjvm.so+0x8e54e0], sa_mask[0]=11111111011111111101111111111110, sa_flags=SA_RESTART|SA_SIGINFO
SIGTERM: [libjvm.so+0x8e54e0], sa_mask[0]=11111111011111111101111111111110, sa_flags=SA_RESTART|SA_SIGINFO
SIGQUIT: [libjvm.so+0x8e54e0], sa_mask[0]=11111111011111111101111111111110, sa_flags=SA_RESTART|SA_SIGINFO


---------------  S Y S T E M  ---------------

OS:PRETTY_NAME="Debian GNU/Linux 7 (wheezy)"
NAME="Debian GNU/Linux"
VERSION_ID="7"
VERSION="7 (wheezy)"
ID=debian
ANSI_COLOR="1;31"
HOME_URL="http://www.debian.org/"
SUPPORT_URL="http://www.debian.org/support/"
BUG_REPORT_URL="http://bugs.debian.org/"

uname:Linux 3.2.0-4-amd64 #1 SMP Debian 3.2.65-1+deb7u1 x86_64
libc:glibc 2.13 NPTL 2.13 
rlimit: STACK 8192k, CORE 0k, NPROC 63691, NOFILE 4096, AS infinity
load average:1.37 0.96 0.89

/proc/meminfo:
MemTotal:        8164604 kB
MemFree:          806212 kB
Buffers:          221112 kB
Cached:          2217612 kB
SwapCached:         4276 kB
Active:          4505828 kB
Inactive:        2009408 kB
Active(anon):    3387276 kB
Inactive(anon):   763380 kB
Active(file):    1118552 kB
Inactive(file):  1246028 kB
Unevictable:           0 kB
Mlocked:               0 kB
SwapTotal:      15623176 kB
SwapFree:       15598880 kB
Dirty:               348 kB
Writeback:             0 kB
AnonPages:       4072780 kB
Mapped:           282248 kB
Shmem:             74136 kB
Slab:             682188 kB
SReclaimable:     628708 kB
SUnreclaim:        53480 kB
KernelStack:        6824 kB
PageTables:        66216 kB
NFS_Unstable:          0 kB
Bounce:                0 kB
WritebackTmp:          0 kB
CommitLimit:    19705476 kB
Committed_AS:    9927056 kB
VmallocTotal:   34359738367 kB
VmallocUsed:      131032 kB
VmallocChunk:   34359604220 kB
HardwareCorrupted:     0 kB
AnonHugePages:         0 kB
HugePages_Total:       0
HugePages_Free:        0
HugePages_Rsvd:        0
HugePages_Surp:        0
Hugepagesize:       2048 kB
DirectMap4k:      182272 kB
DirectMap2M:     8181760 kB


CPU:total 8 (4 cores per cpu, 2 threads per core) family 6 model 42 stepping 7, cmov, cx8, fxsr, mmx, sse, sse2, sse3, ssse3, sse4.1, sse4.2, popcnt, avx, aes, clmul, ht, tsc, tscinvbit

/proc/cpuinfo:
processor	: 0
vendor_id	: GenuineIntel
cpu family	: 6
model		: 42
model name	: Intel(R) Core(TM) i7-2600 CPU @ 3.40GHz
stepping	: 7
microcode	: 0x25
cpu MHz		: 1600.000
cache size	: 8192 KB
physical id	: 0
siblings	: 8
core id		: 0
cpu cores	: 4
apicid		: 0
initial apicid	: 0
fpu		: yes
fpu_exception	: yes
cpuid level	: 13
wp		: yes
flags		: fpu vme de pse tsc msr pae mce cx8 apic sep mtrr pge mca cmov pat pse36 clflush dts acpi mmx fxsr sse sse2 ss ht tm pbe syscall nx rdtscp lm constant_tsc arch_perfmon pebs bts rep_good nopl xtopology nonstop_tsc aperfmperf pni pclmulqdq dtes64 monitor ds_cpl vmx smx est tm2 ssse3 cx16 xtpr pdcm pcid sse4_1 sse4_2 x2apic popcnt tsc_deadline_timer aes xsave avx lahf_lm ida arat epb xsaveopt pln pts dtherm tpr_shadow vnmi flexpriority ept vpid
bogomips	: 6822.55
clflush size	: 64
cache_alignment	: 64
address sizes	: 36 bits physical, 48 bits virtual
power management:

processor	: 1
vendor_id	: GenuineIntel
cpu family	: 6
model		: 42
model name	: Intel(R) Core(TM) i7-2600 CPU @ 3.40GHz
stepping	: 7
microcode	: 0x25
cpu MHz		: 1600.000
cache size	: 8192 KB
physical id	: 0
siblings	: 8
core id		: 1
cpu cores	: 4
apicid		: 2
initial apicid	: 2
fpu		: yes
fpu_exception	: yes
cpuid level	: 13
wp		: yes
flags		: fpu vme de pse tsc msr pae mce cx8 apic sep mtrr pge mca cmov pat pse36 clflush dts acpi mmx fxsr sse sse2 ss ht tm pbe syscall nx rdtscp lm constant_tsc arch_perfmon pebs bts rep_good nopl xtopology nonstop_tsc aperfmperf pni pclmulqdq dtes64 monitor ds_cpl vmx smx est tm2 ssse3 cx16 xtpr pdcm pcid sse4_1 sse4_2 x2apic popcnt tsc_deadline_timer aes xsave avx lahf_lm ida arat epb xsaveopt pln pts dtherm tpr_shadow vnmi flexpriority ept vpid
bogomips	: 6822.07
clflush size	: 64
cache_alignment	: 64
address sizes	: 36 bits physical, 48 bits virtual
power management:

processor	: 2
vendor_id	: GenuineIntel
cpu family	: 6
model		: 42
model name	: Intel(R) Core(TM) i7-2600 CPU @ 3.40GHz
stepping	: 7
microcode	: 0x25
cpu MHz		: 1600.000
cache size	: 8192 KB
physical id	: 0
siblings	: 8
core id		: 2
cpu cores	: 4
apicid		: 4
initial apicid	: 4
fpu		: yes
fpu_exception	: yes
cpuid level	: 13
wp		: yes
flags		: fpu vme de pse tsc msr pae mce cx8 apic sep mtrr pge mca cmov pat pse36 clflush dts acpi mmx fxsr sse sse2 ss ht tm pbe syscall nx rdtscp lm constant_tsc arch_perfmon pebs bts rep_good nopl xtopology nonstop_tsc aperfmperf pni pclmulqdq dtes64 monitor ds_cpl vmx smx est tm2 ssse3 cx16 xtpr pdcm pcid sse4_1 sse4_2 x2apic popcnt tsc_deadline_timer aes xsave avx lahf_lm ida arat epb xsaveopt pln pts dtherm tpr_shadow vnmi flexpriority ept vpid
bogomips	: 6822.08
clflush size	: 64
cache_alignment	: 64
address sizes	: 36 bits physical, 48 bits virtual
power management:

processor	: 3
vendor_id	: GenuineIntel
cpu family	: 6
model		: 42
model name	: Intel(R) Core(TM) i7-2600 CPU @ 3.40GHz
stepping	: 7
microcode	: 0x25
cpu MHz		: 1600.000
cache size	: 8192 KB
physical id	: 0
siblings	: 8
core id		: 3
cpu cores	: 4
apicid		: 6
initial apicid	: 6
fpu		: yes
fpu_exception	: yes
cpuid level	: 13
wp		: yes
flags		: fpu vme de pse tsc msr pae mce cx8 apic sep mtrr pge mca cmov pat pse36 clflush dts acpi mmx fxsr sse sse2 ss ht tm pbe syscall nx rdtscp lm constant_tsc arch_perfmon pebs bts rep_good nopl xtopology nonstop_tsc aperfmperf pni pclmulqdq dtes64 monitor ds_cpl vmx smx est tm2 ssse3 cx16 xtpr pdcm pcid sse4_1 sse4_2 x2apic popcnt tsc_deadline_timer aes xsave avx lahf_lm ida arat epb xsaveopt pln pts dtherm tpr_shadow vnmi flexpriority ept vpid
bogomips	: 6822.07
clflush size	: 64
cache_alignment	: 64
address sizes	: 36 bits physical, 48 bits virtual
power management:

processor	: 4
vendor_id	: GenuineIntel
cpu family	: 6
model		: 42
model name	: Intel(R) Core(TM) i7-2600 CPU @ 3.40GHz
stepping	: 7
microcode	: 0x25
cpu MHz		: 1600.000
cache size	: 8192 KB
physical id	: 0
siblings	: 8
core id		: 0
cpu cores	: 4
apicid		: 1
initial apicid	: 1
fpu		: yes
fpu_exception	: yes
cpuid level	: 13
wp		: yes
flags		: fpu vme de pse tsc msr pae mce cx8 apic sep mtrr pge mca cmov pat pse36 clflush dts acpi mmx fxsr sse sse2 ss ht tm pbe syscall nx rdtscp lm constant_tsc arch_perfmon pebs bts rep_good nopl xtopology nonstop_tsc aperfmperf pni pclmulqdq dtes64 monitor ds_cpl vmx smx est tm2 ssse3 cx16 xtpr pdcm pcid sse4_1 sse4_2 x2apic popcnt tsc_deadline_timer aes xsave avx lahf_lm ida arat epb xsaveopt pln pts dtherm tpr_shadow vnmi flexpriority ept vpid
bogomips	: 6822.07
clflush size	: 64
cache_alignment	: 64
address sizes	: 36 bits physical, 48 bits virtual
power management:

processor	: 5
vendor_id	: GenuineIntel
cpu family	: 6
model		: 42
model name	: Intel(R) Core(TM) i7-2600 CPU @ 3.40GHz
stepping	: 7
microcode	: 0x25
cpu MHz		: 3401.000
cache size	: 8192 KB
physical id	: 0
siblings	: 8
core id		: 1
cpu cores	: 4
apicid		: 3
initial apicid	: 3
fpu		: yes
fpu_exception	: yes
cpuid level	: 13
wp		: yes
flags		: fpu vme de pse tsc msr pae mce cx8 apic sep mtrr pge mca cmov pat pse36 clflush dts acpi mmx fxsr sse sse2 ss ht tm pbe syscall nx rdtscp lm constant_tsc arch_perfmon pebs bts rep_good nopl xtopology nonstop_tsc aperfmperf pni pclmulqdq dtes64 monitor ds_cpl vmx smx est tm2 ssse3 cx16 xtpr pdcm pcid sse4_1 sse4_2 x2apic popcnt tsc_deadline_timer aes xsave avx lahf_lm ida arat epb xsaveopt pln pts dtherm tpr_shadow vnmi flexpriority ept vpid
bogomips	: 6822.07
clflush size	: 64
cache_alignment	: 64
address sizes	: 36 bits physical, 48 bits virtual
power management:

processor	: 6
vendor_id	: GenuineIntel
cpu family	: 6
model		: 42
model name	: Intel(R) Core(TM) i7-2600 CPU @ 3.40GHz
stepping	: 7
microcode	: 0x25
cpu MHz		: 1600.000
cache size	: 8192 KB
physical id	: 0
siblings	: 8
core id		: 2
cpu cores	: 4
apicid		: 5
initial apicid	: 5
fpu		: yes
fpu_exception	: yes
cpuid level	: 13
wp		: yes
flags		: fpu vme de pse tsc msr pae mce cx8 apic sep mtrr pge mca cmov pat pse36 clflush dts acpi mmx fxsr sse sse2 ss ht tm pbe syscall nx rdtscp lm constant_tsc arch_perfmon pebs bts rep_good nopl xtopology nonstop_tsc aperfmperf pni pclmulqdq dtes64 monitor ds_cpl vmx smx est tm2 ssse3 cx16 xtpr pdcm pcid sse4_1 sse4_2 x2apic popcnt tsc_deadline_timer aes xsave avx lahf_lm ida arat epb xsaveopt pln pts dtherm tpr_shadow vnmi flexpriority ept vpid
bogomips	: 6822.08
clflush size	: 64
cache_alignment	: 64
address sizes	: 36 bits physical, 48 bits virtual
power management:

processor	: 7
vendor_id	: GenuineIntel
cpu family	: 6
model		: 42
model name	: Intel(R) Core(TM) i7-2600 CPU @ 3.40GHz
stepping	: 7
microcode	: 0x25
cpu MHz		: 1600.000
cache size	: 8192 KB
physical id	: 0
siblings	: 8
core id		: 3
cpu cores	: 4
apicid		: 7
initial apicid	: 7
fpu		: yes
fpu_exception	: yes
cpuid level	: 13
wp		: yes
flags		: fpu vme de pse tsc msr pae mce cx8 apic sep mtrr pge mca cmov pat pse36 clflush dts acpi mmx fxsr sse sse2 ss ht tm pbe syscall nx rdtscp lm constant_tsc arch_perfmon pebs bts rep_good nopl xtopology nonstop_tsc aperfmperf pni pclmulqdq dtes64 monitor ds_cpl vmx smx est tm2 ssse3 cx16 xtpr pdcm pcid sse4_1 sse4_2 x2apic popcnt tsc_deadline_timer aes xsave avx lahf_lm ida arat epb xsaveopt pln pts dtherm tpr_shadow vnmi flexpriority ept vpid
bogomips	: 6822.07
clflush size	: 64
cache_alignment	: 64
address sizes	: 36 bits physical, 48 bits virtual
power management:



Memory: 4k page, physical 8164604k(806212k free), swap 15623176k(15598880k free)

vm_info: Java HotSpot(TM) 64-Bit Server VM (25.31-b07) for linux-amd64 JRE (1.8.0_31-b13), built on Dec 17 2014 20:40:15 by "java_re" with gcc 4.3.0 20080428 (Red Hat 4.3.0-8)

time: Mon Feb 16 02:25:01 2015
elapsed time: 142 seconds (0d 0h 2m 22s)

