#
# A fatal error has been detected by the Java Runtime Environment:
#
#  SIGSEGV (0xb) at pc=0x00007f9c35ee2d9d, pid=29061, tid=140308896397056
#
# JRE version: Java(TM) SE Runtime Environment (8.0_31-b13) (build 1.8.0_31-b13)
# Java VM: Java HotSpot(TM) 64-Bit Server VM (25.31-b07 mixed mode linux-amd64 compressed oops)
# Problematic frame:
# C  [librxtxSerial.so+0x6d9d]  read_byte_array+0x3d
#
# Failed to write core dump. Core dumps have been disabled. To enable core dumping, try "ulimit -c unlimited" before starting Java again
#
# If you would like to submit a bug report, please visit:
#   http://bugreport.java.com/bugreport/crash.jsp
# The crash happened outside the Java Virtual Machine in native code.
# See problematic frame for where to report the bug.
#

---------------  T H R E A D  ---------------

Current thread (0x00007f9c38c08000):  JavaThread "Thread-7" [_thread_in_native, id=29171, stack(0x00007f9c35ddb000,0x00007f9c35edc000)]

siginfo: si_signo: 11 (SIGSEGV), si_code: 1 (SEGV_MAPERR), si_addr: 0x0000000035eda758

Registers:
RAX=0x0000000035eda750, RBX=0x0000000001343fd0, RCX=0x0000000000000001, RDX=0x00007f9c5813d200
RSP=0x00007f9c35ed9a90, RBP=0x00007f9c38c081e8, RSI=0x00007f9c35ee5b25, RDI=0x00007f9c35ee5a9f
R8 =0x0000000000000009, R9 =0x00000000dcb72208, R10=0x000000000000032c, R11=0x00007f9c581417c8
R12=0xffffffffffffffff, R13=0x0000000000000004, R14=0x00000000000000b6, R15=0x00000000ffffffff
RIP=0x00007f9c35ee2d9d, EFLAGS=0x0000000000010206, CSGSFS=0x0000000000000033, ERR=0x0000000000000004
  TRAPNO=0x000000000000000e

Top of Stack: (sp=0x00007f9c35ed9a90)
0x00007f9c35ed9a90:   0000000000000001 0000000000000000
0x00007f9c35ed9aa0:   0000000400000700 0000000001343fd0
0x00007f9c35ed9ab0:   000000b635edcd18 00007f9c30ccab60
0x00007f9c35ed9ac0:   0000000000000000 00000000ffffffff
0x00007f9c35ed9ad0:   00007f9c35ed9b30 0000000035eda750
0x00007f9c35ed9ae0:   000000000020c5d0 0000000000000000
0x00007f9c35ed9af0:   00000000000000b6 0000000000000000
0x00007f9c35ed9b00:   00007f9c35edc000 00007f9c58b3a9f2
0x00007f9c35ed9b10:   0000000000000005 0000000000000000
0x00007f9c35ed9b20:   0000000000000000 00007f9c35edcd18
0x00007f9c35ed9b30:   00007f9c35ed9b60 0000000001343fd0
0x00007f9c35ed9b40:   00007f9c38c081e8 ffffffffffffffff
0x00007f9c35ed9b50:   0000000000000004 00007f9c58b40a55
0x00007f9c35ed9b60:   0000000001343fd0 0000000001343fd0
0x00007f9c35ed9b70:   00000000000000b6 0000000001343fd0
0x00007f9c35ed9b80:   00007f9c38c081e8 ffffffffffffffff
0x00007f9c35ed9b90:   0000000000000004 00000000000000b6
0x00007f9c35ed9ba0:   0000000000000000 00007f9c35ee3272
0x00007f9c35ed9bb0:   00007f9c38c08000 00007f9c35ed9c98
0x00007f9c35ed9bc0:   00007f9c35ed9ca0 00007f9c3c4600f0
0x00007f9c35ed9bd0:   00007f9c35ed9c68 0000000000000000
0x00007f9c35ed9be0:   00007f9c3c4600e8 00007f9c35ed9ca0
0x00007f9c35ed9bf0:   00007f9c38c08000 00007f9c46ee46d4
0x00007f9c35ed9c00:   00007f9c3c4600f0 0000000000000000
0x00007f9c35ed9c10:   00007f9c35ed9c68 00007f9c46ee4467
0x00007f9c35ed9c20:   00007f9c46ee4422 00007f9c35ed9c28
0x00007f9c35ed9c30:   00007f9c3c4600e8 00007f9c35ed9ca0
0x00007f9c35ed9c40:   00007f9c3611a980 0000000000000000
0x00007f9c35ed9c50:   00007f9c3c4600f0 0000000000000000
0x00007f9c35ed9c60:   00007f9c35ed9c88 00007f9c35ed9d08
0x00007f9c35ed9c70:   00007f9c46ed63d0 0000000000000000
0x00007f9c35ed9c80:   00007f9c46ede2b6 0000000000000004 

Instructions: (pc=0x00007f9c35ee2d9d)
0x00007f9c35ee2d7d:   4c 24 18 48 8d 15 17 2d 00 00 48 8d 0d 0e 2d 00
0x00007f9c35ee2d8d:   00 44 89 44 24 14 e8 88 c7 ff ff 48 89 44 24 48
0x00007f9c35ee2d9d:   8b 40 08 45 85 ff 48 8b 54 24 48 89 44 24 40 c7
0x00007f9c35ee2dad:   42 08 00 00 00 00 0f 88 bd 01 00 00 31 c0 e8 70 

Register to memory mapping:

RAX=0x0000000035eda750 is an unknown value
RBX=0x0000000001343fd0 is an unknown value
RCX=0x0000000000000001 is an unknown value
RDX=0x00007f9c5813d200: <offset 0xf57200> in /usr/lib/jvm/java-8-oracle/jre/lib/amd64/server/libjvm.so at 0x00007f9c571e6000
RSP=0x00007f9c35ed9a90 is pointing into the stack for thread: 0x00007f9c38c08000
RBP=0x00007f9c38c081e8 is an unknown value
RSI=0x00007f9c35ee5b25: <offset 0x9b25> in /usr/lib/jvm/java-8-oracle/jre/lib/amd64/librxtxSerial.so at 0x00007f9c35edc000
RDI=0x00007f9c35ee5a9f: <offset 0x9a9f> in /usr/lib/jvm/java-8-oracle/jre/lib/amd64/librxtxSerial.so at 0x00007f9c35edc000
R8 =0x0000000000000009 is an unknown value
R9 =0x00000000dcb72208 is an oop
gnu.io.RXTXPort 
 - klass: 'gnu/io/RXTXPort'
R10=0x000000000000032c is an unknown value
R11=0x00007f9c581417c8: <offset 0xf5b7c8> in /usr/lib/jvm/java-8-oracle/jre/lib/amd64/server/libjvm.so at 0x00007f9c571e6000
R12=0xffffffffffffffff is an unknown value
R13=0x0000000000000004 is an unknown value
R14=0x00000000000000b6 is an unknown value
R15=0x00000000ffffffff is an unallocated location in the heap


Stack: [0x00007f9c35ddb000,0x00007f9c35edc000],  sp=0x00007f9c35ed9a90,  free space=1018k
Native frames: (J=compiled Java code, j=interpreted, Vv=VM code, C=native code)
C  [librxtxSerial.so+0x6d9d]  read_byte_array+0x3d

Java frames: (J=compiled Java code, j=interpreted, Vv=VM code)
j  gnu.io.RXTXPort.readArray([BII)I+0
j  gnu.io.RXTXPort$SerialInputStream.read([BII)I+212
J 2478 C1 sun.nio.cs.StreamDecoder.readBytes()I (289 bytes) @ 0x00007f9c4762aa24 [0x00007f9c4762a2e0+0x744]
j  sun.nio.cs.StreamDecoder.implRead([CII)I+112
J 1541 C2 java.io.InputStreamReader.read([CII)I (11 bytes) @ 0x00007f9c47409d6c [0x00007f9c474095e0+0x78c]
J 2042 C1 java.io.BufferedReader.fill()V (170 bytes) @ 0x00007f9c4750a0d4 [0x00007f9c47509e20+0x2b4]
j  java.io.BufferedReader.readLine(Z)Ljava/lang/String;+44
j  java.io.BufferedReader.readLine()Ljava/lang/String;+2
j  arduino.controller.WebSocketControllerImpl$$anon$1.serialEvent(Lgnu/io/SerialPortEvent;)V+34
j  gnu.io.RXTXPort.sendEvent(IZ)Z+382
v  ~StubRoutines::call_stub
j  gnu.io.RXTXPort.eventLoop()V+0
j  gnu.io.RXTXPort$MonitorThread.run()V+12
v  ~StubRoutines::call_stub

---------------  P R O C E S S  ---------------

Java Threads: ( => current thread )
  0x0000000002b67800 JavaThread "MessageBrokerSockJS-6" [_thread_blocked, id=29173, stack(0x00007f9c35bd9000,0x00007f9c35cda000)]
  0x00007f9c3826e000 JavaThread "clientOutboundChannel-2" [_thread_blocked, id=29172, stack(0x00007f9c35cda000,0x00007f9c35ddb000)]
=>0x00007f9c38c08000 JavaThread "Thread-7" [_thread_in_native, id=29171, stack(0x00007f9c35ddb000,0x00007f9c35edc000)]
  0x0000000001e39000 JavaThread "clientInboundChannel-9" [_thread_blocked, id=29170, stack(0x00007f9c362e9000,0x00007f9c363ea000)]
  0x0000000001686000 JavaThread "clientInboundChannel-8" [_thread_blocked, id=29169, stack(0x00007f9c363ea000,0x00007f9c364eb000)]
  0x0000000001684000 JavaThread "clientInboundChannel-7" [_thread_blocked, id=29168, stack(0x00007f9c364eb000,0x00007f9c365ec000)]
  0x0000000001680000 JavaThread "http-nio-8080-exec-6" daemon [_thread_blocked, id=29167, stack(0x00007f9c365ec000,0x00007f9c366ed000)]
  0x00000000014d0800 JavaThread "clientInboundChannel-6" [_thread_blocked, id=29166, stack(0x00007f9c366ed000,0x00007f9c367ee000)]
  0x00000000014ce800 JavaThread "clientInboundChannel-5" [_thread_blocked, id=29165, stack(0x00007f9c367ee000,0x00007f9c368ef000)]
  0x000000000174d800 JavaThread "clientInboundChannel-4" [_thread_blocked, id=29164, stack(0x00007f9c368ef000,0x00007f9c369f0000)]
  0x000000000174b800 JavaThread "http-nio-8080-exec-5" daemon [_thread_blocked, id=29163, stack(0x00007f9c369f0000,0x00007f9c36af1000)]
  0x000000000174b000 JavaThread "MessageBrokerSockJS-5" [_thread_blocked, id=29162, stack(0x00007f9c36af1000,0x00007f9c36bf2000)]
  0x00007f9c3000a800 JavaThread "clientOutboundChannel-1" [_thread_blocked, id=29161, stack(0x00007f9c36bf2000,0x00007f9c36cf3000)]
  0x0000000001749800 JavaThread "clientInboundChannel-3" [_thread_blocked, id=29160, stack(0x00007f9c36cf3000,0x00007f9c36df4000)]
  0x0000000002dac000 JavaThread "clientInboundChannel-2" [_thread_blocked, id=29159, stack(0x00007f9c36df4000,0x00007f9c36ef5000)]
  0x0000000001748800 JavaThread "clientInboundChannel-1" [_thread_blocked, id=29158, stack(0x00007f9c36ef5000,0x00007f9c36ff6000)]
  0x0000000001ec2800 JavaThread "http-nio-8080-exec-4" daemon [_thread_blocked, id=29157, stack(0x00007f9c36ff6000,0x00007f9c370f7000)]
  0x00007f9c304bd800 JavaThread "WebSocket background processing" daemon [_thread_blocked, id=29156, stack(0x00007f9c370f7000,0x00007f9c371f8000)]
  0x00007f9c304bc000 JavaThread "MessageBrokerSockJS-4" [_thread_blocked, id=29155, stack(0x00007f9c371f8000,0x00007f9c372f9000)]
  0x00007f9c304ba000 JavaThread "WebSocketServer-localhost-ROOT-1" daemon [_thread_blocked, id=29154, stack(0x00007f9c372f9000,0x00007f9c373fa000)]
  0x0000000002963000 JavaThread "MessageBrokerSockJS-3" [_thread_blocked, id=29153, stack(0x00007f9c373fa000,0x00007f9c374fb000)]
  0x00000000014fa800 JavaThread "MessageBrokerSockJS-2" [_thread_blocked, id=29152, stack(0x00007f9c374fb000,0x00007f9c375fc000)]
  0x00000000014f7000 JavaThread "http-nio-8080-exec-3" daemon [_thread_blocked, id=29151, stack(0x00007f9c3d509000,0x00007f9c3d60a000)]
  0x00000000015ab800 JavaThread "http-nio-8080-exec-2" daemon [_thread_blocked, id=29150, stack(0x00007f9c3d60a000,0x00007f9c3d70b000)]
  0x0000000002b79000 JavaThread "http-nio-8080-exec-1" daemon [_thread_blocked, id=29139, stack(0x00007f9c3c5c8000,0x00007f9c3c6c9000)]
  0x00007f9c3147a800 JavaThread "http-nio-8080-Acceptor-0" daemon [_thread_in_native, id=29135, stack(0x00007f9c375fc000,0x00007f9c376fd000)]
  0x00007f9c31478000 JavaThread "http-nio-8080-ClientPoller-1" daemon [_thread_in_native, id=29134, stack(0x00007f9c376fd000,0x00007f9c377fe000)]
  0x00007f9c31469800 JavaThread "http-nio-8080-ClientPoller-0" daemon [_thread_in_native, id=29133, stack(0x00007f9c377fe000,0x00007f9c378ff000)]
  0x00007f9c3145a000 JavaThread "NioBlockingSelector.BlockPoller-1" daemon [_thread_in_native, id=29132, stack(0x00007f9c378ff000,0x00007f9c37a00000)]
  0x00007f9c313a1000 JavaThread "MessageBrokerSockJS-1" [_thread_blocked, id=29131, stack(0x00007f9c3c0c0000,0x00007f9c3c1c1000)]
  0x00007f9c312a9800 JavaThread "container-0" [_thread_blocked, id=29130, stack(0x00007f9c3c1c6000,0x00007f9c3c2c7000)]
  0x00007f9c312a7800 JavaThread "ContainerBackgroundProcessor[StandardEngine[Tomcat].StandardHost[localhost].StandardContext[]]" daemon [_thread_blocked, id=29129, stack(0x00007f9c3c2c7000,0x00007f9c3c3c8000)]
  0x00007f9c30896800 JavaThread "process reaper" daemon [_thread_blocked, id=29104, stack(0x00007f9c3d70b000,0x00007f9c3d744000)]
  0x00007f9c30014000 JavaThread "Service Thread" daemon [_thread_blocked, id=29100, stack(0x00007f9c3e8e1000,0x00007f9c3e9e2000)]
  0x00007f9c38037800 JavaThread "C1 CompilerThread3" daemon [_thread_blocked, id=29099, stack(0x00007f9c3e9e2000,0x00007f9c3eae3000)]
  0x00007f9c38035800 JavaThread "C2 CompilerThread2" daemon [_thread_blocked, id=29098, stack(0x00007f9c3eae3000,0x00007f9c3ebe4000)]
  0x00007f9c38033800 JavaThread "C2 CompilerThread1" daemon [_thread_blocked, id=29097, stack(0x00007f9c3ebe4000,0x00007f9c3ece5000)]
  0x00007f9c38030800 JavaThread "C2 CompilerThread0" daemon [_thread_blocked, id=29096, stack(0x00007f9c3ece5000,0x00007f9c3ede6000)]
  0x00007f9c3802e000 JavaThread "Signal Dispatcher" daemon [_thread_blocked, id=29095, stack(0x00007f9c3ede6000,0x00007f9c3eee7000)]
  0x00007f9c38001000 JavaThread "Finalizer" daemon [_thread_blocked, id=29094, stack(0x00007f9c3f05e000,0x00007f9c3f15f000)]
  0x00000000012fb000 JavaThread "Reference Handler" daemon [_thread_blocked, id=29093, stack(0x00007f9c3f15f000,0x00007f9c3f260000)]
  0x0000000001282000 JavaThread "main" [_thread_blocked, id=29083, stack(0x00007f9c58c27000,0x00007f9c58d28000)]

Other Threads:
  0x00000000012f5800 VMThread [stack: 0x00007f9c3f260000,0x00007f9c3f361000] [id=29092]
  0x00007f9c30017000 WatcherThread [stack: 0x00007f9c3e7e0000,0x00007f9c3e8e1000] [id=29101]

VM state:not at safepoint (normal execution)

VM Mutex/Monitor currently owned by a thread: None

Heap:
 PSYoungGen      total 276480K, used 105505K [0x00000000d6780000, 0x00000000f3b00000, 0x0000000100000000)
  eden space 262144K, 40% used [0x00000000d6780000,0x00000000dce88400,0x00000000e6780000)
  from space 14336K, 0% used [0x00000000e6780000,0x00000000e6780000,0x00000000e7580000)
  to   space 18944K, 0% used [0x00000000f2880000,0x00000000f2880000,0x00000000f3b00000)
 ParOldGen       total 107008K, used 32561K [0x0000000083600000, 0x0000000089e80000, 0x00000000d6780000)
  object space 107008K, 30% used [0x0000000083600000,0x00000000855cc7b0,0x0000000089e80000)
 Metaspace       used 41836K, capacity 42578K, committed 43008K, reserved 1087488K
  class space    used 5281K, capacity 5557K, committed 5632K, reserved 1048576K

Card table byte_map: [0x00007f9c46729000,0x00007f9c46b0f000] byte_map_base: 0x00007f9c4630e000

Marking Bits: (ParMarkBitMap*) 0x00007f9c581412a0
 Begin Bits: [0x00007f9c41e38000, 0x00007f9c43d60000)
 End Bits:   [0x00007f9c43d60000, 0x00007f9c45c88000)

Polling page: 0x00007f9c58d49000

CodeCache: size=245760Kb used=15410Kb max_used=15981Kb free=230350Kb
 bounds [0x00007f9c46ecf000, 0x00007f9c47ebf000, 0x00007f9c55ecf000]
 total_blobs=5013 nmethods=4569 adapters=358
 compilation: enabled

Compilation events (10 events):
Event: 47.824 Thread 0x00007f9c38033800 5397       4       java.security.SecureClassLoader::defineClass (16 bytes)
Event: 47.825 Thread 0x00007f9c38037800 5398       3       java.util.LinkedHashMap::get (33 bytes)
Event: 47.826 Thread 0x00007f9c38037800 nmethod 5398 0x00007f9c47c1f750 code [0x00007f9c47c1f900, 0x00007f9c47c1fde8]
Event: 47.841 Thread 0x00007f9c38033800 nmethod 5397 0x00007f9c476c4750 code [0x00007f9c476c49a0, 0x00007f9c476c5ef0]
Event: 47.842 Thread 0x00007f9c38035800 nmethod 5395 0x00007f9c47c09c10 code [0x00007f9c47c09e00, 0x00007f9c47c0aae0]
Event: 47.856 Thread 0x00007f9c38030800 nmethod 5393 0x00007f9c47b0fc90 code [0x00007f9c47b0ff80, 0x00007f9c47b12358]
Event: 47.862 Thread 0x00007f9c38037800 5400   !   3       java.lang.StringCoding$StringDecoder::decode (179 bytes)
Event: 47.863 Thread 0x00007f9c38037800 nmethod 5400 0x00007f9c47940e90 code [0x00007f9c479411e0, 0x00007f9c47942e48]
Event: 47.875 Thread 0x00007f9c38037800 5401       3       com.fasterxml.jackson.databind.introspect.AnnotationMap::get (21 bytes)
Event: 47.875 Thread 0x00007f9c38037800 nmethod 5401 0x00007f9c477cf990 code [0x00007f9c477cfb20, 0x00007f9c477cfe88]

GC Heap History (10 events):
Event: 5.065 GC heap before
{Heap before GC invocations=5 (full 0):
 PSYoungGen      total 136192K, used 136192K [0x00000000d6780000, 0x00000000df180000, 0x0000000100000000)
  eden space 131072K, 100% used [0x00000000d6780000,0x00000000de780000,0x00000000de780000)
  from space 5120K, 100% used [0x00000000dec80000,0x00000000df180000,0x00000000df180000)
  to   space 5120K, 0% used [0x00000000de780000,0x00000000de780000,0x00000000dec80000)
 ParOldGen       total 86016K, used 10999K [0x0000000083600000, 0x0000000088a00000, 0x00000000d6780000)
  object space 86016K, 12% used [0x0000000083600000,0x00000000840bde08,0x0000000088a00000)
 Metaspace       used 19556K, capacity 20096K, committed 20480K, reserved 1067008K
  class space    used 2495K, capacity 2700K, committed 2816K, reserved 1048576K
Event: 5.079 GC heap after
Heap after GC invocations=5 (full 0):
 PSYoungGen      total 136192K, used 5088K [0x00000000d6780000, 0x00000000e8480000, 0x0000000100000000)
  eden space 131072K, 0% used [0x00000000d6780000,0x00000000d6780000,0x00000000de780000)
  from space 5120K, 99% used [0x00000000de780000,0x00000000dec78020,0x00000000dec80000)
  to   space 14848K, 0% used [0x00000000e7600000,0x00000000e7600000,0x00000000e8480000)
 ParOldGen       total 86016K, used 18663K [0x0000000083600000, 0x0000000088a00000, 0x00000000d6780000)
  object space 86016K, 21% used [0x0000000083600000,0x0000000084839f80,0x0000000088a00000)
 Metaspace       used 19556K, capacity 20096K, committed 20480K, reserved 1067008K
  class space    used 2495K, capacity 2700K, committed 2816K, reserved 1048576K
}
Event: 5.165 GC heap before
{Heap before GC invocations=6 (full 0):
 PSYoungGen      total 136192K, used 14761K [0x00000000d6780000, 0x00000000e8480000, 0x0000000100000000)
  eden space 131072K, 7% used [0x00000000d6780000,0x00000000d70f23f0,0x00000000de780000)
  from space 5120K, 99% used [0x00000000de780000,0x00000000dec78020,0x00000000dec80000)
  to   space 14848K, 0% used [0x00000000e7600000,0x00000000e7600000,0x00000000e8480000)
 ParOldGen       total 86016K, used 18663K [0x0000000083600000, 0x0000000088a00000, 0x00000000d6780000)
  object space 86016K, 21% used [0x0000000083600000,0x0000000084839f80,0x0000000088a00000)
 Metaspace       used 20597K, capacity 21112K, committed 21296K, reserved 1067008K
  class space    used 2642K, capacity 2864K, committed 2944K, reserved 1048576K
Event: 5.172 GC heap after
Heap after GC invocations=6 (full 0):
 PSYoungGen      total 275968K, used 6231K [0x00000000d6780000, 0x00000000e8380000, 0x0000000100000000)
  eden space 262144K, 0% used [0x00000000d6780000,0x00000000d6780000,0x00000000e6780000)
  from space 13824K, 45% used [0x00000000e7600000,0x00000000e7c15f58,0x00000000e8380000)
  to   space 14336K, 0% used [0x00000000e6780000,0x00000000e6780000,0x00000000e7580000)
 ParOldGen       total 86016K, used 18663K [0x0000000083600000, 0x0000000088a00000, 0x00000000d6780000)
  object space 86016K, 21% used [0x0000000083600000,0x0000000084839f80,0x0000000088a00000)
 Metaspace       used 20597K, capacity 21112K, committed 21296K, reserved 1067008K
  class space    used 2642K, capacity 2864K, committed 2944K, reserved 1048576K
}
Event: 5.172 GC heap before
{Heap before GC invocations=7 (full 1):
 PSYoungGen      total 275968K, used 6231K [0x00000000d6780000, 0x00000000e8380000, 0x0000000100000000)
  eden space 262144K, 0% used [0x00000000d6780000,0x00000000d6780000,0x00000000e6780000)
  from space 13824K, 45% used [0x00000000e7600000,0x00000000e7c15f58,0x00000000e8380000)
  to   space 14336K, 0% used [0x00000000e6780000,0x00000000e6780000,0x00000000e7580000)
 ParOldGen       total 86016K, used 18663K [0x0000000083600000, 0x0000000088a00000, 0x00000000d6780000)
  object space 86016K, 21% used [0x0000000083600000,0x0000000084839f80,0x0000000088a00000)
 Metaspace       used 20597K, capacity 21112K, committed 21296K, reserved 1067008K
  class space    used 2642K, capacity 2864K, committed 2944K, reserved 1048576K
Event: 5.231 GC heap after
Heap after GC invocations=7 (full 1):
 PSYoungGen      total 275968K, used 0K [0x00000000d6780000, 0x00000000e8380000, 0x0000000100000000)
  eden space 262144K, 0% used [0x00000000d6780000,0x00000000d6780000,0x00000000e6780000)
  from space 13824K, 0% used [0x00000000e7600000,0x00000000e7600000,0x00000000e8380000)
  to   space 14336K, 0% used [0x00000000e6780000,0x00000000e6780000,0x00000000e7580000)
 ParOldGen       total 66048K, used 15004K [0x0000000083600000, 0x0000000087680000, 0x00000000d6780000)
  object space 66048K, 22% used [0x0000000083600000,0x00000000844a70d0,0x0000000087680000)
 Metaspace       used 20597K, capacity 21112K, committed 21296K, reserved 1067008K
  class space    used 2642K, capacity 2864K, committed 2944K, reserved 1048576K
}
Event: 6.700 GC heap before
{Heap before GC invocations=8 (full 1):
 PSYoungGen      total 275968K, used 183889K [0x00000000d6780000, 0x00000000e8380000, 0x0000000100000000)
  eden space 262144K, 70% used [0x00000000d6780000,0x00000000e1b147e8,0x00000000e6780000)
  from space 13824K, 0% used [0x00000000e7600000,0x00000000e7600000,0x00000000e8380000)
  to   space 14336K, 0% used [0x00000000e6780000,0x00000000e6780000,0x00000000e7580000)
 ParOldGen       total 66048K, used 15004K [0x0000000083600000, 0x0000000087680000, 0x00000000d6780000)
  object space 66048K, 22% used [0x0000000083600000,0x00000000844a70d0,0x0000000087680000)
 Metaspace       used 34559K, capacity 35256K, committed 35496K, reserved 1081344K
  class space    used 4387K, capacity 4598K, committed 4608K, reserved 1048576K
Event: 6.710 GC heap after
Heap after GC invocations=8 (full 1):
 PSYoungGen      total 276480K, used 14330K [0x00000000d6780000, 0x00000000f3b00000, 0x0000000100000000)
  eden space 262144K, 0% used [0x00000000d6780000,0x00000000d6780000,0x00000000e6780000)
  from space 14336K, 99% used [0x00000000e6780000,0x00000000e757e950,0x00000000e7580000)
  to   space 18944K, 0% used [0x00000000f2880000,0x00000000f2880000,0x00000000f3b00000)
 ParOldGen       total 66048K, used 20048K [0x0000000083600000, 0x0000000087680000, 0x00000000d6780000)
  object space 66048K, 30% used [0x0000000083600000,0x00000000849943d0,0x0000000087680000)
 Metaspace       used 34559K, capacity 35256K, committed 35496K, reserved 1081344K
  class space    used 4387K, capacity 4598K, committed 4608K, reserved 1048576K
}
Event: 6.710 GC heap before
{Heap before GC invocations=9 (full 2):
 PSYoungGen      total 276480K, used 14330K [0x00000000d6780000, 0x00000000f3b00000, 0x0000000100000000)
  eden space 262144K, 0% used [0x00000000d6780000,0x00000000d6780000,0x00000000e6780000)
  from space 14336K, 99% used [0x00000000e6780000,0x00000000e757e950,0x00000000e7580000)
  to   space 18944K, 0% used [0x00000000f2880000,0x00000000f2880000,0x00000000f3b00000)
 ParOldGen       total 66048K, used 20048K [0x0000000083600000, 0x0000000087680000, 0x00000000d6780000)
  object space 66048K, 30% used [0x0000000083600000,0x00000000849943d0,0x0000000087680000)
 Metaspace       used 34559K, capacity 35256K, committed 35496K, reserved 1081344K
  class space    used 4387K, capacity 4598K, committed 4608K, reserved 1048576K
Event: 6.786 GC heap after
Heap after GC invocations=9 (full 2):
 PSYoungGen      total 276480K, used 0K [0x00000000d6780000, 0x00000000f3b00000, 0x0000000100000000)
  eden space 262144K, 0% used [0x00000000d6780000,0x00000000d6780000,0x00000000e6780000)
  from space 14336K, 0% used [0x00000000e6780000,0x00000000e6780000,0x00000000e7580000)
  to   space 18944K, 0% used [0x00000000f2880000,0x00000000f2880000,0x00000000f3b00000)
 ParOldGen       total 107008K, used 32561K [0x0000000083600000, 0x0000000089e80000, 0x00000000d6780000)
  object space 107008K, 30% used [0x0000000083600000,0x00000000855cc7b0,0x0000000089e80000)
 Metaspace       used 34559K, capacity 35256K, committed 35496K, reserved 1081344K
  class space    used 4387K, capacity 4598K, committed 4608K, reserved 1048576K
}

Deoptimization events (10 events):
Event: 6.553 Thread 0x00007f9c3090b000 Uncommon trap: reason=bimorphic action=maybe_recompile pc=0x00007f9c47ccc420 method=java.lang.ClassLoader.loadClass(Ljava/lang/String;)Ljava/lang/Class; @ 3
Event: 6.576 Thread 0x00007f9c3090b000 Uncommon trap: reason=unreached action=reinterpret pc=0x00007f9c47357bdc method=java.lang.reflect.Method.equals(Ljava/lang/Object;)Z @ 1
Event: 6.916 Thread 0x00007f9c3090b000 Uncommon trap: reason=unloaded action=reinterpret pc=0x00007f9c47a97a00 method=org.springframework.util.ConcurrentReferenceHashMap$Segment.restructureIfNecessary(Z)V @ 312
Event: 6.984 Thread 0x00007f9c3090b000 Uncommon trap: reason=unreached action=reinterpret pc=0x00007f9c47cd6498 method=org.springframework.util.ReflectionUtils.doWithMethods(Ljava/lang/Class;Lorg/springframework/util/ReflectionUtils$MethodCallback;Lorg/springframework/util/ReflectionUtils$Meth
Event: 16.520 Thread 0x0000000001499000 Uncommon trap: reason=unreached action=reinterpret pc=0x00007f9c47188144 method=java.util.concurrent.locks.AbstractQueuedSynchronizer.release(I)Z @ 14
Event: 16.520 Thread 0x00007f9c31280000 Uncommon trap: reason=unreached action=reinterpret pc=0x00007f9c47188144 method=java.util.concurrent.locks.AbstractQueuedSynchronizer.release(I)Z @ 14
Event: 44.869 Thread 0x00000000015ab800 Uncommon trap: reason=unreached action=reinterpret pc=0x00007f9c473de280 method=java.util.HashMap.hash(Ljava/lang/Object;)I @ 1
Event: 44.884 Thread 0x00000000014f7000 Uncommon trap: reason=unreached action=reinterpret pc=0x00007f9c47d49c7c method=java.util.concurrent.locks.AbstractQueuedSynchronizer.release(I)Z @ 14
Event: 44.973 Thread 0x0000000001ec2800 Uncommon trap: reason=unreached action=reinterpret pc=0x00007f9c47d49114 method=org.springframework.util.ObjectUtils.nullSafeEquals(Ljava/lang/Object;Ljava/lang/Object;)Z @ 12
Event: 47.857 Thread 0x0000000001684000 Uncommon trap: reason=bimorphic action=maybe_recompile pc=0x00007f9c47ccc420 method=java.lang.ClassLoader.loadClass(Ljava/lang/String;)Ljava/lang/Class; @ 3

Internal exceptions (10 events):
Event: 47.885 Thread 0x0000000001684000 Exception <a 'java/security/PrivilegedActionException'> (0x00000000dcd41240) thrown at [/HUDSON/workspace/8-2-build-linux-amd64/jdk8u31/2394/hotspot/src/share/vm/prims/jvm.cpp, line 1312]
Event: 47.885 Thread 0x0000000001684000 Exception <a 'java/security/PrivilegedActionException'> (0x00000000dcd41c20) thrown at [/HUDSON/workspace/8-2-build-linux-amd64/jdk8u31/2394/hotspot/src/share/vm/prims/jvm.cpp, line 1312]
Event: 47.886 Thread 0x0000000001684000 Exception <a 'java/security/PrivilegedActionException'> (0x00000000dcd48650) thrown at [/HUDSON/workspace/8-2-build-linux-amd64/jdk8u31/2394/hotspot/src/share/vm/prims/jvm.cpp, line 1312]
Event: 47.886 Thread 0x0000000001684000 Exception <a 'java/security/PrivilegedActionException'> (0x00000000dcd48f70) thrown at [/HUDSON/workspace/8-2-build-linux-amd64/jdk8u31/2394/hotspot/src/share/vm/prims/jvm.cpp, line 1312]
Event: 47.887 Thread 0x0000000001684000 Exception <a 'java/security/PrivilegedActionException'> (0x00000000dcd4d300) thrown at [/HUDSON/workspace/8-2-build-linux-amd64/jdk8u31/2394/hotspot/src/share/vm/prims/jvm.cpp, line 1312]
Event: 47.887 Thread 0x0000000001684000 Exception <a 'java/security/PrivilegedActionException'> (0x00000000dcd4dce8) thrown at [/HUDSON/workspace/8-2-build-linux-amd64/jdk8u31/2394/hotspot/src/share/vm/prims/jvm.cpp, line 1312]
Event: 47.888 Thread 0x0000000001684000 Exception <a 'java/security/PrivilegedActionException'> (0x00000000dcd57140) thrown at [/HUDSON/workspace/8-2-build-linux-amd64/jdk8u31/2394/hotspot/src/share/vm/prims/jvm.cpp, line 1312]
Event: 47.888 Thread 0x0000000001684000 Exception <a 'java/security/PrivilegedActionException'> (0x00000000dcd57b10) thrown at [/HUDSON/workspace/8-2-build-linux-amd64/jdk8u31/2394/hotspot/src/share/vm/prims/jvm.cpp, line 1312]
Event: 47.889 Thread 0x0000000001684000 Exception <a 'java/security/PrivilegedActionException'> (0x00000000dcd61bb8) thrown at [/HUDSON/workspace/8-2-build-linux-amd64/jdk8u31/2394/hotspot/src/share/vm/prims/jvm.cpp, line 1312]
Event: 47.889 Thread 0x0000000001684000 Exception <a 'java/security/PrivilegedActionException'> (0x00000000dcd621e0) thrown at [/HUDSON/workspace/8-2-build-linux-amd64/jdk8u31/2394/hotspot/src/share/vm/prims/jvm.cpp, line 1312]

Events (10 events):
Event: 47.888 loading class com/fasterxml/jackson/databind/ser/impl/BeanAsArraySerializer
Event: 47.888 loading class com/fasterxml/jackson/databind/ser/impl/BeanAsArraySerializer done
Event: 47.889 loading class com/fasterxml/jackson/core/json/JsonWriteContext
Event: 47.889 loading class com/fasterxml/jackson/core/json/JsonWriteContext done
Event: 47.891 Executing VM operation: RevokeBias
Event: 47.891 Executing VM operation: RevokeBias done
Event: 47.891 Thread 0x00007f9c3826e000 Thread added: 0x00007f9c3826e000
Event: 47.893 Thread 0x0000000002b67800 Thread added: 0x0000000002b67800
Event: 48.635 loading class gnu/io/SerialPortEvent
Event: 48.636 loading class gnu/io/SerialPortEvent done


Dynamic libraries:
00400000-00401000 r-xp 00000000 08:03 3804091                            /usr/lib/jvm/java-8-oracle/bin/java
00600000-00601000 rw-p 00000000 08:03 3804091                            /usr/lib/jvm/java-8-oracle/bin/java
01277000-02de3000 rw-p 00000000 00:00 0                                  [heap]
83600000-89e80000 rw-p 00000000 00:00 0 
89e80000-d6780000 ---p 00000000 00:00 0 
d6780000-f3b00000 rw-p 00000000 00:00 0 
f3b00000-100000000 ---p 00000000 00:00 0 
100000000-100580000 rw-p 00000000 00:00 0 
100580000-140000000 ---p 00000000 00:00 0 
7f9c30000000-7f9c3148a000 rw-p 00000000 00:00 0 
7f9c3148a000-7f9c34000000 ---p 00000000 00:00 0 
7f9c35bd9000-7f9c35bdc000 ---p 00000000 00:00 0 
7f9c35bdc000-7f9c35cda000 rw-p 00000000 00:00 0 
7f9c35cda000-7f9c35cdd000 ---p 00000000 00:00 0 
7f9c35cdd000-7f9c35ddb000 rw-p 00000000 00:00 0 
7f9c35ddb000-7f9c35dde000 ---p 00000000 00:00 0 
7f9c35dde000-7f9c35edc000 rw-p 00000000 00:00 0 
7f9c35edc000-7f9c35ee9000 r-xp 00000000 08:03 4067547                    /usr/lib/jvm/java-8-oracle/jre/lib/amd64/librxtxSerial.so
7f9c35ee9000-7f9c360e8000 ---p 0000d000 08:03 4067547                    /usr/lib/jvm/java-8-oracle/jre/lib/amd64/librxtxSerial.so
7f9c360e8000-7f9c360e9000 rw-p 0000c000 08:03 4067547                    /usr/lib/jvm/java-8-oracle/jre/lib/amd64/librxtxSerial.so
7f9c360e9000-7f9c36169000 rw-p 00000000 00:00 0 
7f9c36169000-7f9c362e9000 ---p 00000000 00:00 0 
7f9c362e9000-7f9c362ec000 ---p 00000000 00:00 0 
7f9c362ec000-7f9c363ea000 rw-p 00000000 00:00 0 
7f9c363ea000-7f9c363ed000 ---p 00000000 00:00 0 
7f9c363ed000-7f9c364eb000 rw-p 00000000 00:00 0 
7f9c364eb000-7f9c364ee000 ---p 00000000 00:00 0 
7f9c364ee000-7f9c365ec000 rw-p 00000000 00:00 0 
7f9c365ec000-7f9c365ef000 ---p 00000000 00:00 0 
7f9c365ef000-7f9c366ed000 rw-p 00000000 00:00 0 
7f9c366ed000-7f9c366f0000 ---p 00000000 00:00 0 
7f9c366f0000-7f9c367ee000 rw-p 00000000 00:00 0 
7f9c367ee000-7f9c367f1000 ---p 00000000 00:00 0 
7f9c367f1000-7f9c368ef000 rw-p 00000000 00:00 0 
7f9c368ef000-7f9c368f2000 ---p 00000000 00:00 0 
7f9c368f2000-7f9c369f0000 rw-p 00000000 00:00 0 
7f9c369f0000-7f9c369f3000 ---p 00000000 00:00 0 
7f9c369f3000-7f9c36af1000 rw-p 00000000 00:00 0 
7f9c36af1000-7f9c36af4000 ---p 00000000 00:00 0 
7f9c36af4000-7f9c36bf2000 rw-p 00000000 00:00 0 
7f9c36bf2000-7f9c36bf5000 ---p 00000000 00:00 0 
7f9c36bf5000-7f9c36cf3000 rw-p 00000000 00:00 0 
7f9c36cf3000-7f9c36cf6000 ---p 00000000 00:00 0 
7f9c36cf6000-7f9c36df4000 rw-p 00000000 00:00 0 
7f9c36df4000-7f9c36df7000 ---p 00000000 00:00 0 
7f9c36df7000-7f9c36ef5000 rw-p 00000000 00:00 0 
7f9c36ef5000-7f9c36ef8000 ---p 00000000 00:00 0 
7f9c36ef8000-7f9c36ff6000 rw-p 00000000 00:00 0 
7f9c36ff6000-7f9c36ff9000 ---p 00000000 00:00 0 
7f9c36ff9000-7f9c370f7000 rw-p 00000000 00:00 0 
7f9c370f7000-7f9c370fa000 ---p 00000000 00:00 0 
7f9c370fa000-7f9c371f8000 rw-p 00000000 00:00 0 
7f9c371f8000-7f9c371fb000 ---p 00000000 00:00 0 
7f9c371fb000-7f9c372f9000 rw-p 00000000 00:00 0 
7f9c372f9000-7f9c372fc000 ---p 00000000 00:00 0 
7f9c372fc000-7f9c373fa000 rw-p 00000000 00:00 0 
7f9c373fa000-7f9c373fd000 ---p 00000000 00:00 0 
7f9c373fd000-7f9c374fb000 rw-p 00000000 00:00 0 
7f9c374fb000-7f9c374fe000 ---p 00000000 00:00 0 
7f9c374fe000-7f9c375fc000 rw-p 00000000 00:00 0 
7f9c375fc000-7f9c375ff000 ---p 00000000 00:00 0 
7f9c375ff000-7f9c376fd000 rw-p 00000000 00:00 0 
7f9c376fd000-7f9c37700000 ---p 00000000 00:00 0 
7f9c37700000-7f9c377fe000 rw-p 00000000 00:00 0 
7f9c377fe000-7f9c37801000 ---p 00000000 00:00 0 
7f9c37801000-7f9c378ff000 rw-p 00000000 00:00 0 
7f9c378ff000-7f9c37902000 ---p 00000000 00:00 0 
7f9c37902000-7f9c37c00000 rw-p 00000000 00:00 0 
7f9c37c00000-7f9c37e00000 rw-p 00000000 00:00 0 
7f9c37e00000-7f9c38000000 rw-p 00000000 00:00 0 
7f9c38000000-7f9c39f75000 rw-p 00000000 00:00 0 
7f9c39f75000-7f9c3c000000 ---p 00000000 00:00 0 
7f9c3c0c0000-7f9c3c0c3000 ---p 00000000 00:00 0 
7f9c3c0c3000-7f9c3c1c1000 rw-p 00000000 00:00 0 
7f9c3c1c1000-7f9c3c1c6000 r--s 002f8000 08:03 3804621                    /usr/lib/jvm/java-8-oracle/jre/lib/charsets.jar
7f9c3c1c6000-7f9c3c1c9000 ---p 00000000 00:00 0 
7f9c3c1c9000-7f9c3c2c7000 rw-p 00000000 00:00 0 
7f9c3c2c7000-7f9c3c2ca000 ---p 00000000 00:00 0 
7f9c3c2ca000-7f9c3c5c8000 rw-p 00000000 00:00 0 
7f9c3c5c8000-7f9c3c5cb000 ---p 00000000 00:00 0 
7f9c3c5cb000-7f9c3c8c9000 rw-p 00000000 00:00 0 
7f9c3c8c9000-7f9c3cac9000 rw-p 00000000 00:00 0 
7f9c3cac9000-7f9c3cadc000 r--s 00344000 08:03 3804496                    /usr/lib/jvm/java-8-oracle/jre/lib/resources.jar
7f9c3cadc000-7f9c3ccdc000 rw-p 00000000 00:00 0 
7f9c3ccdc000-7f9c3cedc000 rw-p 00000000 00:00 0 
7f9c3cedc000-7f9c3cee4000 r-xp 00000000 08:03 4067409                    /usr/lib/jvm/java-8-oracle/jre/lib/amd64/libmanagement.so
7f9c3cee4000-7f9c3d0e4000 ---p 00008000 08:03 4067409                    /usr/lib/jvm/java-8-oracle/jre/lib/amd64/libmanagement.so
7f9c3d0e4000-7f9c3d0e5000 rw-p 00008000 08:03 4067409                    /usr/lib/jvm/java-8-oracle/jre/lib/amd64/libmanagement.so
7f9c3d0e5000-7f9c3d2e5000 rw-p 00000000 00:00 0 
7f9c3d2e5000-7f9c3d2e7000 r--s 00009000 08:03 1049999                    /root/.m2/repository/org/apache/tomcat/embed/tomcat-embed-logging-juli/8.0.15/tomcat-embed-logging-juli-8.0.15.jar
7f9c3d2e7000-7f9c3d2f6000 r--s 000b0000 08:03 1049978                    /root/.m2/repository/org/springframework/spring-webmvc/4.1.4.RELEASE/spring-webmvc-4.1.4.RELEASE.jar
7f9c3d2f6000-7f9c3d2fb000 r--s 00034000 08:03 1050002                    /root/.m2/repository/org/apache/tomcat/embed/tomcat-embed-websocket/8.0.15/tomcat-embed-websocket-8.0.15.jar
7f9c3d2fb000-7f9c3d2ff000 r--s 0000c000 08:03 1049967                    /root/.m2/repository/javax/validation/validation-api/1.1.0.Final/validation-api-1.1.0.Final.jar
7f9c3d2ff000-7f9c3d300000 r--s 00000000 08:03 1049959                    /root/.m2/repository/org/springframework/boot/spring-boot-starter-web/1.2.1.RELEASE/spring-boot-starter-web-1.2.1.RELEASE.jar
7f9c3d300000-7f9c3d306000 r--s 0003d000 08:03 1049953                    /root/.m2/repository/ch/qos/logback/logback-classic/1.1.2/logback-classic-1.1.2.jar
7f9c3d306000-7f9c3d307000 r--s 00000000 08:03 1049995                    /root/.m2/repository/org/springframework/boot/spring-boot-starter-tomcat/1.2.1.RELEASE/spring-boot-starter-tomcat-1.2.1.RELEASE.jar
7f9c3d307000-7f9c3d308000 r--s 00000000 08:03 1049942                    /root/.m2/repository/org/springframework/boot/spring-boot-starter-logging/1.2.1.RELEASE/spring-boot-starter-logging-1.2.1.RELEASE.jar
7f9c3d308000-7f9c3d309000 r--s 00000000 08:03 1049937                    /root/.m2/repository/org/springframework/boot/spring-boot-starter-websocket/1.2.1.RELEASE/spring-boot-starter-websocket-1.2.1.RELEASE.jar
7f9c3d309000-7f9c3d509000 rw-p 00000000 00:00 0 
7f9c3d509000-7f9c3d50c000 ---p 00000000 00:00 0 
7f9c3d50c000-7f9c3d60a000 rw-p 00000000 00:00 0 
7f9c3d60a000-7f9c3d60d000 ---p 00000000 00:00 0 
7f9c3d60d000-7f9c3d70b000 rw-p 00000000 00:00 0 
7f9c3d70b000-7f9c3d70e000 ---p 00000000 00:00 0 
7f9c3d70e000-7f9c3d944000 rw-p 00000000 00:00 0 
7f9c3d944000-7f9c3da0b000 r--s 00a25000 08:03 1050737                    /root/.m2/repository/org/scala-lang/scala-compiler/2.9.2/scala-compiler-2.9.2.jar
7f9c3da0b000-7f9c3da0e000 r--s 00008000 08:03 1050736                    /root/.m2/repository/com/typesafe/sbt/sbt-interface/0.12.1/sbt-interface-0.12.1.jar
7f9c3da0e000-7f9c3da33000 r--s 001be000 08:03 1050733                    /root/.m2/repository/com/typesafe/sbt/incremental-compiler/0.12.1/incremental-compiler-0.12.1.jar
7f9c3da33000-7f9c3da34000 r--s 00004000 08:03 1050731                    /root/.m2/repository/com/typesafe/sbt/compiler-interface/0.12.1/compiler-interface-0.12.1-sources.jar
7f9c3da34000-7f9c3dab2000 r--s 007f5000 08:03 1050732                    /root/.m2/repository/org/scala-lang/scala-library/2.9.2/scala-library-2.9.2.jar
7f9c3dab2000-7f9c3dab7000 r--s 00046000 08:03 1050727                    /root/.m2/repository/com/typesafe/zinc/zinc/0.2.0/zinc-0.2.0.jar
7f9c3dab7000-7f9c3dab9000 r--s 00006000 08:03 1050725                    /root/.m2/repository/org/apache/maven/shared/maven-invoker/2.0.11/maven-invoker-2.0.11.jar
7f9c3dab9000-7f9c3daba000 r--s 00002000 08:03 1050726                    /root/.m2/repository/org/apache/maven/doxia/doxia-logging-api/1.1.2/doxia-logging-api-1.1.2.jar
7f9c3daba000-7f9c3dabc000 r--s 00002000 08:03 1050724                    /root/.m2/repository/org/apache/maven/doxia/doxia-sink-api/1.1.2/doxia-sink-api-1.1.2.jar
7f9c3dabc000-7f9c3dabe000 r--s 00004000 08:03 1050719                    /root/.m2/repository/org/apache/maven/maven-archiver/2.5/maven-archiver-2.5.jar
7f9c3dabe000-7f9c3dac1000 r--s 0000c000 08:03 1050717                    /root/.m2/repository/org/codehaus/plexus/plexus-io/2.0.2/plexus-io-2.0.2.jar
7f9c3dac1000-7f9c3dac6000 r--s 00029000 08:03 1050716                    /root/.m2/repository/org/codehaus/plexus/plexus-archiver/2.1/plexus-archiver-2.1.jar
7f9c3dac6000-7f9c3daca000 r--s 00034000 08:03 1050712                    /root/.m2/repository/org/codehaus/plexus/plexus-utils/3.0/plexus-utils-3.0.jar
7f9c3daca000-7f9c3dacc000 r--s 0000b000 08:03 1050713                    /root/.m2/repository/org/apache/commons/commons-exec/1.1/commons-exec-1.1.jar
7f9c3dacc000-7f9c3dace000 r--s 00007000 08:03 1050711                    /root/.m2/repository/org/apache/maven/shared/maven-dependency-tree/1.2/maven-dependency-tree-1.2.jar
7f9c3dace000-7f9c3dad0000 r--s 00002000 08:03 1050707                    /root/.m2/repository/org/sonatype/plexus/plexus-cipher/1.4/plexus-cipher-1.4.jar
7f9c3dad0000-7f9c3dad1000 r--s 00006000 08:03 1050706                    /root/.m2/repository/org/sonatype/plexus/plexus-sec-dispatcher/1.3/plexus-sec-dispatcher-1.3.jar
7f9c3dad1000-7f9c3dad3000 r--s 00000000 08:03 1050705                    /root/.m2/repository/org/codehaus/plexus/plexus-component-annotations/1.5.5/plexus-component-annotations-1.5.5.jar
7f9c3dad3000-7f9c3dad5000 r--s 0000d000 08:03 1050701                    /root/.m2/repository/org/codehaus/plexus/plexus-interpolation/1.14/plexus-interpolation-1.14.jar
7f9c3dad5000-7f9c3daf4000 r--s 00152000 08:03 1050699                    /root/.m2/repository/org/sonatype/sisu/sisu-guava/0.9.9/sisu-guava-0.9.9.jar
7f9c3daf4000-7f9c3dafc000 r--s 00050000 08:03 1050697                    /root/.m2/repository/org/sonatype/sisu/sisu-guice/3.1.0/sisu-guice-3.1.0-no_aop.jar
7f9c3dafc000-7f9c3db03000 r--s 00040000 08:03 1050695                    /root/.m2/repository/org/sonatype/sisu/sisu-inject-bean/2.3.0/sisu-inject-bean-2.3.0.jar
7f9c3db03000-7f9c3db07000 r--s 0001c000 08:03 1050698                    /root/.m2/repository/org/sonatype/aether/aether-util/1.13.1/aether-util-1.13.1.jar
7f9c3db07000-7f9c3db08000 r--s 00002000 08:03 1050696                    /root/.m2/repository/org/apache/maven/reporting/maven-reporting-api/3.0/maven-reporting-api-3.0.jar
7f9c3db08000-7f9c3db0a000 r--s 00018000 08:03 1049479                    /root/.m2/repository/net/alchim31/maven/scala-maven-plugin/3.1.5/scala-maven-plugin-3.1.5.jar
7f9c3db0a000-7f9c3db0c000 r--s 0000d000 08:03 1050248                    /root/.m2/repository/org/codehaus/plexus/plexus-interpolation/1.13/plexus-interpolation-1.13.jar
7f9c3db0c000-7f9c3db0d000 r--s 00001000 08:03 1050244                    /root/.m2/repository/org/sonatype/plexus/plexus-build-api/0.0.4/plexus-build-api-0.0.4.jar
7f9c3db0d000-7f9c3db0f000 r--s 00009000 08:03 1050243                    /root/.m2/repository/org/apache/maven/shared/maven-filtering/1.0/maven-filtering-1.0.jar
7f9c3db0f000-7f9c3db13000 r--s 00033000 08:03 1050240                    /root/.m2/repository/org/codehaus/plexus/plexus-utils/2.0.5/plexus-utils-2.0.5.jar
7f9c3db13000-7f9c3db16000 r--s 0001b000 08:03 1050238                    /root/.m2/repository/junit/junit/3.8.1/junit-3.8.1.jar
7f9c3db16000-7f9c3db18000 r--s 00002000 08:03 1050239                    /root/.m2/repository/org/codehaus/plexus/plexus-interactivity-api/1.0-alpha-4/plexus-interactivity-api-1.0-alpha-4.jar
7f9c3db18000-7f9c3db1a000 r--s 00006000 08:03 1050236                    /root/.m2/repository/commons-cli/commons-cli/1.0/commons-cli-1.0.jar
7f9c3db1a000-7f9c3db1b000 r--s 00001000 08:03 1050237                    /root/.m2/repository/org/apache/maven/doxia/doxia-sink-api/1.0-alpha-7/doxia-sink-api-1.0-alpha-7.jar
7f9c3db1b000-7f9c3db1c000 r--s 00002000 08:03 1050234                    /root/.m2/repository/org/apache/maven/reporting/maven-reporting-api/2.0.6/maven-reporting-api-2.0.6.jar
7f9c3db1c000-7f9c3db1e000 r--s 00005000 08:03 1049498                    /root/.m2/repository/org/apache/maven/plugins/maven-resources-plugin/2.5/maven-resources-plugin-2.5.jar
7f9c3db1e000-7f9c3db22000 r--s 00034000 08:03 1049965                    /root/.m2/repository/com/fasterxml/jackson/core/jackson-core/2.4.4/jackson-core-2.4.4.jar
7f9c3db22000-7f9c3db23000 r--s 00005000 08:03 1049949                    /root/.m2/repository/org/slf4j/log4j-over-slf4j/1.7.8/log4j-over-slf4j-1.7.8.jar
7f9c3db23000-7f9c3db2c000 r--s 0004f000 08:03 1049988                    /root/.m2/repository/org/springframework/spring-aop/4.1.4.RELEASE/spring-aop-4.1.4.RELEASE.jar
7f9c3db2c000-7f9c3db36000 r--s 0005f000 08:03 1049954                    /root/.m2/repository/ch/qos/logback/logback-core/1.1.2/logback-core-1.1.2.jar
7f9c3db36000-7f9c3db45000 r--s 00064000 08:03 1049940                    /root/.m2/repository/org/springframework/boot/spring-boot-autoconfigure/1.2.1.RELEASE/spring-boot-autoconfigure-1.2.1.RELEASE.jar
7f9c3db45000-7f9c3db53000 r--s 0008d000 08:03 1049966                    /root/.m2/repository/org/hibernate/hibernate-validator/5.1.3.Final/hibernate-validator-5.1.3.Final.jar
7f9c3db53000-7f9c3db57000 r--s 00036000 08:03 1049996                    /root/.m2/repository/org/apache/tomcat/embed/tomcat-embed-el/8.0.15/tomcat-embed-el-8.0.15.jar
7f9c3db57000-7f9c3db5c000 r--s 0003b000 08:03 1049994                    /root/.m2/repository/org/springframework/spring-expression/4.1.4.RELEASE/spring-expression-4.1.4.RELEASE.jar
7f9c3db5c000-7f9c3db5d000 r--s 00007000 08:03 1049947                    /root/.m2/repository/org/slf4j/slf4j-api/1.7.8/slf4j-api-1.7.8.jar
7f9c3db5d000-7f9c3db67000 r--s 0005c000 08:03 1049941                    /root/.m2/repository/org/springframework/boot/spring-boot/1.2.1.RELEASE/spring-boot-1.2.1.RELEASE.jar
7f9c3db67000-7f9c3db78000 r--s 000f6000 08:03 1049960                    /root/.m2/repository/com/fasterxml/jackson/core/jackson-databind/2.4.4/jackson-databind-2.4.4.jar
7f9c3db78000-7f9c3db85000 r--s 000a0000 08:03 1049985                    /root/.m2/repository/org/springframework/spring-beans/4.1.4.RELEASE/spring-beans-4.1.4.RELEASE.jar
7f9c3db85000-7f9c3db87000 r--s 0000c000 08:03 1049969                    /root/.m2/repository/org/jboss/logging/jboss-logging/3.1.3.GA/jboss-logging-3.1.3.GA.jar
7f9c3db87000-7f9c3db89000 r--s 00000000 08:03 1049948                    /root/.m2/repository/org/slf4j/jul-to-slf4j/1.7.8/jul-to-slf4j-1.7.8.jar
7f9c3db89000-7f9c3db90000 r--s 0003f000 08:03 1049979                    /root/.m2/repository/org/springframework/spring-messaging/4.1.4.RELEASE/spring-messaging-4.1.4.RELEASE.jar
7f9c3db90000-7f9c3dba0000 r--s 0009f000 08:03 1049976                    /root/.m2/repository/org/springframework/spring-web/4.1.4.RELEASE/spring-web-4.1.4.RELEASE.jar
7f9c3dba0000-7f9c3dbc5000 r--s 0028d000 08:03 1049997                    /root/.m2/repository/org/apache/tomcat/embed/tomcat-embed-core/8.0.15/tomcat-embed-core-8.0.15.jar
7f9c3dbc5000-7f9c3dbcd000 r--s 00057000 08:03 1049980                    /root/.m2/repository/org/springframework/spring-websocket/4.1.4.RELEASE/spring-websocket-4.1.4.RELEASE.jar
7f9c3dbcd000-7f9c3dc3f000 r--s 00659000 08:03 1050004                    /root/.m2/repository/org/scala-lang/scala-library/2.10.2/scala-library-2.10.2.jar
7f9c3dc3f000-7f9c3dc46000 r--s 0003d000 08:03 1049955                    /root/.m2/repository/org/yaml/snakeyaml/1.14/snakeyaml-1.14.jar
7f9c3dc46000-7f9c3dc48000 r--s 00003000 08:03 1049943                    /root/.m2/repository/org/slf4j/jcl-over-slf4j/1.7.8/jcl-over-slf4j-1.7.8.jar
7f9c3dc48000-7f9c3dc4b000 r--s 00007000 08:03 1049964                    /root/.m2/repository/com/fasterxml/jackson/core/jackson-annotations/2.4.4/jackson-annotations-2.4.4.jar
7f9c3dc4b000-7f9c3dc63000 r--s 000e3000 08:03 1049987                    /root/.m2/repository/org/springframework/spring-context/4.1.4.RELEASE/spring-context-4.1.4.RELEASE.jar
7f9c3dc63000-7f9c3dc65000 r--s 0000d000 08:03 1049972                    /root/.m2/repository/com/fasterxml/classmate/1.0.0/classmate-1.0.0.jar
7f9c3dc65000-7f9c3dc66000 r--s 00000000 08:03 1049939                    /root/.m2/repository/org/springframework/boot/spring-boot-starter/1.2.1.RELEASE/spring-boot-starter-1.2.1.RELEASE.jar
7f9c3dc66000-7f9c3dc69000 r--s 00006000 08:03 1051363                    /root/.m2/repository/com/google/code/findbugs/jsr305/1.3.9/jsr305-1.3.9.jar
7f9c3dc69000-7f9c3dc8a000 r--s 00172000 08:03 1051364                    /root/.m2/repository/com/google/guava/guava/11.0.2/guava-11.0.2.jar
7f9c3dc8a000-7f9c3dc8b000 r--s 00008000 08:03 1051360                    /root/.m2/repository/asm/asm-util/3.2/asm-util-3.2.jar
7f9c3dc8b000-7f9c3dc8c000 r--s 00004000 08:03 1051357                    /root/.m2/repository/asm/asm-analysis/3.2/asm-analysis-3.2.jar
7f9c3dc8c000-7f9c3dc8f000 r--s 00013000 08:03 1051355                    /root/.m2/repository/commons-io/commons-io/1.3.2/commons-io-1.3.2.jar
7f9c3dc8f000-7f9c3dc90000 r--s 00002000 08:03 1051354                    /root/.m2/repository/org/vafer/jdependency/0.7/jdependency-0.7.jar
7f9c3dc90000-7f9c3dc93000 r--s 0000c000 08:03 1051350                    /root/.m2/repository/org/apache/maven/shared/maven-dependency-tree/2.1/maven-dependency-tree-2.1.jar
7f9c3dc93000-7f9c3dc96000 r--s 00023000 08:03 1051349                    /root/.m2/repository/org/jdom/jdom/1.1/jdom-1.1.jar
7f9c3dc96000-7f9c3dc98000 r--s 00004000 08:03 1051348                    /root/.m2/repository/asm/asm-tree/3.3.1/asm-tree-3.3.1.jar
7f9c3dc98000-7f9c3dc9a000 r--s 00008000 08:03 1051344                    /root/.m2/repository/asm/asm-commons/3.3.1/asm-commons-3.3.1.jar
7f9c3dc9a000-7f9c3dc9b000 r--s 0000a000 08:03 1051343                    /root/.m2/repository/asm/asm/3.3.1/asm-3.3.1.jar
7f9c3dc9b000-7f9c3dca6000 r--s 00069000 08:03 1051341                    /root/.m2/repository/org/sonatype/sisu/sisu-guice/2.1.7/sisu-guice-2.1.7-noaop.jar
7f9c3dca6000-7f9c3dcab000 r--s 00021000 08:03 1051340                    /root/.m2/repository/org/sonatype/sisu/sisu-inject-bean/1.4.2/sisu-inject-bean-1.4.2.jar
7f9c3dcab000-7f9c3dcad000 r--s 00017000 08:03 1051337                    /root/.m2/repository/org/apache/maven/plugins/maven-shade-plugin/2.2/maven-shade-plugin-2.2.jar
7f9c3dcad000-7f9c3dcb1000 r--s 0003a000 08:03 1051334                    /root/.m2/repository/org/codehaus/plexus/plexus-utils/3.0.17/plexus-utils-3.0.17.jar
7f9c3dcb1000-7f9c3dcb5000 r--s 00014000 08:03 1051333                    /root/.m2/repository/org/tukaani/xz/1.2/xz-1.2.jar
7f9c3dcb5000-7f9c3dcba000 r--s 0003a000 08:03 1051332                    /root/.m2/repository/org/apache/commons/commons-compress/1.5/commons-compress-1.5.jar
7f9c3dcba000-7f9c3dcbd000 r--s 0000c000 08:03 1051328                    /root/.m2/repository/org/codehaus/plexus/plexus-io/2.0.10/plexus-io-2.0.10.jar
7f9c3dcbd000-7f9c3dcc2000 r--s 00024000 08:03 1051327                    /root/.m2/repository/org/codehaus/plexus/plexus-archiver/2.4.4/plexus-archiver-2.4.4.jar
7f9c3dcc2000-7f9c3dcc4000 r--s 00009000 08:03 1051324                    /root/.m2/repository/org/hamcrest/hamcrest-core/1.3/hamcrest-core-1.3.jar
7f9c3dcc4000-7f9c3dccc000 r--s 00045000 08:03 1051323                    /root/.m2/repository/junit/junit/4.12/junit-4.12.jar
7f9c3dccc000-7f9c3dcda000 r--s 0008f000 08:03 1051320                    /root/.m2/repository/com/google/collections/google-collections/1.0/google-collections-1.0.jar
7f9c3dcda000-7f9c3dcdb000 r--s 0000a000 08:03 1051319                    /root/.m2/repository/commons-logging/commons-logging-api/1.1/commons-logging-api-1.1.jar
7f9c3dcdb000-7f9c3dce4000 r--s 0006f000 08:03 1051317                    /root/.m2/repository/log4j/log4j/1.2.17/log4j-1.2.17.jar
7f9c3dce4000-7f9c3dce8000 r--s 0001d000 08:03 1051314                    /root/.m2/repository/org/apache/xbean/xbean-reflect/3.4/xbean-reflect-3.4.jar
7f9c3dce8000-7f9c3dcea000 r--s 00006000 08:03 1051313                    /root/.m2/repository/org/apache/maven/shared/maven-common-artifact-filters/1.4/maven-common-artifact-filters-1.4.jar
7f9c3dcea000-7f9c3dcf0000 r--s 00042000 08:03 1051310                    /root/.m2/repository/org/eclipse/sisu/org.eclipse.sisu.inject/0.0.0.M5/org.eclipse.sisu.inject-0.0.0.M5.jar
7f9c3dcf0000-7f9c3dcf2000 r--s 00000000 08:03 1049989                    /root/.m2/repository/aopalliance/aopalliance/1.0/aopalliance-1.0.jar
7f9c3dcf2000-7f9c3dcf3000 r--s 00000000 08:03 1051309                    /root/.m2/repository/javax/inject/javax.inject/1/javax.inject-1.jar
7f9c3dcf3000-7f9c3dcf4000 r--s 00001000 08:03 1051306                    /root/.m2/repository/javax/annotation/jsr250-api/1.0/jsr250-api-1.0.jar
7f9c3dcf4000-7f9c3dcf7000 r--s 00008000 08:03 1051301                    /root/.m2/repository/javax/enterprise/cdi-api/1.0/cdi-api-1.0.jar
7f9c3dcf7000-7f9c3dcfb000 r--s 00020000 08:03 1051302                    /root/.m2/repository/org/eclipse/aether/aether-util/0.9.1.v20140329/aether-util-0.9.1.v20140329.jar
7f9c3dcfb000-7f9c3dcfd000 r--s 0000d000 08:03 1051300                    /root/.m2/repository/org/codehaus/plexus/plexus-interpolation/1.15/plexus-interpolation-1.15.jar
7f9c3dcfd000-7f9c3dcff000 r--s 0000e000 08:03 1051304                    /root/.m2/repository/commons-logging/commons-logging/1.2/commons-logging-1.2.jar
7f9c3dcff000-7f9c3dd13000 r--s 000e2000 08:03 1049981                    /root/.m2/repository/org/springframework/spring-core/4.1.4.RELEASE/spring-core-4.1.4.RELEASE.jar
7f9c3dd13000-7f9c3dd16000 r--s 0001d000 08:03 1051303                    /root/.m2/repository/org/springframework/boot/spring-boot-loader-tools/1.2.1.RELEASE/spring-boot-loader-tools-1.2.1.RELEASE.jar
7f9c3dd16000-7f9c3dd18000 r--s 00009000 08:03 1049595                    /root/.m2/repository/org/springframework/boot/spring-boot-maven-plugin/1.2.1.RELEASE/spring-boot-maven-plugin-1.2.1.RELEASE.jar
7f9c3dd18000-7f9c3dd19000 r--s 00003000 08:03 1050801                    /root/.m2/repository/org/codehaus/plexus/plexus-compiler-javac/1.5.3/plexus-compiler-javac-1.5.3.jar
7f9c3dd19000-7f9c3dd1b000 r--s 00000000 08:03 1050797                    /root/.m2/repository/org/codehaus/plexus/plexus-compiler-manager/1.5.3/plexus-compiler-manager-1.5.3.jar
7f9c3dd1b000-7f9c3dd1c000 r--s 00004000 08:03 1050796                    /root/.m2/repository/org/codehaus/plexus/plexus-compiler-api/1.5.3/plexus-compiler-api-1.5.3.jar
7f9c3dd1c000-7f9c3dd1e000 r--s 00026000 08:03 1050800                    /root/.m2/repository/org/codehaus/plexus/plexus-utils/1.0.4/plexus-utils-1.0.4.jar
7f9c3dd1e000-7f9c3dd1f000 r--s 00004000 08:03 1049462                    /root/.m2/repository/org/apache/maven/plugins/maven-compiler-plugin/2.0.2/maven-compiler-plugin-2.0.2.jar
7f9c3dd1f000-7f9c3df1f000 rw-p 00000000 00:00 0 
7f9c3df1f000-7f9c3df30000 r-xp 00000000 08:03 4067408                    /usr/lib/jvm/java-8-oracle/jre/lib/amd64/libnio.so
7f9c3df30000-7f9c3e12f000 ---p 00011000 08:03 4067408                    /usr/lib/jvm/java-8-oracle/jre/lib/amd64/libnio.so
7f9c3e12f000-7f9c3e130000 rw-p 00010000 08:03 4067408                    /usr/lib/jvm/java-8-oracle/jre/lib/amd64/libnio.so
7f9c3e130000-7f9c3e146000 r-xp 00000000 08:03 4067377                    /usr/lib/jvm/java-8-oracle/jre/lib/amd64/libnet.so
7f9c3e146000-7f9c3e346000 ---p 00016000 08:03 4067377                    /usr/lib/jvm/java-8-oracle/jre/lib/amd64/libnet.so
7f9c3e346000-7f9c3e347000 rw-p 00016000 08:03 4067377                    /usr/lib/jvm/java-8-oracle/jre/lib/amd64/libnet.so
7f9c3e347000-7f9c3e547000 rw-p 00000000 00:00 0 
7f9c3e547000-7f9c3e54b000 r--s 00094000 08:03 3804638                    /usr/lib/jvm/java-8-oracle/jre/lib/jsse.jar
7f9c3e54b000-7f9c3e74b000 rw-p 00000000 00:00 0 
7f9c3e74b000-7f9c3e767000 r--s 00393000 08:03 3804526                    /usr/lib/jvm/java-8-oracle/jre/lib/ext/cldrdata.jar
7f9c3e767000-7f9c3e772000 r--s 00116000 08:03 3804523                    /usr/lib/jvm/java-8-oracle/jre/lib/ext/localedata.jar
7f9c3e772000-7f9c3e774000 r--s 00005000 08:03 2503983                    /usr/share/maven3/lib/maven-repository-metadata-3.2.1.jar
7f9c3e774000-7f9c3e775000 r--s 00006000 08:03 2503948                    /usr/share/maven3/lib/plexus-sec-dispatcher-1.3.jar
7f9c3e775000-7f9c3e777000 r--s 0000a000 08:03 2503952                    /usr/share/maven3/lib/maven-plugin-api-3.2.1.jar
7f9c3e777000-7f9c3e779000 r--s 00009000 08:03 2503980                    /usr/share/maven3/lib/commons-cli-1.2.jar
7f9c3e779000-7f9c3e77f000 r--s 00042000 08:03 2503985                    /usr/share/maven3/lib/org.eclipse.sisu.inject-0.0.0.M5.jar
7f9c3e77f000-7f9c3e787000 r--s 00050000 08:03 2503963                    /usr/share/maven3/lib/sisu-guice-3.1.3-no_aop.jar
7f9c3e787000-7f9c3e78b000 r--s 00020000 08:03 2503961                    /usr/share/maven3/lib/aether-impl-0.9.0.M2.jar
7f9c3e78b000-7f9c3e78d000 r--s 00002000 08:03 2503972                    /usr/share/maven3/lib/plexus-cipher-1.7.jar
7f9c3e78d000-7f9c3e790000 r--s 00025000 08:03 2503960                    /usr/share/maven3/lib/maven-model-3.2.1.jar
7f9c3e790000-7f9c3e7af000 r--s 00134000 08:03 2503956                    /usr/share/maven3/lib/wagon-http-2.6-shaded.jar
7f9c3e7af000-7f9c3e7b1000 r--s 0000b000 08:03 2503995                    /usr/share/maven3/lib/wagon-provider-api-2.6.jar
7f9c3e7b1000-7f9c3e7b3000 r--s 00000000 08:03 2503957                    /usr/share/maven3/lib/plexus-component-annotations-1.5.5.jar
7f9c3e7b3000-7f9c3e7b8000 r--s 00024000 08:03 2503994                    /usr/share/maven3/lib/maven-model-builder-3.2.1.jar
7f9c3e7b8000-7f9c3e7b9000 r--s 00001000 08:03 2503965                    /usr/share/maven3/lib/jsr250-api-1.0.jar
7f9c3e7b9000-7f9c3e7bd000 r--s 00027000 08:03 2503947                    /usr/share/maven3/lib/commons-io-2.2.jar
7f9c3e7bd000-7f9c3e7be000 r--s 00002000 08:03 2503949                    /usr/share/maven3/lib/wagon-file-2.6.jar
7f9c3e7be000-7f9c3e7bf000 r--s 00002000 08:03 2503984                    /usr/share/maven3/lib/slf4j-simple-1.7.5.jar
7f9c3e7bf000-7f9c3e7c2000 r--s 00008000 08:03 2503958                    /usr/share/maven3/lib/cdi-api-1.0.jar
7f9c3e7c2000-7f9c3e7c3000 r--s 00002000 08:03 2503998                    /usr/share/maven3/lib/wagon-http-shared-2.6.jar
7f9c3e7c3000-7f9c3e7c7000 r--s 0003a000 08:03 2503993                    /usr/share/maven3/lib/plexus-utils-3.0.17.jar
7f9c3e7c7000-7f9c3e7cd000 r--s 0002a000 08:03 2503945                    /usr/share/maven3/lib/org.eclipse.sisu.plexus-0.0.0.M5.jar
7f9c3e7cd000-7f9c3e7d0000 r--s 0000d000 08:03 2503966                    /usr/share/maven3/lib/plexus-interpolation-1.19.jar
7f9c3e7d0000-7f9c3e7d4000 r--s 0001d000 08:03 2503978                    /usr/share/maven3/lib/aether-util-0.9.0.M2.jar
7f9c3e7d4000-7f9c3e7d6000 r--s 00000000 08:03 2503969                    /usr/share/maven3/lib/aopalliance-1.0.jar
7f9c3e7d6000-7f9c3e7db000 r--s 00041000 08:03 2503989                    /usr/share/maven3/lib/commons-lang-2.6.jar
7f9c3e7db000-7f9c3e7de000 r--s 0000a000 08:03 2504001                    /usr/share/maven3/boot/plexus-classworlds-2.5.1.jar
7f9c3e7de000-7f9c3e7e0000 r--s 0000d000 08:03 3804649                    /usr/lib/jvm/java-8-oracle/jre/lib/ext/RXTXcomm.jar
7f9c3e7e0000-7f9c3e7e1000 ---p 00000000 00:00 0 
7f9c3e7e1000-7f9c3e8e1000 rw-p 00000000 00:00 0 
7f9c3e8e1000-7f9c3e8e4000 ---p 00000000 00:00 0 
7f9c3e8e4000-7f9c3e9e2000 rw-p 00000000 00:00 0 
7f9c3e9e2000-7f9c3e9e5000 ---p 00000000 00:00 0 
7f9c3e9e5000-7f9c3eae3000 rw-p 00000000 00:00 0 
7f9c3eae3000-7f9c3eae6000 ---p 00000000 00:00 0 
7f9c3eae6000-7f9c3ebe4000 rw-p 00000000 00:00 0 
7f9c3ebe4000-7f9c3ebe7000 ---p 00000000 00:00 0 
7f9c3ebe7000-7f9c3ece5000 rw-p 00000000 00:00 0 
7f9c3ece5000-7f9c3ece8000 ---p 00000000 00:00 0 
7f9c3ece8000-7f9c3ede6000 rw-p 00000000 00:00 0 
7f9c3ede6000-7f9c3ede9000 ---p 00000000 00:00 0 
7f9c3ede9000-7f9c3eee7000 rw-p 00000000 00:00 0 
7f9c3eee7000-7f9c3f05e000 r--p 00000000 08:03 1722918                    /usr/lib/locale/locale-archive
7f9c3f05e000-7f9c3f061000 ---p 00000000 00:00 0 
7f9c3f061000-7f9c3f15f000 rw-p 00000000 00:00 0 
7f9c3f15f000-7f9c3f162000 ---p 00000000 00:00 0 
7f9c3f162000-7f9c3f260000 rw-p 00000000 00:00 0 
7f9c3f260000-7f9c3f261000 ---p 00000000 00:00 0 
7f9c3f261000-7f9c40f84000 rw-p 00000000 00:00 0 
7f9c40f84000-7f9c4115a000 r--s 03cae000 08:03 3804497                    /usr/lib/jvm/java-8-oracle/jre/lib/rt.jar
7f9c4115a000-7f9c45c88000 rw-p 00000000 00:00 0 
7f9c45c88000-7f9c45c89000 ---p 00000000 00:00 0 
7f9c45c89000-7f9c45d89000 rw-p 00000000 00:00 0 
7f9c45d89000-7f9c45d8a000 ---p 00000000 00:00 0 
7f9c45d8a000-7f9c45e8a000 rw-p 00000000 00:00 0 
7f9c45e8a000-7f9c45e8b000 ---p 00000000 00:00 0 
7f9c45e8b000-7f9c45f8b000 rw-p 00000000 00:00 0 
7f9c45f8b000-7f9c45f8c000 ---p 00000000 00:00 0 
7f9c45f8c000-7f9c4608c000 rw-p 00000000 00:00 0 
7f9c4608c000-7f9c4608d000 ---p 00000000 00:00 0 
7f9c4608d000-7f9c4618d000 rw-p 00000000 00:00 0 
7f9c4618d000-7f9c4618e000 ---p 00000000 00:00 0 
7f9c4618e000-7f9c4628e000 rw-p 00000000 00:00 0 
7f9c4628e000-7f9c4628f000 ---p 00000000 00:00 0 
7f9c4628f000-7f9c4638f000 rw-p 00000000 00:00 0 
7f9c4638f000-7f9c46390000 ---p 00000000 00:00 0 
7f9c46390000-7f9c464c5000 rw-p 00000000 00:00 0 
7f9c464c5000-7f9c46729000 ---p 00000000 00:00 0 
7f9c46729000-7f9c4675e000 rw-p 00000000 00:00 0 
7f9c4675e000-7f9c469c1000 ---p 00000000 00:00 0 
7f9c469c1000-7f9c46aac000 rw-p 00000000 00:00 0 
7f9c46aac000-7f9c46b0e000 ---p 00000000 00:00 0 
7f9c46b0e000-7f9c46b4f000 rw-p 00000000 00:00 0 
7f9c46b4f000-7f9c46ecf000 ---p 00000000 00:00 0 
7f9c46ecf000-7f9c47ebf000 rwxp 00000000 00:00 0 
7f9c47ebf000-7f9c55ecf000 ---p 00000000 00:00 0 
7f9c55ecf000-7f9c55ee9000 r-xp 00000000 08:03 4067380                    /usr/lib/jvm/java-8-oracle/jre/lib/amd64/libzip.so
7f9c55ee9000-7f9c560e9000 ---p 0001a000 08:03 4067380                    /usr/lib/jvm/java-8-oracle/jre/lib/amd64/libzip.so
7f9c560e9000-7f9c560ea000 rw-p 0001a000 08:03 4067380                    /usr/lib/jvm/java-8-oracle/jre/lib/amd64/libzip.so
7f9c560ea000-7f9c560f5000 r-xp 00000000 08:03 5767406                    /lib/x86_64-linux-gnu/libnss_files-2.13.so
7f9c560f5000-7f9c562f4000 ---p 0000b000 08:03 5767406                    /lib/x86_64-linux-gnu/libnss_files-2.13.so
7f9c562f4000-7f9c562f5000 r--p 0000a000 08:03 5767406                    /lib/x86_64-linux-gnu/libnss_files-2.13.so
7f9c562f5000-7f9c562f6000 rw-p 0000b000 08:03 5767406                    /lib/x86_64-linux-gnu/libnss_files-2.13.so
7f9c562f6000-7f9c56300000 r-xp 00000000 08:03 5767666                    /lib/x86_64-linux-gnu/libnss_nis-2.13.so
7f9c56300000-7f9c564ff000 ---p 0000a000 08:03 5767666                    /lib/x86_64-linux-gnu/libnss_nis-2.13.so
7f9c564ff000-7f9c56500000 r--p 00009000 08:03 5767666                    /lib/x86_64-linux-gnu/libnss_nis-2.13.so
7f9c56500000-7f9c56501000 rw-p 0000a000 08:03 5767666                    /lib/x86_64-linux-gnu/libnss_nis-2.13.so
7f9c56501000-7f9c56516000 r-xp 00000000 08:03 5767426                    /lib/x86_64-linux-gnu/libnsl-2.13.so
7f9c56516000-7f9c56715000 ---p 00015000 08:03 5767426                    /lib/x86_64-linux-gnu/libnsl-2.13.so
7f9c56715000-7f9c56716000 r--p 00014000 08:03 5767426                    /lib/x86_64-linux-gnu/libnsl-2.13.so
7f9c56716000-7f9c56717000 rw-p 00015000 08:03 5767426                    /lib/x86_64-linux-gnu/libnsl-2.13.so
7f9c56717000-7f9c56719000 rw-p 00000000 00:00 0 
7f9c56719000-7f9c56720000 r-xp 00000000 08:03 5767677                    /lib/x86_64-linux-gnu/libnss_compat-2.13.so
7f9c56720000-7f9c5691f000 ---p 00007000 08:03 5767677                    /lib/x86_64-linux-gnu/libnss_compat-2.13.so
7f9c5691f000-7f9c56920000 r--p 00006000 08:03 5767677                    /lib/x86_64-linux-gnu/libnss_compat-2.13.so
7f9c56920000-7f9c56921000 rw-p 00007000 08:03 5767677                    /lib/x86_64-linux-gnu/libnss_compat-2.13.so
7f9c56921000-7f9c5694b000 r-xp 00000000 08:03 4067392                    /usr/lib/jvm/java-8-oracle/jre/lib/amd64/libjava.so
7f9c5694b000-7f9c56b4b000 ---p 0002a000 08:03 4067392                    /usr/lib/jvm/java-8-oracle/jre/lib/amd64/libjava.so
7f9c56b4b000-7f9c56b4d000 rw-p 0002a000 08:03 4067392                    /usr/lib/jvm/java-8-oracle/jre/lib/amd64/libjava.so
7f9c56b4d000-7f9c56b5a000 r-xp 00000000 08:03 4067365                    /usr/lib/jvm/java-8-oracle/jre/lib/amd64/libverify.so
7f9c56b5a000-7f9c56d5a000 ---p 0000d000 08:03 4067365                    /usr/lib/jvm/java-8-oracle/jre/lib/amd64/libverify.so
7f9c56d5a000-7f9c56d5c000 rw-p 0000d000 08:03 4067365                    /usr/lib/jvm/java-8-oracle/jre/lib/amd64/libverify.so
7f9c56d5c000-7f9c56d63000 r-xp 00000000 08:03 5767631                    /lib/x86_64-linux-gnu/librt-2.13.so
7f9c56d63000-7f9c56f62000 ---p 00007000 08:03 5767631                    /lib/x86_64-linux-gnu/librt-2.13.so
7f9c56f62000-7f9c56f63000 r--p 00006000 08:03 5767631                    /lib/x86_64-linux-gnu/librt-2.13.so
7f9c56f63000-7f9c56f64000 rw-p 00007000 08:03 5767631                    /lib/x86_64-linux-gnu/librt-2.13.so
7f9c56f64000-7f9c56fe5000 r-xp 00000000 08:03 5767422                    /lib/x86_64-linux-gnu/libm-2.13.so
7f9c56fe5000-7f9c571e4000 ---p 00081000 08:03 5767422                    /lib/x86_64-linux-gnu/libm-2.13.so
7f9c571e4000-7f9c571e5000 r--p 00080000 08:03 5767422                    /lib/x86_64-linux-gnu/libm-2.13.so
7f9c571e5000-7f9c571e6000 rw-p 00081000 08:03 5767422                    /lib/x86_64-linux-gnu/libm-2.13.so
7f9c571e6000-7f9c57e54000 r-xp 00000000 08:03 4067394                    /usr/lib/jvm/java-8-oracle/jre/lib/amd64/server/libjvm.so
7f9c57e54000-7f9c58053000 ---p 00c6e000 08:03 4067394                    /usr/lib/jvm/java-8-oracle/jre/lib/amd64/server/libjvm.so
7f9c58053000-7f9c58129000 rw-p 00c6d000 08:03 4067394                    /usr/lib/jvm/java-8-oracle/jre/lib/amd64/server/libjvm.so
7f9c58129000-7f9c5816c000 rw-p 00000000 00:00 0 
7f9c5816c000-7f9c582ee000 r-xp 00000000 08:03 5767628                    /lib/x86_64-linux-gnu/libc-2.13.so
7f9c582ee000-7f9c584ee000 ---p 00182000 08:03 5767628                    /lib/x86_64-linux-gnu/libc-2.13.so
7f9c584ee000-7f9c584f2000 r--p 00182000 08:03 5767628                    /lib/x86_64-linux-gnu/libc-2.13.so
7f9c584f2000-7f9c584f3000 rw-p 00186000 08:03 5767628                    /lib/x86_64-linux-gnu/libc-2.13.so
7f9c584f3000-7f9c584f8000 rw-p 00000000 00:00 0 
7f9c584f8000-7f9c584fa000 r-xp 00000000 08:03 5767634                    /lib/x86_64-linux-gnu/libdl-2.13.so
7f9c584fa000-7f9c586fa000 ---p 00002000 08:03 5767634                    /lib/x86_64-linux-gnu/libdl-2.13.so
7f9c586fa000-7f9c586fb000 r--p 00002000 08:03 5767634                    /lib/x86_64-linux-gnu/libdl-2.13.so
7f9c586fb000-7f9c586fc000 rw-p 00003000 08:03 5767634                    /lib/x86_64-linux-gnu/libdl-2.13.so
7f9c586fc000-7f9c58711000 r-xp 00000000 08:03 3541631                    /usr/lib/jvm/java-8-oracle/lib/amd64/jli/libjli.so
7f9c58711000-7f9c58910000 ---p 00015000 08:03 3541631                    /usr/lib/jvm/java-8-oracle/lib/amd64/jli/libjli.so
7f9c58910000-7f9c58911000 rw-p 00014000 08:03 3541631                    /usr/lib/jvm/java-8-oracle/lib/amd64/jli/libjli.so
7f9c58911000-7f9c58928000 r-xp 00000000 08:03 5767685                    /lib/x86_64-linux-gnu/libpthread-2.13.so
7f9c58928000-7f9c58b27000 ---p 00017000 08:03 5767685                    /lib/x86_64-linux-gnu/libpthread-2.13.so
7f9c58b27000-7f9c58b28000 r--p 00016000 08:03 5767685                    /lib/x86_64-linux-gnu/libpthread-2.13.so
7f9c58b28000-7f9c58b29000 rw-p 00017000 08:03 5767685                    /lib/x86_64-linux-gnu/libpthread-2.13.so
7f9c58b29000-7f9c58b2d000 rw-p 00000000 00:00 0 
7f9c58b2d000-7f9c58b4d000 r-xp 00000000 08:03 5767641                    /lib/x86_64-linux-gnu/ld-2.13.so
7f9c58b4d000-7f9c58b4f000 r--s 00009000 08:03 2503964                    /usr/share/maven3/lib/maven-settings-builder-3.2.1.jar
7f9c58b4f000-7f9c58b50000 r--s 00000000 08:03 2503997                    /usr/share/maven3/lib/javax.inject-1.jar
7f9c58b50000-7f9c58b52000 r--s 00007000 08:03 2503962                    /usr/share/maven3/lib/aether-connector-wagon-0.9.0.M2.jar
7f9c58b52000-7f9c58b54000 r--s 0000d000 08:03 2503967                    /usr/share/maven3/lib/maven-embedder-3.2.1.jar
7f9c58b54000-7f9c58b56000 r--s 00003000 08:03 2503955                    /usr/share/maven3/lib/aether-spi-0.9.0.M2.jar
7f9c58b56000-7f9c58b5a000 r--s 0001d000 08:03 2503946                    /usr/share/maven3/lib/aether-api-0.9.0.M2.jar
7f9c58b5a000-7f9c58b61000 r--s 0003f000 08:03 2503973                    /usr/share/maven3/lib/maven-compat-3.2.1.jar
7f9c58b61000-7f9c58b8a000 r--s 001ee000 08:03 2503975                    /usr/share/maven3/lib/guava-14.0.1.jar
7f9c58b8a000-7f9c58b90000 r--s 00042000 08:03 2503950                    /usr/share/maven3/lib/jsoup-1.7.2.jar
7f9c58b90000-7f9c58c27000 rw-p 00000000 00:00 0 
7f9c58c27000-7f9c58c2a000 ---p 00000000 00:00 0 
7f9c58c2a000-7f9c58d2c000 rw-p 00000000 00:00 0 
7f9c58d2c000-7f9c58d2e000 r--s 00005000 08:03 2503986                    /usr/share/maven3/lib/slf4j-api-1.7.5.jar
7f9c58d2e000-7f9c58d2f000 r--s 0000e000 08:03 2503954                    /usr/share/maven3/lib/maven-aether-provider-3.2.1.jar
7f9c58d2f000-7f9c58d32000 r--s 0000b000 08:03 2503992                    /usr/share/maven3/lib/maven-artifact-3.2.1.jar
7f9c58d32000-7f9c58d3e000 r--s 00081000 08:03 2503987                    /usr/share/maven3/lib/maven-core-3.2.1.jar
7f9c58d3e000-7f9c58d40000 r--s 00009000 08:03 2503970                    /usr/share/maven3/lib/maven-settings-3.2.1.jar
7f9c58d40000-7f9c58d48000 rw-s 00000000 08:03 4850246                    /tmp/hsperfdata_root/29061
7f9c58d48000-7f9c58d49000 rw-p 00000000 00:00 0 
7f9c58d49000-7f9c58d4a000 r--p 00000000 00:00 0 
7f9c58d4a000-7f9c58d4c000 rw-p 00000000 00:00 0 
7f9c58d4c000-7f9c58d4d000 r--p 0001f000 08:03 5767641                    /lib/x86_64-linux-gnu/ld-2.13.so
7f9c58d4d000-7f9c58d4e000 rw-p 00020000 08:03 5767641                    /lib/x86_64-linux-gnu/ld-2.13.so
7f9c58d4e000-7f9c58d4f000 rw-p 00000000 00:00 0 
7fff27671000-7fff27692000 rw-p 00000000 00:00 0                          [stack]
7fff276ea000-7fff276eb000 r-xp 00000000 00:00 0                          [vdso]
ffffffffff600000-ffffffffff601000 r-xp 00000000 00:00 0                  [vsyscall]

VM Arguments:
jvm_args: -Dclassworlds.conf=/usr/share/maven3/bin/m2.conf -Dmaven.home=/usr/share/maven3 
java_command: org.codehaus.plexus.classworlds.launcher.Launcher spring-boot:run
java_class_path (initial): /usr/share/maven3/boot/plexus-classworlds-2.5.1.jar
Launcher Type: SUN_STANDARD

Environment Variables:
JAVA_HOME=/usr/lib/jvm/java-8-oracle/bin/java
PATH=/usr/local/sbin:/usr/local/bin:/usr/sbin:/usr/bin:/sbin:/bin
USERNAME=root
SHELL=/bin/bash
DISPLAY=:0

Signal Handlers:
SIGSEGV: [libjvm.so+0xa7a650], sa_mask[0]=11111111011111111101111111111110, sa_flags=SA_RESTART|SA_SIGINFO
SIGBUS: [libjvm.so+0xa7a650], sa_mask[0]=11111111011111111101111111111110, sa_flags=SA_RESTART|SA_SIGINFO
SIGFPE: [libjvm.so+0x8e28f0], sa_mask[0]=11111111011111111101111111111110, sa_flags=SA_RESTART|SA_SIGINFO
SIGPIPE: [libjvm.so+0x8e28f0], sa_mask[0]=11111111011111111101111111111110, sa_flags=SA_RESTART|SA_SIGINFO
SIGXFSZ: [libjvm.so+0x8e28f0], sa_mask[0]=11111111011111111101111111111110, sa_flags=SA_RESTART|SA_SIGINFO
SIGILL: [libjvm.so+0x8e28f0], sa_mask[0]=11111111011111111101111111111110, sa_flags=SA_RESTART|SA_SIGINFO
SIGUSR1: SIG_DFL, sa_mask[0]=00000000000000000000000000000000, sa_flags=none
SIGUSR2: [libjvm.so+0x8e4120], sa_mask[0]=00000000000000000000000000000000, sa_flags=SA_RESTART|SA_SIGINFO
SIGHUP: [libjvm.so+0x8e54e0], sa_mask[0]=11111111011111111101111111111110, sa_flags=SA_RESTART|SA_SIGINFO
SIGINT: [libjvm.so+0x8e54e0], sa_mask[0]=11111111011111111101111111111110, sa_flags=SA_RESTART|SA_SIGINFO
SIGTERM: [libjvm.so+0x8e54e0], sa_mask[0]=11111111011111111101111111111110, sa_flags=SA_RESTART|SA_SIGINFO
SIGQUIT: [libjvm.so+0x8e54e0], sa_mask[0]=11111111011111111101111111111110, sa_flags=SA_RESTART|SA_SIGINFO


---------------  S Y S T E M  ---------------

OS:PRETTY_NAME="Debian GNU/Linux 7 (wheezy)"
NAME="Debian GNU/Linux"
VERSION_ID="7"
VERSION="7 (wheezy)"
ID=debian
ANSI_COLOR="1;31"
HOME_URL="http://www.debian.org/"
SUPPORT_URL="http://www.debian.org/support/"
BUG_REPORT_URL="http://bugs.debian.org/"

uname:Linux 3.2.0-4-amd64 #1 SMP Debian 3.2.65-1+deb7u1 x86_64
libc:glibc 2.13 NPTL 2.13 
rlimit: STACK 8192k, CORE 0k, NPROC 63691, NOFILE 4096, AS infinity
load average:0.38 0.99 0.92

/proc/meminfo:
MemTotal:        8164604 kB
MemFree:          991572 kB
Buffers:          215908 kB
Cached:          2187720 kB
SwapCached:         4276 kB
Active:          4359472 kB
Inactive:        1980220 kB
Active(anon):    3249812 kB
Inactive(anon):   763180 kB
Active(file):    1109660 kB
Inactive(file):  1217040 kB
Unevictable:           0 kB
Mlocked:               0 kB
SwapTotal:      15623176 kB
SwapFree:       15598880 kB
Dirty:               416 kB
Writeback:             0 kB
AnonPages:       3932624 kB
Mapped:           280124 kB
Shmem:             76920 kB
Slab:             676796 kB
SReclaimable:     623484 kB
SUnreclaim:        53312 kB
KernelStack:        6648 kB
PageTables:        63520 kB
NFS_Unstable:          0 kB
Bounce:                0 kB
WritebackTmp:          0 kB
CommitLimit:    19705476 kB
Committed_AS:    9542996 kB
VmallocTotal:   34359738367 kB
VmallocUsed:      131032 kB
VmallocChunk:   34359604220 kB
HardwareCorrupted:     0 kB
AnonHugePages:         0 kB
HugePages_Total:       0
HugePages_Free:        0
HugePages_Rsvd:        0
HugePages_Surp:        0
Hugepagesize:       2048 kB
DirectMap4k:      182272 kB
DirectMap2M:     8181760 kB


CPU:total 8 (4 cores per cpu, 2 threads per core) family 6 model 42 stepping 7, cmov, cx8, fxsr, mmx, sse, sse2, sse3, ssse3, sse4.1, sse4.2, popcnt, avx, aes, clmul, ht, tsc, tscinvbit

/proc/cpuinfo:
processor	: 0
vendor_id	: GenuineIntel
cpu family	: 6
model		: 42
model name	: Intel(R) Core(TM) i7-2600 CPU @ 3.40GHz
stepping	: 7
microcode	: 0x25
cpu MHz		: 1600.000
cache size	: 8192 KB
physical id	: 0
siblings	: 8
core id		: 0
cpu cores	: 4
apicid		: 0
initial apicid	: 0
fpu		: yes
fpu_exception	: yes
cpuid level	: 13
wp		: yes
flags		: fpu vme de pse tsc msr pae mce cx8 apic sep mtrr pge mca cmov pat pse36 clflush dts acpi mmx fxsr sse sse2 ss ht tm pbe syscall nx rdtscp lm constant_tsc arch_perfmon pebs bts rep_good nopl xtopology nonstop_tsc aperfmperf pni pclmulqdq dtes64 monitor ds_cpl vmx smx est tm2 ssse3 cx16 xtpr pdcm pcid sse4_1 sse4_2 x2apic popcnt tsc_deadline_timer aes xsave avx lahf_lm ida arat epb xsaveopt pln pts dtherm tpr_shadow vnmi flexpriority ept vpid
bogomips	: 6822.55
clflush size	: 64
cache_alignment	: 64
address sizes	: 36 bits physical, 48 bits virtual
power management:

processor	: 1
vendor_id	: GenuineIntel
cpu family	: 6
model		: 42
model name	: Intel(R) Core(TM) i7-2600 CPU @ 3.40GHz
stepping	: 7
microcode	: 0x25
cpu MHz		: 1600.000
cache size	: 8192 KB
physical id	: 0
siblings	: 8
core id		: 1
cpu cores	: 4
apicid		: 2
initial apicid	: 2
fpu		: yes
fpu_exception	: yes
cpuid level	: 13
wp		: yes
flags		: fpu vme de pse tsc msr pae mce cx8 apic sep mtrr pge mca cmov pat pse36 clflush dts acpi mmx fxsr sse sse2 ss ht tm pbe syscall nx rdtscp lm constant_tsc arch_perfmon pebs bts rep_good nopl xtopology nonstop_tsc aperfmperf pni pclmulqdq dtes64 monitor ds_cpl vmx smx est tm2 ssse3 cx16 xtpr pdcm pcid sse4_1 sse4_2 x2apic popcnt tsc_deadline_timer aes xsave avx lahf_lm ida arat epb xsaveopt pln pts dtherm tpr_shadow vnmi flexpriority ept vpid
bogomips	: 6822.07
clflush size	: 64
cache_alignment	: 64
address sizes	: 36 bits physical, 48 bits virtual
power management:

processor	: 2
vendor_id	: GenuineIntel
cpu family	: 6
model		: 42
model name	: Intel(R) Core(TM) i7-2600 CPU @ 3.40GHz
stepping	: 7
microcode	: 0x25
cpu MHz		: 1600.000
cache size	: 8192 KB
physical id	: 0
siblings	: 8
core id		: 2
cpu cores	: 4
apicid		: 4
initial apicid	: 4
fpu		: yes
fpu_exception	: yes
cpuid level	: 13
wp		: yes
flags		: fpu vme de pse tsc msr pae mce cx8 apic sep mtrr pge mca cmov pat pse36 clflush dts acpi mmx fxsr sse sse2 ss ht tm pbe syscall nx rdtscp lm constant_tsc arch_perfmon pebs bts rep_good nopl xtopology nonstop_tsc aperfmperf pni pclmulqdq dtes64 monitor ds_cpl vmx smx est tm2 ssse3 cx16 xtpr pdcm pcid sse4_1 sse4_2 x2apic popcnt tsc_deadline_timer aes xsave avx lahf_lm ida arat epb xsaveopt pln pts dtherm tpr_shadow vnmi flexpriority ept vpid
bogomips	: 6822.08
clflush size	: 64
cache_alignment	: 64
address sizes	: 36 bits physical, 48 bits virtual
power management:

processor	: 3
vendor_id	: GenuineIntel
cpu family	: 6
model		: 42
model name	: Intel(R) Core(TM) i7-2600 CPU @ 3.40GHz
stepping	: 7
microcode	: 0x25
cpu MHz		: 1600.000
cache size	: 8192 KB
physical id	: 0
siblings	: 8
core id		: 3
cpu cores	: 4
apicid		: 6
initial apicid	: 6
fpu		: yes
fpu_exception	: yes
cpuid level	: 13
wp		: yes
flags		: fpu vme de pse tsc msr pae mce cx8 apic sep mtrr pge mca cmov pat pse36 clflush dts acpi mmx fxsr sse sse2 ss ht tm pbe syscall nx rdtscp lm constant_tsc arch_perfmon pebs bts rep_good nopl xtopology nonstop_tsc aperfmperf pni pclmulqdq dtes64 monitor ds_cpl vmx smx est tm2 ssse3 cx16 xtpr pdcm pcid sse4_1 sse4_2 x2apic popcnt tsc_deadline_timer aes xsave avx lahf_lm ida arat epb xsaveopt pln pts dtherm tpr_shadow vnmi flexpriority ept vpid
bogomips	: 6822.07
clflush size	: 64
cache_alignment	: 64
address sizes	: 36 bits physical, 48 bits virtual
power management:

processor	: 4
vendor_id	: GenuineIntel
cpu family	: 6
model		: 42
model name	: Intel(R) Core(TM) i7-2600 CPU @ 3.40GHz
stepping	: 7
microcode	: 0x25
cpu MHz		: 1600.000
cache size	: 8192 KB
physical id	: 0
siblings	: 8
core id		: 0
cpu cores	: 4
apicid		: 1
initial apicid	: 1
fpu		: yes
fpu_exception	: yes
cpuid level	: 13
wp		: yes
flags		: fpu vme de pse tsc msr pae mce cx8 apic sep mtrr pge mca cmov pat pse36 clflush dts acpi mmx fxsr sse sse2 ss ht tm pbe syscall nx rdtscp lm constant_tsc arch_perfmon pebs bts rep_good nopl xtopology nonstop_tsc aperfmperf pni pclmulqdq dtes64 monitor ds_cpl vmx smx est tm2 ssse3 cx16 xtpr pdcm pcid sse4_1 sse4_2 x2apic popcnt tsc_deadline_timer aes xsave avx lahf_lm ida arat epb xsaveopt pln pts dtherm tpr_shadow vnmi flexpriority ept vpid
bogomips	: 6822.07
clflush size	: 64
cache_alignment	: 64
address sizes	: 36 bits physical, 48 bits virtual
power management:

processor	: 5
vendor_id	: GenuineIntel
cpu family	: 6
model		: 42
model name	: Intel(R) Core(TM) i7-2600 CPU @ 3.40GHz
stepping	: 7
microcode	: 0x25
cpu MHz		: 1600.000
cache size	: 8192 KB
physical id	: 0
siblings	: 8
core id		: 1
cpu cores	: 4
apicid		: 3
initial apicid	: 3
fpu		: yes
fpu_exception	: yes
cpuid level	: 13
wp		: yes
flags		: fpu vme de pse tsc msr pae mce cx8 apic sep mtrr pge mca cmov pat pse36 clflush dts acpi mmx fxsr sse sse2 ss ht tm pbe syscall nx rdtscp lm constant_tsc arch_perfmon pebs bts rep_good nopl xtopology nonstop_tsc aperfmperf pni pclmulqdq dtes64 monitor ds_cpl vmx smx est tm2 ssse3 cx16 xtpr pdcm pcid sse4_1 sse4_2 x2apic popcnt tsc_deadline_timer aes xsave avx lahf_lm ida arat epb xsaveopt pln pts dtherm tpr_shadow vnmi flexpriority ept vpid
bogomips	: 6822.07
clflush size	: 64
cache_alignment	: 64
address sizes	: 36 bits physical, 48 bits virtual
power management:

processor	: 6
vendor_id	: GenuineIntel
cpu family	: 6
model		: 42
model name	: Intel(R) Core(TM) i7-2600 CPU @ 3.40GHz
stepping	: 7
microcode	: 0x25
cpu MHz		: 1600.000
cache size	: 8192 KB
physical id	: 0
siblings	: 8
core id		: 2
cpu cores	: 4
apicid		: 5
initial apicid	: 5
fpu		: yes
fpu_exception	: yes
cpuid level	: 13
wp		: yes
flags		: fpu vme de pse tsc msr pae mce cx8 apic sep mtrr pge mca cmov pat pse36 clflush dts acpi mmx fxsr sse sse2 ss ht tm pbe syscall nx rdtscp lm constant_tsc arch_perfmon pebs bts rep_good nopl xtopology nonstop_tsc aperfmperf pni pclmulqdq dtes64 monitor ds_cpl vmx smx est tm2 ssse3 cx16 xtpr pdcm pcid sse4_1 sse4_2 x2apic popcnt tsc_deadline_timer aes xsave avx lahf_lm ida arat epb xsaveopt pln pts dtherm tpr_shadow vnmi flexpriority ept vpid
bogomips	: 6822.08
clflush size	: 64
cache_alignment	: 64
address sizes	: 36 bits physical, 48 bits virtual
power management:

processor	: 7
vendor_id	: GenuineIntel
cpu family	: 6
model		: 42
model name	: Intel(R) Core(TM) i7-2600 CPU @ 3.40GHz
stepping	: 7
microcode	: 0x25
cpu MHz		: 1600.000
cache size	: 8192 KB
physical id	: 0
siblings	: 8
core id		: 3
cpu cores	: 4
apicid		: 7
initial apicid	: 7
fpu		: yes
fpu_exception	: yes
cpuid level	: 13
wp		: yes
flags		: fpu vme de pse tsc msr pae mce cx8 apic sep mtrr pge mca cmov pat pse36 clflush dts acpi mmx fxsr sse sse2 ss ht tm pbe syscall nx rdtscp lm constant_tsc arch_perfmon pebs bts rep_good nopl xtopology nonstop_tsc aperfmperf pni pclmulqdq dtes64 monitor ds_cpl vmx smx est tm2 ssse3 cx16 xtpr pdcm pcid sse4_1 sse4_2 x2apic popcnt tsc_deadline_timer aes xsave avx lahf_lm ida arat epb xsaveopt pln pts dtherm tpr_shadow vnmi flexpriority ept vpid
bogomips	: 6822.07
clflush size	: 64
cache_alignment	: 64
address sizes	: 36 bits physical, 48 bits virtual
power management:



Memory: 4k page, physical 8164604k(991572k free), swap 15623176k(15598880k free)

vm_info: Java HotSpot(TM) 64-Bit Server VM (25.31-b07) for linux-amd64 JRE (1.8.0_31-b13), built on Dec 17 2014 20:40:15 by "java_re" with gcc 4.3.0 20080428 (Red Hat 4.3.0-8)

time: Mon Feb 16 02:19:02 2015
elapsed time: 48 seconds (0d 0h 0m 48s)

