#
# A fatal error has been detected by the Java Runtime Environment:
#
#  SIGSEGV (0xb) at pc=0x00007fdae4754d9d, pid=27891, tid=140578112460544
#
# JRE version: Java(TM) SE Runtime Environment (8.0_31-b13) (build 1.8.0_31-b13)
# Java VM: Java HotSpot(TM) 64-Bit Server VM (25.31-b07 mixed mode linux-amd64 compressed oops)
# Problematic frame:
# C  [librxtxSerial.so+0x6d9d]  read_byte_array+0x3d
#
# Failed to write core dump. Core dumps have been disabled. To enable core dumping, try "ulimit -c unlimited" before starting Java again
#
# If you would like to submit a bug report, please visit:
#   http://bugreport.java.com/bugreport/crash.jsp
# The crash happened outside the Java Virtual Machine in native code.
# See problematic frame for where to report the bug.
#

---------------  T H R E A D  ---------------

Current thread (0x00007fdae0473000):  JavaThread "Thread-5" [_thread_in_native, id=27970, stack(0x00007fdae464d000,0x00007fdae474e000)]

siginfo: si_signo: 11 (SIGSEGV), si_code: 1 (SEGV_MAPERR), si_addr: 0xffffffffe474c6d8

Registers:
RAX=0xffffffffe474c6d0, RBX=0x0000000001472430, RCX=0x0000000000000001, RDX=0x00007fdb0a9ae200
RSP=0x00007fdae474b9f0, RBP=0x00007fdae04731e8, RSI=0x00007fdae4757b25, RDI=0x00007fdae4757a9f
R8 =0x0000000000000009, R9 =0x00000000dc904e00, R10=0x00000000000000dc, R11=0x00007fdb0a9b27c8
R12=0xffffffffffffffff, R13=0x0000000000000002, R14=0x00000000000000b8, R15=0x00000000ffffffff
RIP=0x00007fdae4754d9d, EFLAGS=0x0000000000010206, CSGSFS=0x0000000000000033, ERR=0x0000000000000005
  TRAPNO=0x000000000000000e

Top of Stack: (sp=0x00007fdae474b9f0)
0x00007fdae474b9f0:   0000000000000001 0000000000000000
0x00007fdae474ba00:   0000000200000700 0000000001472430
0x00007fdae474ba10:   000000b8e474ed18 00007fdae07bc7f0
0x00007fdae474ba20:   0000000000000000 00000000ffffffff
0x00007fdae474ba30:   00007fdae474ba90 ffffffffe474c6d0
0x00007fdae474ba40:   000000000020c5d0 0000000000000000
0x00007fdae474ba50:   00000000000000b8 0000000000000000
0x00007fdae474ba60:   00007fdae474e000 00007fdb0b3ab9f2
0x00007fdae474ba70:   0000000000000005 0000000000000000
0x00007fdae474ba80:   0000000000000000 00007fdae474ed18
0x00007fdae474ba90:   00007fdae474bac0 0000000001472430
0x00007fdae474baa0:   00007fdae04731e8 ffffffffffffffff
0x00007fdae474bab0:   0000000000000002 00007fdb0b3b1a55
0x00007fdae474bac0:   0000000001472430 0000000001472430
0x00007fdae474bad0:   00000000000000b8 0000000001472430
0x00007fdae474bae0:   00007fdae04731e8 ffffffffffffffff
0x00007fdae474baf0:   0000000000000002 00000000000000b8
0x00007fdae474bb00:   0000000000000000 00007fdae4755272
0x00007fdae474bb10:   00007fdae0473000 00007fdae474bbf8
0x00007fdae474bb20:   00007fdae474bc00 00007fdae496eb68
0x00007fdae474bb30:   00007fdae474bbc8 0000000000000000
0x00007fdae474bb40:   00007fdae496eb60 00007fdae474bc00
0x00007fdae474bb50:   00007fdae0473000 00007fdaf97556d4
0x00007fdae474bb60:   00007fdae496eb68 0000000000000000
0x00007fdae474bb70:   00007fdae474bbc8 00007fdaf9755467
0x00007fdae474bb80:   00007fdaf9755422 00007fdae474bb88
0x00007fdae474bb90:   00007fdae496eb60 00007fdae474bc00
0x00007fdae474bba0:   00007fdae49783b8 0000000000000000
0x00007fdae474bbb0:   00007fdae496eb68 0000000000000000
0x00007fdae474bbc0:   00007fdae474bbe8 00007fdae474bc68
0x00007fdae474bbd0:   00007fdaf97473d0 0000000000000000
0x00007fdae474bbe0:   00007fdaf974f2b6 0000000000000002 

Instructions: (pc=0x00007fdae4754d9d)
0x00007fdae4754d7d:   4c 24 18 48 8d 15 17 2d 00 00 48 8d 0d 0e 2d 00
0x00007fdae4754d8d:   00 44 89 44 24 14 e8 88 c7 ff ff 48 89 44 24 48
0x00007fdae4754d9d:   8b 40 08 45 85 ff 48 8b 54 24 48 89 44 24 40 c7
0x00007fdae4754dad:   42 08 00 00 00 00 0f 88 bd 01 00 00 31 c0 e8 70 

Register to memory mapping:

RAX=0xffffffffe474c6d0 is an unknown value
RBX=0x0000000001472430 is an unknown value
RCX=0x0000000000000001 is an unknown value
RDX=0x00007fdb0a9ae200: <offset 0xf57200> in /usr/lib/jvm/java-8-oracle/jre/lib/amd64/server/libjvm.so at 0x00007fdb09a57000
RSP=0x00007fdae474b9f0 is pointing into the stack for thread: 0x00007fdae0473000
RBP=0x00007fdae04731e8 is an unknown value
RSI=0x00007fdae4757b25: <offset 0x9b25> in /usr/lib/jvm/java-8-oracle/jre/lib/amd64/librxtxSerial.so at 0x00007fdae474e000
RDI=0x00007fdae4757a9f: <offset 0x9a9f> in /usr/lib/jvm/java-8-oracle/jre/lib/amd64/librxtxSerial.so at 0x00007fdae474e000
R8 =0x0000000000000009 is an unknown value
R9 =0x00000000dc904e00 is an oop
gnu.io.RXTXPort 
 - klass: 'gnu/io/RXTXPort'
R10=0x00000000000000dc is an unknown value
R11=0x00007fdb0a9b27c8: <offset 0xf5b7c8> in /usr/lib/jvm/java-8-oracle/jre/lib/amd64/server/libjvm.so at 0x00007fdb09a57000
R12=0xffffffffffffffff is an unknown value
R13=0x0000000000000002 is an unknown value
R14=0x00000000000000b8 is an unknown value
R15=0x00000000ffffffff is an unallocated location in the heap


Stack: [0x00007fdae464d000,0x00007fdae474e000],  sp=0x00007fdae474b9f0,  free space=1018k
Native frames: (J=compiled Java code, j=interpreted, Vv=VM code, C=native code)
C  [librxtxSerial.so+0x6d9d]  read_byte_array+0x3d

Java frames: (J=compiled Java code, j=interpreted, Vv=VM code)
j  gnu.io.RXTXPort.readArray([BII)I+0
j  gnu.io.RXTXPort$SerialInputStream.read([BII)I+212
J 2066 C1 sun.nio.cs.StreamDecoder.readBytes()I (289 bytes) @ 0x00007fdaf9d8673c [0x00007fdaf9d86600+0x13c]
j  sun.nio.cs.StreamDecoder.implRead([CII)I+112
J 2577 C2 sun.nio.cs.StreamDecoder.read([CII)I (196 bytes) @ 0x00007fdaf9f56eb0 [0x00007fdaf9f566e0+0x7d0]
J 1655 C2 java.io.InputStreamReader.read([CII)I (11 bytes) @ 0x00007fdaf9ceb560 [0x00007fdaf9ceb520+0x40]
J 2051 C1 java.io.BufferedReader.fill()V (170 bytes) @ 0x00007fdaf9d7c294 [0x00007fdaf9d7bfe0+0x2b4]
j  java.io.BufferedReader.readLine(Z)Ljava/lang/String;+44
j  java.io.BufferedReader.readLine()Ljava/lang/String;+2
j  arduino.controller.WebSocketControllerImpl$$anon$1.serialEvent(Lgnu/io/SerialPortEvent;)V+36
j  gnu.io.RXTXPort.sendEvent(IZ)Z+382
v  ~StubRoutines::call_stub
j  gnu.io.RXTXPort.eventLoop()V+0
j  gnu.io.RXTXPort$MonitorThread.run()V+12
v  ~StubRoutines::call_stub

---------------  P R O C E S S  ---------------

Java Threads: ( => current thread )
  0x0000000002257800 JavaThread "MessageBrokerSockJS-7" [_thread_blocked, id=27973, stack(0x00007fdae434a000,0x00007fdae444b000)]
  0x0000000002256800 JavaThread "MessageBrokerSockJS-6" [_thread_blocked, id=27972, stack(0x00007fdae444b000,0x00007fdae454c000)]
  0x00007fdae0d01800 JavaThread "clientOutboundChannel-2" [_thread_blocked, id=27971, stack(0x00007fdae454c000,0x00007fdae464d000)]
=>0x00007fdae0473000 JavaThread "Thread-5" [_thread_in_native, id=27970, stack(0x00007fdae464d000,0x00007fdae474e000)]
  0x00000000012da000 JavaThread "clientInboundChannel-9" [_thread_blocked, id=27969, stack(0x00007fdae4b5b000,0x00007fdae4c5c000)]
  0x00000000012d8000 JavaThread "clientInboundChannel-8" [_thread_blocked, id=27968, stack(0x00007fdae4c5c000,0x00007fdae4d5d000)]
  0x0000000001c9f000 JavaThread "clientInboundChannel-7" [_thread_blocked, id=27967, stack(0x00007fdae4d5d000,0x00007fdae4e5e000)]
  0x0000000001c9b000 JavaThread "http-nio-8080-exec-6" daemon [_thread_blocked, id=27966, stack(0x00007fdae4e5e000,0x00007fdae4f5f000)]
  0x0000000001c99000 JavaThread "clientInboundChannel-6" [_thread_blocked, id=27965, stack(0x00007fdae4f5f000,0x00007fdae5060000)]
  0x0000000001b2f000 JavaThread "clientInboundChannel-5" [_thread_blocked, id=27964, stack(0x00007fdae5060000,0x00007fdae5161000)]
  0x0000000001b2d000 JavaThread "clientInboundChannel-4" [_thread_blocked, id=27963, stack(0x00007fdae5161000,0x00007fdae5262000)]
  0x0000000001b29800 JavaThread "http-nio-8080-exec-5" daemon [_thread_blocked, id=27962, stack(0x00007fdae5262000,0x00007fdae5363000)]
  0x00000000015f4000 JavaThread "MessageBrokerSockJS-5" [_thread_blocked, id=27961, stack(0x00007fdae5363000,0x00007fdae5464000)]
  0x00000000015f1800 JavaThread "clientOutboundChannel-1" [_thread_blocked, id=27960, stack(0x00007fdae5464000,0x00007fdae5565000)]
  0x00000000015ef800 JavaThread "clientInboundChannel-3" [_thread_blocked, id=27959, stack(0x00007fdae5565000,0x00007fdae5666000)]
  0x00000000011af800 JavaThread "clientInboundChannel-2" [_thread_blocked, id=27958, stack(0x00007fdae5666000,0x00007fdae5767000)]
  0x00000000011b2800 JavaThread "clientInboundChannel-1" [_thread_blocked, id=27957, stack(0x00007fdae5767000,0x00007fdae5868000)]
  0x0000000001813000 JavaThread "http-nio-8080-exec-4" daemon [_thread_blocked, id=27956, stack(0x00007fdae5868000,0x00007fdae5969000)]
  0x00007fdae04d0000 JavaThread "WebSocket background processing" daemon [_thread_blocked, id=27955, stack(0x00007fdae5969000,0x00007fdae5a6a000)]
  0x00007fdae0552000 JavaThread "MessageBrokerSockJS-4" [_thread_blocked, id=27954, stack(0x00007fdae5a6a000,0x00007fdae5b6b000)]
  0x00007fdae04b0800 JavaThread "WebSocketServer-localhost-ROOT-1" daemon [_thread_blocked, id=27953, stack(0x00007fdae5b6b000,0x00007fdae5c6c000)]
  0x0000000001272800 JavaThread "MessageBrokerSockJS-3" [_thread_blocked, id=27952, stack(0x00007fdae5c6c000,0x00007fdae5d6d000)]
  0x00000000015fd800 JavaThread "MessageBrokerSockJS-2" [_thread_blocked, id=27951, stack(0x00007fdae5d6d000,0x00007fdae5e6e000)]
  0x00000000014ba000 JavaThread "http-nio-8080-exec-3" daemon [_thread_blocked, id=27950, stack(0x00007fdae7dfb000,0x00007fdae7efc000)]
  0x00000000014fa000 JavaThread "http-nio-8080-exec-2" daemon [_thread_blocked, id=27949, stack(0x00007fdae6e76000,0x00007fdae6f77000)]
  0x0000000001a49000 JavaThread "http-nio-8080-exec-1" daemon [_thread_blocked, id=27938, stack(0x00007fdae6d75000,0x00007fdae6e76000)]
  0x0000000002250800 JavaThread "http-nio-8080-Acceptor-0" daemon [_thread_in_native, id=27934, stack(0x00007fdae5e6e000,0x00007fdae5f6f000)]
  0x000000000224e000 JavaThread "http-nio-8080-ClientPoller-1" daemon [_thread_in_native, id=27933, stack(0x00007fdae5f6f000,0x00007fdae6070000)]
  0x000000000223f800 JavaThread "http-nio-8080-ClientPoller-0" daemon [_thread_in_native, id=27932, stack(0x00007fdae6070000,0x00007fdae6171000)]
  0x000000000222f000 JavaThread "NioBlockingSelector.BlockPoller-1" daemon [_thread_in_native, id=27931, stack(0x00007fdae6171000,0x00007fdae6272000)]
  0x00000000026ea000 JavaThread "MessageBrokerSockJS-1" [_thread_blocked, id=27930, stack(0x00007fdae6672000,0x00007fdae6773000)]
  0x00007fdae8cd6000 JavaThread "container-0" [_thread_blocked, id=27929, stack(0x00007fdae6973000,0x00007fdae6a74000)]
  0x00007fdae8cd4800 JavaThread "ContainerBackgroundProcessor[StandardEngine[Tomcat].StandardHost[localhost].StandardContext[]]" daemon [_thread_blocked, id=27928, stack(0x00007fdae6a74000,0x00007fdae6b75000)]
  0x00007fdae001c000 JavaThread "Service Thread" daemon [_thread_blocked, id=27923, stack(0x00007fdaed1c8000,0x00007fdaed2c9000)]
  0x000000000108b800 JavaThread "C1 CompilerThread3" daemon [_thread_blocked, id=27922, stack(0x00007fdae7eff000,0x00007fdae8000000)]
  0x0000000001089800 JavaThread "C2 CompilerThread2" daemon [_thread_blocked, id=27921, stack(0x00007fdaed2c9000,0x00007fdaed3ca000)]
  0x0000000001088000 JavaThread "C2 CompilerThread1" daemon [_thread_blocked, id=27920, stack(0x00007fdaed3ca000,0x00007fdaed4cb000)]
  0x00007fdaf4030800 JavaThread "C2 CompilerThread0" daemon [_thread_blocked, id=27919, stack(0x00007fdaed4cb000,0x00007fdaed5cc000)]
  0x00007fdaf402e800 JavaThread "Signal Dispatcher" daemon [_thread_blocked, id=27918, stack(0x00007fdaed5cc000,0x00007fdaed6cd000)]
  0x00007fdaf4001000 JavaThread "Finalizer" daemon [_thread_blocked, id=27917, stack(0x00007fdaed844000,0x00007fdaed945000)]
  0x0000000001080000 JavaThread "Reference Handler" daemon [_thread_blocked, id=27916, stack(0x00007fdaed945000,0x00007fdaeda46000)]
  0x0000000001007000 JavaThread "main" [_thread_blocked, id=27906, stack(0x00007fdb0b498000,0x00007fdb0b599000)]

Other Threads:
  0x000000000107a800 VMThread [stack: 0x00007fdaeda46000,0x00007fdaedb47000] [id=27915]
  0x00007fdae001e800 WatcherThread [stack: 0x00007fdaed0c7000,0x00007fdaed1c8000] [id=27924]

VM state:not at safepoint (normal execution)

VM Mutex/Monitor currently owned by a thread: None

Heap:
 PSYoungGen      total 248320K, used 104131K [0x00000000d6780000, 0x00000000e7700000, 0x0000000100000000)
  eden space 236032K, 44% used [0x00000000d6780000,0x00000000dcd30f00,0x00000000e4e00000)
  from space 12288K, 0% used [0x00000000e6380000,0x00000000e6380000,0x00000000e6f80000)
  to   space 7680K, 0% used [0x00000000e6f80000,0x00000000e6f80000,0x00000000e7700000)
 ParOldGen       total 125952K, used 25765K [0x0000000083600000, 0x000000008b100000, 0x00000000d6780000)
  object space 125952K, 20% used [0x0000000083600000,0x0000000084f29480,0x000000008b100000)
 Metaspace       used 41706K, capacity 42394K, committed 42672K, reserved 1087488K
  class space    used 5254K, capacity 5517K, committed 5552K, reserved 1048576K

Card table byte_map: [0x00007fdaf8f9a000,0x00007fdaf9380000] byte_map_base: 0x00007fdaf8b7f000

Marking Bits: (ParMarkBitMap*) 0x00007fdb0a9b22a0
 Begin Bits: [0x00007fdaf01b0000, 0x00007fdaf20d8000)
 End Bits:   [0x00007fdaf20d8000, 0x00007fdaf4000000)

Polling page: 0x00007fdb0b5ba000

CodeCache: size=245760Kb used=15754Kb max_used=15920Kb free=230005Kb
 bounds [0x00007fdaf9740000, 0x00007fdafa720000, 0x00007fdb08740000]
 total_blobs=5057 nmethods=4614 adapters=356
 compilation: enabled

Compilation events (10 events):
Event: 22.501 Thread 0x00007fdaf4030800 5352       4       sun.misc.URLClassPath$JarLoader$2::getCodeSigners (8 bytes)
Event: 22.506 Thread 0x0000000001088000 nmethod 5351 0x00007fdaf989c010 code [0x00007fdaf989c280, 0x00007fdaf989d910]
Event: 22.506 Thread 0x0000000001088000 5353       4       java.util.concurrent.ConcurrentHashMap::putIfAbsent (8 bytes)
Event: 22.507 Thread 0x0000000001088000 nmethod 5353 0x00007fdaf98ada90 code [0x00007fdaf98adbe0, 0x00007fdaf98adc68]
Event: 22.508 Thread 0x00007fdaf4030800 nmethod 5352 0x00007fdaf9926ad0 code [0x00007fdaf9926c80, 0x00007fdaf99271f8]
Event: 22.512 Thread 0x000000000108b800 5355   !   3       java.lang.StringCoding$StringDecoder::decode (179 bytes)
Event: 22.514 Thread 0x000000000108b800 nmethod 5355 0x00007fdaf9b9b450 code [0x00007fdaf9b9b7a0, 0x00007fdaf9b9d408]
Event: 22.523 Thread 0x000000000108b800 5356       3       com.fasterxml.jackson.databind.introspect.AnnotationMap::get (21 bytes)
Event: 22.523 Thread 0x000000000108b800 nmethod 5356 0x00007fdaf985d3d0 code [0x00007fdaf985d560, 0x00007fdaf985d8c8]
Event: 22.524 Thread 0x0000000001089800 nmethod 5350 0x00007fdafa4cf5d0 code [0x00007fdafa4cf900, 0x00007fdafa4d1cf8]

GC Heap History (10 events):
Event: 2.224 GC heap before
{Heap before GC invocations=5 (full 0):
 PSYoungGen      total 136192K, used 133577K [0x00000000d6780000, 0x00000000df180000, 0x0000000100000000)
  eden space 131072K, 98% used [0x00000000d6780000,0x00000000de4fa5e8,0x00000000de780000)
  from space 5120K, 99% used [0x00000000dec80000,0x00000000df178020,0x00000000df180000)
  to   space 5120K, 0% used [0x00000000de780000,0x00000000de780000,0x00000000dec80000)
 ParOldGen       total 86016K, used 11022K [0x0000000083600000, 0x0000000088a00000, 0x00000000d6780000)
  object space 86016K, 12% used [0x0000000083600000,0x00000000840c3be8,0x0000000088a00000)
 Metaspace       used 20644K, capacity 21144K, committed 21296K, reserved 1067008K
  class space    used 2642K, capacity 2832K, committed 2864K, reserved 1048576K
Event: 2.245 GC heap after
Heap after GC invocations=5 (full 0):
 PSYoungGen      total 136192K, used 5104K [0x00000000d6780000, 0x00000000e8580000, 0x0000000100000000)
  eden space 131072K, 0% used [0x00000000d6780000,0x00000000d6780000,0x00000000de780000)
  from space 5120K, 99% used [0x00000000de780000,0x00000000dec7c010,0x00000000dec80000)
  to   space 15360K, 0% used [0x00000000e7680000,0x00000000e7680000,0x00000000e8580000)
 ParOldGen       total 86016K, used 19704K [0x0000000083600000, 0x0000000088a00000, 0x00000000d6780000)
  object space 86016K, 22% used [0x0000000083600000,0x000000008493e370,0x0000000088a00000)
 Metaspace       used 20644K, capacity 21144K, committed 21296K, reserved 1067008K
  class space    used 2642K, capacity 2832K, committed 2864K, reserved 1048576K
}
Event: 2.245 GC heap before
{Heap before GC invocations=6 (full 1):
 PSYoungGen      total 136192K, used 5104K [0x00000000d6780000, 0x00000000e8580000, 0x0000000100000000)
  eden space 131072K, 0% used [0x00000000d6780000,0x00000000d6780000,0x00000000de780000)
  from space 5120K, 99% used [0x00000000de780000,0x00000000dec7c010,0x00000000dec80000)
  to   space 15360K, 0% used [0x00000000e7680000,0x00000000e7680000,0x00000000e8580000)
 ParOldGen       total 86016K, used 19704K [0x0000000083600000, 0x0000000088a00000, 0x00000000d6780000)
  object space 86016K, 22% used [0x0000000083600000,0x000000008493e370,0x0000000088a00000)
 Metaspace       used 20644K, capacity 21144K, committed 21296K, reserved 1067008K
  class space    used 2642K, capacity 2832K, committed 2864K, reserved 1048576K
Event: 2.325 GC heap after
Heap after GC invocations=6 (full 1):
 PSYoungGen      total 136192K, used 0K [0x00000000d6780000, 0x00000000e8580000, 0x0000000100000000)
  eden space 131072K, 0% used [0x00000000d6780000,0x00000000d6780000,0x00000000de780000)
  from space 5120K, 0% used [0x00000000de780000,0x00000000de780000,0x00000000dec80000)
  to   space 15360K, 0% used [0x00000000e7680000,0x00000000e7680000,0x00000000e8580000)
 ParOldGen       total 82432K, used 18429K [0x0000000083600000, 0x0000000088680000, 0x00000000d6780000)
  object space 82432K, 22% used [0x0000000083600000,0x00000000847ff600,0x0000000088680000)
 Metaspace       used 20644K, capacity 21144K, committed 21296K, reserved 1067008K
  class space    used 2642K, capacity 2832K, committed 2864K, reserved 1048576K
}
Event: 3.363 GC heap before
{Heap before GC invocations=7 (full 1):
 PSYoungGen      total 136192K, used 131072K [0x00000000d6780000, 0x00000000e8580000, 0x0000000100000000)
  eden space 131072K, 100% used [0x00000000d6780000,0x00000000de780000,0x00000000de780000)
  from space 5120K, 0% used [0x00000000de780000,0x00000000de780000,0x00000000dec80000)
  to   space 15360K, 0% used [0x00000000e7680000,0x00000000e7680000,0x00000000e8580000)
 ParOldGen       total 82432K, used 18429K [0x0000000083600000, 0x0000000088680000, 0x00000000d6780000)
  object space 82432K, 22% used [0x0000000083600000,0x00000000847ff600,0x0000000088680000)
 Metaspace       used 31082K, capacity 31710K, committed 32176K, reserved 1077248K
  class space    used 3927K, capacity 4145K, committed 4272K, reserved 1048576K
Event: 3.372 GC heap after
Heap after GC invocations=7 (full 1):
 PSYoungGen      total 187904K, used 11909K [0x00000000d6780000, 0x00000000e8280000, 0x0000000100000000)
  eden space 175616K, 0% used [0x00000000d6780000,0x00000000d6780000,0x00000000e1300000)
  from space 12288K, 96% used [0x00000000e7680000,0x00000000e82216b8,0x00000000e8280000)
  to   space 15872K, 0% used [0x00000000e6380000,0x00000000e6380000,0x00000000e7300000)
 ParOldGen       total 82432K, used 18501K [0x0000000083600000, 0x0000000088680000, 0x00000000d6780000)
  object space 82432K, 22% used [0x0000000083600000,0x0000000084811610,0x0000000088680000)
 Metaspace       used 31082K, capacity 31710K, committed 32176K, reserved 1077248K
  class space    used 3927K, capacity 4145K, committed 4272K, reserved 1048576K
}
Event: 3.751 GC heap before
{Heap before GC invocations=8 (full 1):
 PSYoungGen      total 187904K, used 60697K [0x00000000d6780000, 0x00000000e8280000, 0x0000000100000000)
  eden space 175616K, 27% used [0x00000000d6780000,0x00000000d9725120,0x00000000e1300000)
  from space 12288K, 96% used [0x00000000e7680000,0x00000000e82216b8,0x00000000e8280000)
  to   space 15872K, 0% used [0x00000000e6380000,0x00000000e6380000,0x00000000e7300000)
 ParOldGen       total 82432K, used 18501K [0x0000000083600000, 0x0000000088680000, 0x00000000d6780000)
  object space 82432K, 22% used [0x0000000083600000,0x0000000084811610,0x0000000088680000)
 Metaspace       used 34575K, capacity 35172K, committed 35496K, reserved 1081344K
  class space    used 4376K, capacity 4594K, committed 4656K, reserved 1048576K
Event: 3.759 GC heap after
Heap after GC invocations=8 (full 1):
 PSYoungGen      total 248320K, used 11987K [0x00000000d6780000, 0x00000000e7700000, 0x0000000100000000)
  eden space 236032K, 0% used [0x00000000d6780000,0x00000000d6780000,0x00000000e4e00000)
  from space 12288K, 97% used [0x00000000e6380000,0x00000000e6f34fd8,0x00000000e6f80000)
  to   space 7680K, 0% used [0x00000000e6f80000,0x00000000e6f80000,0x00000000e7700000)
 ParOldGen       total 82432K, used 18509K [0x0000000083600000, 0x0000000088680000, 0x00000000d6780000)
  object space 82432K, 22% used [0x0000000083600000,0x0000000084813610,0x0000000088680000)
 Metaspace       used 34575K, capacity 35172K, committed 35496K, reserved 1081344K
  class space    used 4376K, capacity 4594K, committed 4656K, reserved 1048576K
}
Event: 3.759 GC heap before
{Heap before GC invocations=9 (full 2):
 PSYoungGen      total 248320K, used 11987K [0x00000000d6780000, 0x00000000e7700000, 0x0000000100000000)
  eden space 236032K, 0% used [0x00000000d6780000,0x00000000d6780000,0x00000000e4e00000)
  from space 12288K, 97% used [0x00000000e6380000,0x00000000e6f34fd8,0x00000000e6f80000)
  to   space 7680K, 0% used [0x00000000e6f80000,0x00000000e6f80000,0x00000000e7700000)
 ParOldGen       total 82432K, used 18509K [0x0000000083600000, 0x0000000088680000, 0x00000000d6780000)
  object space 82432K, 22% used [0x0000000083600000,0x0000000084813610,0x0000000088680000)
 Metaspace       used 34575K, capacity 35172K, committed 35496K, reserved 1081344K
  class space    used 4376K, capacity 4594K, committed 4656K, reserved 1048576K
Event: 3.815 GC heap after
Heap after GC invocations=9 (full 2):
 PSYoungGen      total 248320K, used 0K [0x00000000d6780000, 0x00000000e7700000, 0x0000000100000000)
  eden space 236032K, 0% used [0x00000000d6780000,0x00000000d6780000,0x00000000e4e00000)
  from space 12288K, 0% used [0x00000000e6380000,0x00000000e6380000,0x00000000e6f80000)
  to   space 7680K, 0% used [0x00000000e6f80000,0x00000000e6f80000,0x00000000e7700000)
 ParOldGen       total 125952K, used 25765K [0x0000000083600000, 0x000000008b100000, 0x00000000d6780000)
  object space 125952K, 20% used [0x0000000083600000,0x0000000084f29480,0x000000008b100000)
 Metaspace       used 34575K, capacity 35172K, committed 35496K, reserved 1081344K
  class space    used 4376K, capacity 4594K, committed 4656K, reserved 1048576K
}

Deoptimization events (10 events):
Event: 3.415 Thread 0x0000000001a49000 Uncommon trap: reason=class_check action=maybe_recompile pc=0x00007fdafa247920 method=java.util.zip.InflaterInputStream.read([BII)I @ 100
Event: 3.620 Thread 0x00007fdaf4951800 Uncommon trap: reason=unreached action=reinterpret pc=0x00007fdaf9bcc69c method=java.lang.reflect.Method.equals(Ljava/lang/Object;)Z @ 1
Event: 3.649 Thread 0x00007fdaf4951800 Uncommon trap: reason=unloaded action=reinterpret pc=0x00007fdafa4a1580 method=org.springframework.util.ConcurrentReferenceHashMap$Segment.restructureIfNecessary(Z)V @ 312
Event: 3.918 Thread 0x00007fdaf4951800 Uncommon trap: reason=bimorphic action=maybe_recompile pc=0x00007fdafa160914 method=java.util.WeakHashMap.eq(Ljava/lang/Object;Ljava/lang/Object;)Z @ 7
Event: 3.993 Thread 0x00007fdaf4951800 Uncommon trap: reason=unreached action=reinterpret pc=0x00007fdafa54871c method=org.springframework.util.ReflectionUtils.doWithMethods(Ljava/lang/Class;Lorg/springframework/util/ReflectionUtils$MethodCallback;Lorg/springframework/util/ReflectionUtils$Meth
Event: 13.566 Thread 0x00007fdae8739000 Uncommon trap: reason=unreached action=reinterpret pc=0x00007fdaf9adf644 method=java.util.concurrent.locks.AbstractQueuedSynchronizer.release(I)Z @ 14
Event: 13.566 Thread 0x0000000001a49000 Uncommon trap: reason=unreached action=reinterpret pc=0x00007fdaf9adf644 method=java.util.concurrent.locks.AbstractQueuedSynchronizer.release(I)Z @ 14
Event: 17.772 Thread 0x00000000014fa000 Uncommon trap: reason=unreached action=reinterpret pc=0x00007fdaf9c497c0 method=java.util.HashMap.hash(Ljava/lang/Object;)I @ 1
Event: 17.788 Thread 0x00000000014ba000 Uncommon trap: reason=unreached action=reinterpret pc=0x00007fdaf98a873c method=java.util.concurrent.locks.AbstractQueuedSynchronizer.release(I)Z @ 14
Event: 17.849 Thread 0x0000000001813000 Uncommon trap: reason=unreached action=reinterpret pc=0x00007fdafa5b2794 method=org.springframework.util.ObjectUtils.nullSafeEquals(Ljava/lang/Object;Ljava/lang/Object;)Z @ 12

Internal exceptions (10 events):
Event: 22.530 Thread 0x0000000001c9f000 Exception <a 'java/security/PrivilegedActionException'> (0x00000000dcac2980) thrown at [/HUDSON/workspace/8-2-build-linux-amd64/jdk8u31/2394/hotspot/src/share/vm/prims/jvm.cpp, line 1312]
Event: 22.530 Thread 0x0000000001c9f000 Exception <a 'java/security/PrivilegedActionException'> (0x00000000dcac32a0) thrown at [/HUDSON/workspace/8-2-build-linux-amd64/jdk8u31/2394/hotspot/src/share/vm/prims/jvm.cpp, line 1312]
Event: 22.531 Thread 0x0000000001c9f000 Exception <a 'java/security/PrivilegedActionException'> (0x00000000dcac7498) thrown at [/HUDSON/workspace/8-2-build-linux-amd64/jdk8u31/2394/hotspot/src/share/vm/prims/jvm.cpp, line 1312]
Event: 22.531 Thread 0x0000000001c9f000 Exception <a 'java/security/PrivilegedActionException'> (0x00000000dcac7e80) thrown at [/HUDSON/workspace/8-2-build-linux-amd64/jdk8u31/2394/hotspot/src/share/vm/prims/jvm.cpp, line 1312]
Event: 22.532 Thread 0x0000000001c9f000 Exception <a 'java/security/PrivilegedActionException'> (0x00000000dcad1138) thrown at [/HUDSON/workspace/8-2-build-linux-amd64/jdk8u31/2394/hotspot/src/share/vm/prims/jvm.cpp, line 1312]
Event: 22.532 Thread 0x0000000001c9f000 Exception <a 'java/security/PrivilegedActionException'> (0x00000000dcad1b08) thrown at [/HUDSON/workspace/8-2-build-linux-amd64/jdk8u31/2394/hotspot/src/share/vm/prims/jvm.cpp, line 1312]
Event: 22.533 Thread 0x0000000001c9f000 Exception <a 'java/security/PrivilegedActionException'> (0x00000000dcadba70) thrown at [/HUDSON/workspace/8-2-build-linux-amd64/jdk8u31/2394/hotspot/src/share/vm/prims/jvm.cpp, line 1312]
Event: 22.533 Thread 0x0000000001c9f000 Exception <a 'java/security/PrivilegedActionException'> (0x00000000dcadc098) thrown at [/HUDSON/workspace/8-2-build-linux-amd64/jdk8u31/2394/hotspot/src/share/vm/prims/jvm.cpp, line 1312]
Event: 23.284 Thread 0x00007fdae0473000 Exception <a 'java/security/PrivilegedActionException'> (0x00000000dc980988) thrown at [/HUDSON/workspace/8-2-build-linux-amd64/jdk8u31/2394/hotspot/src/share/vm/prims/jvm.cpp, line 1312]
Event: 23.284 Thread 0x00007fdae0473000 Exception <a 'java/security/PrivilegedActionException'> (0x00000000dc980ea8) thrown at [/HUDSON/workspace/8-2-build-linux-amd64/jdk8u31/2394/hotspot/src/share/vm/prims/jvm.cpp, line 1312]

Events (10 events):
Event: 22.532 loading class com/fasterxml/jackson/databind/ser/impl/BeanAsArraySerializer done
Event: 22.533 loading class com/fasterxml/jackson/core/json/JsonWriteContext
Event: 22.533 loading class com/fasterxml/jackson/core/json/JsonWriteContext done
Event: 22.535 Thread 0x00007fdae0d01800 Thread added: 0x00007fdae0d01800
Event: 22.536 Executing VM operation: RevokeBias
Event: 22.536 Executing VM operation: RevokeBias done
Event: 22.536 Thread 0x0000000002256800 Thread added: 0x0000000002256800
Event: 22.788 Thread 0x0000000002257800 Thread added: 0x0000000002257800
Event: 23.284 loading class gnu/io/SerialPortEvent
Event: 23.284 loading class gnu/io/SerialPortEvent done


Dynamic libraries:
00400000-00401000 r-xp 00000000 08:03 3804091                            /usr/lib/jvm/java-8-oracle/bin/java
00600000-00601000 rw-p 00000000 08:03 3804091                            /usr/lib/jvm/java-8-oracle/bin/java
00ffc000-02d32000 rw-p 00000000 00:00 0                                  [heap]
83600000-8b100000 rw-p 00000000 00:00 0 
8b100000-d6780000 ---p 00000000 00:00 0 
d6780000-e7700000 rw-p 00000000 00:00 0 
e7700000-100000000 ---p 00000000 00:00 0 
100000000-10056c000 rw-p 00000000 00:00 0 
10056c000-140000000 ---p 00000000 00:00 0 
7fdae0000000-7fdae1a0a000 rw-p 00000000 00:00 0 
7fdae1a0a000-7fdae4000000 ---p 00000000 00:00 0 
7fdae434a000-7fdae434d000 ---p 00000000 00:00 0 
7fdae434d000-7fdae444b000 rw-p 00000000 00:00 0 
7fdae444b000-7fdae444e000 ---p 00000000 00:00 0 
7fdae444e000-7fdae454c000 rw-p 00000000 00:00 0 
7fdae454c000-7fdae454f000 ---p 00000000 00:00 0 
7fdae454f000-7fdae464d000 rw-p 00000000 00:00 0 
7fdae464d000-7fdae4650000 ---p 00000000 00:00 0 
7fdae4650000-7fdae474e000 rw-p 00000000 00:00 0 
7fdae474e000-7fdae475b000 r-xp 00000000 08:03 4067547                    /usr/lib/jvm/java-8-oracle/jre/lib/amd64/librxtxSerial.so
7fdae475b000-7fdae495a000 ---p 0000d000 08:03 4067547                    /usr/lib/jvm/java-8-oracle/jre/lib/amd64/librxtxSerial.so
7fdae495a000-7fdae495b000 rw-p 0000c000 08:03 4067547                    /usr/lib/jvm/java-8-oracle/jre/lib/amd64/librxtxSerial.so
7fdae495b000-7fdae499b000 rw-p 00000000 00:00 0 
7fdae499b000-7fdae4b5b000 ---p 00000000 00:00 0 
7fdae4b5b000-7fdae4b5e000 ---p 00000000 00:00 0 
7fdae4b5e000-7fdae4c5c000 rw-p 00000000 00:00 0 
7fdae4c5c000-7fdae4c5f000 ---p 00000000 00:00 0 
7fdae4c5f000-7fdae4d5d000 rw-p 00000000 00:00 0 
7fdae4d5d000-7fdae4d60000 ---p 00000000 00:00 0 
7fdae4d60000-7fdae4e5e000 rw-p 00000000 00:00 0 
7fdae4e5e000-7fdae4e61000 ---p 00000000 00:00 0 
7fdae4e61000-7fdae4f5f000 rw-p 00000000 00:00 0 
7fdae4f5f000-7fdae4f62000 ---p 00000000 00:00 0 
7fdae4f62000-7fdae5060000 rw-p 00000000 00:00 0 
7fdae5060000-7fdae5063000 ---p 00000000 00:00 0 
7fdae5063000-7fdae5161000 rw-p 00000000 00:00 0 
7fdae5161000-7fdae5164000 ---p 00000000 00:00 0 
7fdae5164000-7fdae5262000 rw-p 00000000 00:00 0 
7fdae5262000-7fdae5265000 ---p 00000000 00:00 0 
7fdae5265000-7fdae5363000 rw-p 00000000 00:00 0 
7fdae5363000-7fdae5366000 ---p 00000000 00:00 0 
7fdae5366000-7fdae5464000 rw-p 00000000 00:00 0 
7fdae5464000-7fdae5467000 ---p 00000000 00:00 0 
7fdae5467000-7fdae5565000 rw-p 00000000 00:00 0 
7fdae5565000-7fdae5568000 ---p 00000000 00:00 0 
7fdae5568000-7fdae5666000 rw-p 00000000 00:00 0 
7fdae5666000-7fdae5669000 ---p 00000000 00:00 0 
7fdae5669000-7fdae5767000 rw-p 00000000 00:00 0 
7fdae5767000-7fdae576a000 ---p 00000000 00:00 0 
7fdae576a000-7fdae5868000 rw-p 00000000 00:00 0 
7fdae5868000-7fdae586b000 ---p 00000000 00:00 0 
7fdae586b000-7fdae5969000 rw-p 00000000 00:00 0 
7fdae5969000-7fdae596c000 ---p 00000000 00:00 0 
7fdae596c000-7fdae5a6a000 rw-p 00000000 00:00 0 
7fdae5a6a000-7fdae5a6d000 ---p 00000000 00:00 0 
7fdae5a6d000-7fdae5b6b000 rw-p 00000000 00:00 0 
7fdae5b6b000-7fdae5b6e000 ---p 00000000 00:00 0 
7fdae5b6e000-7fdae5c6c000 rw-p 00000000 00:00 0 
7fdae5c6c000-7fdae5c6f000 ---p 00000000 00:00 0 
7fdae5c6f000-7fdae5d6d000 rw-p 00000000 00:00 0 
7fdae5d6d000-7fdae5d70000 ---p 00000000 00:00 0 
7fdae5d70000-7fdae5e6e000 rw-p 00000000 00:00 0 
7fdae5e6e000-7fdae5e71000 ---p 00000000 00:00 0 
7fdae5e71000-7fdae5f6f000 rw-p 00000000 00:00 0 
7fdae5f6f000-7fdae5f72000 ---p 00000000 00:00 0 
7fdae5f72000-7fdae6070000 rw-p 00000000 00:00 0 
7fdae6070000-7fdae6073000 ---p 00000000 00:00 0 
7fdae6073000-7fdae6171000 rw-p 00000000 00:00 0 
7fdae6171000-7fdae6174000 ---p 00000000 00:00 0 
7fdae6174000-7fdae6472000 rw-p 00000000 00:00 0 
7fdae6472000-7fdae6672000 rw-p 00000000 00:00 0 
7fdae6672000-7fdae6675000 ---p 00000000 00:00 0 
7fdae6675000-7fdae6973000 rw-p 00000000 00:00 0 
7fdae6973000-7fdae6976000 ---p 00000000 00:00 0 
7fdae6976000-7fdae6a74000 rw-p 00000000 00:00 0 
7fdae6a74000-7fdae6a77000 ---p 00000000 00:00 0 
7fdae6a77000-7fdae6d75000 rw-p 00000000 00:00 0 
7fdae6d75000-7fdae6d78000 ---p 00000000 00:00 0 
7fdae6d78000-7fdae6e76000 rw-p 00000000 00:00 0 
7fdae6e76000-7fdae6e79000 ---p 00000000 00:00 0 
7fdae6e79000-7fdae7177000 rw-p 00000000 00:00 0 
7fdae7177000-7fdae7377000 rw-p 00000000 00:00 0 
7fdae7377000-7fdae7577000 rw-p 00000000 00:00 0 
7fdae7577000-7fdae757f000 r-xp 00000000 08:03 4067409                    /usr/lib/jvm/java-8-oracle/jre/lib/amd64/libmanagement.so
7fdae757f000-7fdae777f000 ---p 00008000 08:03 4067409                    /usr/lib/jvm/java-8-oracle/jre/lib/amd64/libmanagement.so
7fdae777f000-7fdae7780000 rw-p 00008000 08:03 4067409                    /usr/lib/jvm/java-8-oracle/jre/lib/amd64/libmanagement.so
7fdae7780000-7fdae7980000 rw-p 00000000 00:00 0 
7fdae7980000-7fdae7982000 r--s 0000c000 08:06 26610775                   /home/jimmy/.m2/repository/org/jboss/logging/jboss-logging/3.1.3.GA/jboss-logging-3.1.3.GA.jar
7fdae7982000-7fdae7984000 r--s 00000000 08:06 28710949                   /home/jimmy/.m2/repository/org/slf4j/jul-to-slf4j/1.7.8/jul-to-slf4j-1.7.8.jar
7fdae7984000-7fdae798b000 r--s 0003f000 08:06 28840949                   /home/jimmy/.m2/repository/org/springframework/spring-messaging/4.1.4.RELEASE/spring-messaging-4.1.4.RELEASE.jar
7fdae798b000-7fdae799b000 r--s 0009f000 08:06 28840946                   /home/jimmy/.m2/repository/org/springframework/spring-web/4.1.4.RELEASE/spring-web-4.1.4.RELEASE.jar
7fdae799b000-7fdae79c0000 r--s 0028d000 08:06 28840950                   /home/jimmy/.m2/repository/org/apache/tomcat/embed/tomcat-embed-core/8.0.15/tomcat-embed-core-8.0.15.jar
7fdae79c0000-7fdae79c8000 r--s 00057000 08:06 28840948                   /home/jimmy/.m2/repository/org/springframework/spring-websocket/4.1.4.RELEASE/spring-websocket-4.1.4.RELEASE.jar
7fdae7abf000-7fdae7ac4000 r--s 002f8000 08:03 3804621                    /usr/lib/jvm/java-8-oracle/jre/lib/charsets.jar
7fdae7ac4000-7fdae7ad7000 r--s 00344000 08:03 3804496                    /usr/lib/jvm/java-8-oracle/jre/lib/resources.jar
7fdae7ad7000-7fdae7ad9000 r--s 00009000 08:06 28840952                   /home/jimmy/.m2/repository/org/apache/tomcat/embed/tomcat-embed-logging-juli/8.0.15/tomcat-embed-logging-juli-8.0.15.jar
7fdae7ad9000-7fdae7ae8000 r--s 000b0000 08:06 28840947                   /home/jimmy/.m2/repository/org/springframework/spring-webmvc/4.1.4.RELEASE/spring-webmvc-4.1.4.RELEASE.jar
7fdae7ae8000-7fdae7aed000 r--s 00034000 08:06 28840953                   /home/jimmy/.m2/repository/org/apache/tomcat/embed/tomcat-embed-websocket/8.0.15/tomcat-embed-websocket-8.0.15.jar
7fdae7aed000-7fdae7af1000 r--s 0000c000 08:06 28840944                   /home/jimmy/.m2/repository/javax/validation/validation-api/1.1.0.Final/validation-api-1.1.0.Final.jar
7fdae7af1000-7fdae7af2000 r--s 00000000 08:06 28710952                   /home/jimmy/.m2/repository/org/springframework/boot/spring-boot-starter-web/1.2.1.RELEASE/spring-boot-starter-web-1.2.1.RELEASE.jar
7fdae7af2000-7fdae7af8000 r--s 0003d000 08:06 26610749                   /home/jimmy/.m2/repository/ch/qos/logback/logback-classic/1.1.2/logback-classic-1.1.2.jar
7fdae7af8000-7fdae7afa000 r--s 0000d000 08:06 27267179                   /home/jimmy/.m2/repository/org/rxtx/rxtx/2.2pre2/rxtx-2.2pre2.jar
7fdae7afa000-7fdae7afb000 r--s 00000000 08:06 28710953                   /home/jimmy/.m2/repository/org/springframework/boot/spring-boot-starter-tomcat/1.2.1.RELEASE/spring-boot-starter-tomcat-1.2.1.RELEASE.jar
7fdae7afb000-7fdae7afc000 r--s 00000000 08:06 28446615                   /home/jimmy/.m2/repository/org/springframework/boot/spring-boot-starter-logging/1.2.1.RELEASE/spring-boot-starter-logging-1.2.1.RELEASE.jar
7fdae7afc000-7fdae7afd000 r--s 00000000 08:06 28314721                   /home/jimmy/.m2/repository/org/springframework/boot/spring-boot-starter-websocket/1.2.1.RELEASE/spring-boot-starter-websocket-1.2.1.RELEASE.jar
7fdae7afd000-7fdae7b01000 r--s 00034000 08:06 28840954                   /home/jimmy/.m2/repository/com/fasterxml/jackson/core/jackson-core/2.4.4/jackson-core-2.4.4.jar
7fdae7b01000-7fdae7b02000 r--s 00005000 08:06 28710950                   /home/jimmy/.m2/repository/org/slf4j/log4j-over-slf4j/1.7.8/log4j-over-slf4j-1.7.8.jar
7fdae7b02000-7fdae7b0b000 r--s 0004f000 08:06 28446620                   /home/jimmy/.m2/repository/org/springframework/spring-aop/4.1.4.RELEASE/spring-aop-4.1.4.RELEASE.jar
7fdae7b0b000-7fdae7b15000 r--s 0005f000 08:06 26610750                   /home/jimmy/.m2/repository/ch/qos/logback/logback-core/1.1.2/logback-core-1.1.2.jar
7fdae7b15000-7fdae7b24000 r--s 00064000 08:06 28446614                   /home/jimmy/.m2/repository/org/springframework/boot/spring-boot-autoconfigure/1.2.1.RELEASE/spring-boot-autoconfigure-1.2.1.RELEASE.jar
7fdae7b24000-7fdae7b32000 r--s 0008d000 08:06 28840943                   /home/jimmy/.m2/repository/org/hibernate/hibernate-validator/5.1.3.Final/hibernate-validator-5.1.3.Final.jar
7fdae7b32000-7fdae7b36000 r--s 00036000 08:06 28840951                   /home/jimmy/.m2/repository/org/apache/tomcat/embed/tomcat-embed-el/8.0.15/tomcat-embed-el-8.0.15.jar
7fdae7b36000-7fdae7b3b000 r--s 0003b000 08:06 28446621                   /home/jimmy/.m2/repository/org/springframework/spring-expression/4.1.4.RELEASE/spring-expression-4.1.4.RELEASE.jar
7fdae7b3b000-7fdae7b45000 r--s 0005c000 08:06 28446613                   /home/jimmy/.m2/repository/org/springframework/boot/spring-boot/1.2.1.RELEASE/spring-boot-1.2.1.RELEASE.jar
7fdae7b45000-7fdae7b56000 r--s 000f6000 08:06 28840942                   /home/jimmy/.m2/repository/com/fasterxml/jackson/core/jackson-databind/2.4.4/jackson-databind-2.4.4.jar
7fdae7b56000-7fdae7b63000 r--s 000a0000 08:06 28446618                   /home/jimmy/.m2/repository/org/springframework/spring-beans/4.1.4.RELEASE/spring-beans-4.1.4.RELEASE.jar
7fdae7b63000-7fdae7d63000 rw-p 00000000 00:00 0 
7fdae7d63000-7fdae7dd5000 r--s 00659000 08:06 29363922                   /home/jimmy/.m2/repository/org/scala-lang/scala-library/2.10.2/scala-library-2.10.2.jar
7fdae7dd5000-7fdae7ddc000 r--s 0003d000 08:06 28710951                   /home/jimmy/.m2/repository/org/yaml/snakeyaml/1.14/snakeyaml-1.14.jar
7fdae7ddc000-7fdae7dde000 r--s 00003000 08:06 28446616                   /home/jimmy/.m2/repository/org/slf4j/jcl-over-slf4j/1.7.8/jcl-over-slf4j-1.7.8.jar
7fdae7dde000-7fdae7de1000 r--s 00007000 08:06 28840955                   /home/jimmy/.m2/repository/com/fasterxml/jackson/core/jackson-annotations/2.4.4/jackson-annotations-2.4.4.jar
7fdae7de1000-7fdae7df9000 r--s 000e3000 08:06 28446619                   /home/jimmy/.m2/repository/org/springframework/spring-context/4.1.4.RELEASE/spring-context-4.1.4.RELEASE.jar
7fdae7df9000-7fdae7dfb000 r--s 0000d000 08:06 28840945                   /home/jimmy/.m2/repository/com/fasterxml/classmate/1.0.0/classmate-1.0.0.jar
7fdae7dfb000-7fdae7dfe000 ---p 00000000 00:00 0 
7fdae7dfe000-7fdae7efc000 rw-p 00000000 00:00 0 
7fdae7efc000-7fdae7eff000 r--s 00006000 08:06 14815889                   /home/jimmy/.m2/repository/com/google/code/findbugs/jsr305/1.3.9/jsr305-1.3.9.jar
7fdae7eff000-7fdae7f02000 ---p 00000000 00:00 0 
7fdae7f02000-7fdae8000000 rw-p 00000000 00:00 0 
7fdae8000000-7fdae97ef000 rw-p 00000000 00:00 0 
7fdae97ef000-7fdaec000000 ---p 00000000 00:00 0 
7fdaec000000-7fdaec001000 r--s 00007000 08:06 28710948                   /home/jimmy/.m2/repository/org/slf4j/slf4j-api/1.7.8/slf4j-api-1.7.8.jar
7fdaec001000-7fdaec002000 r--s 00000000 08:06 28446612                   /home/jimmy/.m2/repository/org/springframework/boot/spring-boot-starter/1.2.1.RELEASE/spring-boot-starter-1.2.1.RELEASE.jar
7fdaec002000-7fdaec023000 r--s 00172000 08:06 14950540                   /home/jimmy/.m2/repository/com/google/guava/guava/11.0.2/guava-11.0.2.jar
7fdaec023000-7fdaec024000 r--s 00008000 08:06 14950538                   /home/jimmy/.m2/repository/asm/asm-util/3.2/asm-util-3.2.jar
7fdaec024000-7fdaec025000 r--s 00004000 08:06 14950536                   /home/jimmy/.m2/repository/asm/asm-analysis/3.2/asm-analysis-3.2.jar
7fdaec025000-7fdaec028000 r--s 00013000 08:06 14950533                   /home/jimmy/.m2/repository/commons-io/commons-io/1.3.2/commons-io-1.3.2.jar
7fdaec028000-7fdaec029000 r--s 00002000 08:06 14950534                   /home/jimmy/.m2/repository/org/vafer/jdependency/0.7/jdependency-0.7.jar
7fdaec029000-7fdaec02c000 r--s 0000c000 08:06 14950530                   /home/jimmy/.m2/repository/org/apache/maven/shared/maven-dependency-tree/2.1/maven-dependency-tree-2.1.jar
7fdaec02c000-7fdaec02f000 r--s 00023000 08:06 14950529                   /home/jimmy/.m2/repository/org/jdom/jdom/1.1/jdom-1.1.jar
7fdaec02f000-7fdaec031000 r--s 00004000 08:06 14950526                   /home/jimmy/.m2/repository/asm/asm-tree/3.3.1/asm-tree-3.3.1.jar
7fdaec031000-7fdaec033000 r--s 00008000 08:06 14950524                   /home/jimmy/.m2/repository/asm/asm-commons/3.3.1/asm-commons-3.3.1.jar
7fdaec033000-7fdaec034000 r--s 0000a000 08:06 46007466                   /home/jimmy/.m2/repository/asm/asm/3.3.1/asm-3.3.1.jar
7fdaec034000-7fdaec03f000 r--s 00069000 08:06 14950522                   /home/jimmy/.m2/repository/org/sonatype/sisu/sisu-guice/2.1.7/sisu-guice-2.1.7-noaop.jar
7fdaec03f000-7fdaec044000 r--s 00021000 08:06 14950520                   /home/jimmy/.m2/repository/org/sonatype/sisu/sisu-inject-bean/1.4.2/sisu-inject-bean-1.4.2.jar
7fdaec044000-7fdaec046000 r--s 00017000 08:06 14950519                   /home/jimmy/.m2/repository/org/apache/maven/plugins/maven-shade-plugin/2.2/maven-shade-plugin-2.2.jar
7fdaec046000-7fdaec04a000 r--s 0003a000 08:06 13640094                   /home/jimmy/.m2/repository/org/codehaus/plexus/plexus-utils/3.0.17/plexus-utils-3.0.17.jar
7fdaec04a000-7fdaec04e000 r--s 00014000 08:06 14950517                   /home/jimmy/.m2/repository/org/tukaani/xz/1.2/xz-1.2.jar
7fdaec04e000-7fdaec053000 r--s 0003a000 08:06 14950516                   /home/jimmy/.m2/repository/org/apache/commons/commons-compress/1.5/commons-compress-1.5.jar
7fdaec053000-7fdaec056000 r--s 0000c000 08:06 14950514                   /home/jimmy/.m2/repository/org/codehaus/plexus/plexus-io/2.0.10/plexus-io-2.0.10.jar
7fdaec056000-7fdaec05b000 r--s 00024000 08:06 14950512                   /home/jimmy/.m2/repository/org/codehaus/plexus/plexus-archiver/2.4.4/plexus-archiver-2.4.4.jar
7fdaec05b000-7fdaec05d000 r--s 00009000 08:06 17434205                   /home/jimmy/.m2/repository/org/hamcrest/hamcrest-core/1.3/hamcrest-core-1.3.jar
7fdaec05d000-7fdaec065000 r--s 00045000 08:06 19800689                   /home/jimmy/.m2/repository/junit/junit/4.12/junit-4.12.jar
7fdaec065000-7fdaec073000 r--s 0008f000 08:06 16782271                   /home/jimmy/.m2/repository/com/google/collections/google-collections/1.0/google-collections-1.0.jar
7fdaec073000-7fdaec074000 r--s 0000a000 08:06 16652078                   /home/jimmy/.m2/repository/commons-logging/commons-logging-api/1.1/commons-logging-api-1.1.jar
7fdaec074000-7fdaec07d000 r--s 0006f000 08:06 17565422                   /home/jimmy/.m2/repository/log4j/log4j/1.2.17/log4j-1.2.17.jar
7fdaec07d000-7fdaec081000 r--s 0001d000 08:06 16126436                   /home/jimmy/.m2/repository/org/apache/xbean/xbean-reflect/3.4/xbean-reflect-3.4.jar
7fdaec081000-7fdaec083000 r--s 00006000 08:06 14951049                   /home/jimmy/.m2/repository/org/apache/maven/shared/maven-common-artifact-filters/1.4/maven-common-artifact-filters-1.4.jar
7fdaec083000-7fdaec089000 r--s 00042000 08:06 14815886                   /home/jimmy/.m2/repository/org/eclipse/sisu/org.eclipse.sisu.inject/0.0.0.M5/org.eclipse.sisu.inject-0.0.0.M5.jar
7fdaec089000-7fdaec08b000 r--s 00000000 08:06 45483134                   /home/jimmy/.m2/repository/aopalliance/aopalliance/1.0/aopalliance-1.0.jar
7fdaec08b000-7fdaec08c000 r--s 00000000 08:06 14815882                   /home/jimmy/.m2/repository/javax/inject/javax.inject/1/javax.inject-1.jar
7fdaec08c000-7fdaec08d000 r--s 00001000 08:06 45484265                   /home/jimmy/.m2/repository/javax/annotation/jsr250-api/1.0/jsr250-api-1.0.jar
7fdaec08d000-7fdaec090000 r--s 00008000 08:06 14815881                   /home/jimmy/.m2/repository/javax/enterprise/cdi-api/1.0/cdi-api-1.0.jar
7fdaec090000-7fdaec094000 r--s 00020000 08:06 18355027                   /home/jimmy/.m2/repository/org/eclipse/aether/aether-util/0.9.1.v20140329/aether-util-0.9.1.v20140329.jar
7fdaec094000-7fdaec096000 r--s 0000d000 08:06 13768824                   /home/jimmy/.m2/repository/org/codehaus/plexus/plexus-interpolation/1.15/plexus-interpolation-1.15.jar
7fdaec096000-7fdaec098000 r--s 0000e000 08:06 17046921                   /home/jimmy/.m2/repository/commons-logging/commons-logging/1.2/commons-logging-1.2.jar
7fdaec098000-7fdaec0ac000 r--s 000e2000 08:06 28446617                   /home/jimmy/.m2/repository/org/springframework/spring-core/4.1.4.RELEASE/spring-core-4.1.4.RELEASE.jar
7fdaec0ac000-7fdaec0af000 r--s 0001d000 08:06 27133755                   /home/jimmy/.m2/repository/org/springframework/boot/spring-boot-loader-tools/1.2.1.RELEASE/spring-boot-loader-tools-1.2.1.RELEASE.jar
7fdaec0af000-7fdaec0b1000 r--s 00009000 08:06 28841015                   /home/jimmy/.m2/repository/org/springframework/boot/spring-boot-maven-plugin/1.2.1.RELEASE/spring-boot-maven-plugin-1.2.1.RELEASE.jar
7fdaec0b1000-7fdaec0b2000 r--s 00003000 08:06 45613829                   /home/jimmy/.m2/repository/org/codehaus/plexus/plexus-compiler-javac/1.5.3/plexus-compiler-javac-1.5.3.jar
7fdaec0b2000-7fdaec0b4000 r--s 00000000 08:06 45613826                   /home/jimmy/.m2/repository/org/codehaus/plexus/plexus-compiler-manager/1.5.3/plexus-compiler-manager-1.5.3.jar
7fdaec0b4000-7fdaec0b5000 r--s 00004000 08:06 45613823                   /home/jimmy/.m2/repository/org/codehaus/plexus/plexus-compiler-api/1.5.3/plexus-compiler-api-1.5.3.jar
7fdaec0b5000-7fdaec0b7000 r--s 00026000 08:06 42864516                   /home/jimmy/.m2/repository/org/codehaus/plexus/plexus-utils/1.0.4/plexus-utils-1.0.4.jar
7fdaec0b7000-7fdaec2b7000 rw-p 00000000 00:00 0 
7fdaec2b7000-7fdaec2b8000 r--s 00004000 08:06 45613669                   /home/jimmy/.m2/repository/org/apache/maven/plugins/maven-compiler-plugin/2.0.2/maven-compiler-plugin-2.0.2.jar
7fdaec2b8000-7fdaec37f000 r--s 00a25000 08:06 29364133                   /home/jimmy/.m2/repository/org/scala-lang/scala-compiler/2.9.2/scala-compiler-2.9.2.jar
7fdaec37f000-7fdaec382000 r--s 00008000 08:06 29364130                   /home/jimmy/.m2/repository/com/typesafe/sbt/sbt-interface/0.12.1/sbt-interface-0.12.1.jar
7fdaec382000-7fdaec3a7000 r--s 001be000 08:06 29364128                   /home/jimmy/.m2/repository/com/typesafe/sbt/incremental-compiler/0.12.1/incremental-compiler-0.12.1.jar
7fdaec3a7000-7fdaec3a8000 r--s 00004000 08:06 29364127                   /home/jimmy/.m2/repository/com/typesafe/sbt/compiler-interface/0.12.1/compiler-interface-0.12.1-sources.jar
7fdaec3a8000-7fdaec426000 r--s 007f5000 08:06 29364126                   /home/jimmy/.m2/repository/org/scala-lang/scala-library/2.9.2/scala-library-2.9.2.jar
7fdaec426000-7fdaec42b000 r--s 00046000 08:06 29364125                   /home/jimmy/.m2/repository/com/typesafe/zinc/zinc/0.2.0/zinc-0.2.0.jar
7fdaec42b000-7fdaec42d000 r--s 00006000 08:06 14951052                   /home/jimmy/.m2/repository/org/apache/maven/shared/maven-invoker/2.0.11/maven-invoker-2.0.11.jar
7fdaec42d000-7fdaec42e000 r--s 00002000 08:06 45744165                   /home/jimmy/.m2/repository/org/apache/maven/doxia/doxia-logging-api/1.1.2/doxia-logging-api-1.1.2.jar
7fdaec42e000-7fdaec430000 r--s 00002000 08:06 45744164                   /home/jimmy/.m2/repository/org/apache/maven/doxia/doxia-sink-api/1.1.2/doxia-sink-api-1.1.2.jar
7fdaec430000-7fdaec432000 r--s 00004000 08:06 13640032                   /home/jimmy/.m2/repository/org/apache/maven/maven-archiver/2.5/maven-archiver-2.5.jar
7fdaec432000-7fdaec435000 r--s 0000c000 08:06 13768826                   /home/jimmy/.m2/repository/org/codehaus/plexus/plexus-io/2.0.2/plexus-io-2.0.2.jar
7fdaec435000-7fdaec43a000 r--s 00029000 08:06 13768825                   /home/jimmy/.m2/repository/org/codehaus/plexus/plexus-archiver/2.1/plexus-archiver-2.1.jar
7fdaec43a000-7fdaec43e000 r--s 00034000 08:06 42864480                   /home/jimmy/.m2/repository/org/codehaus/plexus/plexus-utils/3.0/plexus-utils-3.0.jar
7fdaec43e000-7fdaec440000 r--s 0000b000 08:06 45484524                   /home/jimmy/.m2/repository/org/apache/commons/commons-exec/1.1/commons-exec-1.1.jar
7fdaec440000-7fdaec442000 r--s 00007000 08:06 20453537                   /home/jimmy/.m2/repository/org/apache/maven/shared/maven-dependency-tree/1.2/maven-dependency-tree-1.2.jar
7fdaec442000-7fdaec444000 r--s 00002000 08:06 15208159                   /home/jimmy/.m2/repository/org/sonatype/plexus/plexus-cipher/1.4/plexus-cipher-1.4.jar
7fdaec444000-7fdaec445000 r--s 00006000 08:06 14950510                   /home/jimmy/.m2/repository/org/sonatype/plexus/plexus-sec-dispatcher/1.3/plexus-sec-dispatcher-1.3.jar
7fdaec445000-7fdaec447000 r--s 00000000 08:06 15338896                   /home/jimmy/.m2/repository/org/codehaus/plexus/plexus-component-annotations/1.5.5/plexus-component-annotations-1.5.5.jar
7fdaec447000-7fdaec449000 r--s 0000d000 08:06 14951110                   /home/jimmy/.m2/repository/org/codehaus/plexus/plexus-interpolation/1.14/plexus-interpolation-1.14.jar
7fdaec449000-7fdaec468000 r--s 00152000 08:06 18485946                   /home/jimmy/.m2/repository/org/sonatype/sisu/sisu-guava/0.9.9/sisu-guava-0.9.9.jar
7fdaec468000-7fdaec470000 r--s 00050000 08:06 14815884                   /home/jimmy/.m2/repository/org/sonatype/sisu/sisu-guice/3.1.0/sisu-guice-3.1.0-no_aop.jar
7fdaec470000-7fdaec477000 r--s 00040000 08:06 18225171                   /home/jimmy/.m2/repository/org/sonatype/sisu/sisu-inject-bean/2.3.0/sisu-inject-bean-2.3.0.jar
7fdaec477000-7fdaec47b000 r--s 0001c000 08:06 20190692                   /home/jimmy/.m2/repository/org/sonatype/aether/aether-util/1.13.1/aether-util-1.13.1.jar
7fdaec47b000-7fdaec47d000 r--s 00018000 08:06 22549821                   /home/jimmy/.m2/repository/net/alchim31/maven/scala-maven-plugin/3.1.5/scala-maven-plugin-3.1.5.jar
7fdaec47d000-7fdaec47f000 r--s 0000d000 08:06 42864477                   /home/jimmy/.m2/repository/org/codehaus/plexus/plexus-interpolation/1.13/plexus-interpolation-1.13.jar
7fdaec480000-7fdaec680000 rw-p 00000000 00:00 0 
7fdaec680000-7fdaec880000 rw-p 00000000 00:00 0 
7fdaec880000-7fdaec891000 r-xp 00000000 08:03 4067408                    /usr/lib/jvm/java-8-oracle/jre/lib/amd64/libnio.so
7fdaec891000-7fdaeca90000 ---p 00011000 08:03 4067408                    /usr/lib/jvm/java-8-oracle/jre/lib/amd64/libnio.so
7fdaeca90000-7fdaeca91000 rw-p 00010000 08:03 4067408                    /usr/lib/jvm/java-8-oracle/jre/lib/amd64/libnio.so
7fdaeca91000-7fdaecaa7000 r-xp 00000000 08:03 4067377                    /usr/lib/jvm/java-8-oracle/jre/lib/amd64/libnet.so
7fdaecaa7000-7fdaecca7000 ---p 00016000 08:03 4067377                    /usr/lib/jvm/java-8-oracle/jre/lib/amd64/libnet.so
7fdaecca7000-7fdaecca8000 rw-p 00016000 08:03 4067377                    /usr/lib/jvm/java-8-oracle/jre/lib/amd64/libnet.so
7fdaecca8000-7fdaecea8000 rw-p 00000000 00:00 0 
7fdaecea8000-7fdaed0a8000 rw-p 00000000 00:00 0 
7fdaed0a8000-7fdaed0c4000 r--s 00393000 08:03 3804526                    /usr/lib/jvm/java-8-oracle/jre/lib/ext/cldrdata.jar
7fdaed0c4000-7fdaed0c7000 r--s 0000a000 08:03 2504001                    /usr/share/maven3/boot/plexus-classworlds-2.5.1.jar
7fdaed0c7000-7fdaed0c8000 ---p 00000000 00:00 0 
7fdaed0c8000-7fdaed1c8000 rw-p 00000000 00:00 0 
7fdaed1c8000-7fdaed1cb000 ---p 00000000 00:00 0 
7fdaed1cb000-7fdaed2c9000 rw-p 00000000 00:00 0 
7fdaed2c9000-7fdaed2cc000 ---p 00000000 00:00 0 
7fdaed2cc000-7fdaed3ca000 rw-p 00000000 00:00 0 
7fdaed3ca000-7fdaed3cd000 ---p 00000000 00:00 0 
7fdaed3cd000-7fdaed4cb000 rw-p 00000000 00:00 0 
7fdaed4cb000-7fdaed4ce000 ---p 00000000 00:00 0 
7fdaed4ce000-7fdaed5cc000 rw-p 00000000 00:00 0 
7fdaed5cc000-7fdaed5cf000 ---p 00000000 00:00 0 
7fdaed5cf000-7fdaed6cd000 rw-p 00000000 00:00 0 
7fdaed6cd000-7fdaed844000 r--p 00000000 08:03 1722918                    /usr/lib/locale/locale-archive
7fdaed844000-7fdaed847000 ---p 00000000 00:00 0 
7fdaed847000-7fdaed945000 rw-p 00000000 00:00 0 
7fdaed945000-7fdaed948000 ---p 00000000 00:00 0 
7fdaed948000-7fdaeda46000 rw-p 00000000 00:00 0 
7fdaeda46000-7fdaeda47000 ---p 00000000 00:00 0 
7fdaeda47000-7fdaef7da000 rw-p 00000000 00:00 0 
7fdaef7da000-7fdaef9b0000 r--s 03cae000 08:03 3804497                    /usr/lib/jvm/java-8-oracle/jre/lib/rt.jar
7fdaef9b0000-7fdaf4000000 rw-p 00000000 00:00 0 
7fdaf4000000-7fdaf539a000 rw-p 00000000 00:00 0 
7fdaf539a000-7fdaf8000000 ---p 00000000 00:00 0 
7fdaf8000000-7fdaf8001000 r--s 00002000 08:06 14951018                   /home/jimmy/.m2/repository/org/apache/maven/reporting/maven-reporting-api/3.0/maven-reporting-api-3.0.jar
7fdaf8001000-7fdaf8002000 r--s 00001000 08:06 44042795                   /home/jimmy/.m2/repository/org/sonatype/plexus/plexus-build-api/0.0.4/plexus-build-api-0.0.4.jar
7fdaf8002000-7fdaf8004000 r--s 00009000 08:06 43649541                   /home/jimmy/.m2/repository/org/apache/maven/shared/maven-filtering/1.0/maven-filtering-1.0.jar
7fdaf8004000-7fdaf8008000 r--s 00033000 08:06 42864374                   /home/jimmy/.m2/repository/org/codehaus/plexus/plexus-utils/2.0.5/plexus-utils-2.0.5.jar
7fdaf8008000-7fdaf800b000 r--s 0001b000 08:06 40108244                   /home/jimmy/.m2/repository/junit/junit/3.8.1/junit-3.8.1.jar
7fdaf800b000-7fdaf800d000 r--s 00002000 08:06 42864491                   /home/jimmy/.m2/repository/org/codehaus/plexus/plexus-interactivity-api/1.0-alpha-4/plexus-interactivity-api-1.0-alpha-4.jar
7fdaf800d000-7fdaf800f000 r--s 00006000 08:06 42864490                   /home/jimmy/.m2/repository/commons-cli/commons-cli/1.0/commons-cli-1.0.jar
7fdaf800f000-7fdaf8010000 r--s 00001000 08:06 42864489                   /home/jimmy/.m2/repository/org/apache/maven/doxia/doxia-sink-api/1.0-alpha-7/doxia-sink-api-1.0-alpha-7.jar
7fdaf8010000-7fdaf8011000 r--s 00002000 08:06 42864488                   /home/jimmy/.m2/repository/org/apache/maven/reporting/maven-reporting-api/2.0.6/maven-reporting-api-2.0.6.jar
7fdaf8011000-7fdaf8013000 r--s 00005000 08:06 41552779                   /home/jimmy/.m2/repository/org/apache/maven/plugins/maven-resources-plugin/2.5/maven-resources-plugin-2.5.jar
7fdaf8013000-7fdaf8017000 r--s 00094000 08:03 3804638                    /usr/lib/jvm/java-8-oracle/jre/lib/jsse.jar
7fdaf8017000-7fdaf8022000 r--s 00116000 08:03 3804523                    /usr/lib/jvm/java-8-oracle/jre/lib/ext/localedata.jar
7fdaf8022000-7fdaf8024000 r--s 00005000 08:03 2503983                    /usr/share/maven3/lib/maven-repository-metadata-3.2.1.jar
7fdaf8024000-7fdaf8025000 r--s 00006000 08:03 2503948                    /usr/share/maven3/lib/plexus-sec-dispatcher-1.3.jar
7fdaf8025000-7fdaf8027000 r--s 0000a000 08:03 2503952                    /usr/share/maven3/lib/maven-plugin-api-3.2.1.jar
7fdaf8027000-7fdaf8029000 r--s 00009000 08:03 2503980                    /usr/share/maven3/lib/commons-cli-1.2.jar
7fdaf8029000-7fdaf802f000 r--s 00042000 08:03 2503985                    /usr/share/maven3/lib/org.eclipse.sisu.inject-0.0.0.M5.jar
7fdaf802f000-7fdaf8037000 r--s 00050000 08:03 2503963                    /usr/share/maven3/lib/sisu-guice-3.1.3-no_aop.jar
7fdaf8037000-7fdaf803b000 r--s 00020000 08:03 2503961                    /usr/share/maven3/lib/aether-impl-0.9.0.M2.jar
7fdaf803b000-7fdaf803d000 r--s 00002000 08:03 2503972                    /usr/share/maven3/lib/plexus-cipher-1.7.jar
7fdaf803d000-7fdaf8040000 r--s 00025000 08:03 2503960                    /usr/share/maven3/lib/maven-model-3.2.1.jar
7fdaf8040000-7fdaf805f000 r--s 00134000 08:03 2503956                    /usr/share/maven3/lib/wagon-http-2.6-shaded.jar
7fdaf805f000-7fdaf8061000 r--s 0000b000 08:03 2503995                    /usr/share/maven3/lib/wagon-provider-api-2.6.jar
7fdaf8061000-7fdaf8063000 r--s 00000000 08:03 2503957                    /usr/share/maven3/lib/plexus-component-annotations-1.5.5.jar
7fdaf8063000-7fdaf8068000 r--s 00024000 08:03 2503994                    /usr/share/maven3/lib/maven-model-builder-3.2.1.jar
7fdaf8068000-7fdaf8069000 r--s 00001000 08:03 2503965                    /usr/share/maven3/lib/jsr250-api-1.0.jar
7fdaf8069000-7fdaf806d000 r--s 00027000 08:03 2503947                    /usr/share/maven3/lib/commons-io-2.2.jar
7fdaf806d000-7fdaf806e000 r--s 00002000 08:03 2503949                    /usr/share/maven3/lib/wagon-file-2.6.jar
7fdaf806e000-7fdaf806f000 r--s 00002000 08:03 2503984                    /usr/share/maven3/lib/slf4j-simple-1.7.5.jar
7fdaf806f000-7fdaf8072000 r--s 00008000 08:03 2503958                    /usr/share/maven3/lib/cdi-api-1.0.jar
7fdaf8072000-7fdaf8073000 r--s 00002000 08:03 2503998                    /usr/share/maven3/lib/wagon-http-shared-2.6.jar
7fdaf8073000-7fdaf8077000 r--s 0003a000 08:03 2503993                    /usr/share/maven3/lib/plexus-utils-3.0.17.jar
7fdaf8077000-7fdaf807d000 r--s 0002a000 08:03 2503945                    /usr/share/maven3/lib/org.eclipse.sisu.plexus-0.0.0.M5.jar
7fdaf807d000-7fdaf8080000 r--s 0000d000 08:03 2503966                    /usr/share/maven3/lib/plexus-interpolation-1.19.jar
7fdaf8080000-7fdaf8082000 r--s 00009000 08:03 2503964                    /usr/share/maven3/lib/maven-settings-builder-3.2.1.jar
7fdaf8082000-7fdaf8086000 r--s 0001d000 08:03 2503978                    /usr/share/maven3/lib/aether-util-0.9.0.M2.jar
7fdaf8086000-7fdaf8088000 r--s 00000000 08:03 2503969                    /usr/share/maven3/lib/aopalliance-1.0.jar
7fdaf8088000-7fdaf808d000 r--s 00041000 08:03 2503989                    /usr/share/maven3/lib/commons-lang-2.6.jar
7fdaf808d000-7fdaf808f000 r--s 00007000 08:03 2503962                    /usr/share/maven3/lib/aether-connector-wagon-0.9.0.M2.jar
7fdaf808f000-7fdaf8091000 r--s 0000d000 08:03 2503967                    /usr/share/maven3/lib/maven-embedder-3.2.1.jar
7fdaf8091000-7fdaf8093000 r--s 00003000 08:03 2503955                    /usr/share/maven3/lib/aether-spi-0.9.0.M2.jar
7fdaf8093000-7fdaf8097000 r--s 0001d000 08:03 2503946                    /usr/share/maven3/lib/aether-api-0.9.0.M2.jar
7fdaf8097000-7fdaf809e000 r--s 0003f000 08:03 2503973                    /usr/share/maven3/lib/maven-compat-3.2.1.jar
7fdaf809e000-7fdaf84f9000 rw-p 00000000 00:00 0 
7fdaf84f9000-7fdaf84fa000 ---p 00000000 00:00 0 
7fdaf84fa000-7fdaf85fa000 rw-p 00000000 00:00 0 
7fdaf85fa000-7fdaf85fb000 ---p 00000000 00:00 0 
7fdaf85fb000-7fdaf86fb000 rw-p 00000000 00:00 0 
7fdaf86fb000-7fdaf86fc000 ---p 00000000 00:00 0 
7fdaf86fc000-7fdaf87fc000 rw-p 00000000 00:00 0 
7fdaf87fc000-7fdaf87fd000 ---p 00000000 00:00 0 
7fdaf87fd000-7fdaf88fd000 rw-p 00000000 00:00 0 
7fdaf88fd000-7fdaf88fe000 ---p 00000000 00:00 0 
7fdaf88fe000-7fdaf89fe000 rw-p 00000000 00:00 0 
7fdaf89fe000-7fdaf89ff000 ---p 00000000 00:00 0 
7fdaf89ff000-7fdaf8aff000 rw-p 00000000 00:00 0 
7fdaf8aff000-7fdaf8b00000 ---p 00000000 00:00 0 
7fdaf8b00000-7fdaf8c00000 rw-p 00000000 00:00 0 
7fdaf8c00000-7fdaf8c01000 ---p 00000000 00:00 0 
7fdaf8c01000-7fdaf8d3f000 rw-p 00000000 00:00 0 
7fdaf8d3f000-7fdaf8f9a000 ---p 00000000 00:00 0 
7fdaf8f9a000-7fdaf8fd8000 rw-p 00000000 00:00 0 
7fdaf8fd8000-7fdaf9232000 ---p 00000000 00:00 0 
7fdaf9232000-7fdaf92bb000 rw-p 00000000 00:00 0 
7fdaf92bb000-7fdaf937f000 ---p 00000000 00:00 0 
7fdaf937f000-7fdaf93c0000 rw-p 00000000 00:00 0 
7fdaf93c0000-7fdaf9740000 ---p 00000000 00:00 0 
7fdaf9740000-7fdafa720000 rwxp 00000000 00:00 0 
7fdafa720000-7fdb08740000 ---p 00000000 00:00 0 
7fdb08740000-7fdb0875a000 r-xp 00000000 08:03 4067380                    /usr/lib/jvm/java-8-oracle/jre/lib/amd64/libzip.so
7fdb0875a000-7fdb0895a000 ---p 0001a000 08:03 4067380                    /usr/lib/jvm/java-8-oracle/jre/lib/amd64/libzip.so
7fdb0895a000-7fdb0895b000 rw-p 0001a000 08:03 4067380                    /usr/lib/jvm/java-8-oracle/jre/lib/amd64/libzip.so
7fdb0895b000-7fdb08966000 r-xp 00000000 08:03 5767406                    /lib/x86_64-linux-gnu/libnss_files-2.13.so
7fdb08966000-7fdb08b65000 ---p 0000b000 08:03 5767406                    /lib/x86_64-linux-gnu/libnss_files-2.13.so
7fdb08b65000-7fdb08b66000 r--p 0000a000 08:03 5767406                    /lib/x86_64-linux-gnu/libnss_files-2.13.so
7fdb08b66000-7fdb08b67000 rw-p 0000b000 08:03 5767406                    /lib/x86_64-linux-gnu/libnss_files-2.13.so
7fdb08b67000-7fdb08b71000 r-xp 00000000 08:03 5767666                    /lib/x86_64-linux-gnu/libnss_nis-2.13.so
7fdb08b71000-7fdb08d70000 ---p 0000a000 08:03 5767666                    /lib/x86_64-linux-gnu/libnss_nis-2.13.so
7fdb08d70000-7fdb08d71000 r--p 00009000 08:03 5767666                    /lib/x86_64-linux-gnu/libnss_nis-2.13.so
7fdb08d71000-7fdb08d72000 rw-p 0000a000 08:03 5767666                    /lib/x86_64-linux-gnu/libnss_nis-2.13.so
7fdb08d72000-7fdb08d87000 r-xp 00000000 08:03 5767426                    /lib/x86_64-linux-gnu/libnsl-2.13.so
7fdb08d87000-7fdb08f86000 ---p 00015000 08:03 5767426                    /lib/x86_64-linux-gnu/libnsl-2.13.so
7fdb08f86000-7fdb08f87000 r--p 00014000 08:03 5767426                    /lib/x86_64-linux-gnu/libnsl-2.13.so
7fdb08f87000-7fdb08f88000 rw-p 00015000 08:03 5767426                    /lib/x86_64-linux-gnu/libnsl-2.13.so
7fdb08f88000-7fdb08f8a000 rw-p 00000000 00:00 0 
7fdb08f8a000-7fdb08f91000 r-xp 00000000 08:03 5767677                    /lib/x86_64-linux-gnu/libnss_compat-2.13.so
7fdb08f91000-7fdb09190000 ---p 00007000 08:03 5767677                    /lib/x86_64-linux-gnu/libnss_compat-2.13.so
7fdb09190000-7fdb09191000 r--p 00006000 08:03 5767677                    /lib/x86_64-linux-gnu/libnss_compat-2.13.so
7fdb09191000-7fdb09192000 rw-p 00007000 08:03 5767677                    /lib/x86_64-linux-gnu/libnss_compat-2.13.so
7fdb09192000-7fdb091bc000 r-xp 00000000 08:03 4067392                    /usr/lib/jvm/java-8-oracle/jre/lib/amd64/libjava.so
7fdb091bc000-7fdb093bc000 ---p 0002a000 08:03 4067392                    /usr/lib/jvm/java-8-oracle/jre/lib/amd64/libjava.so
7fdb093bc000-7fdb093be000 rw-p 0002a000 08:03 4067392                    /usr/lib/jvm/java-8-oracle/jre/lib/amd64/libjava.so
7fdb093be000-7fdb093cb000 r-xp 00000000 08:03 4067365                    /usr/lib/jvm/java-8-oracle/jre/lib/amd64/libverify.so
7fdb093cb000-7fdb095cb000 ---p 0000d000 08:03 4067365                    /usr/lib/jvm/java-8-oracle/jre/lib/amd64/libverify.so
7fdb095cb000-7fdb095cd000 rw-p 0000d000 08:03 4067365                    /usr/lib/jvm/java-8-oracle/jre/lib/amd64/libverify.so
7fdb095cd000-7fdb095d4000 r-xp 00000000 08:03 5767631                    /lib/x86_64-linux-gnu/librt-2.13.so
7fdb095d4000-7fdb097d3000 ---p 00007000 08:03 5767631                    /lib/x86_64-linux-gnu/librt-2.13.so
7fdb097d3000-7fdb097d4000 r--p 00006000 08:03 5767631                    /lib/x86_64-linux-gnu/librt-2.13.so
7fdb097d4000-7fdb097d5000 rw-p 00007000 08:03 5767631                    /lib/x86_64-linux-gnu/librt-2.13.so
7fdb097d5000-7fdb09856000 r-xp 00000000 08:03 5767422                    /lib/x86_64-linux-gnu/libm-2.13.so
7fdb09856000-7fdb09a55000 ---p 00081000 08:03 5767422                    /lib/x86_64-linux-gnu/libm-2.13.so
7fdb09a55000-7fdb09a56000 r--p 00080000 08:03 5767422                    /lib/x86_64-linux-gnu/libm-2.13.so
7fdb09a56000-7fdb09a57000 rw-p 00081000 08:03 5767422                    /lib/x86_64-linux-gnu/libm-2.13.so
7fdb09a57000-7fdb0a6c5000 r-xp 00000000 08:03 4067394                    /usr/lib/jvm/java-8-oracle/jre/lib/amd64/server/libjvm.so
7fdb0a6c5000-7fdb0a8c4000 ---p 00c6e000 08:03 4067394                    /usr/lib/jvm/java-8-oracle/jre/lib/amd64/server/libjvm.so
7fdb0a8c4000-7fdb0a99a000 rw-p 00c6d000 08:03 4067394                    /usr/lib/jvm/java-8-oracle/jre/lib/amd64/server/libjvm.so
7fdb0a99a000-7fdb0a9dd000 rw-p 00000000 00:00 0 
7fdb0a9dd000-7fdb0ab5f000 r-xp 00000000 08:03 5767628                    /lib/x86_64-linux-gnu/libc-2.13.so
7fdb0ab5f000-7fdb0ad5f000 ---p 00182000 08:03 5767628                    /lib/x86_64-linux-gnu/libc-2.13.so
7fdb0ad5f000-7fdb0ad63000 r--p 00182000 08:03 5767628                    /lib/x86_64-linux-gnu/libc-2.13.so
7fdb0ad63000-7fdb0ad64000 rw-p 00186000 08:03 5767628                    /lib/x86_64-linux-gnu/libc-2.13.so
7fdb0ad64000-7fdb0ad69000 rw-p 00000000 00:00 0 
7fdb0ad69000-7fdb0ad6b000 r-xp 00000000 08:03 5767634                    /lib/x86_64-linux-gnu/libdl-2.13.so
7fdb0ad6b000-7fdb0af6b000 ---p 00002000 08:03 5767634                    /lib/x86_64-linux-gnu/libdl-2.13.so
7fdb0af6b000-7fdb0af6c000 r--p 00002000 08:03 5767634                    /lib/x86_64-linux-gnu/libdl-2.13.so
7fdb0af6c000-7fdb0af6d000 rw-p 00003000 08:03 5767634                    /lib/x86_64-linux-gnu/libdl-2.13.so
7fdb0af6d000-7fdb0af82000 r-xp 00000000 08:03 3541631                    /usr/lib/jvm/java-8-oracle/lib/amd64/jli/libjli.so
7fdb0af82000-7fdb0b181000 ---p 00015000 08:03 3541631                    /usr/lib/jvm/java-8-oracle/lib/amd64/jli/libjli.so
7fdb0b181000-7fdb0b182000 rw-p 00014000 08:03 3541631                    /usr/lib/jvm/java-8-oracle/lib/amd64/jli/libjli.so
7fdb0b182000-7fdb0b199000 r-xp 00000000 08:03 5767685                    /lib/x86_64-linux-gnu/libpthread-2.13.so
7fdb0b199000-7fdb0b398000 ---p 00017000 08:03 5767685                    /lib/x86_64-linux-gnu/libpthread-2.13.so
7fdb0b398000-7fdb0b399000 r--p 00016000 08:03 5767685                    /lib/x86_64-linux-gnu/libpthread-2.13.so
7fdb0b399000-7fdb0b39a000 rw-p 00017000 08:03 5767685                    /lib/x86_64-linux-gnu/libpthread-2.13.so
7fdb0b39a000-7fdb0b39e000 rw-p 00000000 00:00 0 
7fdb0b39e000-7fdb0b3be000 r-xp 00000000 08:03 5767641                    /lib/x86_64-linux-gnu/ld-2.13.so
7fdb0b3be000-7fdb0b3bf000 r--s 00000000 08:03 2503997                    /usr/share/maven3/lib/javax.inject-1.jar
7fdb0b3bf000-7fdb0b3e8000 r--s 001ee000 08:03 2503975                    /usr/share/maven3/lib/guava-14.0.1.jar
7fdb0b3e8000-7fdb0b3ee000 r--s 00042000 08:03 2503950                    /usr/share/maven3/lib/jsoup-1.7.2.jar
7fdb0b3ee000-7fdb0b498000 rw-p 00000000 00:00 0 
7fdb0b498000-7fdb0b49b000 ---p 00000000 00:00 0 
7fdb0b49b000-7fdb0b59d000 rw-p 00000000 00:00 0 
7fdb0b59d000-7fdb0b59f000 r--s 00005000 08:03 2503986                    /usr/share/maven3/lib/slf4j-api-1.7.5.jar
7fdb0b59f000-7fdb0b5a0000 r--s 0000e000 08:03 2503954                    /usr/share/maven3/lib/maven-aether-provider-3.2.1.jar
7fdb0b5a0000-7fdb0b5a3000 r--s 0000b000 08:03 2503992                    /usr/share/maven3/lib/maven-artifact-3.2.1.jar
7fdb0b5a3000-7fdb0b5af000 r--s 00081000 08:03 2503987                    /usr/share/maven3/lib/maven-core-3.2.1.jar
7fdb0b5af000-7fdb0b5b1000 r--s 00009000 08:03 2503970                    /usr/share/maven3/lib/maven-settings-3.2.1.jar
7fdb0b5b1000-7fdb0b5b9000 rw-s 00000000 08:03 4850083                    /tmp/hsperfdata_jimmy/27891
7fdb0b5b9000-7fdb0b5ba000 rw-p 00000000 00:00 0 
7fdb0b5ba000-7fdb0b5bb000 r--p 00000000 00:00 0 
7fdb0b5bb000-7fdb0b5bd000 rw-p 00000000 00:00 0 
7fdb0b5bd000-7fdb0b5be000 r--p 0001f000 08:03 5767641                    /lib/x86_64-linux-gnu/ld-2.13.so
7fdb0b5be000-7fdb0b5bf000 rw-p 00020000 08:03 5767641                    /lib/x86_64-linux-gnu/ld-2.13.so
7fdb0b5bf000-7fdb0b5c0000 rw-p 00000000 00:00 0 
7fffee066000-7fffee087000 rw-p 00000000 00:00 0                          [stack]
7fffee1ff000-7fffee200000 r-xp 00000000 00:00 0                          [vdso]
ffffffffff600000-ffffffffff601000 r-xp 00000000 00:00 0                  [vsyscall]

VM Arguments:
jvm_args: -Dclassworlds.conf=/usr/share/maven3/bin/m2.conf -Dmaven.home=/usr/share/maven3 
java_command: org.codehaus.plexus.classworlds.launcher.Launcher spring-boot:run
java_class_path (initial): /usr/share/maven3/boot/plexus-classworlds-2.5.1.jar
Launcher Type: SUN_STANDARD

Environment Variables:
JAVA_HOME=/usr/lib/jvm/java-8-oracle/bin/java
PATH=/usr/local/bin:/usr/bin:/bin:/usr/local/games:/usr/games:/usr/lib/jvm/java-8-oracle/bin:/usr/lib/jvm/java-8-oracle/db/bin:/usr/lib/jvm/java-8-oracle/jre/bin
SHELL=/bin/bash
DISPLAY=:0

Signal Handlers:
SIGSEGV: [libjvm.so+0xa7a650], sa_mask[0]=11111111011111111101111111111110, sa_flags=SA_RESTART|SA_SIGINFO
SIGBUS: [libjvm.so+0xa7a650], sa_mask[0]=11111111011111111101111111111110, sa_flags=SA_RESTART|SA_SIGINFO
SIGFPE: [libjvm.so+0x8e28f0], sa_mask[0]=11111111011111111101111111111110, sa_flags=SA_RESTART|SA_SIGINFO
SIGPIPE: [libjvm.so+0x8e28f0], sa_mask[0]=11111111011111111101111111111110, sa_flags=SA_RESTART|SA_SIGINFO
SIGXFSZ: [libjvm.so+0x8e28f0], sa_mask[0]=11111111011111111101111111111110, sa_flags=SA_RESTART|SA_SIGINFO
SIGILL: [libjvm.so+0x8e28f0], sa_mask[0]=11111111011111111101111111111110, sa_flags=SA_RESTART|SA_SIGINFO
SIGUSR1: SIG_DFL, sa_mask[0]=00000000000000000000000000000000, sa_flags=none
SIGUSR2: [libjvm.so+0x8e4120], sa_mask[0]=00000000000000000000000000000000, sa_flags=SA_RESTART|SA_SIGINFO
SIGHUP: [libjvm.so+0x8e54e0], sa_mask[0]=11111111011111111101111111111110, sa_flags=SA_RESTART|SA_SIGINFO
SIGINT: [libjvm.so+0x8e54e0], sa_mask[0]=11111111011111111101111111111110, sa_flags=SA_RESTART|SA_SIGINFO
SIGTERM: [libjvm.so+0x8e54e0], sa_mask[0]=11111111011111111101111111111110, sa_flags=SA_RESTART|SA_SIGINFO
SIGQUIT: [libjvm.so+0x8e54e0], sa_mask[0]=11111111011111111101111111111110, sa_flags=SA_RESTART|SA_SIGINFO


---------------  S Y S T E M  ---------------

OS:PRETTY_NAME="Debian GNU/Linux 7 (wheezy)"
NAME="Debian GNU/Linux"
VERSION_ID="7"
VERSION="7 (wheezy)"
ID=debian
ANSI_COLOR="1;31"
HOME_URL="http://www.debian.org/"
SUPPORT_URL="http://www.debian.org/support/"
BUG_REPORT_URL="http://bugs.debian.org/"

uname:Linux 3.2.0-4-amd64 #1 SMP Debian 3.2.65-1+deb7u1 x86_64
libc:glibc 2.13 NPTL 2.13 
rlimit: STACK 8192k, CORE 0k, NPROC 63691, NOFILE 4096, AS infinity
load average:0.72 0.62 0.67

/proc/meminfo:
MemTotal:        8164604 kB
MemFree:         1737616 kB
Buffers:          188952 kB
Cached:          2016508 kB
SwapCached:         4276 kB
Active:          3753548 kB
Inactive:        1858532 kB
Active(anon):    2710572 kB
Inactive(anon):   749496 kB
Active(file):    1042976 kB
Inactive(file):  1109036 kB
Unevictable:           0 kB
Mlocked:               0 kB
SwapTotal:      15623176 kB
SwapFree:       15598880 kB
Dirty:               340 kB
Writeback:             0 kB
AnonPages:       3403268 kB
Mapped:           255376 kB
Shmem:             53436 kB
Slab:             659028 kB
SReclaimable:     605852 kB
SUnreclaim:        53176 kB
KernelStack:        6416 kB
PageTables:        60096 kB
NFS_Unstable:          0 kB
Bounce:                0 kB
WritebackTmp:          0 kB
CommitLimit:    19705476 kB
Committed_AS:    8540404 kB
VmallocTotal:   34359738367 kB
VmallocUsed:      131032 kB
VmallocChunk:   34359604220 kB
HardwareCorrupted:     0 kB
AnonHugePages:         0 kB
HugePages_Total:       0
HugePages_Free:        0
HugePages_Rsvd:        0
HugePages_Surp:        0
Hugepagesize:       2048 kB
DirectMap4k:      182272 kB
DirectMap2M:     8181760 kB


CPU:total 8 (4 cores per cpu, 2 threads per core) family 6 model 42 stepping 7, cmov, cx8, fxsr, mmx, sse, sse2, sse3, ssse3, sse4.1, sse4.2, popcnt, avx, aes, clmul, ht, tsc, tscinvbit

/proc/cpuinfo:
processor	: 0
vendor_id	: GenuineIntel
cpu family	: 6
model		: 42
model name	: Intel(R) Core(TM) i7-2600 CPU @ 3.40GHz
stepping	: 7
microcode	: 0x25
cpu MHz		: 1900.000
cache size	: 8192 KB
physical id	: 0
siblings	: 8
core id		: 0
cpu cores	: 4
apicid		: 0
initial apicid	: 0
fpu		: yes
fpu_exception	: yes
cpuid level	: 13
wp		: yes
flags		: fpu vme de pse tsc msr pae mce cx8 apic sep mtrr pge mca cmov pat pse36 clflush dts acpi mmx fxsr sse sse2 ss ht tm pbe syscall nx rdtscp lm constant_tsc arch_perfmon pebs bts rep_good nopl xtopology nonstop_tsc aperfmperf pni pclmulqdq dtes64 monitor ds_cpl vmx smx est tm2 ssse3 cx16 xtpr pdcm pcid sse4_1 sse4_2 x2apic popcnt tsc_deadline_timer aes xsave avx lahf_lm ida arat epb xsaveopt pln pts dtherm tpr_shadow vnmi flexpriority ept vpid
bogomips	: 6822.55
clflush size	: 64
cache_alignment	: 64
address sizes	: 36 bits physical, 48 bits virtual
power management:

processor	: 1
vendor_id	: GenuineIntel
cpu family	: 6
model		: 42
model name	: Intel(R) Core(TM) i7-2600 CPU @ 3.40GHz
stepping	: 7
microcode	: 0x25
cpu MHz		: 1600.000
cache size	: 8192 KB
physical id	: 0
siblings	: 8
core id		: 1
cpu cores	: 4
apicid		: 2
initial apicid	: 2
fpu		: yes
fpu_exception	: yes
cpuid level	: 13
wp		: yes
flags		: fpu vme de pse tsc msr pae mce cx8 apic sep mtrr pge mca cmov pat pse36 clflush dts acpi mmx fxsr sse sse2 ss ht tm pbe syscall nx rdtscp lm constant_tsc arch_perfmon pebs bts rep_good nopl xtopology nonstop_tsc aperfmperf pni pclmulqdq dtes64 monitor ds_cpl vmx smx est tm2 ssse3 cx16 xtpr pdcm pcid sse4_1 sse4_2 x2apic popcnt tsc_deadline_timer aes xsave avx lahf_lm ida arat epb xsaveopt pln pts dtherm tpr_shadow vnmi flexpriority ept vpid
bogomips	: 6822.07
clflush size	: 64
cache_alignment	: 64
address sizes	: 36 bits physical, 48 bits virtual
power management:

processor	: 2
vendor_id	: GenuineIntel
cpu family	: 6
model		: 42
model name	: Intel(R) Core(TM) i7-2600 CPU @ 3.40GHz
stepping	: 7
microcode	: 0x25
cpu MHz		: 1600.000
cache size	: 8192 KB
physical id	: 0
siblings	: 8
core id		: 2
cpu cores	: 4
apicid		: 4
initial apicid	: 4
fpu		: yes
fpu_exception	: yes
cpuid level	: 13
wp		: yes
flags		: fpu vme de pse tsc msr pae mce cx8 apic sep mtrr pge mca cmov pat pse36 clflush dts acpi mmx fxsr sse sse2 ss ht tm pbe syscall nx rdtscp lm constant_tsc arch_perfmon pebs bts rep_good nopl xtopology nonstop_tsc aperfmperf pni pclmulqdq dtes64 monitor ds_cpl vmx smx est tm2 ssse3 cx16 xtpr pdcm pcid sse4_1 sse4_2 x2apic popcnt tsc_deadline_timer aes xsave avx lahf_lm ida arat epb xsaveopt pln pts dtherm tpr_shadow vnmi flexpriority ept vpid
bogomips	: 6822.08
clflush size	: 64
cache_alignment	: 64
address sizes	: 36 bits physical, 48 bits virtual
power management:

processor	: 3
vendor_id	: GenuineIntel
cpu family	: 6
model		: 42
model name	: Intel(R) Core(TM) i7-2600 CPU @ 3.40GHz
stepping	: 7
microcode	: 0x25
cpu MHz		: 3401.000
cache size	: 8192 KB
physical id	: 0
siblings	: 8
core id		: 3
cpu cores	: 4
apicid		: 6
initial apicid	: 6
fpu		: yes
fpu_exception	: yes
cpuid level	: 13
wp		: yes
flags		: fpu vme de pse tsc msr pae mce cx8 apic sep mtrr pge mca cmov pat pse36 clflush dts acpi mmx fxsr sse sse2 ss ht tm pbe syscall nx rdtscp lm constant_tsc arch_perfmon pebs bts rep_good nopl xtopology nonstop_tsc aperfmperf pni pclmulqdq dtes64 monitor ds_cpl vmx smx est tm2 ssse3 cx16 xtpr pdcm pcid sse4_1 sse4_2 x2apic popcnt tsc_deadline_timer aes xsave avx lahf_lm ida arat epb xsaveopt pln pts dtherm tpr_shadow vnmi flexpriority ept vpid
bogomips	: 6822.07
clflush size	: 64
cache_alignment	: 64
address sizes	: 36 bits physical, 48 bits virtual
power management:

processor	: 4
vendor_id	: GenuineIntel
cpu family	: 6
model		: 42
model name	: Intel(R) Core(TM) i7-2600 CPU @ 3.40GHz
stepping	: 7
microcode	: 0x25
cpu MHz		: 1600.000
cache size	: 8192 KB
physical id	: 0
siblings	: 8
core id		: 0
cpu cores	: 4
apicid		: 1
initial apicid	: 1
fpu		: yes
fpu_exception	: yes
cpuid level	: 13
wp		: yes
flags		: fpu vme de pse tsc msr pae mce cx8 apic sep mtrr pge mca cmov pat pse36 clflush dts acpi mmx fxsr sse sse2 ss ht tm pbe syscall nx rdtscp lm constant_tsc arch_perfmon pebs bts rep_good nopl xtopology nonstop_tsc aperfmperf pni pclmulqdq dtes64 monitor ds_cpl vmx smx est tm2 ssse3 cx16 xtpr pdcm pcid sse4_1 sse4_2 x2apic popcnt tsc_deadline_timer aes xsave avx lahf_lm ida arat epb xsaveopt pln pts dtherm tpr_shadow vnmi flexpriority ept vpid
bogomips	: 6822.07
clflush size	: 64
cache_alignment	: 64
address sizes	: 36 bits physical, 48 bits virtual
power management:

processor	: 5
vendor_id	: GenuineIntel
cpu family	: 6
model		: 42
model name	: Intel(R) Core(TM) i7-2600 CPU @ 3.40GHz
stepping	: 7
microcode	: 0x25
cpu MHz		: 1600.000
cache size	: 8192 KB
physical id	: 0
siblings	: 8
core id		: 1
cpu cores	: 4
apicid		: 3
initial apicid	: 3
fpu		: yes
fpu_exception	: yes
cpuid level	: 13
wp		: yes
flags		: fpu vme de pse tsc msr pae mce cx8 apic sep mtrr pge mca cmov pat pse36 clflush dts acpi mmx fxsr sse sse2 ss ht tm pbe syscall nx rdtscp lm constant_tsc arch_perfmon pebs bts rep_good nopl xtopology nonstop_tsc aperfmperf pni pclmulqdq dtes64 monitor ds_cpl vmx smx est tm2 ssse3 cx16 xtpr pdcm pcid sse4_1 sse4_2 x2apic popcnt tsc_deadline_timer aes xsave avx lahf_lm ida arat epb xsaveopt pln pts dtherm tpr_shadow vnmi flexpriority ept vpid
bogomips	: 6822.07
clflush size	: 64
cache_alignment	: 64
address sizes	: 36 bits physical, 48 bits virtual
power management:

processor	: 6
vendor_id	: GenuineIntel
cpu family	: 6
model		: 42
model name	: Intel(R) Core(TM) i7-2600 CPU @ 3.40GHz
stepping	: 7
microcode	: 0x25
cpu MHz		: 1600.000
cache size	: 8192 KB
physical id	: 0
siblings	: 8
core id		: 2
cpu cores	: 4
apicid		: 5
initial apicid	: 5
fpu		: yes
fpu_exception	: yes
cpuid level	: 13
wp		: yes
flags		: fpu vme de pse tsc msr pae mce cx8 apic sep mtrr pge mca cmov pat pse36 clflush dts acpi mmx fxsr sse sse2 ss ht tm pbe syscall nx rdtscp lm constant_tsc arch_perfmon pebs bts rep_good nopl xtopology nonstop_tsc aperfmperf pni pclmulqdq dtes64 monitor ds_cpl vmx smx est tm2 ssse3 cx16 xtpr pdcm pcid sse4_1 sse4_2 x2apic popcnt tsc_deadline_timer aes xsave avx lahf_lm ida arat epb xsaveopt pln pts dtherm tpr_shadow vnmi flexpriority ept vpid
bogomips	: 6822.08
clflush size	: 64
cache_alignment	: 64
address sizes	: 36 bits physical, 48 bits virtual
power management:

processor	: 7
vendor_id	: GenuineIntel
cpu family	: 6
model		: 42
model name	: Intel(R) Core(TM) i7-2600 CPU @ 3.40GHz
stepping	: 7
microcode	: 0x25
cpu MHz		: 1600.000
cache size	: 8192 KB
physical id	: 0
siblings	: 8
core id		: 3
cpu cores	: 4
apicid		: 7
initial apicid	: 7
fpu		: yes
fpu_exception	: yes
cpuid level	: 13
wp		: yes
flags		: fpu vme de pse tsc msr pae mce cx8 apic sep mtrr pge mca cmov pat pse36 clflush dts acpi mmx fxsr sse sse2 ss ht tm pbe syscall nx rdtscp lm constant_tsc arch_perfmon pebs bts rep_good nopl xtopology nonstop_tsc aperfmperf pni pclmulqdq dtes64 monitor ds_cpl vmx smx est tm2 ssse3 cx16 xtpr pdcm pcid sse4_1 sse4_2 x2apic popcnt tsc_deadline_timer aes xsave avx lahf_lm ida arat epb xsaveopt pln pts dtherm tpr_shadow vnmi flexpriority ept vpid
bogomips	: 6822.07
clflush size	: 64
cache_alignment	: 64
address sizes	: 36 bits physical, 48 bits virtual
power management:



Memory: 4k page, physical 8164604k(1737616k free), swap 15623176k(15598880k free)

vm_info: Java HotSpot(TM) 64-Bit Server VM (25.31-b07) for linux-amd64 JRE (1.8.0_31-b13), built on Dec 17 2014 20:40:15 by "java_re" with gcc 4.3.0 20080428 (Red Hat 4.3.0-8)

time: Mon Feb 16 02:03:56 2015
elapsed time: 23 seconds (0d 0h 0m 23s)

