#
# A fatal error has been detected by the Java Runtime Environment:
#
#  SIGSEGV (0xb) at pc=0x00007f60e5ce0d9d, pid=26555, tid=140054149043968
#
# JRE version: Java(TM) SE Runtime Environment (8.0_31-b13) (build 1.8.0_31-b13)
# Java VM: Java HotSpot(TM) 64-Bit Server VM (25.31-b07 mixed mode linux-amd64 compressed oops)
# Problematic frame:
# C  [librxtxSerial.so+0x6d9d]  read_byte_array+0x3d
#
# Failed to write core dump. Core dumps have been disabled. To enable core dumping, try "ulimit -c unlimited" before starting Java again
#
# If you would like to submit a bug report, please visit:
#   http://bugreport.java.com/bugreport/crash.jsp
# The crash happened outside the Java Virtual Machine in native code.
# See problematic frame for where to report the bug.
#

---------------  T H R E A D  ---------------

Current thread (0x0000000001fff800):  JavaThread "Thread-5" [_thread_in_native, id=26640, stack(0x00007f60e5bd9000,0x00007f60e5cda000)]

siginfo: si_signo: 11 (SIGSEGV), si_code: 1 (SEGV_MAPERR), si_addr: 0xffffffffe5cd86d8

Registers:
RAX=0xffffffffe5cd86d0, RBX=0x0000000001d95140, RCX=0x0000000000000001, RDX=0x00007f6110080200
RSP=0x00007f60e5cd7a40, RBP=0x0000000001fff9e8, RSI=0x00007f60e5ce3b25, RDI=0x00007f60e5ce3a9f
R8 =0x0000000000000009, R9 =0x00000000dd919170, R10=0x000000000000010a, R11=0x00007f61100847c8
R12=0xffffffffffffffff, R13=0x0000000000000001, R14=0x00000000000000c1, R15=0x00000000ffffffff
RIP=0x00007f60e5ce0d9d, EFLAGS=0x0000000000010202, CSGSFS=0x0000000000000033, ERR=0x0000000000000005
  TRAPNO=0x000000000000000e

Top of Stack: (sp=0x00007f60e5cd7a40)
0x00007f60e5cd7a40:   0000000000000001 0000000000000000
0x00007f60e5cd7a50:   0000000100000700 0000000001d95140
0x00007f60e5cd7a60:   000000c1e5cdad18 0000000001ffe1c0
0x00007f60e5cd7a70:   0000000000000000 00000000ffffffff
0x00007f60e5cd7a80:   00007f60e5cd7ae0 ffffffffe5cd86d0
0x00007f60e5cd7a90:   000000000020c5d0 0000000000000000
0x00007f60e5cd7aa0:   00000000000000c1 0000000000000000
0x00007f60e5cd7ab0:   00007f60e5cda000 00007f6110a7d9f2
0x00007f60e5cd7ac0:   0000000000000005 0000000000000000
0x00007f60e5cd7ad0:   0000000000000000 00007f60e5cdad18
0x00007f60e5cd7ae0:   00007f60e5cd7b10 0000000001d95140
0x00007f60e5cd7af0:   0000000001fff9e8 ffffffffffffffff
0x00007f60e5cd7b00:   0000000000000001 00007f6110a83a55
0x00007f60e5cd7b10:   0000000001d95140 0000000001d95140
0x00007f60e5cd7b20:   00000000000000c1 0000000001d95140
0x00007f60e5cd7b30:   0000000001fff9e8 ffffffffffffffff
0x00007f60e5cd7b40:   0000000000000001 00000000000000c1
0x00007f60e5cd7b50:   0000000000000000 00007f60e5ce1272
0x00007f60e5cd7b60:   0000000001fff800 00007f60e5cd7c48
0x00007f60e5cd7b70:   00007f60e5cd7c50 00007f60e737d6a8
0x00007f60e5cd7b80:   00007f60e5cd7c18 0000000000000000
0x00007f60e5cd7b90:   00007f60e737d6a0 00007f60e5cd7c50
0x00007f60e5cd7ba0:   0000000001fff800 00007f60fee276d4
0x00007f60e5cd7bb0:   00007f60e737d6a8 0000000000000000
0x00007f60e5cd7bc0:   00007f60e5cd7c18 00007f60fee27467
0x00007f60e5cd7bd0:   00007f60fee27422 00007f60e5cd7bd8
0x00007f60e5cd7be0:   00007f60e737d6a0 00007f60e5cd7c50
0x00007f60e5cd7bf0:   00007f60e7386ef8 0000000000000000
0x00007f60e5cd7c00:   00007f60e737d6a8 0000000000000000
0x00007f60e5cd7c10:   00007f60e5cd7c38 00007f60e5cd7cb8
0x00007f60e5cd7c20:   00007f60fee193d0 0000000000000000
0x00007f60e5cd7c30:   00007f60fee212b6 0000000000000001 

Instructions: (pc=0x00007f60e5ce0d9d)
0x00007f60e5ce0d7d:   4c 24 18 48 8d 15 17 2d 00 00 48 8d 0d 0e 2d 00
0x00007f60e5ce0d8d:   00 44 89 44 24 14 e8 88 c7 ff ff 48 89 44 24 48
0x00007f60e5ce0d9d:   8b 40 08 45 85 ff 48 8b 54 24 48 89 44 24 40 c7
0x00007f60e5ce0dad:   42 08 00 00 00 00 0f 88 bd 01 00 00 31 c0 e8 70 

Register to memory mapping:

RAX=0xffffffffe5cd86d0 is an unknown value
RBX=0x0000000001d95140 is an unknown value
RCX=0x0000000000000001 is an unknown value
RDX=0x00007f6110080200: <offset 0xf57200> in /usr/lib/jvm/java-8-oracle/jre/lib/amd64/server/libjvm.so at 0x00007f610f129000
RSP=0x00007f60e5cd7a40 is pointing into the stack for thread: 0x0000000001fff800
RBP=0x0000000001fff9e8 is an unknown value
RSI=0x00007f60e5ce3b25: <offset 0x9b25> in /usr/lib/jvm/java-8-oracle/jre/lib/amd64/librxtxSerial.so at 0x00007f60e5cda000
RDI=0x00007f60e5ce3a9f: <offset 0x9a9f> in /usr/lib/jvm/java-8-oracle/jre/lib/amd64/librxtxSerial.so at 0x00007f60e5cda000
R8 =0x0000000000000009 is an unknown value
R9 =0x00000000dd919170 is an oop
gnu.io.RXTXPort 
 - klass: 'gnu/io/RXTXPort'
R10=0x000000000000010a is an unknown value
R11=0x00007f61100847c8: <offset 0xf5b7c8> in /usr/lib/jvm/java-8-oracle/jre/lib/amd64/server/libjvm.so at 0x00007f610f129000
R12=0xffffffffffffffff is an unknown value
R13=0x0000000000000001 is an unknown value
R14=0x00000000000000c1 is an unknown value
R15=0x00000000ffffffff is an unallocated location in the heap


Stack: [0x00007f60e5bd9000,0x00007f60e5cda000],  sp=0x00007f60e5cd7a40,  free space=1018k
Native frames: (J=compiled Java code, j=interpreted, Vv=VM code, C=native code)
C  [librxtxSerial.so+0x6d9d]  read_byte_array+0x3d

Java frames: (J=compiled Java code, j=interpreted, Vv=VM code)
j  gnu.io.RXTXPort.readArray([BII)I+0
j  gnu.io.RXTXPort$SerialInputStream.read([BII)I+212
J 2027 C1 sun.nio.cs.StreamDecoder.readBytes()I (289 bytes) @ 0x00007f60ff459fbc [0x00007f60ff459e80+0x13c]
j  sun.nio.cs.StreamDecoder.implRead([CII)I+112
J 2493 C2 sun.nio.cs.StreamDecoder.read([CII)I (196 bytes) @ 0x00007f60ff5d9ff0 [0x00007f60ff5d9820+0x7d0]
J 2494 C2 java.io.InputStreamReader.read([CII)I (11 bytes) @ 0x00007f60ff5d6860 [0x00007f60ff5d6820+0x40]
J 5364 C2 java.io.BufferedReader.readLine(Z)Ljava/lang/String; (304 bytes) @ 0x00007f60fefddcb0 [0x00007f60fefdd700+0x5b0]
j  java.io.BufferedReader.readLine()Ljava/lang/String;+2
j  arduino.controller.WebSocketControllerImpl$$anon$1.serialEvent(Lgnu/io/SerialPortEvent;)V+32
j  gnu.io.RXTXPort.sendEvent(IZ)Z+382
v  ~StubRoutines::call_stub
j  gnu.io.RXTXPort.eventLoop()V+0
j  gnu.io.RXTXPort$MonitorThread.run()V+12
v  ~StubRoutines::call_stub

---------------  P R O C E S S  ---------------

Java Threads: ( => current thread )
  0x0000000001b72000 JavaThread "MessageBrokerSockJS-6" [_thread_blocked, id=26642, stack(0x00007f60e59d7000,0x00007f60e5ad8000)]
  0x0000000001b6f000 JavaThread "clientOutboundChannel-2" [_thread_blocked, id=26641, stack(0x00007f60e5ad8000,0x00007f60e5bd9000)]
=>0x0000000001fff800 JavaThread "Thread-5" [_thread_in_native, id=26640, stack(0x00007f60e5bd9000,0x00007f60e5cda000)]
  0x0000000001329000 JavaThread "clientInboundChannel-9" [_thread_blocked, id=26639, stack(0x00007f60e5ee7000,0x00007f60e5fe8000)]
  0x0000000001c9e800 JavaThread "clientInboundChannel-8" [_thread_blocked, id=26638, stack(0x00007f60e5fe8000,0x00007f60e60e9000)]
  0x0000000001ca1800 JavaThread "clientInboundChannel-7" [_thread_blocked, id=26637, stack(0x00007f60f5d50000,0x00007f60f5e51000)]
  0x0000000001d38800 JavaThread "http-nio-8080-exec-6" daemon [_thread_blocked, id=26636, stack(0x00007f60f5053000,0x00007f60f5154000)]
  0x0000000001c9c000 JavaThread "clientInboundChannel-6" [_thread_blocked, id=26634, stack(0x00007f60e60e9000,0x00007f60e61ea000)]
  0x0000000001c9a000 JavaThread "clientInboundChannel-5" [_thread_blocked, id=26633, stack(0x00007f60e61ea000,0x00007f60e62eb000)]
  0x0000000001c98800 JavaThread "clientInboundChannel-4" [_thread_blocked, id=26632, stack(0x00007f60e62eb000,0x00007f60e63ec000)]
  0x0000000001c94800 JavaThread "http-nio-8080-exec-5" daemon [_thread_blocked, id=26631, stack(0x00007f60e63ec000,0x00007f60e64ed000)]
  0x0000000001c94000 JavaThread "MessageBrokerSockJS-5" [_thread_blocked, id=26630, stack(0x00007f60e64ed000,0x00007f60e65ee000)]
  0x0000000001c93000 JavaThread "clientOutboundChannel-1" [_thread_blocked, id=26629, stack(0x00007f60e65ee000,0x00007f60e66ef000)]
  0x0000000001c92800 JavaThread "clientInboundChannel-3" [_thread_blocked, id=26628, stack(0x00007f60e66ef000,0x00007f60e67f0000)]
  0x00000000022b5800 JavaThread "clientInboundChannel-2" [_thread_blocked, id=26627, stack(0x00007f60e67f0000,0x00007f60e68f1000)]
  0x00000000022b4800 JavaThread "clientInboundChannel-1" [_thread_blocked, id=26626, stack(0x00007f60e68f1000,0x00007f60e69f2000)]
  0x00000000011bf000 JavaThread "http-nio-8080-exec-4" daemon [_thread_blocked, id=26625, stack(0x00007f60e69f2000,0x00007f60e6af3000)]
  0x00000000015c0000 JavaThread "WebSocket background processing" daemon [_thread_blocked, id=26624, stack(0x00007f60e6af3000,0x00007f60e6bf4000)]
  0x00000000015bd800 JavaThread "MessageBrokerSockJS-4" [_thread_blocked, id=26623, stack(0x00007f60e6bf4000,0x00007f60e6cf5000)]
  0x000000000202e800 JavaThread "WebSocketServer-localhost-ROOT-1" daemon [_thread_blocked, id=26622, stack(0x00007f60e6cf5000,0x00007f60e6df6000)]
  0x00007f60ec41f000 JavaThread "MessageBrokerSockJS-3" [_thread_blocked, id=26621, stack(0x00007f60e6df6000,0x00007f60e6ef7000)]
  0x0000000001c7f800 JavaThread "MessageBrokerSockJS-2" [_thread_blocked, id=26620, stack(0x00007f60e6ef7000,0x00007f60e6ff8000)]
  0x00000000012f1800 JavaThread "http-nio-8080-exec-3" daemon [_thread_blocked, id=26619, stack(0x00007f60e6ff8000,0x00007f60e70f9000)]
  0x00000000021b1800 JavaThread "http-nio-8080-exec-2" daemon [_thread_blocked, id=26618, stack(0x00007f60e70f9000,0x00007f60e71fa000)]
  0x000000000244a000 JavaThread "http-nio-8080-exec-1" daemon [_thread_blocked, id=26605, stack(0x00007f60f54cf000,0x00007f60f55d0000)]
  0x0000000002446000 JavaThread "http-nio-8080-Acceptor-0" daemon [_thread_in_native, id=26602, stack(0x00007f60e73fa000,0x00007f60e74fb000)]
  0x0000000002443000 JavaThread "http-nio-8080-ClientPoller-1" daemon [_thread_in_native, id=26601, stack(0x00007f60e74fb000,0x00007f60e75fc000)]
  0x0000000002441000 JavaThread "http-nio-8080-ClientPoller-0" daemon [_thread_in_native, id=26600, stack(0x00007f60e75fc000,0x00007f60e76fd000)]
  0x000000000243c000 JavaThread "NioBlockingSelector.BlockPoller-1" daemon [_thread_in_native, id=26599, stack(0x00007f60e76fd000,0x00007f60e77fe000)]
  0x00007f60f1342800 JavaThread "MessageBrokerSockJS-1" [_thread_blocked, id=26597, stack(0x00007f60e7bfe000,0x00007f60e7cff000)]
  0x00007f60e811d000 JavaThread "container-0" [_thread_blocked, id=26596, stack(0x00007f60e7eff000,0x00007f60e8000000)]
  0x00000000021a1000 JavaThread "ContainerBackgroundProcessor[StandardEngine[Tomcat].StandardHost[localhost].StandardContext[]]" daemon [_thread_blocked, id=26595, stack(0x00007f60f40b8000,0x00007f60f41b9000)]
  0x00007f60f0022000 JavaThread "Service Thread" daemon [_thread_blocked, id=26588, stack(0x00007f60f6824000,0x00007f60f6925000)]
  0x00007f60f0004800 JavaThread "C1 CompilerThread3" daemon [_thread_blocked, id=26587, stack(0x00007f60f6925000,0x00007f60f6a26000)]
  0x00007f60f0002000 JavaThread "C2 CompilerThread2" daemon [_thread_blocked, id=26586, stack(0x00007f60f6a26000,0x00007f60f6b27000)]
  0x000000000101e000 JavaThread "C2 CompilerThread1" daemon [_thread_blocked, id=26585, stack(0x00007f60f6b27000,0x00007f60f6c28000)]
  0x000000000101b000 JavaThread "C2 CompilerThread0" daemon [_thread_blocked, id=26584, stack(0x00007f60f6c28000,0x00007f60f6d29000)]
  0x0000000001019000 JavaThread "Signal Dispatcher" daemon [_thread_blocked, id=26583, stack(0x00007f60f6d29000,0x00007f60f6e2a000)]
  0x0000000000feb800 JavaThread "Finalizer" daemon [_thread_blocked, id=26582, stack(0x00007f60f6fa1000,0x00007f60f70a2000)]
  0x0000000000fe4000 JavaThread "Reference Handler" daemon [_thread_blocked, id=26581, stack(0x00007f60f70a2000,0x00007f60f71a3000)]
  0x0000000000f6b000 JavaThread "main" [_thread_blocked, id=26570, stack(0x00007f6110b6a000,0x00007f6110c6b000)]

Other Threads:
  0x0000000000fde800 VMThread [stack: 0x00007f60f71a3000,0x00007f60f72a4000] [id=26580]
  0x00007f60f0024800 WatcherThread [stack: 0x00007f60f6723000,0x00007f60f6824000] [id=26589]

VM state:not at safepoint (normal execution)

VM Mutex/Monitor currently owned by a thread: None

Heap:
 PSYoungGen      total 266240K, used 120322K [0x00000000d6780000, 0x00000000e7b00000, 0x0000000100000000)
  eden space 253440K, 47% used [0x00000000d6780000,0x00000000ddd00958,0x00000000e5f00000)
  from space 12800K, 0% used [0x00000000e6400000,0x00000000e6400000,0x00000000e7080000)
  to   space 10752K, 0% used [0x00000000e7080000,0x00000000e7080000,0x00000000e7b00000)
 ParOldGen       total 110080K, used 27129K [0x0000000083600000, 0x000000008a180000, 0x00000000d6780000)
  object space 110080K, 24% used [0x0000000083600000,0x000000008507e788,0x000000008a180000)
 Metaspace       used 43587K, capacity 44344K, committed 44592K, reserved 1087488K
  class space    used 5669K, capacity 5934K, committed 5936K, reserved 1048576K

Card table byte_map: [0x00007f60fe66c000,0x00007f60fea52000] byte_map_base: 0x00007f60fe251000

Marking Bits: (ParMarkBitMap*) 0x00007f61100842a0
 Begin Bits: [0x00007f60f9d7b000, 0x00007f60fbca3000)
 End Bits:   [0x00007f60fbca3000, 0x00007f60fdbcb000)

Polling page: 0x00007f6110c8c000

CodeCache: size=245760Kb used=14909Kb max_used=16140Kb free=230850Kb
 bounds [0x00007f60fee12000, 0x00007f60ffdf2000, 0x00007f610de12000]
 total_blobs=5041 nmethods=4594 adapters=361
 compilation: enabled

Compilation events (10 events):
Event: 14.610 Thread 0x00007f60f0004800 5387       3       com.fasterxml.jackson.databind.introspect.AnnotationMap::get (21 bytes)
Event: 14.611 Thread 0x00007f60f0004800 nmethod 5387 0x00007f60ffaccc10 code [0x00007f60ffaccda0, 0x00007f60ffacd108]
Event: 14.619 Thread 0x00007f60f0004800 5388       3       java.lang.ThreadLocal::set (30 bytes)
Event: 14.620 Thread 0x00007f60f0004800 nmethod 5388 0x00007f60fef6ae90 code [0x00007f60fef6b020, 0x00007f60fef6b408]
Event: 14.620 Thread 0x00007f60f0002000 5389       4       java.util.regex.Matcher::find (69 bytes)
Event: 14.621 Thread 0x00007f60f0004800 5390       3       java.nio.channels.spi.AbstractInterruptibleChannel::begin (48 bytes)
Event: 14.622 Thread 0x00007f60f0004800 nmethod 5390 0x00007f60ff82b590 code [0x00007f60ff82b760, 0x00007f60ff82c098]
Event: 14.624 Thread 0x00007f60f0002000 nmethod 5389 0x00007f60ff51cd10 code [0x00007f60ff51ce80, 0x00007f60ff51d198]
Event: 15.371 Thread 0x00007f60f0004800 5391       3       java.lang.ThreadLocal$ThreadLocalMap$Entry::<init> (11 bytes)
Event: 15.371 Thread 0x00007f60f0004800 nmethod 5391 0x00007f60ff864950 code [0x00007f60ff864ae0, 0x00007f60ff864e30]

GC Heap History (10 events):
Event: 2.399 GC heap before
{Heap before GC invocations=7 (full 0):
 PSYoungGen      total 141312K, used 79608K [0x00000000d6780000, 0x00000000dfb80000, 0x0000000100000000)
  eden space 131072K, 54% used [0x00000000d6780000,0x00000000dadcc040,0x00000000de780000)
  from space 10240K, 74% used [0x00000000df180000,0x00000000df8f2280,0x00000000dfb80000)
  to   space 10240K, 0% used [0x00000000de780000,0x00000000de780000,0x00000000df180000)
 ParOldGen       total 86016K, used 10400K [0x0000000083600000, 0x0000000088a00000, 0x00000000d6780000)
  object space 86016K, 12% used [0x0000000083600000,0x00000000840283f0,0x0000000088a00000)
 Metaspace       used 20568K, capacity 21142K, committed 21296K, reserved 1067008K
  class space    used 2622K, capacity 2833K, committed 2864K, reserved 1048576K
Event: 2.414 GC heap after
Heap after GC invocations=7 (full 0):
 PSYoungGen      total 141312K, used 10232K [0x00000000d6780000, 0x00000000e8080000, 0x0000000100000000)
  eden space 131072K, 0% used [0x00000000d6780000,0x00000000d6780000,0x00000000de780000)
  from space 10240K, 99% used [0x00000000de780000,0x00000000df17e178,0x00000000df180000)
  to   space 12800K, 0% used [0x00000000e7400000,0x00000000e7400000,0x00000000e8080000)
 ParOldGen       total 86016K, used 13819K [0x0000000083600000, 0x0000000088a00000, 0x00000000d6780000)
  object space 86016K, 16% used [0x0000000083600000,0x000000008437ef60,0x0000000088a00000)
 Metaspace       used 20568K, capacity 21142K, committed 21296K, reserved 1067008K
  class space    used 2622K, capacity 2833K, committed 2864K, reserved 1048576K
}
Event: 2.414 GC heap before
{Heap before GC invocations=8 (full 1):
 PSYoungGen      total 141312K, used 10232K [0x00000000d6780000, 0x00000000e8080000, 0x0000000100000000)
  eden space 131072K, 0% used [0x00000000d6780000,0x00000000d6780000,0x00000000de780000)
  from space 10240K, 99% used [0x00000000de780000,0x00000000df17e178,0x00000000df180000)
  to   space 12800K, 0% used [0x00000000e7400000,0x00000000e7400000,0x00000000e8080000)
 ParOldGen       total 86016K, used 13819K [0x0000000083600000, 0x0000000088a00000, 0x00000000d6780000)
  object space 86016K, 16% used [0x0000000083600000,0x000000008437ef60,0x0000000088a00000)
 Metaspace       used 20568K, capacity 21142K, committed 21296K, reserved 1067008K
  class space    used 2622K, capacity 2833K, committed 2864K, reserved 1048576K
Event: 2.471 GC heap after
Heap after GC invocations=8 (full 1):
 PSYoungGen      total 141312K, used 0K [0x00000000d6780000, 0x00000000e8080000, 0x0000000100000000)
  eden space 131072K, 0% used [0x00000000d6780000,0x00000000d6780000,0x00000000de780000)
  from space 10240K, 0% used [0x00000000de780000,0x00000000de780000,0x00000000df180000)
  to   space 12800K, 0% used [0x00000000e7400000,0x00000000e7400000,0x00000000e8080000)
 ParOldGen       total 72192K, used 19689K [0x0000000083600000, 0x0000000087c80000, 0x00000000d6780000)
  object space 72192K, 27% used [0x0000000083600000,0x000000008493a510,0x0000000087c80000)
 Metaspace       used 20568K, capacity 21142K, committed 21296K, reserved 1067008K
  class space    used 2622K, capacity 2833K, committed 2864K, reserved 1048576K
}
Event: 3.464 GC heap before
{Heap before GC invocations=9 (full 1):
 PSYoungGen      total 141312K, used 131072K [0x00000000d6780000, 0x00000000e8080000, 0x0000000100000000)
  eden space 131072K, 100% used [0x00000000d6780000,0x00000000de780000,0x00000000de780000)
  from space 10240K, 0% used [0x00000000de780000,0x00000000de780000,0x00000000df180000)
  to   space 12800K, 0% used [0x00000000e7400000,0x00000000e7400000,0x00000000e8080000)
 ParOldGen       total 72192K, used 19689K [0x0000000083600000, 0x0000000087c80000, 0x00000000d6780000)
  object space 72192K, 27% used [0x0000000083600000,0x000000008493a510,0x0000000087c80000)
 Metaspace       used 27713K, capacity 28356K, committed 28720K, reserved 1075200K
  class space    used 3557K, capacity 3774K, committed 3888K, reserved 1048576K
Event: 3.474 GC heap after
Heap after GC invocations=9 (full 1):
 PSYoungGen      total 206848K, used 9146K [0x00000000d6780000, 0x00000000e7d00000, 0x0000000100000000)
  eden space 197632K, 0% used [0x00000000d6780000,0x00000000d6780000,0x00000000e2880000)
  from space 9216K, 99% used [0x00000000e7400000,0x00000000e7ceea68,0x00000000e7d00000)
  to   space 12800K, 0% used [0x00000000e6400000,0x00000000e6400000,0x00000000e7080000)
 ParOldGen       total 72192K, used 19697K [0x0000000083600000, 0x0000000087c80000, 0x00000000d6780000)
  object space 72192K, 27% used [0x0000000083600000,0x000000008493c510,0x0000000087c80000)
 Metaspace       used 27713K, capacity 28356K, committed 28720K, reserved 1075200K
  class space    used 3557K, capacity 3774K, committed 3888K, reserved 1048576K
}
Event: 4.157 GC heap before
{Heap before GC invocations=10 (full 1):
 PSYoungGen      total 206848K, used 75131K [0x00000000d6780000, 0x00000000e7d00000, 0x0000000100000000)
  eden space 197632K, 33% used [0x00000000d6780000,0x00000000da7f0388,0x00000000e2880000)
  from space 9216K, 99% used [0x00000000e7400000,0x00000000e7ceea68,0x00000000e7d00000)
  to   space 12800K, 0% used [0x00000000e6400000,0x00000000e6400000,0x00000000e7080000)
 ParOldGen       total 72192K, used 19697K [0x0000000083600000, 0x0000000087c80000, 0x00000000d6780000)
  object space 72192K, 27% used [0x0000000083600000,0x000000008493c510,0x0000000087c80000)
 Metaspace       used 34586K, capacity 35234K, committed 35496K, reserved 1081344K
  class space    used 4383K, capacity 4595K, committed 4656K, reserved 1048576K
Event: 4.164 GC heap after
Heap after GC invocations=10 (full 1):
 PSYoungGen      total 266240K, used 12799K [0x00000000d6780000, 0x00000000e7b00000, 0x0000000100000000)
  eden space 253440K, 0% used [0x00000000d6780000,0x00000000d6780000,0x00000000e5f00000)
  from space 12800K, 99% used [0x00000000e6400000,0x00000000e707fcc8,0x00000000e7080000)
  to   space 10752K, 0% used [0x00000000e7080000,0x00000000e7080000,0x00000000e7b00000)
 ParOldGen       total 72192K, used 20281K [0x0000000083600000, 0x0000000087c80000, 0x00000000d6780000)
  object space 72192K, 28% used [0x0000000083600000,0x00000000849ce7a0,0x0000000087c80000)
 Metaspace       used 34586K, capacity 35234K, committed 35496K, reserved 1081344K
  class space    used 4383K, capacity 4595K, committed 4656K, reserved 1048576K
}
Event: 4.164 GC heap before
{Heap before GC invocations=11 (full 2):
 PSYoungGen      total 266240K, used 12799K [0x00000000d6780000, 0x00000000e7b00000, 0x0000000100000000)
  eden space 253440K, 0% used [0x00000000d6780000,0x00000000d6780000,0x00000000e5f00000)
  from space 12800K, 99% used [0x00000000e6400000,0x00000000e707fcc8,0x00000000e7080000)
  to   space 10752K, 0% used [0x00000000e7080000,0x00000000e7080000,0x00000000e7b00000)
 ParOldGen       total 72192K, used 20281K [0x0000000083600000, 0x0000000087c80000, 0x00000000d6780000)
  object space 72192K, 28% used [0x0000000083600000,0x00000000849ce7a0,0x0000000087c80000)
 Metaspace       used 34586K, capacity 35234K, committed 35496K, reserved 1081344K
  class space    used 4383K, capacity 4595K, committed 4656K, reserved 1048576K
Event: 4.242 GC heap after
Heap after GC invocations=11 (full 2):
 PSYoungGen      total 266240K, used 0K [0x00000000d6780000, 0x00000000e7b00000, 0x0000000100000000)
  eden space 253440K, 0% used [0x00000000d6780000,0x00000000d6780000,0x00000000e5f00000)
  from space 12800K, 0% used [0x00000000e6400000,0x00000000e6400000,0x00000000e7080000)
  to   space 10752K, 0% used [0x00000000e7080000,0x00000000e7080000,0x00000000e7b00000)
 ParOldGen       total 110080K, used 27129K [0x0000000083600000, 0x000000008a180000, 0x00000000d6780000)
  object space 110080K, 24% used [0x0000000083600000,0x000000008507e788,0x000000008a180000)
 Metaspace       used 34586K, capacity 35234K, committed 35496K, reserved 1081344K
  class space    used 4383K, capacity 4595K, committed 4656K, reserved 1048576K
}

Deoptimization events (10 events):
Event: 4.351 Thread 0x00007f60f086d800 Uncommon trap: reason=bimorphic action=maybe_recompile pc=0x00007f60ff7ad624 method=java.util.WeakHashMap.eq(Ljava/lang/Object;Ljava/lang/Object;)Z @ 7
Event: 4.440 Thread 0x00007f60f086d800 Uncommon trap: reason=class_check action=maybe_recompile pc=0x00007f60ff902954 method=java.lang.Throwable.<init>(Ljava/lang/String;Ljava/lang/Throwable;)V @ 24
Event: 4.457 Thread 0x00007f60f086d800 Uncommon trap: reason=unreached action=reinterpret pc=0x00007f60ffb490d4 method=org.springframework.util.ReflectionUtils.doWithMethods(Ljava/lang/Class;Lorg/springframework/util/ReflectionUtils$MethodCallback;Lorg/springframework/util/ReflectionUtils$Meth
Event: 4.740 Thread 0x00007f60f086d800 Uncommon trap: reason=unloaded action=reinterpret pc=0x00007f60ff34d1dc method=org.springframework.core.BridgeMethodResolver.findBridgedMethod(Ljava/lang/reflect/Method;)Ljava/lang/reflect/Method; @ 13
Event: 4.784 Thread 0x00007f60f086d800 Uncommon trap: reason=class_check action=maybe_recompile pc=0x00007f60ff821e00 method=java.util.Collections$UnmodifiableMap.size()I @ 4
Event: 12.602 Thread 0x00000000021b1800 Uncommon trap: reason=unreached action=reinterpret pc=0x00007f60ff2fae88 method=java.util.HashMap.hash(Ljava/lang/Object;)I @ 1
Event: 12.618 Thread 0x00000000012f1800 Uncommon trap: reason=unreached action=reinterpret pc=0x00007f60ffcd5304 method=java.util.concurrent.locks.AbstractQueuedSynchronizer.release(I)Z @ 14
Event: 12.618 Thread 0x00007f60f1342800 Uncommon trap: reason=unreached action=reinterpret pc=0x00007f60ffbdf97c method=java.util.concurrent.locks.AbstractQueuedSynchronizer.release(I)Z @ 14
Event: 12.683 Thread 0x00000000011bf000 Uncommon trap: reason=unreached action=reinterpret pc=0x00007f60ffcef7d4 method=org.springframework.util.ObjectUtils.nullSafeEquals(Ljava/lang/Object;Ljava/lang/Object;)Z @ 12
Event: 14.557 Thread 0x0000000001ca1800 Uncommon trap: reason=class_check action=maybe_recompile pc=0x00007f60ff821e00 method=java.util.Collections$UnmodifiableMap.size()I @ 4

Internal exceptions (10 events):
Event: 14.616 Thread 0x0000000001ca1800 Exception <a 'java/security/PrivilegedActionException'> (0x00000000dd9f1e88) thrown at [/HUDSON/workspace/8-2-build-linux-amd64/jdk8u31/2394/hotspot/src/share/vm/prims/jvm.cpp, line 1312]
Event: 14.616 Thread 0x0000000001ca1800 Exception <a 'java/security/PrivilegedActionException'> (0x00000000dd9f27a8) thrown at [/HUDSON/workspace/8-2-build-linux-amd64/jdk8u31/2394/hotspot/src/share/vm/prims/jvm.cpp, line 1312]
Event: 14.617 Thread 0x0000000001ca1800 Exception <a 'java/security/PrivilegedActionException'> (0x00000000dd9f6b08) thrown at [/HUDSON/workspace/8-2-build-linux-amd64/jdk8u31/2394/hotspot/src/share/vm/prims/jvm.cpp, line 1312]
Event: 14.617 Thread 0x0000000001ca1800 Exception <a 'java/security/PrivilegedActionException'> (0x00000000dd9f74f0) thrown at [/HUDSON/workspace/8-2-build-linux-amd64/jdk8u31/2394/hotspot/src/share/vm/prims/jvm.cpp, line 1312]
Event: 14.617 Thread 0x0000000001ca1800 Exception <a 'java/security/PrivilegedActionException'> (0x00000000dda00d48) thrown at [/HUDSON/workspace/8-2-build-linux-amd64/jdk8u31/2394/hotspot/src/share/vm/prims/jvm.cpp, line 1312]
Event: 14.617 Thread 0x0000000001ca1800 Exception <a 'java/security/PrivilegedActionException'> (0x00000000dda01718) thrown at [/HUDSON/workspace/8-2-build-linux-amd64/jdk8u31/2394/hotspot/src/share/vm/prims/jvm.cpp, line 1312]
Event: 14.618 Thread 0x0000000001ca1800 Exception <a 'java/security/PrivilegedActionException'> (0x00000000ddb09550) thrown at [/HUDSON/workspace/8-2-build-linux-amd64/jdk8u31/2394/hotspot/src/share/vm/prims/jvm.cpp, line 1312]
Event: 14.618 Thread 0x0000000001ca1800 Exception <a 'java/security/PrivilegedActionException'> (0x00000000ddb09b78) thrown at [/HUDSON/workspace/8-2-build-linux-amd64/jdk8u31/2394/hotspot/src/share/vm/prims/jvm.cpp, line 1312]
Event: 15.370 Thread 0x0000000001fff800 Exception <a 'java/security/PrivilegedActionException'> (0x00000000dda08920) thrown at [/HUDSON/workspace/8-2-build-linux-amd64/jdk8u31/2394/hotspot/src/share/vm/prims/jvm.cpp, line 1312]
Event: 15.370 Thread 0x0000000001fff800 Exception <a 'java/security/PrivilegedActionException'> (0x00000000dda08e40) thrown at [/HUDSON/workspace/8-2-build-linux-amd64/jdk8u31/2394/hotspot/src/share/vm/prims/jvm.cpp, line 1312]

Events (10 events):
Event: 14.622 Thread 0x00007f60f0004800 flushing nmethod 0x00007f60ffc0f810
Event: 14.622 Thread 0x00007f60f0004800 flushing nmethod 0x00007f60ffc24650
Event: 14.622 Thread 0x00007f60f0004800 flushing nmethod 0x00007f60ffc58590
Event: 14.622 Thread 0x00007f60f0004800 flushing nmethod 0x00007f60ffc5a710
Event: 14.622 Thread 0x00007f60f0004800 flushing nmethod 0x00007f60ffc6f3d0
Event: 14.622 Thread 0x00007f60f0004800 flushing nmethod 0x00007f60ffca9f10
Event: 14.623 Thread 0x00007f60f0004800 flushing nmethod 0x00007f60ffd1d650
Event: 14.623 Thread 0x00007f60f0004800 flushing nmethod 0x00007f60ffd2b310
Event: 15.370 loading class gnu/io/SerialPortEvent
Event: 15.370 loading class gnu/io/SerialPortEvent done


Dynamic libraries:
00400000-00401000 r-xp 00000000 08:03 3804091                            /usr/lib/jvm/java-8-oracle/bin/java
00600000-00601000 rw-p 00000000 08:03 3804091                            /usr/lib/jvm/java-8-oracle/bin/java
00f60000-02472000 rw-p 00000000 00:00 0                                  [heap]
83600000-8a180000 rw-p 00000000 00:00 0 
8a180000-d6780000 ---p 00000000 00:00 0 
d6780000-e7b00000 rw-p 00000000 00:00 0 
e7b00000-100000000 ---p 00000000 00:00 0 
100000000-1005cc000 rw-p 00000000 00:00 0 
1005cc000-140000000 ---p 00000000 00:00 0 
7f60e59d7000-7f60e59da000 ---p 00000000 00:00 0 
7f60e59da000-7f60e5ad8000 rw-p 00000000 00:00 0 
7f60e5ad8000-7f60e5adb000 ---p 00000000 00:00 0 
7f60e5adb000-7f60e5bd9000 rw-p 00000000 00:00 0 
7f60e5bd9000-7f60e5bdc000 ---p 00000000 00:00 0 
7f60e5bdc000-7f60e5cda000 rw-p 00000000 00:00 0 
7f60e5cda000-7f60e5ce7000 r-xp 00000000 08:03 4067547                    /usr/lib/jvm/java-8-oracle/jre/lib/amd64/librxtxSerial.so
7f60e5ce7000-7f60e5ee6000 ---p 0000d000 08:03 4067547                    /usr/lib/jvm/java-8-oracle/jre/lib/amd64/librxtxSerial.so
7f60e5ee6000-7f60e5ee7000 rw-p 0000c000 08:03 4067547                    /usr/lib/jvm/java-8-oracle/jre/lib/amd64/librxtxSerial.so
7f60e5ee7000-7f60e5eea000 ---p 00000000 00:00 0 
7f60e5eea000-7f60e5fe8000 rw-p 00000000 00:00 0 
7f60e5fe8000-7f60e5feb000 ---p 00000000 00:00 0 
7f60e5feb000-7f60e60e9000 rw-p 00000000 00:00 0 
7f60e60e9000-7f60e60ec000 ---p 00000000 00:00 0 
7f60e60ec000-7f60e61ea000 rw-p 00000000 00:00 0 
7f60e61ea000-7f60e61ed000 ---p 00000000 00:00 0 
7f60e61ed000-7f60e62eb000 rw-p 00000000 00:00 0 
7f60e62eb000-7f60e62ee000 ---p 00000000 00:00 0 
7f60e62ee000-7f60e63ec000 rw-p 00000000 00:00 0 
7f60e63ec000-7f60e63ef000 ---p 00000000 00:00 0 
7f60e63ef000-7f60e64ed000 rw-p 00000000 00:00 0 
7f60e64ed000-7f60e64f0000 ---p 00000000 00:00 0 
7f60e64f0000-7f60e65ee000 rw-p 00000000 00:00 0 
7f60e65ee000-7f60e65f1000 ---p 00000000 00:00 0 
7f60e65f1000-7f60e66ef000 rw-p 00000000 00:00 0 
7f60e66ef000-7f60e66f2000 ---p 00000000 00:00 0 
7f60e66f2000-7f60e67f0000 rw-p 00000000 00:00 0 
7f60e67f0000-7f60e67f3000 ---p 00000000 00:00 0 
7f60e67f3000-7f60e68f1000 rw-p 00000000 00:00 0 
7f60e68f1000-7f60e68f4000 ---p 00000000 00:00 0 
7f60e68f4000-7f60e69f2000 rw-p 00000000 00:00 0 
7f60e69f2000-7f60e69f5000 ---p 00000000 00:00 0 
7f60e69f5000-7f60e6af3000 rw-p 00000000 00:00 0 
7f60e6af3000-7f60e6af6000 ---p 00000000 00:00 0 
7f60e6af6000-7f60e6bf4000 rw-p 00000000 00:00 0 
7f60e6bf4000-7f60e6bf7000 ---p 00000000 00:00 0 
7f60e6bf7000-7f60e6cf5000 rw-p 00000000 00:00 0 
7f60e6cf5000-7f60e6cf8000 ---p 00000000 00:00 0 
7f60e6cf8000-7f60e6df6000 rw-p 00000000 00:00 0 
7f60e6df6000-7f60e6df9000 ---p 00000000 00:00 0 
7f60e6df9000-7f60e6ef7000 rw-p 00000000 00:00 0 
7f60e6ef7000-7f60e6efa000 ---p 00000000 00:00 0 
7f60e6efa000-7f60e6ff8000 rw-p 00000000 00:00 0 
7f60e6ff8000-7f60e6ffb000 ---p 00000000 00:00 0 
7f60e6ffb000-7f60e70f9000 rw-p 00000000 00:00 0 
7f60e70f9000-7f60e70fc000 ---p 00000000 00:00 0 
7f60e70fc000-7f60e73ba000 rw-p 00000000 00:00 0 
7f60e73ba000-7f60e73fa000 ---p 00000000 00:00 0 
7f60e73fa000-7f60e73fd000 ---p 00000000 00:00 0 
7f60e73fd000-7f60e74fb000 rw-p 00000000 00:00 0 
7f60e74fb000-7f60e74fe000 ---p 00000000 00:00 0 
7f60e74fe000-7f60e75fc000 rw-p 00000000 00:00 0 
7f60e75fc000-7f60e75ff000 ---p 00000000 00:00 0 
7f60e75ff000-7f60e76fd000 rw-p 00000000 00:00 0 
7f60e76fd000-7f60e7700000 ---p 00000000 00:00 0 
7f60e7700000-7f60e79fe000 rw-p 00000000 00:00 0 
7f60e79fe000-7f60e7bfe000 rw-p 00000000 00:00 0 
7f60e7bfe000-7f60e7c01000 ---p 00000000 00:00 0 
7f60e7c01000-7f60e7eff000 rw-p 00000000 00:00 0 
7f60e7eff000-7f60e7f02000 ---p 00000000 00:00 0 
7f60e7f02000-7f60e8000000 rw-p 00000000 00:00 0 
7f60e8000000-7f60e9b46000 rw-p 00000000 00:00 0 
7f60e9b46000-7f60ec000000 ---p 00000000 00:00 0 
7f60ec000000-7f60ed777000 rw-p 00000000 00:00 0 
7f60ed777000-7f60f0000000 ---p 00000000 00:00 0 
7f60f0000000-7f60f1a78000 rw-p 00000000 00:00 0 
7f60f1a78000-7f60f4000000 ---p 00000000 00:00 0 
7f60f40b8000-7f60f40bb000 ---p 00000000 00:00 0 
7f60f40bb000-7f60f43b9000 rw-p 00000000 00:00 0 
7f60f43b9000-7f60f45b9000 rw-p 00000000 00:00 0 
7f60f45b9000-7f60f47b9000 rw-p 00000000 00:00 0 
7f60f47b9000-7f60f49b9000 rw-p 00000000 00:00 0 
7f60f49b9000-7f60f4bb9000 rw-p 00000000 00:00 0 
7f60f4bb9000-7f60f4bc1000 r-xp 00000000 08:03 4067409                    /usr/lib/jvm/java-8-oracle/jre/lib/amd64/libmanagement.so
7f60f4bc1000-7f60f4dc1000 ---p 00008000 08:03 4067409                    /usr/lib/jvm/java-8-oracle/jre/lib/amd64/libmanagement.so
7f60f4dc1000-7f60f4dc2000 rw-p 00008000 08:03 4067409                    /usr/lib/jvm/java-8-oracle/jre/lib/amd64/libmanagement.so
7f60f4dc2000-7f60f4fc2000 rw-p 00000000 00:00 0 
7f60f4fc2000-7f60f4fc6000 r--s 00034000 08:06 28840954                   /home/jimmy/.m2/repository/com/fasterxml/jackson/core/jackson-core/2.4.4/jackson-core-2.4.4.jar
7f60f4fc6000-7f60f4fc7000 r--s 00005000 08:06 28710950                   /home/jimmy/.m2/repository/org/slf4j/log4j-over-slf4j/1.7.8/log4j-over-slf4j-1.7.8.jar
7f60f4fc7000-7f60f4fd0000 r--s 0004f000 08:06 28446620                   /home/jimmy/.m2/repository/org/springframework/spring-aop/4.1.4.RELEASE/spring-aop-4.1.4.RELEASE.jar
7f60f4fd0000-7f60f4fda000 r--s 0005f000 08:06 26610750                   /home/jimmy/.m2/repository/ch/qos/logback/logback-core/1.1.2/logback-core-1.1.2.jar
7f60f4fda000-7f60f4fe9000 r--s 00064000 08:06 28446614                   /home/jimmy/.m2/repository/org/springframework/boot/spring-boot-autoconfigure/1.2.1.RELEASE/spring-boot-autoconfigure-1.2.1.RELEASE.jar
7f60f4fe9000-7f60f5013000 r--s 001e9000 08:06 28314257                   /home/jimmy/.m2/repository/com/google/guava/guava/15.0/guava-15.0.jar
7f60f5013000-7f60f5021000 r--s 0008d000 08:06 28840943                   /home/jimmy/.m2/repository/org/hibernate/hibernate-validator/5.1.3.Final/hibernate-validator-5.1.3.Final.jar
7f60f5021000-7f60f5025000 r--s 00036000 08:06 28840951                   /home/jimmy/.m2/repository/org/apache/tomcat/embed/tomcat-embed-el/8.0.15/tomcat-embed-el-8.0.15.jar
7f60f5025000-7f60f502a000 r--s 0003b000 08:06 28446621                   /home/jimmy/.m2/repository/org/springframework/spring-expression/4.1.4.RELEASE/spring-expression-4.1.4.RELEASE.jar
7f60f5053000-7f60f5056000 ---p 00000000 00:00 0 
7f60f5056000-7f60f5154000 rw-p 00000000 00:00 0 
7f60f5154000-7f60f5156000 r--s 00009000 08:06 28840952                   /home/jimmy/.m2/repository/org/apache/tomcat/embed/tomcat-embed-logging-juli/8.0.15/tomcat-embed-logging-juli-8.0.15.jar
7f60f5156000-7f60f5165000 r--s 000b0000 08:06 28840947                   /home/jimmy/.m2/repository/org/springframework/spring-webmvc/4.1.4.RELEASE/spring-webmvc-4.1.4.RELEASE.jar
7f60f5165000-7f60f516a000 r--s 00034000 08:06 28840953                   /home/jimmy/.m2/repository/org/apache/tomcat/embed/tomcat-embed-websocket/8.0.15/tomcat-embed-websocket-8.0.15.jar
7f60f516a000-7f60f516e000 r--s 0000c000 08:06 28840944                   /home/jimmy/.m2/repository/javax/validation/validation-api/1.1.0.Final/validation-api-1.1.0.Final.jar
7f60f516e000-7f60f516f000 r--s 00000000 08:06 28710952                   /home/jimmy/.m2/repository/org/springframework/boot/spring-boot-starter-web/1.2.1.RELEASE/spring-boot-starter-web-1.2.1.RELEASE.jar
7f60f516f000-7f60f5175000 r--s 0003d000 08:06 26610749                   /home/jimmy/.m2/repository/ch/qos/logback/logback-classic/1.1.2/logback-classic-1.1.2.jar
7f60f5175000-7f60f5177000 r--s 0000d000 08:06 27267179                   /home/jimmy/.m2/repository/org/rxtx/rxtx/2.2pre2/rxtx-2.2pre2.jar
7f60f5177000-7f60f5178000 r--s 00000000 08:06 28710953                   /home/jimmy/.m2/repository/org/springframework/boot/spring-boot-starter-tomcat/1.2.1.RELEASE/spring-boot-starter-tomcat-1.2.1.RELEASE.jar
7f60f5178000-7f60f5179000 r--s 00000000 08:06 28446615                   /home/jimmy/.m2/repository/org/springframework/boot/spring-boot-starter-logging/1.2.1.RELEASE/spring-boot-starter-logging-1.2.1.RELEASE.jar
7f60f5179000-7f60f5188000 r--s 00072000 08:06 28314255                   /home/jimmy/.m2/repository/com/fasterxml/jackson/module/jackson-module-scala_2.10/2.4.1/jackson-module-scala_2.10-2.4.1.jar
7f60f5188000-7f60f51be000 r--s 002d9000 08:06 29360287                   /home/jimmy/.m2/repository/org/scala-lang/scala-reflect/2.10.4/scala-reflect-2.10.4.jar
7f60f51be000-7f60f51bf000 r--s 00000000 08:06 28314721                   /home/jimmy/.m2/repository/org/springframework/boot/spring-boot-starter-websocket/1.2.1.RELEASE/spring-boot-starter-websocket-1.2.1.RELEASE.jar
7f60f51bf000-7f60f51c0000 r--s 00007000 08:06 28710948                   /home/jimmy/.m2/repository/org/slf4j/slf4j-api/1.7.8/slf4j-api-1.7.8.jar
7f60f51c0000-7f60f51ca000 r--s 0005c000 08:06 28446613                   /home/jimmy/.m2/repository/org/springframework/boot/spring-boot/1.2.1.RELEASE/spring-boot-1.2.1.RELEASE.jar
7f60f51ca000-7f60f51db000 r--s 000f6000 08:06 28840942                   /home/jimmy/.m2/repository/com/fasterxml/jackson/core/jackson-databind/2.4.4/jackson-databind-2.4.4.jar
7f60f51db000-7f60f51e8000 r--s 000a0000 08:06 28446618                   /home/jimmy/.m2/repository/org/springframework/spring-beans/4.1.4.RELEASE/spring-beans-4.1.4.RELEASE.jar
7f60f51e8000-7f60f51ea000 r--s 0000c000 08:06 26610775                   /home/jimmy/.m2/repository/org/jboss/logging/jboss-logging/3.1.3.GA/jboss-logging-3.1.3.GA.jar
7f60f51ea000-7f60f51ec000 r--s 00008000 08:06 28314250                   /home/jimmy/.m2/repository/mesosphere/jackson-case-class-module_2.10/0.1.2/jackson-case-class-module_2.10-0.1.2.jar
7f60f51ec000-7f60f51ee000 r--s 00000000 08:06 28710949                   /home/jimmy/.m2/repository/org/slf4j/jul-to-slf4j/1.7.8/jul-to-slf4j-1.7.8.jar
7f60f51ee000-7f60f51f5000 r--s 0003f000 08:06 28840949                   /home/jimmy/.m2/repository/org/springframework/spring-messaging/4.1.4.RELEASE/spring-messaging-4.1.4.RELEASE.jar
7f60f51f5000-7f60f5205000 r--s 0009f000 08:06 28840946                   /home/jimmy/.m2/repository/org/springframework/spring-web/4.1.4.RELEASE/spring-web-4.1.4.RELEASE.jar
7f60f5205000-7f60f522a000 r--s 0028d000 08:06 28840950                   /home/jimmy/.m2/repository/org/apache/tomcat/embed/tomcat-embed-core/8.0.15/tomcat-embed-core-8.0.15.jar
7f60f522a000-7f60f5232000 r--s 00057000 08:06 28840948                   /home/jimmy/.m2/repository/org/springframework/spring-websocket/4.1.4.RELEASE/spring-websocket-4.1.4.RELEASE.jar
7f60f5232000-7f60f5432000 rw-p 00000000 00:00 0 
7f60f5432000-7f60f54a4000 r--s 00659000 08:06 29363922                   /home/jimmy/.m2/repository/org/scala-lang/scala-library/2.10.2/scala-library-2.10.2.jar
7f60f54a4000-7f60f54ab000 r--s 0003d000 08:06 28710951                   /home/jimmy/.m2/repository/org/yaml/snakeyaml/1.14/snakeyaml-1.14.jar
7f60f54ab000-7f60f54ad000 r--s 00003000 08:06 28446616                   /home/jimmy/.m2/repository/org/slf4j/jcl-over-slf4j/1.7.8/jcl-over-slf4j-1.7.8.jar
7f60f54ad000-7f60f54af000 r--s 00007000 08:06 29365040                   /home/jimmy/.m2/repository/com/thoughtworks/paranamer/paranamer/2.6/paranamer-2.6.jar
7f60f54af000-7f60f54b2000 r--s 00007000 08:06 28840955                   /home/jimmy/.m2/repository/com/fasterxml/jackson/core/jackson-annotations/2.4.4/jackson-annotations-2.4.4.jar
7f60f54b2000-7f60f54ca000 r--s 000e3000 08:06 28446619                   /home/jimmy/.m2/repository/org/springframework/spring-context/4.1.4.RELEASE/spring-context-4.1.4.RELEASE.jar
7f60f54ca000-7f60f54cc000 r--s 0000d000 08:06 28840945                   /home/jimmy/.m2/repository/com/fasterxml/classmate/1.0.0/classmate-1.0.0.jar
7f60f54cc000-7f60f54cd000 r--s 00000000 08:06 28446612                   /home/jimmy/.m2/repository/org/springframework/boot/spring-boot-starter/1.2.1.RELEASE/spring-boot-starter-1.2.1.RELEASE.jar
7f60f54cd000-7f60f54cf000 r--s 00006000 08:06 13241268                   /home/jimmy/.m2/repository/com/google/code/findbugs/jsr305/2.0.1/jsr305-2.0.1.jar
7f60f54cf000-7f60f54d2000 ---p 00000000 00:00 0 
7f60f54d2000-7f60f55d0000 rw-p 00000000 00:00 0 
7f60f55d0000-7f60f55d3000 r--s 00006000 08:06 14815889                   /home/jimmy/.m2/repository/com/google/code/findbugs/jsr305/1.3.9/jsr305-1.3.9.jar
7f60f55d3000-7f60f55f4000 r--s 00172000 08:06 14950540                   /home/jimmy/.m2/repository/com/google/guava/guava/11.0.2/guava-11.0.2.jar
7f60f55f4000-7f60f55f5000 r--s 00008000 08:06 14950538                   /home/jimmy/.m2/repository/asm/asm-util/3.2/asm-util-3.2.jar
7f60f55f5000-7f60f55f6000 r--s 00004000 08:06 14950536                   /home/jimmy/.m2/repository/asm/asm-analysis/3.2/asm-analysis-3.2.jar
7f60f55f6000-7f60f55f9000 r--s 00013000 08:06 14950533                   /home/jimmy/.m2/repository/commons-io/commons-io/1.3.2/commons-io-1.3.2.jar
7f60f55f9000-7f60f55fa000 r--s 00002000 08:06 14950534                   /home/jimmy/.m2/repository/org/vafer/jdependency/0.7/jdependency-0.7.jar
7f60f55fa000-7f60f55fd000 r--s 0000c000 08:06 14950530                   /home/jimmy/.m2/repository/org/apache/maven/shared/maven-dependency-tree/2.1/maven-dependency-tree-2.1.jar
7f60f55fd000-7f60f5600000 r--s 00023000 08:06 14950529                   /home/jimmy/.m2/repository/org/jdom/jdom/1.1/jdom-1.1.jar
7f60f5600000-7f60f5602000 r--s 00004000 08:06 14950526                   /home/jimmy/.m2/repository/asm/asm-tree/3.3.1/asm-tree-3.3.1.jar
7f60f5602000-7f60f5604000 r--s 00008000 08:06 14950524                   /home/jimmy/.m2/repository/asm/asm-commons/3.3.1/asm-commons-3.3.1.jar
7f60f5604000-7f60f5605000 r--s 0000a000 08:06 46007466                   /home/jimmy/.m2/repository/asm/asm/3.3.1/asm-3.3.1.jar
7f60f5605000-7f60f5610000 r--s 00069000 08:06 14950522                   /home/jimmy/.m2/repository/org/sonatype/sisu/sisu-guice/2.1.7/sisu-guice-2.1.7-noaop.jar
7f60f5610000-7f60f5615000 r--s 00021000 08:06 14950520                   /home/jimmy/.m2/repository/org/sonatype/sisu/sisu-inject-bean/1.4.2/sisu-inject-bean-1.4.2.jar
7f60f5615000-7f60f5617000 r--s 00017000 08:06 14950519                   /home/jimmy/.m2/repository/org/apache/maven/plugins/maven-shade-plugin/2.2/maven-shade-plugin-2.2.jar
7f60f5617000-7f60f561b000 r--s 0003a000 08:06 13640094                   /home/jimmy/.m2/repository/org/codehaus/plexus/plexus-utils/3.0.17/plexus-utils-3.0.17.jar
7f60f561b000-7f60f561f000 r--s 00014000 08:06 14950517                   /home/jimmy/.m2/repository/org/tukaani/xz/1.2/xz-1.2.jar
7f60f561f000-7f60f5624000 r--s 0003a000 08:06 14950516                   /home/jimmy/.m2/repository/org/apache/commons/commons-compress/1.5/commons-compress-1.5.jar
7f60f5624000-7f60f5627000 r--s 0000c000 08:06 14950514                   /home/jimmy/.m2/repository/org/codehaus/plexus/plexus-io/2.0.10/plexus-io-2.0.10.jar
7f60f5627000-7f60f562c000 r--s 00024000 08:06 14950512                   /home/jimmy/.m2/repository/org/codehaus/plexus/plexus-archiver/2.4.4/plexus-archiver-2.4.4.jar
7f60f562c000-7f60f562e000 r--s 00009000 08:06 17434205                   /home/jimmy/.m2/repository/org/hamcrest/hamcrest-core/1.3/hamcrest-core-1.3.jar
7f60f562e000-7f60f5636000 r--s 00045000 08:06 19800689                   /home/jimmy/.m2/repository/junit/junit/4.12/junit-4.12.jar
7f60f5636000-7f60f5644000 r--s 0008f000 08:06 16782271                   /home/jimmy/.m2/repository/com/google/collections/google-collections/1.0/google-collections-1.0.jar
7f60f5644000-7f60f5645000 r--s 0000a000 08:06 16652078                   /home/jimmy/.m2/repository/commons-logging/commons-logging-api/1.1/commons-logging-api-1.1.jar
7f60f5645000-7f60f564e000 r--s 0006f000 08:06 17565422                   /home/jimmy/.m2/repository/log4j/log4j/1.2.17/log4j-1.2.17.jar
7f60f564e000-7f60f5652000 r--s 0001d000 08:06 16126436                   /home/jimmy/.m2/repository/org/apache/xbean/xbean-reflect/3.4/xbean-reflect-3.4.jar
7f60f5652000-7f60f5654000 r--s 00006000 08:06 14951049                   /home/jimmy/.m2/repository/org/apache/maven/shared/maven-common-artifact-filters/1.4/maven-common-artifact-filters-1.4.jar
7f60f5654000-7f60f565a000 r--s 00042000 08:06 14815886                   /home/jimmy/.m2/repository/org/eclipse/sisu/org.eclipse.sisu.inject/0.0.0.M5/org.eclipse.sisu.inject-0.0.0.M5.jar
7f60f565a000-7f60f565c000 r--s 00000000 08:06 45483134                   /home/jimmy/.m2/repository/aopalliance/aopalliance/1.0/aopalliance-1.0.jar
7f60f565c000-7f60f565d000 r--s 00000000 08:06 14815882                   /home/jimmy/.m2/repository/javax/inject/javax.inject/1/javax.inject-1.jar
7f60f565d000-7f60f565e000 r--s 00001000 08:06 45484265                   /home/jimmy/.m2/repository/javax/annotation/jsr250-api/1.0/jsr250-api-1.0.jar
7f60f565e000-7f60f5661000 r--s 00008000 08:06 14815881                   /home/jimmy/.m2/repository/javax/enterprise/cdi-api/1.0/cdi-api-1.0.jar
7f60f5661000-7f60f5665000 r--s 00020000 08:06 18355027                   /home/jimmy/.m2/repository/org/eclipse/aether/aether-util/0.9.1.v20140329/aether-util-0.9.1.v20140329.jar
7f60f5665000-7f60f5667000 r--s 0000d000 08:06 13768824                   /home/jimmy/.m2/repository/org/codehaus/plexus/plexus-interpolation/1.15/plexus-interpolation-1.15.jar
7f60f5667000-7f60f5669000 r--s 0000e000 08:06 17046921                   /home/jimmy/.m2/repository/commons-logging/commons-logging/1.2/commons-logging-1.2.jar
7f60f5669000-7f60f567d000 r--s 000e2000 08:06 28446617                   /home/jimmy/.m2/repository/org/springframework/spring-core/4.1.4.RELEASE/spring-core-4.1.4.RELEASE.jar
7f60f567d000-7f60f5680000 r--s 0001d000 08:06 27133755                   /home/jimmy/.m2/repository/org/springframework/boot/spring-boot-loader-tools/1.2.1.RELEASE/spring-boot-loader-tools-1.2.1.RELEASE.jar
7f60f5680000-7f60f5682000 r--s 00009000 08:06 28841015                   /home/jimmy/.m2/repository/org/springframework/boot/spring-boot-maven-plugin/1.2.1.RELEASE/spring-boot-maven-plugin-1.2.1.RELEASE.jar
7f60f5682000-7f60f5683000 r--s 00003000 08:06 45613829                   /home/jimmy/.m2/repository/org/codehaus/plexus/plexus-compiler-javac/1.5.3/plexus-compiler-javac-1.5.3.jar
7f60f5683000-7f60f5685000 r--s 00000000 08:06 45613826                   /home/jimmy/.m2/repository/org/codehaus/plexus/plexus-compiler-manager/1.5.3/plexus-compiler-manager-1.5.3.jar
7f60f5685000-7f60f5686000 r--s 00004000 08:06 45613823                   /home/jimmy/.m2/repository/org/codehaus/plexus/plexus-compiler-api/1.5.3/plexus-compiler-api-1.5.3.jar
7f60f5686000-7f60f5688000 r--s 00026000 08:06 42864516                   /home/jimmy/.m2/repository/org/codehaus/plexus/plexus-utils/1.0.4/plexus-utils-1.0.4.jar
7f60f5688000-7f60f5689000 r--s 00004000 08:06 45613669                   /home/jimmy/.m2/repository/org/apache/maven/plugins/maven-compiler-plugin/2.0.2/maven-compiler-plugin-2.0.2.jar
7f60f5689000-7f60f5889000 rw-p 00000000 00:00 0 
7f60f5889000-7f60f5950000 r--s 00a25000 08:06 29364133                   /home/jimmy/.m2/repository/org/scala-lang/scala-compiler/2.9.2/scala-compiler-2.9.2.jar
7f60f5950000-7f60f5953000 r--s 00008000 08:06 29364130                   /home/jimmy/.m2/repository/com/typesafe/sbt/sbt-interface/0.12.1/sbt-interface-0.12.1.jar
7f60f5953000-7f60f5978000 r--s 001be000 08:06 29364128                   /home/jimmy/.m2/repository/com/typesafe/sbt/incremental-compiler/0.12.1/incremental-compiler-0.12.1.jar
7f60f5978000-7f60f5979000 r--s 00004000 08:06 29364127                   /home/jimmy/.m2/repository/com/typesafe/sbt/compiler-interface/0.12.1/compiler-interface-0.12.1-sources.jar
7f60f5979000-7f60f59f7000 r--s 007f5000 08:06 29364126                   /home/jimmy/.m2/repository/org/scala-lang/scala-library/2.9.2/scala-library-2.9.2.jar
7f60f59f7000-7f60f59fc000 r--s 00046000 08:06 29364125                   /home/jimmy/.m2/repository/com/typesafe/zinc/zinc/0.2.0/zinc-0.2.0.jar
7f60f59fc000-7f60f59fe000 r--s 00006000 08:06 14951052                   /home/jimmy/.m2/repository/org/apache/maven/shared/maven-invoker/2.0.11/maven-invoker-2.0.11.jar
7f60f59fe000-7f60f59ff000 r--s 00002000 08:06 45744165                   /home/jimmy/.m2/repository/org/apache/maven/doxia/doxia-logging-api/1.1.2/doxia-logging-api-1.1.2.jar
7f60f59ff000-7f60f5a01000 r--s 00002000 08:06 45744164                   /home/jimmy/.m2/repository/org/apache/maven/doxia/doxia-sink-api/1.1.2/doxia-sink-api-1.1.2.jar
7f60f5a01000-7f60f5a03000 r--s 00004000 08:06 13640032                   /home/jimmy/.m2/repository/org/apache/maven/maven-archiver/2.5/maven-archiver-2.5.jar
7f60f5a03000-7f60f5a06000 r--s 0000c000 08:06 13768826                   /home/jimmy/.m2/repository/org/codehaus/plexus/plexus-io/2.0.2/plexus-io-2.0.2.jar
7f60f5a06000-7f60f5a0b000 r--s 00029000 08:06 13768825                   /home/jimmy/.m2/repository/org/codehaus/plexus/plexus-archiver/2.1/plexus-archiver-2.1.jar
7f60f5a0b000-7f60f5a0f000 r--s 00034000 08:06 42864480                   /home/jimmy/.m2/repository/org/codehaus/plexus/plexus-utils/3.0/plexus-utils-3.0.jar
7f60f5a0f000-7f60f5a11000 r--s 0000b000 08:06 45484524                   /home/jimmy/.m2/repository/org/apache/commons/commons-exec/1.1/commons-exec-1.1.jar
7f60f5a11000-7f60f5a13000 r--s 00007000 08:06 20453537                   /home/jimmy/.m2/repository/org/apache/maven/shared/maven-dependency-tree/1.2/maven-dependency-tree-1.2.jar
7f60f5a13000-7f60f5a15000 r--s 00002000 08:06 15208159                   /home/jimmy/.m2/repository/org/sonatype/plexus/plexus-cipher/1.4/plexus-cipher-1.4.jar
7f60f5a15000-7f60f5a16000 r--s 00006000 08:06 14950510                   /home/jimmy/.m2/repository/org/sonatype/plexus/plexus-sec-dispatcher/1.3/plexus-sec-dispatcher-1.3.jar
7f60f5a16000-7f60f5a18000 r--s 00000000 08:06 15338896                   /home/jimmy/.m2/repository/org/codehaus/plexus/plexus-component-annotations/1.5.5/plexus-component-annotations-1.5.5.jar
7f60f5a18000-7f60f5a1a000 r--s 0000d000 08:06 14951110                   /home/jimmy/.m2/repository/org/codehaus/plexus/plexus-interpolation/1.14/plexus-interpolation-1.14.jar
7f60f5a1a000-7f60f5a39000 r--s 00152000 08:06 18485946                   /home/jimmy/.m2/repository/org/sonatype/sisu/sisu-guava/0.9.9/sisu-guava-0.9.9.jar
7f60f5a39000-7f60f5a41000 r--s 00050000 08:06 14815884                   /home/jimmy/.m2/repository/org/sonatype/sisu/sisu-guice/3.1.0/sisu-guice-3.1.0-no_aop.jar
7f60f5a41000-7f60f5a48000 r--s 00040000 08:06 18225171                   /home/jimmy/.m2/repository/org/sonatype/sisu/sisu-inject-bean/2.3.0/sisu-inject-bean-2.3.0.jar
7f60f5a48000-7f60f5a4c000 r--s 0001c000 08:06 20190692                   /home/jimmy/.m2/repository/org/sonatype/aether/aether-util/1.13.1/aether-util-1.13.1.jar
7f60f5a4c000-7f60f5a4d000 r--s 00002000 08:06 14951018                   /home/jimmy/.m2/repository/org/apache/maven/reporting/maven-reporting-api/3.0/maven-reporting-api-3.0.jar
7f60f5a4d000-7f60f5a4f000 r--s 00018000 08:06 22549821                   /home/jimmy/.m2/repository/net/alchim31/maven/scala-maven-plugin/3.1.5/scala-maven-plugin-3.1.5.jar
7f60f5a4f000-7f60f5a51000 r--s 0000d000 08:06 42864477                   /home/jimmy/.m2/repository/org/codehaus/plexus/plexus-interpolation/1.13/plexus-interpolation-1.13.jar
7f60f5a51000-7f60f5a52000 r--s 00001000 08:06 44042795                   /home/jimmy/.m2/repository/org/sonatype/plexus/plexus-build-api/0.0.4/plexus-build-api-0.0.4.jar
7f60f5a52000-7f60f5a54000 r--s 00009000 08:06 43649541                   /home/jimmy/.m2/repository/org/apache/maven/shared/maven-filtering/1.0/maven-filtering-1.0.jar
7f60f5a54000-7f60f5a58000 r--s 00033000 08:06 42864374                   /home/jimmy/.m2/repository/org/codehaus/plexus/plexus-utils/2.0.5/plexus-utils-2.0.5.jar
7f60f5a58000-7f60f5a5b000 r--s 0001b000 08:06 40108244                   /home/jimmy/.m2/repository/junit/junit/3.8.1/junit-3.8.1.jar
7f60f5a5b000-7f60f5a5d000 r--s 00002000 08:06 42864491                   /home/jimmy/.m2/repository/org/codehaus/plexus/plexus-interactivity-api/1.0-alpha-4/plexus-interactivity-api-1.0-alpha-4.jar
7f60f5a5d000-7f60f5a5f000 r--s 00006000 08:06 42864490                   /home/jimmy/.m2/repository/commons-cli/commons-cli/1.0/commons-cli-1.0.jar
7f60f5a5f000-7f60f5a60000 r--s 00001000 08:06 42864489                   /home/jimmy/.m2/repository/org/apache/maven/doxia/doxia-sink-api/1.0-alpha-7/doxia-sink-api-1.0-alpha-7.jar
7f60f5a60000-7f60f5a61000 r--s 00002000 08:06 42864488                   /home/jimmy/.m2/repository/org/apache/maven/reporting/maven-reporting-api/2.0.6/maven-reporting-api-2.0.6.jar
7f60f5a61000-7f60f5a63000 r--s 00005000 08:06 41552779                   /home/jimmy/.m2/repository/org/apache/maven/plugins/maven-resources-plugin/2.5/maven-resources-plugin-2.5.jar
7f60f5a63000-7f60f5c63000 rw-p 00000000 00:00 0 
7f60f5d4b000-7f60f5d50000 r--s 002f8000 08:03 3804621                    /usr/lib/jvm/java-8-oracle/jre/lib/charsets.jar
7f60f5d50000-7f60f5d53000 ---p 00000000 00:00 0 
7f60f5d53000-7f60f5e51000 rw-p 00000000 00:00 0 
7f60f5e51000-7f60f5e64000 r--s 00344000 08:03 3804496                    /usr/lib/jvm/java-8-oracle/jre/lib/resources.jar
7f60f5e64000-7f60f5e75000 r-xp 00000000 08:03 4067408                    /usr/lib/jvm/java-8-oracle/jre/lib/amd64/libnio.so
7f60f5e75000-7f60f6074000 ---p 00011000 08:03 4067408                    /usr/lib/jvm/java-8-oracle/jre/lib/amd64/libnio.so
7f60f6074000-7f60f6075000 rw-p 00010000 08:03 4067408                    /usr/lib/jvm/java-8-oracle/jre/lib/amd64/libnio.so
7f60f6075000-7f60f608b000 r-xp 00000000 08:03 4067377                    /usr/lib/jvm/java-8-oracle/jre/lib/amd64/libnet.so
7f60f608b000-7f60f628b000 ---p 00016000 08:03 4067377                    /usr/lib/jvm/java-8-oracle/jre/lib/amd64/libnet.so
7f60f628b000-7f60f628c000 rw-p 00016000 08:03 4067377                    /usr/lib/jvm/java-8-oracle/jre/lib/amd64/libnet.so
7f60f628c000-7f60f648c000 rw-p 00000000 00:00 0 
7f60f648c000-7f60f6490000 r--s 00094000 08:03 3804638                    /usr/lib/jvm/java-8-oracle/jre/lib/jsse.jar
7f60f6490000-7f60f6690000 rw-p 00000000 00:00 0 
7f60f6690000-7f60f66ac000 r--s 00393000 08:03 3804526                    /usr/lib/jvm/java-8-oracle/jre/lib/ext/cldrdata.jar
7f60f66ac000-7f60f66b7000 r--s 00116000 08:03 3804523                    /usr/lib/jvm/java-8-oracle/jre/lib/ext/localedata.jar
7f60f66b7000-7f60f66b9000 r--s 00005000 08:03 2503983                    /usr/share/maven3/lib/maven-repository-metadata-3.2.1.jar
7f60f66b9000-7f60f66ba000 r--s 00006000 08:03 2503948                    /usr/share/maven3/lib/plexus-sec-dispatcher-1.3.jar
7f60f66ba000-7f60f66bc000 r--s 0000a000 08:03 2503952                    /usr/share/maven3/lib/maven-plugin-api-3.2.1.jar
7f60f66bc000-7f60f66be000 r--s 00009000 08:03 2503980                    /usr/share/maven3/lib/commons-cli-1.2.jar
7f60f66be000-7f60f66c4000 r--s 00042000 08:03 2503985                    /usr/share/maven3/lib/org.eclipse.sisu.inject-0.0.0.M5.jar
7f60f66c4000-7f60f66cc000 r--s 00050000 08:03 2503963                    /usr/share/maven3/lib/sisu-guice-3.1.3-no_aop.jar
7f60f66cc000-7f60f66d0000 r--s 00020000 08:03 2503961                    /usr/share/maven3/lib/aether-impl-0.9.0.M2.jar
7f60f66d0000-7f60f66d2000 r--s 00002000 08:03 2503972                    /usr/share/maven3/lib/plexus-cipher-1.7.jar
7f60f66d2000-7f60f66d5000 r--s 00025000 08:03 2503960                    /usr/share/maven3/lib/maven-model-3.2.1.jar
7f60f66d5000-7f60f66f4000 r--s 00134000 08:03 2503956                    /usr/share/maven3/lib/wagon-http-2.6-shaded.jar
7f60f66f4000-7f60f66f6000 r--s 0000b000 08:03 2503995                    /usr/share/maven3/lib/wagon-provider-api-2.6.jar
7f60f66f6000-7f60f66f8000 r--s 00000000 08:03 2503957                    /usr/share/maven3/lib/plexus-component-annotations-1.5.5.jar
7f60f66f8000-7f60f66fd000 r--s 00024000 08:03 2503994                    /usr/share/maven3/lib/maven-model-builder-3.2.1.jar
7f60f66fd000-7f60f66fe000 r--s 00001000 08:03 2503965                    /usr/share/maven3/lib/jsr250-api-1.0.jar
7f60f66fe000-7f60f6702000 r--s 00027000 08:03 2503947                    /usr/share/maven3/lib/commons-io-2.2.jar
7f60f6702000-7f60f6703000 r--s 00002000 08:03 2503949                    /usr/share/maven3/lib/wagon-file-2.6.jar
7f60f6703000-7f60f6704000 r--s 00002000 08:03 2503984                    /usr/share/maven3/lib/slf4j-simple-1.7.5.jar
7f60f6704000-7f60f6707000 r--s 00008000 08:03 2503958                    /usr/share/maven3/lib/cdi-api-1.0.jar
7f60f6707000-7f60f6708000 r--s 00002000 08:03 2503998                    /usr/share/maven3/lib/wagon-http-shared-2.6.jar
7f60f6708000-7f60f670c000 r--s 0003a000 08:03 2503993                    /usr/share/maven3/lib/plexus-utils-3.0.17.jar
7f60f670c000-7f60f6712000 r--s 0002a000 08:03 2503945                    /usr/share/maven3/lib/org.eclipse.sisu.plexus-0.0.0.M5.jar
7f60f6712000-7f60f6715000 r--s 0000d000 08:03 2503966                    /usr/share/maven3/lib/plexus-interpolation-1.19.jar
7f60f6715000-7f60f6719000 r--s 0001d000 08:03 2503978                    /usr/share/maven3/lib/aether-util-0.9.0.M2.jar
7f60f6719000-7f60f671b000 r--s 00000000 08:03 2503969                    /usr/share/maven3/lib/aopalliance-1.0.jar
7f60f671b000-7f60f6720000 r--s 00041000 08:03 2503989                    /usr/share/maven3/lib/commons-lang-2.6.jar
7f60f6720000-7f60f6723000 r--s 0000a000 08:03 2504001                    /usr/share/maven3/boot/plexus-classworlds-2.5.1.jar
7f60f6723000-7f60f6724000 ---p 00000000 00:00 0 
7f60f6724000-7f60f6824000 rw-p 00000000 00:00 0 
7f60f6824000-7f60f6827000 ---p 00000000 00:00 0 
7f60f6827000-7f60f6925000 rw-p 00000000 00:00 0 
7f60f6925000-7f60f6928000 ---p 00000000 00:00 0 
7f60f6928000-7f60f6a26000 rw-p 00000000 00:00 0 
7f60f6a26000-7f60f6a29000 ---p 00000000 00:00 0 
7f60f6a29000-7f60f6b27000 rw-p 00000000 00:00 0 
7f60f6b27000-7f60f6b2a000 ---p 00000000 00:00 0 
7f60f6b2a000-7f60f6c28000 rw-p 00000000 00:00 0 
7f60f6c28000-7f60f6c2b000 ---p 00000000 00:00 0 
7f60f6c2b000-7f60f6d29000 rw-p 00000000 00:00 0 
7f60f6d29000-7f60f6d2c000 ---p 00000000 00:00 0 
7f60f6d2c000-7f60f6e2a000 rw-p 00000000 00:00 0 
7f60f6e2a000-7f60f6fa1000 r--p 00000000 08:03 1722918                    /usr/lib/locale/locale-archive
7f60f6fa1000-7f60f6fa4000 ---p 00000000 00:00 0 
7f60f6fa4000-7f60f70a2000 rw-p 00000000 00:00 0 
7f60f70a2000-7f60f70a5000 ---p 00000000 00:00 0 
7f60f70a5000-7f60f71a3000 rw-p 00000000 00:00 0 
7f60f71a3000-7f60f71a4000 ---p 00000000 00:00 0 
7f60f71a4000-7f60f8ec7000 rw-p 00000000 00:00 0 
7f60f8ec7000-7f60f909d000 r--s 03cae000 08:03 3804497                    /usr/lib/jvm/java-8-oracle/jre/lib/rt.jar
7f60f909d000-7f60fdbcb000 rw-p 00000000 00:00 0 
7f60fdbcb000-7f60fdbcc000 ---p 00000000 00:00 0 
7f60fdbcc000-7f60fdccc000 rw-p 00000000 00:00 0 
7f60fdccc000-7f60fdccd000 ---p 00000000 00:00 0 
7f60fdccd000-7f60fddcd000 rw-p 00000000 00:00 0 
7f60fddcd000-7f60fddce000 ---p 00000000 00:00 0 
7f60fddce000-7f60fdece000 rw-p 00000000 00:00 0 
7f60fdece000-7f60fdecf000 ---p 00000000 00:00 0 
7f60fdecf000-7f60fdfcf000 rw-p 00000000 00:00 0 
7f60fdfcf000-7f60fdfd0000 ---p 00000000 00:00 0 
7f60fdfd0000-7f60fe0d0000 rw-p 00000000 00:00 0 
7f60fe0d0000-7f60fe0d1000 ---p 00000000 00:00 0 
7f60fe0d1000-7f60fe1d1000 rw-p 00000000 00:00 0 
7f60fe1d1000-7f60fe1d2000 ---p 00000000 00:00 0 
7f60fe1d2000-7f60fe2d2000 rw-p 00000000 00:00 0 
7f60fe2d2000-7f60fe2d3000 ---p 00000000 00:00 0 
7f60fe2d3000-7f60fe409000 rw-p 00000000 00:00 0 
7f60fe409000-7f60fe66c000 ---p 00000000 00:00 0 
7f60fe66c000-7f60fe6a2000 rw-p 00000000 00:00 0 
7f60fe6a2000-7f60fe904000 ---p 00000000 00:00 0 
7f60fe904000-7f60fe98f000 rw-p 00000000 00:00 0 
7f60fe98f000-7f60fea51000 ---p 00000000 00:00 0 
7f60fea51000-7f60fea92000 rw-p 00000000 00:00 0 
7f60fea92000-7f60fee12000 ---p 00000000 00:00 0 
7f60fee12000-7f60ffdf2000 rwxp 00000000 00:00 0 
7f60ffdf2000-7f610de12000 ---p 00000000 00:00 0 
7f610de12000-7f610de2c000 r-xp 00000000 08:03 4067380                    /usr/lib/jvm/java-8-oracle/jre/lib/amd64/libzip.so
7f610de2c000-7f610e02c000 ---p 0001a000 08:03 4067380                    /usr/lib/jvm/java-8-oracle/jre/lib/amd64/libzip.so
7f610e02c000-7f610e02d000 rw-p 0001a000 08:03 4067380                    /usr/lib/jvm/java-8-oracle/jre/lib/amd64/libzip.so
7f610e02d000-7f610e038000 r-xp 00000000 08:03 5767406                    /lib/x86_64-linux-gnu/libnss_files-2.13.so
7f610e038000-7f610e237000 ---p 0000b000 08:03 5767406                    /lib/x86_64-linux-gnu/libnss_files-2.13.so
7f610e237000-7f610e238000 r--p 0000a000 08:03 5767406                    /lib/x86_64-linux-gnu/libnss_files-2.13.so
7f610e238000-7f610e239000 rw-p 0000b000 08:03 5767406                    /lib/x86_64-linux-gnu/libnss_files-2.13.so
7f610e239000-7f610e243000 r-xp 00000000 08:03 5767666                    /lib/x86_64-linux-gnu/libnss_nis-2.13.so
7f610e243000-7f610e442000 ---p 0000a000 08:03 5767666                    /lib/x86_64-linux-gnu/libnss_nis-2.13.so
7f610e442000-7f610e443000 r--p 00009000 08:03 5767666                    /lib/x86_64-linux-gnu/libnss_nis-2.13.so
7f610e443000-7f610e444000 rw-p 0000a000 08:03 5767666                    /lib/x86_64-linux-gnu/libnss_nis-2.13.so
7f610e444000-7f610e459000 r-xp 00000000 08:03 5767426                    /lib/x86_64-linux-gnu/libnsl-2.13.so
7f610e459000-7f610e658000 ---p 00015000 08:03 5767426                    /lib/x86_64-linux-gnu/libnsl-2.13.so
7f610e658000-7f610e659000 r--p 00014000 08:03 5767426                    /lib/x86_64-linux-gnu/libnsl-2.13.so
7f610e659000-7f610e65a000 rw-p 00015000 08:03 5767426                    /lib/x86_64-linux-gnu/libnsl-2.13.so
7f610e65a000-7f610e65c000 rw-p 00000000 00:00 0 
7f610e65c000-7f610e663000 r-xp 00000000 08:03 5767677                    /lib/x86_64-linux-gnu/libnss_compat-2.13.so
7f610e663000-7f610e862000 ---p 00007000 08:03 5767677                    /lib/x86_64-linux-gnu/libnss_compat-2.13.so
7f610e862000-7f610e863000 r--p 00006000 08:03 5767677                    /lib/x86_64-linux-gnu/libnss_compat-2.13.so
7f610e863000-7f610e864000 rw-p 00007000 08:03 5767677                    /lib/x86_64-linux-gnu/libnss_compat-2.13.so
7f610e864000-7f610e88e000 r-xp 00000000 08:03 4067392                    /usr/lib/jvm/java-8-oracle/jre/lib/amd64/libjava.so
7f610e88e000-7f610ea8e000 ---p 0002a000 08:03 4067392                    /usr/lib/jvm/java-8-oracle/jre/lib/amd64/libjava.so
7f610ea8e000-7f610ea90000 rw-p 0002a000 08:03 4067392                    /usr/lib/jvm/java-8-oracle/jre/lib/amd64/libjava.so
7f610ea90000-7f610ea9d000 r-xp 00000000 08:03 4067365                    /usr/lib/jvm/java-8-oracle/jre/lib/amd64/libverify.so
7f610ea9d000-7f610ec9d000 ---p 0000d000 08:03 4067365                    /usr/lib/jvm/java-8-oracle/jre/lib/amd64/libverify.so
7f610ec9d000-7f610ec9f000 rw-p 0000d000 08:03 4067365                    /usr/lib/jvm/java-8-oracle/jre/lib/amd64/libverify.so
7f610ec9f000-7f610eca6000 r-xp 00000000 08:03 5767631                    /lib/x86_64-linux-gnu/librt-2.13.so
7f610eca6000-7f610eea5000 ---p 00007000 08:03 5767631                    /lib/x86_64-linux-gnu/librt-2.13.so
7f610eea5000-7f610eea6000 r--p 00006000 08:03 5767631                    /lib/x86_64-linux-gnu/librt-2.13.so
7f610eea6000-7f610eea7000 rw-p 00007000 08:03 5767631                    /lib/x86_64-linux-gnu/librt-2.13.so
7f610eea7000-7f610ef28000 r-xp 00000000 08:03 5767422                    /lib/x86_64-linux-gnu/libm-2.13.so
7f610ef28000-7f610f127000 ---p 00081000 08:03 5767422                    /lib/x86_64-linux-gnu/libm-2.13.so
7f610f127000-7f610f128000 r--p 00080000 08:03 5767422                    /lib/x86_64-linux-gnu/libm-2.13.so
7f610f128000-7f610f129000 rw-p 00081000 08:03 5767422                    /lib/x86_64-linux-gnu/libm-2.13.so
7f610f129000-7f610fd97000 r-xp 00000000 08:03 4067394                    /usr/lib/jvm/java-8-oracle/jre/lib/amd64/server/libjvm.so
7f610fd97000-7f610ff96000 ---p 00c6e000 08:03 4067394                    /usr/lib/jvm/java-8-oracle/jre/lib/amd64/server/libjvm.so
7f610ff96000-7f611006c000 rw-p 00c6d000 08:03 4067394                    /usr/lib/jvm/java-8-oracle/jre/lib/amd64/server/libjvm.so
7f611006c000-7f61100af000 rw-p 00000000 00:00 0 
7f61100af000-7f6110231000 r-xp 00000000 08:03 5767628                    /lib/x86_64-linux-gnu/libc-2.13.so
7f6110231000-7f6110431000 ---p 00182000 08:03 5767628                    /lib/x86_64-linux-gnu/libc-2.13.so
7f6110431000-7f6110435000 r--p 00182000 08:03 5767628                    /lib/x86_64-linux-gnu/libc-2.13.so
7f6110435000-7f6110436000 rw-p 00186000 08:03 5767628                    /lib/x86_64-linux-gnu/libc-2.13.so
7f6110436000-7f611043b000 rw-p 00000000 00:00 0 
7f611043b000-7f611043d000 r-xp 00000000 08:03 5767634                    /lib/x86_64-linux-gnu/libdl-2.13.so
7f611043d000-7f611063d000 ---p 00002000 08:03 5767634                    /lib/x86_64-linux-gnu/libdl-2.13.so
7f611063d000-7f611063e000 r--p 00002000 08:03 5767634                    /lib/x86_64-linux-gnu/libdl-2.13.so
7f611063e000-7f611063f000 rw-p 00003000 08:03 5767634                    /lib/x86_64-linux-gnu/libdl-2.13.so
7f611063f000-7f6110654000 r-xp 00000000 08:03 3541631                    /usr/lib/jvm/java-8-oracle/lib/amd64/jli/libjli.so
7f6110654000-7f6110853000 ---p 00015000 08:03 3541631                    /usr/lib/jvm/java-8-oracle/lib/amd64/jli/libjli.so
7f6110853000-7f6110854000 rw-p 00014000 08:03 3541631                    /usr/lib/jvm/java-8-oracle/lib/amd64/jli/libjli.so
7f6110854000-7f611086b000 r-xp 00000000 08:03 5767685                    /lib/x86_64-linux-gnu/libpthread-2.13.so
7f611086b000-7f6110a6a000 ---p 00017000 08:03 5767685                    /lib/x86_64-linux-gnu/libpthread-2.13.so
7f6110a6a000-7f6110a6b000 r--p 00016000 08:03 5767685                    /lib/x86_64-linux-gnu/libpthread-2.13.so
7f6110a6b000-7f6110a6c000 rw-p 00017000 08:03 5767685                    /lib/x86_64-linux-gnu/libpthread-2.13.so
7f6110a6c000-7f6110a70000 rw-p 00000000 00:00 0 
7f6110a70000-7f6110a90000 r-xp 00000000 08:03 5767641                    /lib/x86_64-linux-gnu/ld-2.13.so
7f6110a90000-7f6110a92000 r--s 00009000 08:03 2503964                    /usr/share/maven3/lib/maven-settings-builder-3.2.1.jar
7f6110a92000-7f6110a93000 r--s 00000000 08:03 2503997                    /usr/share/maven3/lib/javax.inject-1.jar
7f6110a93000-7f6110a95000 r--s 00007000 08:03 2503962                    /usr/share/maven3/lib/aether-connector-wagon-0.9.0.M2.jar
7f6110a95000-7f6110a97000 r--s 0000d000 08:03 2503967                    /usr/share/maven3/lib/maven-embedder-3.2.1.jar
7f6110a97000-7f6110a99000 r--s 00003000 08:03 2503955                    /usr/share/maven3/lib/aether-spi-0.9.0.M2.jar
7f6110a99000-7f6110a9d000 r--s 0001d000 08:03 2503946                    /usr/share/maven3/lib/aether-api-0.9.0.M2.jar
7f6110a9d000-7f6110aa4000 r--s 0003f000 08:03 2503973                    /usr/share/maven3/lib/maven-compat-3.2.1.jar
7f6110aa4000-7f6110acd000 r--s 001ee000 08:03 2503975                    /usr/share/maven3/lib/guava-14.0.1.jar
7f6110acd000-7f6110ad3000 r--s 00042000 08:03 2503950                    /usr/share/maven3/lib/jsoup-1.7.2.jar
7f6110ad3000-7f6110b6a000 rw-p 00000000 00:00 0 
7f6110b6a000-7f6110b6d000 ---p 00000000 00:00 0 
7f6110b6d000-7f6110c6f000 rw-p 00000000 00:00 0 
7f6110c6f000-7f6110c71000 r--s 00005000 08:03 2503986                    /usr/share/maven3/lib/slf4j-api-1.7.5.jar
7f6110c71000-7f6110c72000 r--s 0000e000 08:03 2503954                    /usr/share/maven3/lib/maven-aether-provider-3.2.1.jar
7f6110c72000-7f6110c75000 r--s 0000b000 08:03 2503992                    /usr/share/maven3/lib/maven-artifact-3.2.1.jar
7f6110c75000-7f6110c81000 r--s 00081000 08:03 2503987                    /usr/share/maven3/lib/maven-core-3.2.1.jar
7f6110c81000-7f6110c83000 r--s 00009000 08:03 2503970                    /usr/share/maven3/lib/maven-settings-3.2.1.jar
7f6110c83000-7f6110c8b000 rw-s 00000000 08:03 4850083                    /tmp/hsperfdata_jimmy/26555
7f6110c8b000-7f6110c8c000 rw-p 00000000 00:00 0 
7f6110c8c000-7f6110c8d000 r--p 00000000 00:00 0 
7f6110c8d000-7f6110c8f000 rw-p 00000000 00:00 0 
7f6110c8f000-7f6110c90000 r--p 0001f000 08:03 5767641                    /lib/x86_64-linux-gnu/ld-2.13.so
7f6110c90000-7f6110c91000 rw-p 00020000 08:03 5767641                    /lib/x86_64-linux-gnu/ld-2.13.so
7f6110c91000-7f6110c92000 rw-p 00000000 00:00 0 
7fffc0fd9000-7fffc0ffa000 rw-p 00000000 00:00 0                          [stack]
7fffc0fff000-7fffc1000000 r-xp 00000000 00:00 0                          [vdso]
ffffffffff600000-ffffffffff601000 r-xp 00000000 00:00 0                  [vsyscall]

VM Arguments:
jvm_args: -Dclassworlds.conf=/usr/share/maven3/bin/m2.conf -Dmaven.home=/usr/share/maven3 
java_command: org.codehaus.plexus.classworlds.launcher.Launcher spring-boot:run
java_class_path (initial): /usr/share/maven3/boot/plexus-classworlds-2.5.1.jar
Launcher Type: SUN_STANDARD

Environment Variables:
JAVA_HOME=/usr/lib/jvm/java-8-oracle/bin/java
PATH=/usr/local/bin:/usr/bin:/bin:/usr/local/games:/usr/games:/usr/lib/jvm/java-8-oracle/bin:/usr/lib/jvm/java-8-oracle/db/bin:/usr/lib/jvm/java-8-oracle/jre/bin
SHELL=/bin/bash
DISPLAY=:0

Signal Handlers:
SIGSEGV: [libjvm.so+0xa7a650], sa_mask[0]=11111111011111111101111111111110, sa_flags=SA_RESTART|SA_SIGINFO
SIGBUS: [libjvm.so+0xa7a650], sa_mask[0]=11111111011111111101111111111110, sa_flags=SA_RESTART|SA_SIGINFO
SIGFPE: [libjvm.so+0x8e28f0], sa_mask[0]=11111111011111111101111111111110, sa_flags=SA_RESTART|SA_SIGINFO
SIGPIPE: [libjvm.so+0x8e28f0], sa_mask[0]=11111111011111111101111111111110, sa_flags=SA_RESTART|SA_SIGINFO
SIGXFSZ: [libjvm.so+0x8e28f0], sa_mask[0]=11111111011111111101111111111110, sa_flags=SA_RESTART|SA_SIGINFO
SIGILL: [libjvm.so+0x8e28f0], sa_mask[0]=11111111011111111101111111111110, sa_flags=SA_RESTART|SA_SIGINFO
SIGUSR1: SIG_DFL, sa_mask[0]=00000000000000000000000000000000, sa_flags=none
SIGUSR2: [libjvm.so+0x8e4120], sa_mask[0]=00000000000000000000000000000000, sa_flags=SA_RESTART|SA_SIGINFO
SIGHUP: [libjvm.so+0x8e54e0], sa_mask[0]=11111111011111111101111111111110, sa_flags=SA_RESTART|SA_SIGINFO
SIGINT: [libjvm.so+0x8e54e0], sa_mask[0]=11111111011111111101111111111110, sa_flags=SA_RESTART|SA_SIGINFO
SIGTERM: [libjvm.so+0x8e54e0], sa_mask[0]=11111111011111111101111111111110, sa_flags=SA_RESTART|SA_SIGINFO
SIGQUIT: [libjvm.so+0x8e54e0], sa_mask[0]=11111111011111111101111111111110, sa_flags=SA_RESTART|SA_SIGINFO


---------------  S Y S T E M  ---------------

OS:PRETTY_NAME="Debian GNU/Linux 7 (wheezy)"
NAME="Debian GNU/Linux"
VERSION_ID="7"
VERSION="7 (wheezy)"
ID=debian
ANSI_COLOR="1;31"
HOME_URL="http://www.debian.org/"
SUPPORT_URL="http://www.debian.org/support/"
BUG_REPORT_URL="http://bugs.debian.org/"

uname:Linux 3.2.0-4-amd64 #1 SMP Debian 3.2.65-1+deb7u1 x86_64
libc:glibc 2.13 NPTL 2.13 
rlimit: STACK 8192k, CORE 0k, NPROC 63691, NOFILE 4096, AS infinity
load average:1.40 1.14 0.86

/proc/meminfo:
MemTotal:        8164604 kB
MemFree:          161320 kB
Buffers:          170464 kB
Cached:          1948844 kB
SwapCached:         4276 kB
Active:          5329940 kB
Inactive:        1824676 kB
Active(anon):    4317812 kB
Inactive(anon):   794756 kB
Active(file):    1012128 kB
Inactive(file):  1029920 kB
Unevictable:           0 kB
Mlocked:               0 kB
SwapTotal:      15623176 kB
SwapFree:       15598880 kB
Dirty:               512 kB
Writeback:             0 kB
AnonPages:       5031636 kB
Mapped:           280084 kB
Shmem:             77256 kB
Slab:             662132 kB
SReclaimable:     605784 kB
SUnreclaim:        56348 kB
KernelStack:        8632 kB
PageTables:        85824 kB
NFS_Unstable:          0 kB
Bounce:                0 kB
WritebackTmp:          0 kB
CommitLimit:    19705476 kB
Committed_AS:   13133300 kB
VmallocTotal:   34359738367 kB
VmallocUsed:      131032 kB
VmallocChunk:   34359604220 kB
HardwareCorrupted:     0 kB
AnonHugePages:         0 kB
HugePages_Total:       0
HugePages_Free:        0
HugePages_Rsvd:        0
HugePages_Surp:        0
Hugepagesize:       2048 kB
DirectMap4k:      182272 kB
DirectMap2M:     8181760 kB


CPU:total 8 (4 cores per cpu, 2 threads per core) family 6 model 42 stepping 7, cmov, cx8, fxsr, mmx, sse, sse2, sse3, ssse3, sse4.1, sse4.2, popcnt, avx, aes, clmul, ht, tsc, tscinvbit

/proc/cpuinfo:
processor	: 0
vendor_id	: GenuineIntel
cpu family	: 6
model		: 42
model name	: Intel(R) Core(TM) i7-2600 CPU @ 3.40GHz
stepping	: 7
microcode	: 0x25
cpu MHz		: 1600.000
cache size	: 8192 KB
physical id	: 0
siblings	: 8
core id		: 0
cpu cores	: 4
apicid		: 0
initial apicid	: 0
fpu		: yes
fpu_exception	: yes
cpuid level	: 13
wp		: yes
flags		: fpu vme de pse tsc msr pae mce cx8 apic sep mtrr pge mca cmov pat pse36 clflush dts acpi mmx fxsr sse sse2 ss ht tm pbe syscall nx rdtscp lm constant_tsc arch_perfmon pebs bts rep_good nopl xtopology nonstop_tsc aperfmperf pni pclmulqdq dtes64 monitor ds_cpl vmx smx est tm2 ssse3 cx16 xtpr pdcm pcid sse4_1 sse4_2 x2apic popcnt tsc_deadline_timer aes xsave avx lahf_lm ida arat epb xsaveopt pln pts dtherm tpr_shadow vnmi flexpriority ept vpid
bogomips	: 6822.55
clflush size	: 64
cache_alignment	: 64
address sizes	: 36 bits physical, 48 bits virtual
power management:

processor	: 1
vendor_id	: GenuineIntel
cpu family	: 6
model		: 42
model name	: Intel(R) Core(TM) i7-2600 CPU @ 3.40GHz
stepping	: 7
microcode	: 0x25
cpu MHz		: 1600.000
cache size	: 8192 KB
physical id	: 0
siblings	: 8
core id		: 1
cpu cores	: 4
apicid		: 2
initial apicid	: 2
fpu		: yes
fpu_exception	: yes
cpuid level	: 13
wp		: yes
flags		: fpu vme de pse tsc msr pae mce cx8 apic sep mtrr pge mca cmov pat pse36 clflush dts acpi mmx fxsr sse sse2 ss ht tm pbe syscall nx rdtscp lm constant_tsc arch_perfmon pebs bts rep_good nopl xtopology nonstop_tsc aperfmperf pni pclmulqdq dtes64 monitor ds_cpl vmx smx est tm2 ssse3 cx16 xtpr pdcm pcid sse4_1 sse4_2 x2apic popcnt tsc_deadline_timer aes xsave avx lahf_lm ida arat epb xsaveopt pln pts dtherm tpr_shadow vnmi flexpriority ept vpid
bogomips	: 6822.07
clflush size	: 64
cache_alignment	: 64
address sizes	: 36 bits physical, 48 bits virtual
power management:

processor	: 2
vendor_id	: GenuineIntel
cpu family	: 6
model		: 42
model name	: Intel(R) Core(TM) i7-2600 CPU @ 3.40GHz
stepping	: 7
microcode	: 0x25
cpu MHz		: 1600.000
cache size	: 8192 KB
physical id	: 0
siblings	: 8
core id		: 2
cpu cores	: 4
apicid		: 4
initial apicid	: 4
fpu		: yes
fpu_exception	: yes
cpuid level	: 13
wp		: yes
flags		: fpu vme de pse tsc msr pae mce cx8 apic sep mtrr pge mca cmov pat pse36 clflush dts acpi mmx fxsr sse sse2 ss ht tm pbe syscall nx rdtscp lm constant_tsc arch_perfmon pebs bts rep_good nopl xtopology nonstop_tsc aperfmperf pni pclmulqdq dtes64 monitor ds_cpl vmx smx est tm2 ssse3 cx16 xtpr pdcm pcid sse4_1 sse4_2 x2apic popcnt tsc_deadline_timer aes xsave avx lahf_lm ida arat epb xsaveopt pln pts dtherm tpr_shadow vnmi flexpriority ept vpid
bogomips	: 6822.08
clflush size	: 64
cache_alignment	: 64
address sizes	: 36 bits physical, 48 bits virtual
power management:

processor	: 3
vendor_id	: GenuineIntel
cpu family	: 6
model		: 42
model name	: Intel(R) Core(TM) i7-2600 CPU @ 3.40GHz
stepping	: 7
microcode	: 0x25
cpu MHz		: 1600.000
cache size	: 8192 KB
physical id	: 0
siblings	: 8
core id		: 3
cpu cores	: 4
apicid		: 6
initial apicid	: 6
fpu		: yes
fpu_exception	: yes
cpuid level	: 13
wp		: yes
flags		: fpu vme de pse tsc msr pae mce cx8 apic sep mtrr pge mca cmov pat pse36 clflush dts acpi mmx fxsr sse sse2 ss ht tm pbe syscall nx rdtscp lm constant_tsc arch_perfmon pebs bts rep_good nopl xtopology nonstop_tsc aperfmperf pni pclmulqdq dtes64 monitor ds_cpl vmx smx est tm2 ssse3 cx16 xtpr pdcm pcid sse4_1 sse4_2 x2apic popcnt tsc_deadline_timer aes xsave avx lahf_lm ida arat epb xsaveopt pln pts dtherm tpr_shadow vnmi flexpriority ept vpid
bogomips	: 6822.07
clflush size	: 64
cache_alignment	: 64
address sizes	: 36 bits physical, 48 bits virtual
power management:

processor	: 4
vendor_id	: GenuineIntel
cpu family	: 6
model		: 42
model name	: Intel(R) Core(TM) i7-2600 CPU @ 3.40GHz
stepping	: 7
microcode	: 0x25
cpu MHz		: 1600.000
cache size	: 8192 KB
physical id	: 0
siblings	: 8
core id		: 0
cpu cores	: 4
apicid		: 1
initial apicid	: 1
fpu		: yes
fpu_exception	: yes
cpuid level	: 13
wp		: yes
flags		: fpu vme de pse tsc msr pae mce cx8 apic sep mtrr pge mca cmov pat pse36 clflush dts acpi mmx fxsr sse sse2 ss ht tm pbe syscall nx rdtscp lm constant_tsc arch_perfmon pebs bts rep_good nopl xtopology nonstop_tsc aperfmperf pni pclmulqdq dtes64 monitor ds_cpl vmx smx est tm2 ssse3 cx16 xtpr pdcm pcid sse4_1 sse4_2 x2apic popcnt tsc_deadline_timer aes xsave avx lahf_lm ida arat epb xsaveopt pln pts dtherm tpr_shadow vnmi flexpriority ept vpid
bogomips	: 6822.07
clflush size	: 64
cache_alignment	: 64
address sizes	: 36 bits physical, 48 bits virtual
power management:

processor	: 5
vendor_id	: GenuineIntel
cpu family	: 6
model		: 42
model name	: Intel(R) Core(TM) i7-2600 CPU @ 3.40GHz
stepping	: 7
microcode	: 0x25
cpu MHz		: 1600.000
cache size	: 8192 KB
physical id	: 0
siblings	: 8
core id		: 1
cpu cores	: 4
apicid		: 3
initial apicid	: 3
fpu		: yes
fpu_exception	: yes
cpuid level	: 13
wp		: yes
flags		: fpu vme de pse tsc msr pae mce cx8 apic sep mtrr pge mca cmov pat pse36 clflush dts acpi mmx fxsr sse sse2 ss ht tm pbe syscall nx rdtscp lm constant_tsc arch_perfmon pebs bts rep_good nopl xtopology nonstop_tsc aperfmperf pni pclmulqdq dtes64 monitor ds_cpl vmx smx est tm2 ssse3 cx16 xtpr pdcm pcid sse4_1 sse4_2 x2apic popcnt tsc_deadline_timer aes xsave avx lahf_lm ida arat epb xsaveopt pln pts dtherm tpr_shadow vnmi flexpriority ept vpid
bogomips	: 6822.07
clflush size	: 64
cache_alignment	: 64
address sizes	: 36 bits physical, 48 bits virtual
power management:

processor	: 6
vendor_id	: GenuineIntel
cpu family	: 6
model		: 42
model name	: Intel(R) Core(TM) i7-2600 CPU @ 3.40GHz
stepping	: 7
microcode	: 0x25
cpu MHz		: 1600.000
cache size	: 8192 KB
physical id	: 0
siblings	: 8
core id		: 2
cpu cores	: 4
apicid		: 5
initial apicid	: 5
fpu		: yes
fpu_exception	: yes
cpuid level	: 13
wp		: yes
flags		: fpu vme de pse tsc msr pae mce cx8 apic sep mtrr pge mca cmov pat pse36 clflush dts acpi mmx fxsr sse sse2 ss ht tm pbe syscall nx rdtscp lm constant_tsc arch_perfmon pebs bts rep_good nopl xtopology nonstop_tsc aperfmperf pni pclmulqdq dtes64 monitor ds_cpl vmx smx est tm2 ssse3 cx16 xtpr pdcm pcid sse4_1 sse4_2 x2apic popcnt tsc_deadline_timer aes xsave avx lahf_lm ida arat epb xsaveopt pln pts dtherm tpr_shadow vnmi flexpriority ept vpid
bogomips	: 6822.08
clflush size	: 64
cache_alignment	: 64
address sizes	: 36 bits physical, 48 bits virtual
power management:

processor	: 7
vendor_id	: GenuineIntel
cpu family	: 6
model		: 42
model name	: Intel(R) Core(TM) i7-2600 CPU @ 3.40GHz
stepping	: 7
microcode	: 0x25
cpu MHz		: 1600.000
cache size	: 8192 KB
physical id	: 0
siblings	: 8
core id		: 3
cpu cores	: 4
apicid		: 7
initial apicid	: 7
fpu		: yes
fpu_exception	: yes
cpuid level	: 13
wp		: yes
flags		: fpu vme de pse tsc msr pae mce cx8 apic sep mtrr pge mca cmov pat pse36 clflush dts acpi mmx fxsr sse sse2 ss ht tm pbe syscall nx rdtscp lm constant_tsc arch_perfmon pebs bts rep_good nopl xtopology nonstop_tsc aperfmperf pni pclmulqdq dtes64 monitor ds_cpl vmx smx est tm2 ssse3 cx16 xtpr pdcm pcid sse4_1 sse4_2 x2apic popcnt tsc_deadline_timer aes xsave avx lahf_lm ida arat epb xsaveopt pln pts dtherm tpr_shadow vnmi flexpriority ept vpid
bogomips	: 6822.07
clflush size	: 64
cache_alignment	: 64
address sizes	: 36 bits physical, 48 bits virtual
power management:



Memory: 4k page, physical 8164604k(161320k free), swap 15623176k(15598880k free)

vm_info: Java HotSpot(TM) 64-Bit Server VM (25.31-b07) for linux-amd64 JRE (1.8.0_31-b13), built on Dec 17 2014 20:40:15 by "java_re" with gcc 4.3.0 20080428 (Red Hat 4.3.0-8)

time: Mon Feb 16 01:44:48 2015
elapsed time: 15 seconds (0d 0h 0m 15s)

